#
# A fatal error has been detected by the Java Runtime Environment:
#
#  Internal Error (javaCalls.cpp:59), pid=12376, tid=11428
#  guarantee(thread->is_Java_thread()) failed: crucial check - the VM thread cannot and must not escape to Java code
#
# JRE version: 6.0_31-b05
# Java VM: Java HotSpot(TM) 64-Bit Server VM (20.6-b01 mixed mode windows-amd64 compressed oops)
# If you would like to submit a bug report, please visit:
#   http://java.sun.com/webapps/bugreport/crash.jsp
#

---------------  T H R E A D  ---------------

Current thread (0x0000000000520000):  VMThread [stack: 0x0000000006500000,0x0000000006600000] [id=11428]

Stack: [0x0000000006500000,0x0000000006600000]
[error occurred during error reporting (printing stack bounds), id 0xc0000005]

VM_Operation (0x000000000723f8d0): GetOrSetLocal, mode: safepoint, requested by thread 0x0000000006868800


---------------  P R O C E S S  ---------------

Java Threads: ( => current thread )
  0x0000000007b79800 JavaThread "NioProcessor-3" [_thread_blocked, id=21912, stack(0x0000000007e80000,0x0000000007f80000)]
  0x00000000003ac800 JavaThread "DestroyJavaVM" [_thread_blocked, id=16776, stack(0x00000000024d0000,0x00000000025d0000)]
  0x00000000069d7800 JavaThread "NioSocketAcceptor-1" [_thread_in_native, id=16588, stack(0x0000000007d80000,0x0000000007e80000)]
  0x0000000006885000 JavaThread "Low Memory Detector" daemon [_thread_blocked, id=15272, stack(0x0000000007780000,0x0000000007880000)]
  0x0000000006884000 JavaThread "C2 CompilerThread1" daemon [_thread_blocked, id=24304, stack(0x0000000007680000,0x0000000007780000)]
  0x000000000688d800 JavaThread "C2 CompilerThread0" daemon [_thread_blocked, id=21388, stack(0x0000000007580000,0x0000000007680000)]
  0x000000000686e000 JavaThread "JDWP Command Reader" daemon [_thread_in_native, id=20048, stack(0x0000000007480000,0x0000000007580000)]
  0x000000000686a800 JavaThread "JDWP Event Helper Thread" daemon [_thread_blocked, id=20812, stack(0x0000000007380000,0x0000000007480000)]
  0x0000000006868800 JavaThread "JDWP Transport Listener: dt_socket" daemon [_thread_blocked, id=25156, stack(0x0000000007140000,0x0000000007240000)]
  0x0000000006815800 JavaThread "Attach Listener" daemon [_thread_blocked, id=22432, stack(0x0000000006b00000,0x0000000006c00000)]
  0x0000000006810800 JavaThread "Signal Dispatcher" daemon [_thread_blocked, id=17948, stack(0x0000000006a00000,0x0000000006b00000)]
  0x000000000052d000 JavaThread "Finalizer" daemon [_thread_blocked, id=19356, stack(0x0000000006700000,0x0000000006800000)]
  0x0000000000526000 JavaThread "Reference Handler" daemon [_thread_blocked, id=19976, stack(0x0000000006600000,0x0000000006700000)]

Other Threads:
=>0x0000000000520000 VMThread [stack: 0x0000000006500000,0x0000000006600000] [id=11428]
  0x00000000068ad800 WatcherThread [stack: 0x0000000007880000,0x0000000007980000] [id=7004]

VM state:at safepoint (normal execution)

VM Mutex/Monitor currently owned by a thread:  ([mutex/lock_event])
[0x00000000003aa890] Threads_lock - owner thread: 0x0000000000520000

Heap
 PSYoungGen      total 27968K, used 14582K [0x00000000e0cb0000, 0x00000000e2be0000, 0x0000000100000000)
  eden space 24000K, 60% used [0x00000000e0cb0000,0x00000000e1aed830,0x00000000e2420000)
  from space 3968K, 0% used [0x00000000e2800000,0x00000000e2800000,0x00000000e2be0000)
  to   space 3968K, 0% used [0x00000000e2420000,0x00000000e2420000,0x00000000e2800000)
 PSOldGen        total 63872K, used 0K [0x00000000a2600000, 0x00000000a6460000, 0x00000000e0cb0000)
  object space 63872K, 0% used [0x00000000a2600000,0x00000000a2600000,0x00000000a6460000)
 PSPermGen       total 21248K, used 10353K [0x000000009d400000, 0x000000009e8c0000, 0x00000000a2600000)
  object space 21248K, 48% used [0x000000009d400000,0x000000009de1c480,0x000000009e8c0000)

Code Cache  [0x00000000025d0000, 0x0000000002840000, 0x00000000055d0000)
 total_blobs=258 nmethods=30 adapters=190 free_code_cache=49847232 largest_free_block=18368

Dynamic libraries:
0x0000000000400000 - 0x000000000042f000 	D:\env\jdk\jdk-6u31-windows-x64\bin\javaw.exe
0x0000000076d40000 - 0x0000000076eec000 	C:\windows\SYSTEM32\ntdll.dll
0x0000000076c20000 - 0x0000000076d3f000 	C:\windows\system32\kernel32.dll
0x000007fefd260000 - 0x000007fefd2cc000 	C:\windows\system32\KERNELBASE.dll
0x000007fefeec0000 - 0x000007fefef9b000 	C:\windows\system32\ADVAPI32.dll
0x000007fefe840000 - 0x000007fefe8df000 	C:\windows\system32\msvcrt.dll
0x000007fefe8e0000 - 0x000007fefe8ff000 	C:\windows\SYSTEM32\sechost.dll
0x000007fefed90000 - 0x000007fefeebe000 	C:\windows\system32\RPCRT4.dll
0x0000000076910000 - 0x0000000076a0a000 	C:\windows\system32\USER32.dll
0x000007fefe400000 - 0x000007fefe467000 	C:\windows\system32\GDI32.dll
0x000007feff040000 - 0x000007feff04e000 	C:\windows\system32\LPK.dll
0x000007fefe4f0000 - 0x000007fefe5ba000 	C:\windows\system32\USP10.dll
0x000007fefeb20000 - 0x000007fefeb4e000 	C:\windows\system32\IMM32.DLL
0x000007fefec80000 - 0x000007fefed89000 	C:\windows\system32\MSCTF.dll
0x000007fefd170000 - 0x000007fefd1af000 	C:\windows\system32\nvinitx.dll
0x000000006d8b0000 - 0x000000006e068000 	D:\env\jdk\jdk-6u31-windows-x64\jre\bin\server\jvm.dll
0x000007fefb2e0000 - 0x000007fefb31b000 	C:\windows\system32\WINMM.dll
0x000000006d820000 - 0x000000006d82e000 	D:\env\jdk\jdk-6u31-windows-x64\jre\bin\verify.dll
0x000000006d450000 - 0x000000006d477000 	D:\env\jdk\jdk-6u31-windows-x64\jre\bin\java.dll
0x000000006d4c0000 - 0x000000006d4f4000 	D:\env\jdk\jdk-6u31-windows-x64\jre\bin\jdwp.dll
0x000000006d6e0000 - 0x000000006d6e8000 	D:\env\jdk\jdk-6u31-windows-x64\jre\bin\npt.dll
0x000000006d870000 - 0x000000006d882000 	D:\env\jdk\jdk-6u31-windows-x64\jre\bin\zip.dll
0x000000006d310000 - 0x000000006d319000 	D:\env\jdk\jdk-6u31-windows-x64\jre\bin\dt_socket.dll
0x000007fefec30000 - 0x000007fefec7d000 	C:\windows\system32\WS2_32.dll
0x000007fefe900000 - 0x000007fefe908000 	C:\windows\system32\NSI.dll
0x000007fefb280000 - 0x000007fefb295000 	C:\windows\system32\NLAapi.dll
0x000007fefc9e0000 - 0x000007fefca34000 	C:\windows\System32\mswsock.dll
0x000007fefc860000 - 0x000007fefc8bb000 	C:\windows\system32\DNSAPI.dll
0x000007fef4c20000 - 0x000007fef4c2b000 	C:\windows\System32\winrnr.dll
0x000007fef4c00000 - 0x000007fef4c15000 	C:\windows\system32\napinsp.dll
0x000007fef4be0000 - 0x000007fef4bf9000 	C:\windows\system32\pnrpnsp.dll
0x000007fef4bd0000 - 0x000007fef4be0000 	C:\windows\system32\wshbth.dll
0x000007fefab70000 - 0x000007fefab97000 	C:\windows\system32\IPHLPAPI.DLL
0x000007fefab60000 - 0x000007fefab6b000 	C:\windows\system32\WINNSI.DLL
0x000007fef9aa0000 - 0x000007fef9af3000 	C:\windows\System32\fwpuclnt.dll
0x000007fef77e0000 - 0x000007fef77e8000 	C:\windows\system32\rasadhlp.dll
0x000007fefc320000 - 0x000007fefc327000 	C:\windows\System32\wshtcpip.dll
0x000000006d6b0000 - 0x000000006d6c7000 	D:\env\jdk\jdk-6u31-windows-x64\jre\bin\net.dll
0x000007fefc9d0000 - 0x000007fefc9d7000 	C:\windows\System32\wship6.dll
0x000000006d6d0000 - 0x000000006d6db000 	D:\env\jdk\jdk-6u31-windows-x64\jre\bin\nio.dll
0x000007fefca40000 - 0x000007fefca57000 	C:\windows\system32\CRYPTSP.dll
0x000007fefc740000 - 0x000007fefc787000 	C:\windows\system32\rsaenh.dll
0x000007fefc4c0000 - 0x000007fefc4de000 	C:\windows\system32\USERENV.dll
0x000007fefd1b0000 - 0x000007fefd1bf000 	C:\windows\system32\profapi.dll
0x000007fefd0a0000 - 0x000007fefd0af000 	C:\windows\system32\CRYPTBASE.dll
0x0000000076f10000 - 0x0000000076f17000 	C:\windows\system32\PSAPI.DLL

VM Arguments:
jvm_args: -agentlib:jdwp=transport=dt_socket,suspend=y,address=localhost:59524 -Dfile.encoding=UTF-8 
java_command: com.bkht.mina.MinaServiceStart
Launcher Type: SUN_STANDARD

Environment Variables:
JAVA_HOME=D:\env\jdk\jdk1.8.0_05
CLASSPATH=.;D:\env\jdk\jdk1.8.0_05\lib;D:\env\jdk\jdk1.8.0_05\lib\dt.jar;D:\env\jdk\jdk1.8.0_05\lib\tools.jar;.;E:\ws_bpel4people\HDI\Web\WEB-INF\lib\mysql-connector-java-5.0.7-bin.jar;.;
PATH=D:\env\jdk\jdk-6u31-windows-x64\jre\bin;D:/env/jdk/jdk1.8.0_05/bin/../jre/bin/server;D:/env/jdk/jdk1.8.0_05/bin/../jre/bin;D:/env/jdk/jdk1.8.0_05/bin/../jre/lib/amd64;C:\Program Files (x86)\Common Files\NetSarang;D:\env\Python33\;F:\oracle\product\11.2.0\dbhome_1\bin;C:\windows\system32;C:\windows;C:\windows\System32\Wbem;C:\windows\System32\WindowsPowerShell\v1.0\;D:\sofeware\Calibre2\;D:\sofeware\work\TortoiseSVN\bin;D:\env\apache-maven-3.2.2/bin;E:\git\caseMP\bin;.;D:\env\go/bin;C:\Program Files (x86)\Common Files\NetSarang;D:\env\Python33\;F:\oracle\product\11.2.0\dbhome_1\bin;C:\windows\system32;C:\windows;C:\windows\System32\Wbem;C:\windows\System32\WindowsPowerShell\v1.0\;D:\sofeware\Calibre2\;D:\sofeware\work\TortoiseSVN\bin;;D:\env\jdk\jdk1.8.0_05/bin;F:\db\mongodb-win32-x86_64-2008plus-2.4.8\bin;F:\software\dev\UltraEdit\;D:\eclipse-standard-kepler-SR2-win32-x86_64;
USERNAME=hbdrawn
OS=Windows_NT
PROCESSOR_IDENTIFIER=Intel64 Family 6 Model 42 Stepping 7, GenuineIntel



---------------  S Y S T E M  ---------------

OS: Windows 7 , 64 bit Build 7600 

CPU:total 4 (2 cores per cpu, 2 threads per core) family 6 model 42 stepping 7, cmov, cx8, fxsr, mmx, sse, sse2, sse3, ssse3, sse4.1, sse4.2, popcnt, ht

Memory: 4k page, physical 6128116k(2779488k free), swap 12254324k(7745888k free)

vm_info: Java HotSpot(TM) 64-Bit Server VM (20.6-b01) for windows-amd64 JRE (1.6.0_31-b05), built on Feb  3 2012 18:34:57 by "java_re" with MS VC++ 8.0 (VS2005)

time: Thu Jan 22 10:59:51 2015
elapsed time: 925 seconds

