#
# A fatal error has been detected by the Java Runtime Environment:
#
#  EXCEPTION_ACCESS_VIOLATION (0xc0000005) at pc=0x000000006d94bb94, pid=9520, tid=12432
#
# JRE version: 6.0_31-b05
# Java VM: Java HotSpot(TM) 64-Bit Server VM (20.6-b01 mixed mode windows-amd64 compressed oops)
# Problematic frame:
# V  [jvm.dll+0x9bb94]
#
# If you would like to submit a bug report, please visit:
#   http://java.sun.com/webapps/bugreport/crash.jsp
#

---------------  T H R E A D  ---------------

Current thread (0x0000000007935000):  JavaThread "NioProcessor-5" [_thread_in_vm, id=12432, stack(0x0000000007bf0000,0x0000000007cf0000)]

siginfo: ExceptionCode=0xc0000005, reading address 0xffffffffffffffff

Registers:
RAX=0xc86d8b4c00000000, RBX=0x00000000068012a0, RCX=0x00000000025f5bc2, RDX=0x000000009d408768
RSP=0x0000000007cee610, RBP=0x0000000006801278, RSI=0x00000000078e0dc0, RDI=0x0000000000000000
R8 =0x0000000006801258, R9 =0x0000000006801208, R10=0x000000005d87c6c7, R11=0x0000000000475a10
R12=0x0000000006801258, R13=0x0000000006801280, R14=0x0000000000000002, R15=0x0000000007935000
RIP=0x000000006d94bb94, EFLAGS=0x0000000000010202

Top of Stack: (sp=0x0000000007cee610)
0x0000000007cee610:   0000000007cee610 000000009d62ef02
0x0000000007cee620:   0000000007cee678 000000009d630730
0x0000000007cee630:   0000000000000000 000000009d62ef10
0x0000000007cee640:   0000000000000000 0000000007cee660
0x0000000007cee650:   0000000000000002 00000000025f5bc2
0x0000000007cee660:   00003548eedfe9b4 00000000e1cd77e8
0x0000000007cee670:   000000000000000e 0000000007935000
0x0000000007cee680:   0000000007ceea50 0000000007ceea50
0x0000000007cee690:   0000000007935000 0000000006801280
0x0000000007cee6a0:   0000000006801278 0000000006801208
0x0000000007cee6b0:   0000000006801258 000000006d94d2e9
0x0000000007cee6c0:   0000000007ceea50 00000000025f5a69
0x0000000007cee6d0:   0000000000000000 000000000000000e
0x0000000007cee6e0:   0000000006801278 0000000000000001
0x0000000007cee6f0:   0000000007935000 00000000e0cbf550
0x0000000007cee700:   0000000006801280 000000009d66e8c5 

Instructions: (pc=0x000000006d94bb94)
0x000000006d94bb74:   6e 08 4c 89 76 10 48 89 46 18 e9 20 01 00 00 40
0x000000006d94bb84:   38 bc 24 d8 00 00 00 0f 84 9c 00 00 00 48 8b 03
0x000000006d94bb94:   8b 40 2c c1 e8 0a a8 01 0f 84 8b 00 00 00 4d 85
0x000000006d94bba4:   e4 48 8b 13 49 8b b7 00 01 00 00 48 8b 42 10 48 


Register to memory mapping:

RAX=0xc86d8b4c00000000 is an unknown value
RBX=0x00000000068012a0 is an unknown value
RCX=0x00000000025f5bc2 is an Interpreter codelet
return entry points  [0x00000000025f5280, 0x00000000025f6840]  5568 bytes
RDX=0x000000009d408768 is an oop
{method} 
 - klass: {other class}
RSP=0x0000000007cee610 is pointing into the stack for thread: 0x0000000007935000
RBP=0x0000000006801278 is an unknown value
RSI=0x00000000078e0dc0 is an unknown value
RDI=0x0000000000000000 is an unknown value
R8 =0x0000000006801258 is an unknown value
R9 =0x0000000006801208 is an unknown value
R10=0x000000005d87c6c7 is an unknown value
R11=0x0000000000475a10 is an unknown value
R12=0x0000000006801258 is an unknown value
R13=0x0000000006801280 is an unknown value
R14=0x0000000000000002 is an unknown value
R15=0x0000000007935000 is a thread


Stack: [0x0000000007bf0000,0x0000000007cf0000],  sp=0x0000000007cee610,  free space=1017k
Native frames: (J=compiled Java code, j=interpreted, Vv=VM code, C=native code)
V  [jvm.dll+0x9bb94]

Java frames: (J=compiled Java code, j=interpreted, Vv=VM code)
j  com.bkht.mina.utils.StringTools.getString(Ljava/lang/Object;)Ljava/lang/String;+38
j  com.bkht.mina.trade.T0x0100.unpackBody(Lcom/bkht/mina/comm/SocketMessageWrapper;)V+122
j  com.bkht.mina.trade.TradeAbstract.doHandler(Lorg/apache/mina/core/session/IoSession;Lcom/bkht/mina/comm/SocketMessageWrapper;)V+30
j  com.bkht.mina.server.VehicleSocketHandler.messageReceived(Lorg/apache/mina/core/session/IoSession;Ljava/lang/Object;)V+193
j  org.apache.mina.core.filterchain.DefaultIoFilterChain$TailFilter.messageReceived(Lorg/apache/mina/core/filterchain/IoFilter$NextFilter;Lorg/apache/mina/core/session/IoSession;Ljava/lang/Object;)V+51
j  org.apache.mina.core.filterchain.DefaultIoFilterChain.callNextMessageReceived(Lorg/apache/mina/core/filterchain/IoFilterChain$Entry;Lorg/apache/mina/core/session/IoSession;Ljava/lang/Object;)V+22
j  org.apache.mina.core.filterchain.DefaultIoFilterChain.access$1200(Lorg/apache/mina/core/filterchain/DefaultIoFilterChain;Lorg/apache/mina/core/filterchain/IoFilterChain$Entry;Lorg/apache/mina/core/session/IoSession;Ljava/lang/Object;)V+4
j  org.apache.mina.core.filterchain.DefaultIoFilterChain$EntryImpl$1.messageReceived(Lorg/apache/mina/core/session/IoSession;Ljava/lang/Object;)V+18
j  org.apache.mina.filter.codec.ProtocolCodecFilter$ProtocolDecoderOutputImpl.flush(Lorg/apache/mina/core/filterchain/IoFilter$NextFilter;Lorg/apache/mina/core/session/IoSession;)V+22
j  org.apache.mina.filter.codec.ProtocolCodecFilter.messageReceived(Lorg/apache/mina/core/filterchain/IoFilter$NextFilter;Lorg/apache/mina/core/session/IoSession;Ljava/lang/Object;)V+112
j  org.apache.mina.core.filterchain.DefaultIoFilterChain.callNextMessageReceived(Lorg/apache/mina/core/filterchain/IoFilterChain$Entry;Lorg/apache/mina/core/session/IoSession;Ljava/lang/Object;)V+22
j  org.apache.mina.core.filterchain.DefaultIoFilterChain.access$1200(Lorg/apache/mina/core/filterchain/DefaultIoFilterChain;Lorg/apache/mina/core/filterchain/IoFilterChain$Entry;Lorg/apache/mina/core/session/IoSession;Ljava/lang/Object;)V+4
j  org.apache.mina.core.filterchain.DefaultIoFilterChain$EntryImpl$1.messageReceived(Lorg/apache/mina/core/session/IoSession;Ljava/lang/Object;)V+18
j  org.apache.mina.filter.logging.LoggingFilter.messageReceived(Lorg/apache/mina/core/filterchain/IoFilter$NextFilter;Lorg/apache/mina/core/session/IoSession;Ljava/lang/Object;)V+14
j  org.apache.mina.core.filterchain.DefaultIoFilterChain.callNextMessageReceived(Lorg/apache/mina/core/filterchain/IoFilterChain$Entry;Lorg/apache/mina/core/session/IoSession;Ljava/lang/Object;)V+22
j  org.apache.mina.core.filterchain.DefaultIoFilterChain.access$1200(Lorg/apache/mina/core/filterchain/DefaultIoFilterChain;Lorg/apache/mina/core/filterchain/IoFilterChain$Entry;Lorg/apache/mina/core/session/IoSession;Ljava/lang/Object;)V+4
j  org.apache.mina.core.filterchain.DefaultIoFilterChain$EntryImpl$1.messageReceived(Lorg/apache/mina/core/session/IoSession;Ljava/lang/Object;)V+18
j  org.apache.mina.core.filterchain.IoFilterAdapter.messageReceived(Lorg/apache/mina/core/filterchain/IoFilter$NextFilter;Lorg/apache/mina/core/session/IoSession;Ljava/lang/Object;)V+3
j  org.apache.mina.core.filterchain.DefaultIoFilterChain.callNextMessageReceived(Lorg/apache/mina/core/filterchain/IoFilterChain$Entry;Lorg/apache/mina/core/session/IoSession;Ljava/lang/Object;)V+22
j  org.apache.mina.core.filterchain.DefaultIoFilterChain.fireMessageReceived(Ljava/lang/Object;)V+37
j  org.apache.mina.core.polling.AbstractPollingIoProcessor.read(Lorg/apache/mina/core/session/AbstractIoSession;)V+121
j  org.apache.mina.core.polling.AbstractPollingIoProcessor.process(Lorg/apache/mina/core/session/AbstractIoSession;)V+17
j  org.apache.mina.core.polling.AbstractPollingIoProcessor.process()V+26
j  org.apache.mina.core.polling.AbstractPollingIoProcessor.access$600(Lorg/apache/mina/core/polling/AbstractPollingIoProcessor;)V+1
j  org.apache.mina.core.polling.AbstractPollingIoProcessor$Processor.run()V+208
j  org.apache.mina.util.NamePreservingRunnable.run()V+29
j  java.util.concurrent.ThreadPoolExecutor$Worker.runTask(Ljava/lang/Runnable;)V+59
j  java.util.concurrent.ThreadPoolExecutor$Worker.run()V+28
j  java.lang.Thread.run()V+11
v  ~StubRoutines::call_stub

---------------  P R O C E S S  ---------------

Java Threads: ( => current thread )
=>0x0000000007935000 JavaThread "NioProcessor-5" [_thread_in_vm, id=12432, stack(0x0000000007bf0000,0x0000000007cf0000)]
  0x000000000039c800 JavaThread "DestroyJavaVM" [_thread_blocked, id=6532, stack(0x00000000024f0000,0x00000000025f0000)]
  0x0000000007931000 JavaThread "NioSocketAcceptor-1" [_thread_in_native, id=5636, stack(0x0000000007af0000,0x0000000007bf0000)]
  0x00000000067e6000 JavaThread "Low Memory Detector" daemon [_thread_blocked, id=1256, stack(0x00000000074f0000,0x00000000075f0000)]
  0x00000000067e5800 JavaThread "C2 CompilerThread1" daemon [_thread_blocked, id=7608, stack(0x00000000073f0000,0x00000000074f0000)]
  0x00000000067ee800 JavaThread "C2 CompilerThread0" daemon [_thread_blocked, id=8040, stack(0x00000000072f0000,0x00000000073f0000)]
  0x00000000067cd000 JavaThread "JDWP Command Reader" daemon [_thread_in_native, id=7876, stack(0x0000000007120000,0x0000000007220000)]
  0x00000000067cc000 JavaThread "JDWP Event Helper Thread" daemon [_thread_blocked, id=7536, stack(0x0000000006f70000,0x0000000007070000)]
  0x00000000067c8800 JavaThread "JDWP Transport Listener: dt_socket" daemon [_thread_blocked, id=7660, stack(0x0000000006dc0000,0x0000000006ec0000)]
  0x0000000006775800 JavaThread "Attach Listener" daemon [_thread_blocked, id=6836, stack(0x0000000006a60000,0x0000000006b60000)]
  0x0000000006770800 JavaThread "Signal Dispatcher" daemon [_thread_blocked, id=7796, stack(0x0000000006960000,0x0000000006a60000)]
  0x000000000052d000 JavaThread "Finalizer" daemon [_thread_blocked, id=9204, stack(0x0000000006660000,0x0000000006760000)]
  0x0000000000526000 JavaThread "Reference Handler" daemon [_thread_blocked, id=8052, stack(0x0000000006560000,0x0000000006660000)]

Other Threads:
  0x0000000000520000 VMThread [stack: 0x0000000006460000,0x0000000006560000] [id=8420]
  0x0000000006819000 WatcherThread [stack: 0x00000000075f0000,0x00000000076f0000] [id=5296]

VM state:not at safepoint (normal execution)

VM Mutex/Monitor currently owned by a thread: None

Heap
 PSYoungGen      total 27968K, used 16940K [0x00000000e0cb0000, 0x00000000e2be0000, 0x0000000100000000)
  eden space 24000K, 70% used [0x00000000e0cb0000,0x00000000e1d3b338,0x00000000e2420000)
  from space 3968K, 0% used [0x00000000e2800000,0x00000000e2800000,0x00000000e2be0000)
  to   space 3968K, 0% used [0x00000000e2420000,0x00000000e2420000,0x00000000e2800000)
 PSOldGen        total 63872K, used 0K [0x00000000a2600000, 0x00000000a6460000, 0x00000000e0cb0000)
  object space 63872K, 0% used [0x00000000a2600000,0x00000000a2600000,0x00000000a6460000)
 PSPermGen       total 21248K, used 10352K [0x000000009d400000, 0x000000009e8c0000, 0x00000000a2600000)
  object space 21248K, 48% used [0x000000009d400000,0x000000009de1c238,0x000000009e8c0000)

Code Cache  [0x00000000025f0000, 0x0000000002860000, 0x00000000055f0000)
 total_blobs=262 nmethods=34 adapters=190 free_code_cache=49845248 largest_free_block=6720

Dynamic libraries:
0x0000000000400000 - 0x000000000042f000 	D:\env\jdk\jdk-6u31-windows-x64\bin\javaw.exe
0x0000000076d40000 - 0x0000000076eec000 	C:\windows\SYSTEM32\ntdll.dll
0x0000000076c20000 - 0x0000000076d3f000 	C:\windows\system32\kernel32.dll
0x000007fefd260000 - 0x000007fefd2cc000 	C:\windows\system32\KERNELBASE.dll
0x000007fefeec0000 - 0x000007fefef9b000 	C:\windows\system32\ADVAPI32.dll
0x000007fefe840000 - 0x000007fefe8df000 	C:\windows\system32\msvcrt.dll
0x000007fefe8e0000 - 0x000007fefe8ff000 	C:\windows\SYSTEM32\sechost.dll
0x000007fefed90000 - 0x000007fefeebe000 	C:\windows\system32\RPCRT4.dll
0x0000000076910000 - 0x0000000076a0a000 	C:\windows\system32\USER32.dll
0x000007fefe400000 - 0x000007fefe467000 	C:\windows\system32\GDI32.dll
0x000007feff040000 - 0x000007feff04e000 	C:\windows\system32\LPK.dll
0x000007fefe4f0000 - 0x000007fefe5ba000 	C:\windows\system32\USP10.dll
0x000007fefeb20000 - 0x000007fefeb4e000 	C:\windows\system32\IMM32.DLL
0x000007fefec80000 - 0x000007fefed89000 	C:\windows\system32\MSCTF.dll
0x000007fefd170000 - 0x000007fefd1af000 	C:\windows\system32\nvinitx.dll
0x000000006d8b0000 - 0x000000006e068000 	D:\env\jdk\jdk-6u31-windows-x64\jre\bin\server\jvm.dll
0x000007fefb2e0000 - 0x000007fefb31b000 	C:\windows\system32\WINMM.dll
0x000000006d820000 - 0x000000006d82e000 	D:\env\jdk\jdk-6u31-windows-x64\jre\bin\verify.dll
0x000000006d450000 - 0x000000006d477000 	D:\env\jdk\jdk-6u31-windows-x64\jre\bin\java.dll
0x000000006d4c0000 - 0x000000006d4f4000 	D:\env\jdk\jdk-6u31-windows-x64\jre\bin\jdwp.dll
0x000000006d6e0000 - 0x000000006d6e8000 	D:\env\jdk\jdk-6u31-windows-x64\jre\bin\npt.dll
0x000000006d870000 - 0x000000006d882000 	D:\env\jdk\jdk-6u31-windows-x64\jre\bin\zip.dll
0x000000006d310000 - 0x000000006d319000 	D:\env\jdk\jdk-6u31-windows-x64\jre\bin\dt_socket.dll
0x000007fefec30000 - 0x000007fefec7d000 	C:\windows\system32\WS2_32.dll
0x000007fefe900000 - 0x000007fefe908000 	C:\windows\system32\NSI.dll
0x000007fefb280000 - 0x000007fefb295000 	C:\windows\system32\NLAapi.dll
0x000007fefc9e0000 - 0x000007fefca34000 	C:\windows\System32\mswsock.dll
0x000007fefc860000 - 0x000007fefc8bb000 	C:\windows\system32\DNSAPI.dll
0x000007fef4c20000 - 0x000007fef4c2b000 	C:\windows\System32\winrnr.dll
0x000007fef4c00000 - 0x000007fef4c15000 	C:\windows\system32\napinsp.dll
0x000007fef4be0000 - 0x000007fef4bf9000 	C:\windows\system32\pnrpnsp.dll
0x000007fef4bd0000 - 0x000007fef4be0000 	C:\windows\system32\wshbth.dll
0x000007fefab70000 - 0x000007fefab97000 	C:\windows\system32\IPHLPAPI.DLL
0x000007fefab60000 - 0x000007fefab6b000 	C:\windows\system32\WINNSI.DLL
0x000007fef9aa0000 - 0x000007fef9af3000 	C:\windows\System32\fwpuclnt.dll
0x000007fef77e0000 - 0x000007fef77e8000 	C:\windows\system32\rasadhlp.dll
0x000007fefc320000 - 0x000007fefc327000 	C:\windows\System32\wshtcpip.dll
0x000000006d6b0000 - 0x000000006d6c7000 	D:\env\jdk\jdk-6u31-windows-x64\jre\bin\net.dll
0x000007fefc9d0000 - 0x000007fefc9d7000 	C:\windows\System32\wship6.dll
0x000000006d6d0000 - 0x000000006d6db000 	D:\env\jdk\jdk-6u31-windows-x64\jre\bin\nio.dll
0x000007fefca40000 - 0x000007fefca57000 	C:\windows\system32\CRYPTSP.dll
0x000007fefc740000 - 0x000007fefc787000 	C:\windows\system32\rsaenh.dll
0x000007fefc4c0000 - 0x000007fefc4de000 	C:\windows\system32\USERENV.dll
0x000007fefd1b0000 - 0x000007fefd1bf000 	C:\windows\system32\profapi.dll
0x000007fefd0a0000 - 0x000007fefd0af000 	C:\windows\system32\CRYPTBASE.dll
0x0000000076f10000 - 0x0000000076f17000 	C:\windows\system32\PSAPI.DLL

VM Arguments:
jvm_args: -agentlib:jdwp=transport=dt_socket,suspend=y,address=localhost:52611 -Dfile.encoding=UTF-8 
java_command: com.bkht.mina.MinaServiceStart
Launcher Type: SUN_STANDARD

Environment Variables:
JAVA_HOME=D:\env\jdk\jdk1.8.0_05
CLASSPATH=.;D:\env\jdk\jdk1.8.0_05\lib;D:\env\jdk\jdk1.8.0_05\lib\dt.jar;D:\env\jdk\jdk1.8.0_05\lib\tools.jar;.;E:\ws_bpel4people\HDI\Web\WEB-INF\lib\mysql-connector-java-5.0.7-bin.jar;.;
PATH=D:\env\jdk\jdk-6u31-windows-x64\jre\bin;D:/env/jdk/jdk1.8.0_05/bin/../jre/bin/server;D:/env/jdk/jdk1.8.0_05/bin/../jre/bin;D:/env/jdk/jdk1.8.0_05/bin/../jre/lib/amd64;C:\Program Files (x86)\Common Files\NetSarang;D:\env\Python33\;F:\oracle\product\11.2.0\dbhome_1\bin;C:\windows\system32;C:\windows;C:\windows\System32\Wbem;C:\windows\System32\WindowsPowerShell\v1.0\;D:\sofeware\Calibre2\;D:\sofeware\work\TortoiseSVN\bin;D:\env\apache-maven-3.2.2/bin;E:\git\caseMP\bin;.;D:\env\go/bin;C:\Program Files (x86)\Common Files\NetSarang;D:\env\Python33\;F:\oracle\product\11.2.0\dbhome_1\bin;C:\windows\system32;C:\windows;C:\windows\System32\Wbem;C:\windows\System32\WindowsPowerShell\v1.0\;D:\sofeware\Calibre2\;D:\sofeware\work\TortoiseSVN\bin;;D:\env\jdk\jdk1.8.0_05/bin;F:\db\mongodb-win32-x86_64-2008plus-2.4.8\bin;F:\software\dev\UltraEdit\;D:\eclipse-standard-kepler-SR2-win32-x86_64;
USERNAME=hbdrawn
OS=Windows_NT
PROCESSOR_IDENTIFIER=Intel64 Family 6 Model 42 Stepping 7, GenuineIntel



---------------  S Y S T E M  ---------------

OS: Windows 7 , 64 bit Build 7600 

CPU:total 4 (2 cores per cpu, 2 threads per core) family 6 model 42 stepping 7, cmov, cx8, fxsr, mmx, sse, sse2, sse3, ssse3, sse4.1, sse4.2, popcnt, ht

Memory: 4k page, physical 6128116k(2678220k free), swap 12254324k(8027112k free)

vm_info: Java HotSpot(TM) 64-Bit Server VM (20.6-b01) for windows-amd64 JRE (1.6.0_31-b05), built on Feb  3 2012 18:34:57 by "java_re" with MS VC++ 8.0 (VS2005)

time: Wed Jan 21 15:05:34 2015
elapsed time: 2525 seconds

