2014-03-29 09:52:34,946 I  [LoggingFilter       ] - CREATED
2014-03-29 09:52:34,956 D  [PushClient4Test     ] - session create:Sim18701585848-18710585848
2014-03-29 09:52:34,956 I  [LoggingFilter       ] - OPENED
2014-03-29 09:53:29,295 I  [LoggingFilter       ] - CREATED
2014-03-29 09:53:29,303 D  [PushClient4Test     ] - session create:Sim18701585848-18710585848
2014-03-29 09:53:29,304 I  [LoggingFilter       ] - OPENED
2014-03-29 09:53:46,552 W  [LoggingFilter       ] - EXCEPTION :
java.io.IOException: 远程主机强迫关闭了一个现有的连接。
	at sun.nio.ch.SocketDispatcher.read0(Native Method) ~[na:1.6.0_31]
	at sun.nio.ch.SocketDispatcher.read(SocketDispatcher.java:25) ~[na:1.6.0_31]
	at sun.nio.ch.IOUtil.readIntoNativeBuffer(IOUtil.java:198) ~[na:1.6.0_31]
	at sun.nio.ch.IOUtil.read(IOUtil.java:171) ~[na:1.6.0_31]
	at sun.nio.ch.SocketChannelImpl.read(SocketChannelImpl.java:243) ~[na:1.6.0_31]
	at org.apache.mina.transport.socket.nio.NioProcessor.read(NioProcessor.java:273) ~[mina-core-2.0.7.jar:na]
	at org.apache.mina.transport.socket.nio.NioProcessor.read(NioProcessor.java:44) ~[mina-core-2.0.7.jar:na]
	at org.apache.mina.core.polling.AbstractPollingIoProcessor.read(AbstractPollingIoProcessor.java:690) [mina-core-2.0.7.jar:na]
	at org.apache.mina.core.polling.AbstractPollingIoProcessor.process(AbstractPollingIoProcessor.java:664) [mina-core-2.0.7.jar:na]
	at org.apache.mina.core.polling.AbstractPollingIoProcessor.process(AbstractPollingIoProcessor.java:653) [mina-core-2.0.7.jar:na]
	at org.apache.mina.core.polling.AbstractPollingIoProcessor.access$600(AbstractPollingIoProcessor.java:67) [mina-core-2.0.7.jar:na]
	at org.apache.mina.core.polling.AbstractPollingIoProcessor$Processor.run(AbstractPollingIoProcessor.java:1124) [mina-core-2.0.7.jar:na]
	at org.apache.mina.util.NamePreservingRunnable.run(NamePreservingRunnable.java:64) [mina-core-2.0.7.jar:na]
	at java.util.concurrent.ThreadPoolExecutor$Worker.runTask(ThreadPoolExecutor.java:886) [na:1.6.0_31]
	at java.util.concurrent.ThreadPoolExecutor$Worker.run(ThreadPoolExecutor.java:908) [na:1.6.0_31]
	at java.lang.Thread.run(Thread.java:662) [na:1.6.0_31]
2014-03-29 09:53:46,554 W  [PushClient4Test     ] - EXCEPTION, please implement com.hbdrawn.push.PushClient4Test.exceptionCaught() for proper handling:
java.io.IOException: 远程主机强迫关闭了一个现有的连接。
	at sun.nio.ch.SocketDispatcher.read0(Native Method) ~[na:1.6.0_31]
	at sun.nio.ch.SocketDispatcher.read(SocketDispatcher.java:25) ~[na:1.6.0_31]
	at sun.nio.ch.IOUtil.readIntoNativeBuffer(IOUtil.java:198) ~[na:1.6.0_31]
	at sun.nio.ch.IOUtil.read(IOUtil.java:171) ~[na:1.6.0_31]
	at sun.nio.ch.SocketChannelImpl.read(SocketChannelImpl.java:243) ~[na:1.6.0_31]
	at org.apache.mina.transport.socket.nio.NioProcessor.read(NioProcessor.java:273) ~[mina-core-2.0.7.jar:na]
	at org.apache.mina.transport.socket.nio.NioProcessor.read(NioProcessor.java:44) ~[mina-core-2.0.7.jar:na]
	at org.apache.mina.core.polling.AbstractPollingIoProcessor.read(AbstractPollingIoProcessor.java:690) [mina-core-2.0.7.jar:na]
	at org.apache.mina.core.polling.AbstractPollingIoProcessor.process(AbstractPollingIoProcessor.java:664) [mina-core-2.0.7.jar:na]
	at org.apache.mina.core.polling.AbstractPollingIoProcessor.process(AbstractPollingIoProcessor.java:653) [mina-core-2.0.7.jar:na]
	at org.apache.mina.core.polling.AbstractPollingIoProcessor.access$600(AbstractPollingIoProcessor.java:67) [mina-core-2.0.7.jar:na]
	at org.apache.mina.core.polling.AbstractPollingIoProcessor$Processor.run(AbstractPollingIoProcessor.java:1124) [mina-core-2.0.7.jar:na]
	at org.apache.mina.util.NamePreservingRunnable.run(NamePreservingRunnable.java:64) [mina-core-2.0.7.jar:na]
	at java.util.concurrent.ThreadPoolExecutor$Worker.runTask(ThreadPoolExecutor.java:886) [na:1.6.0_31]
	at java.util.concurrent.ThreadPoolExecutor$Worker.run(ThreadPoolExecutor.java:908) [na:1.6.0_31]
	at java.lang.Thread.run(Thread.java:662) [na:1.6.0_31]
2014-03-29 09:53:46,557 I  [LoggingFilter       ] - CLOSED
2014-03-29 09:56:58,394 I  [LoggingFilter       ] - CREATED
2014-03-29 09:56:58,406 D  [PushClient4Test     ] - session create:Sim18701585848-18710585848
2014-03-29 09:56:58,407 I  [LoggingFilter       ] - OPENED
2014-03-29 09:57:10,179 I  [LoggingFilter       ] - CREATED
2014-03-29 09:57:10,188 D  [PushClient4Test     ] - session create:Sim18701585848-18710585848
2014-03-29 09:59:47,634 I  [LoggingFilter       ] - CREATED
2014-03-29 09:59:47,644 I  [LoggingFilter       ] - OPENED
2014-03-29 09:59:47,645 D  [PushClient4Test     ] - session open:Sim18701585848-18710585848
2014-03-29 10:00:27,150 W  [LoggingFilter       ] - EXCEPTION :
java.io.IOException: 远程主机强迫关闭了一个现有的连接。
	at sun.nio.ch.SocketDispatcher.read0(Native Method) ~[na:1.6.0_31]
	at sun.nio.ch.SocketDispatcher.read(SocketDispatcher.java:25) ~[na:1.6.0_31]
	at sun.nio.ch.IOUtil.readIntoNativeBuffer(IOUtil.java:198) ~[na:1.6.0_31]
	at sun.nio.ch.IOUtil.read(IOUtil.java:171) ~[na:1.6.0_31]
	at sun.nio.ch.SocketChannelImpl.read(SocketChannelImpl.java:243) ~[na:1.6.0_31]
	at org.apache.mina.transport.socket.nio.NioProcessor.read(NioProcessor.java:273) ~[mina-core-2.0.7.jar:na]
	at org.apache.mina.transport.socket.nio.NioProcessor.read(NioProcessor.java:44) ~[mina-core-2.0.7.jar:na]
	at org.apache.mina.core.polling.AbstractPollingIoProcessor.read(AbstractPollingIoProcessor.java:690) [mina-core-2.0.7.jar:na]
	at org.apache.mina.core.polling.AbstractPollingIoProcessor.process(AbstractPollingIoProcessor.java:664) [mina-core-2.0.7.jar:na]
	at org.apache.mina.core.polling.AbstractPollingIoProcessor.process(AbstractPollingIoProcessor.java:653) [mina-core-2.0.7.jar:na]
	at org.apache.mina.core.polling.AbstractPollingIoProcessor.access$600(AbstractPollingIoProcessor.java:67) [mina-core-2.0.7.jar:na]
	at org.apache.mina.core.polling.AbstractPollingIoProcessor$Processor.run(AbstractPollingIoProcessor.java:1124) [mina-core-2.0.7.jar:na]
	at org.apache.mina.util.NamePreservingRunnable.run(NamePreservingRunnable.java:64) [mina-core-2.0.7.jar:na]
	at java.util.concurrent.ThreadPoolExecutor$Worker.runTask(ThreadPoolExecutor.java:886) [na:1.6.0_31]
	at java.util.concurrent.ThreadPoolExecutor$Worker.run(ThreadPoolExecutor.java:908) [na:1.6.0_31]
	at java.lang.Thread.run(Thread.java:662) [na:1.6.0_31]
2014-03-29 10:00:27,152 W  [PushClient4Test     ] - EXCEPTION, please implement com.hbdrawn.push.PushClient4Test.exceptionCaught() for proper handling:
java.io.IOException: 远程主机强迫关闭了一个现有的连接。
	at sun.nio.ch.SocketDispatcher.read0(Native Method) ~[na:1.6.0_31]
	at sun.nio.ch.SocketDispatcher.read(SocketDispatcher.java:25) ~[na:1.6.0_31]
	at sun.nio.ch.IOUtil.readIntoNativeBuffer(IOUtil.java:198) ~[na:1.6.0_31]
	at sun.nio.ch.IOUtil.read(IOUtil.java:171) ~[na:1.6.0_31]
	at sun.nio.ch.SocketChannelImpl.read(SocketChannelImpl.java:243) ~[na:1.6.0_31]
	at org.apache.mina.transport.socket.nio.NioProcessor.read(NioProcessor.java:273) ~[mina-core-2.0.7.jar:na]
	at org.apache.mina.transport.socket.nio.NioProcessor.read(NioProcessor.java:44) ~[mina-core-2.0.7.jar:na]
	at org.apache.mina.core.polling.AbstractPollingIoProcessor.read(AbstractPollingIoProcessor.java:690) [mina-core-2.0.7.jar:na]
	at org.apache.mina.core.polling.AbstractPollingIoProcessor.process(AbstractPollingIoProcessor.java:664) [mina-core-2.0.7.jar:na]
	at org.apache.mina.core.polling.AbstractPollingIoProcessor.process(AbstractPollingIoProcessor.java:653) [mina-core-2.0.7.jar:na]
	at org.apache.mina.core.polling.AbstractPollingIoProcessor.access$600(AbstractPollingIoProcessor.java:67) [mina-core-2.0.7.jar:na]
	at org.apache.mina.core.polling.AbstractPollingIoProcessor$Processor.run(AbstractPollingIoProcessor.java:1124) [mina-core-2.0.7.jar:na]
	at org.apache.mina.util.NamePreservingRunnable.run(NamePreservingRunnable.java:64) [mina-core-2.0.7.jar:na]
	at java.util.concurrent.ThreadPoolExecutor$Worker.runTask(ThreadPoolExecutor.java:886) [na:1.6.0_31]
	at java.util.concurrent.ThreadPoolExecutor$Worker.run(ThreadPoolExecutor.java:908) [na:1.6.0_31]
	at java.lang.Thread.run(Thread.java:662) [na:1.6.0_31]
2014-03-29 10:00:27,155 I  [LoggingFilter       ] - CLOSED
2014-03-29 10:04:59,444 I  [LoggingFilter       ] - CREATED
2014-03-29 10:04:59,455 I  [LoggingFilter       ] - OPENED
2014-03-29 10:04:59,455 D  [PushClient4Test     ] - session create:Sim18701585848-18710585848
2014-03-29 10:05:59,461 I  [LoggingFilter       ] - IDLE
2014-03-29 10:05:59,462 I  [LoggingFilter       ] - IDLE
2014-03-29 10:05:59,465 I  [LoggingFilter       ] - SENT: HeapBuffer[pos=0 lim=1 cap=1: FF]
2014-03-29 10:05:59,471 I  [LoggingFilter       ] - RECEIVED: HeapBuffer[pos=0 lim=1 cap=2048: FE]
2014-03-29 10:06:59,475 I  [LoggingFilter       ] - IDLE
2014-03-29 10:06:59,475 I  [LoggingFilter       ] - IDLE
2014-03-29 10:06:59,476 I  [LoggingFilter       ] - SENT: HeapBuffer[pos=0 lim=1 cap=1: FF]
2014-03-29 10:06:59,477 I  [LoggingFilter       ] - RECEIVED: HeapBuffer[pos=0 lim=1 cap=2048: FE]
2014-03-29 10:07:59,481 I  [LoggingFilter       ] - IDLE
2014-03-29 10:07:59,481 I  [LoggingFilter       ] - IDLE
2014-03-29 10:07:59,482 I  [LoggingFilter       ] - SENT: HeapBuffer[pos=0 lim=1 cap=1: FF]
2014-03-29 10:07:59,482 I  [LoggingFilter       ] - RECEIVED: HeapBuffer[pos=0 lim=1 cap=1024: FF]
2014-03-29 10:07:59,483 I  [LoggingFilter       ] - SENT: HeapBuffer[pos=0 lim=1 cap=1: FE]
2014-03-29 10:07:59,483 I  [LoggingFilter       ] - RECEIVED: HeapBuffer[pos=0 lim=1 cap=1024: FE]
2014-03-29 10:08:59,489 I  [LoggingFilter       ] - RECEIVED: HeapBuffer[pos=0 lim=1 cap=512: FF]
2014-03-29 10:08:59,490 I  [LoggingFilter       ] - SENT: HeapBuffer[pos=0 lim=1 cap=1: FE]
2014-03-29 10:09:59,493 I  [LoggingFilter       ] - IDLE
2014-03-29 10:09:59,493 I  [LoggingFilter       ] - IDLE
2014-03-29 10:09:59,494 I  [LoggingFilter       ] - SENT: HeapBuffer[pos=0 lim=1 cap=1: FF]
2014-03-29 10:09:59,495 I  [LoggingFilter       ] - RECEIVED: HeapBuffer[pos=0 lim=1 cap=512: FF]
2014-03-29 10:09:59,496 I  [LoggingFilter       ] - SENT: HeapBuffer[pos=0 lim=1 cap=1: FE]
2014-03-29 10:09:59,496 I  [LoggingFilter       ] - RECEIVED: HeapBuffer[pos=0 lim=1 cap=256: FE]
2014-03-29 10:10:59,500 I  [LoggingFilter       ] - IDLE
2014-03-29 10:10:59,500 I  [LoggingFilter       ] - IDLE
2014-03-29 10:10:59,501 I  [LoggingFilter       ] - SENT: HeapBuffer[pos=0 lim=1 cap=1: FF]
2014-03-29 10:10:59,504 I  [LoggingFilter       ] - RECEIVED: HeapBuffer[pos=0 lim=2 cap=256: FF FE]
2014-03-29 10:10:59,560 D  [ProtocolCodecFilter ] - Processing a MESSAGE_RECEIVED for session 1
2014-03-29 10:11:29,564 I  [LoggingFilter       ] - IDLE
2014-03-29 10:11:29,564 W  [KeepAliveFilter     ] - A keep-alive response message was not received within 30 second(s).
2014-03-29 10:11:59,508 I  [LoggingFilter       ] - RECEIVED: HeapBuffer[pos=0 lim=1 cap=128: FF]
2014-03-29 10:11:59,509 I  [LoggingFilter       ] - SENT: HeapBuffer[pos=0 lim=1 cap=1: FE]
2014-03-29 10:12:59,538 I  [LoggingFilter       ] - IDLE
2014-03-29 10:12:59,538 I  [LoggingFilter       ] - IDLE
2014-03-29 10:12:59,539 I  [LoggingFilter       ] - SENT: HeapBuffer[pos=0 lim=1 cap=1: FF]
2014-03-29 10:12:59,540 I  [LoggingFilter       ] - RECEIVED: HeapBuffer[pos=0 lim=1 cap=128: FE]
2014-03-29 10:13:59,577 I  [LoggingFilter       ] - RECEIVED: HeapBuffer[pos=0 lim=1 cap=64: FF]
2014-03-29 10:13:59,578 I  [LoggingFilter       ] - SENT: HeapBuffer[pos=0 lim=1 cap=1: FE]
2014-03-29 10:14:59,581 I  [LoggingFilter       ] - IDLE
2014-03-29 10:14:59,581 I  [LoggingFilter       ] - IDLE
2014-03-29 10:14:59,582 I  [LoggingFilter       ] - SENT: HeapBuffer[pos=0 lim=1 cap=1: FF]
2014-03-29 10:14:59,583 I  [LoggingFilter       ] - RECEIVED: HeapBuffer[pos=0 lim=1 cap=64: FE]
2014-03-29 10:15:44,523 I  [LoggingFilter       ] - CREATED
2014-03-29 10:15:44,534 D  [PushClient4Test     ] - session create:Sim18701585848-18710585848
2014-03-29 10:15:44,535 I  [LoggingFilter       ] - OPENED
2014-03-29 10:15:44,538 I  [LoggingFilter       ] - RECEIVED: HeapBuffer[pos=0 lim=1 cap=2048: FF]
2014-03-29 10:15:44,542 I  [LoggingFilter       ] - SENT: HeapBuffer[pos=0 lim=1 cap=1: FE]
2014-03-29 10:15:59,587 I  [LoggingFilter       ] - IDLE
2014-03-29 10:15:59,587 I  [LoggingFilter       ] - IDLE
2014-03-29 10:15:59,588 I  [LoggingFilter       ] - SENT: HeapBuffer[pos=0 lim=1 cap=1: FF]
2014-03-29 10:15:59,589 I  [LoggingFilter       ] - RECEIVED: HeapBuffer[pos=0 lim=1 cap=64: FE]
2014-03-29 10:19:11,955 I  [LoggingFilter       ] - CREATED
2014-03-29 10:19:11,966 D  [PushClient4Test     ] - session create:Sim18701585848-18710585848
2014-03-29 10:19:11,967 I  [LoggingFilter       ] - OPENED
2014-03-29 10:19:36,973 I  [LoggingFilter       ] - IDLE
2014-03-29 10:19:36,974 I  [LoggingFilter       ] - IDLE
2014-03-29 10:19:36,978 I  [LoggingFilter       ] - SENT: HeapBuffer[pos=0 lim=1 cap=1: FF]
2014-03-29 10:20:06,980 I  [LoggingFilter       ] - IDLE
2014-03-29 10:20:06,980 W  [KeepAliveFilter     ] - A keep-alive response message was not received within 30 second(s).
2014-03-29 10:20:36,983 I  [LoggingFilter       ] - IDLE
2014-03-29 10:20:36,983 I  [LoggingFilter       ] - IDLE
2014-03-29 10:20:36,984 I  [LoggingFilter       ] - SENT: HeapBuffer[pos=0 lim=1 cap=1: FF]
2014-03-29 10:21:06,985 I  [LoggingFilter       ] - IDLE
2014-03-29 10:21:06,985 W  [KeepAliveFilter     ] - A keep-alive response message was not received within 30 second(s).
2014-03-29 10:21:36,987 I  [LoggingFilter       ] - IDLE
2014-03-29 10:21:36,987 I  [LoggingFilter       ] - IDLE
2014-03-29 10:21:36,988 I  [LoggingFilter       ] - SENT: HeapBuffer[pos=0 lim=1 cap=1: FF]
2014-03-29 10:22:06,991 I  [LoggingFilter       ] - IDLE
2014-03-29 10:22:06,991 W  [KeepAliveFilter     ] - A keep-alive response message was not received within 30 second(s).
2014-03-29 10:22:36,993 I  [LoggingFilter       ] - IDLE
2014-03-29 10:22:36,993 I  [LoggingFilter       ] - IDLE
2014-03-29 10:22:36,994 I  [LoggingFilter       ] - SENT: HeapBuffer[pos=0 lim=1 cap=1: FF]
2014-03-29 10:23:06,995 I  [LoggingFilter       ] - IDLE
2014-03-29 10:23:06,995 W  [KeepAliveFilter     ] - A keep-alive response message was not received within 30 second(s).
2014-03-29 10:23:36,998 I  [LoggingFilter       ] - IDLE
2014-03-29 10:23:36,998 I  [LoggingFilter       ] - IDLE
2014-03-29 10:23:36,999 I  [LoggingFilter       ] - SENT: HeapBuffer[pos=0 lim=1 cap=1: FF]
2014-03-29 10:24:07,001 I  [LoggingFilter       ] - IDLE
2014-03-29 10:24:07,001 W  [KeepAliveFilter     ] - A keep-alive response message was not received within 30 second(s).
2014-03-29 10:24:37,003 I  [LoggingFilter       ] - IDLE
2014-03-29 10:24:37,004 I  [LoggingFilter       ] - IDLE
2014-03-29 10:24:37,004 I  [LoggingFilter       ] - SENT: HeapBuffer[pos=0 lim=1 cap=1: FF]
2014-03-29 10:25:07,052 I  [LoggingFilter       ] - IDLE
2014-03-29 10:25:07,052 W  [KeepAliveFilter     ] - A keep-alive response message was not received within 30 second(s).
2014-03-29 10:25:37,055 I  [LoggingFilter       ] - IDLE
2014-03-29 10:25:37,056 I  [LoggingFilter       ] - IDLE
2014-03-29 10:25:37,056 I  [LoggingFilter       ] - SENT: HeapBuffer[pos=0 lim=1 cap=1: FF]
2014-03-29 10:26:07,058 I  [LoggingFilter       ] - IDLE
2014-03-29 10:26:07,058 W  [KeepAliveFilter     ] - A keep-alive response message was not received within 30 second(s).
2014-03-29 10:26:37,059 I  [LoggingFilter       ] - IDLE
2014-03-29 10:26:37,060 I  [LoggingFilter       ] - IDLE
2014-03-29 10:26:37,060 I  [LoggingFilter       ] - SENT: HeapBuffer[pos=0 lim=1 cap=1: FF]
2014-03-29 10:27:07,062 I  [LoggingFilter       ] - IDLE
2014-03-29 10:27:07,062 W  [KeepAliveFilter     ] - A keep-alive response message was not received within 30 second(s).
2014-03-29 10:27:37,065 I  [LoggingFilter       ] - IDLE
2014-03-29 10:27:37,066 I  [LoggingFilter       ] - IDLE
2014-03-29 10:27:37,066 I  [LoggingFilter       ] - SENT: HeapBuffer[pos=0 lim=1 cap=1: FF]
2014-03-29 10:28:07,067 I  [LoggingFilter       ] - IDLE
2014-03-29 10:28:07,067 W  [KeepAliveFilter     ] - A keep-alive response message was not received within 30 second(s).
2014-03-29 10:28:37,070 I  [LoggingFilter       ] - IDLE
2014-03-29 10:28:37,071 I  [LoggingFilter       ] - IDLE
2014-03-29 10:28:37,071 I  [LoggingFilter       ] - SENT: HeapBuffer[pos=0 lim=1 cap=1: FF]
2014-03-29 10:29:53,448 I  [LoggingFilter       ] - CREATED
2014-03-29 10:29:53,459 D  [PushClient4Test     ] - session create:Sim18701585848-18710585848
2014-03-29 10:29:53,460 I  [LoggingFilter       ] - OPENED
2014-03-29 10:30:37,068 W  [LoggingFilter       ] - EXCEPTION :
java.io.IOException: 远程主机强迫关闭了一个现有的连接。
	at sun.nio.ch.SocketDispatcher.read0(Native Method) ~[na:1.6.0_31]
	at sun.nio.ch.SocketDispatcher.read(SocketDispatcher.java:25) ~[na:1.6.0_31]
	at sun.nio.ch.IOUtil.readIntoNativeBuffer(IOUtil.java:198) ~[na:1.6.0_31]
	at sun.nio.ch.IOUtil.read(IOUtil.java:171) ~[na:1.6.0_31]
	at sun.nio.ch.SocketChannelImpl.read(SocketChannelImpl.java:243) ~[na:1.6.0_31]
	at org.apache.mina.transport.socket.nio.NioProcessor.read(NioProcessor.java:273) ~[mina-core-2.0.7.jar:na]
	at org.apache.mina.transport.socket.nio.NioProcessor.read(NioProcessor.java:44) ~[mina-core-2.0.7.jar:na]
	at org.apache.mina.core.polling.AbstractPollingIoProcessor.read(AbstractPollingIoProcessor.java:690) [mina-core-2.0.7.jar:na]
	at org.apache.mina.core.polling.AbstractPollingIoProcessor.process(AbstractPollingIoProcessor.java:664) [mina-core-2.0.7.jar:na]
	at org.apache.mina.core.polling.AbstractPollingIoProcessor.process(AbstractPollingIoProcessor.java:653) [mina-core-2.0.7.jar:na]
	at org.apache.mina.core.polling.AbstractPollingIoProcessor.access$600(AbstractPollingIoProcessor.java:67) [mina-core-2.0.7.jar:na]
	at org.apache.mina.core.polling.AbstractPollingIoProcessor$Processor.run(AbstractPollingIoProcessor.java:1124) [mina-core-2.0.7.jar:na]
	at org.apache.mina.util.NamePreservingRunnable.run(NamePreservingRunnable.java:64) [mina-core-2.0.7.jar:na]
	at java.util.concurrent.ThreadPoolExecutor$Worker.runTask(ThreadPoolExecutor.java:886) [na:1.6.0_31]
	at java.util.concurrent.ThreadPoolExecutor$Worker.run(ThreadPoolExecutor.java:908) [na:1.6.0_31]
	at java.lang.Thread.run(Thread.java:662) [na:1.6.0_31]
2014-03-29 10:30:37,071 W  [PushClient4Test     ] - EXCEPTION, please implement com.hbdrawn.push.PushClient4Test.exceptionCaught() for proper handling:
java.io.IOException: 远程主机强迫关闭了一个现有的连接。
	at sun.nio.ch.SocketDispatcher.read0(Native Method) ~[na:1.6.0_31]
	at sun.nio.ch.SocketDispatcher.read(SocketDispatcher.java:25) ~[na:1.6.0_31]
	at sun.nio.ch.IOUtil.readIntoNativeBuffer(IOUtil.java:198) ~[na:1.6.0_31]
	at sun.nio.ch.IOUtil.read(IOUtil.java:171) ~[na:1.6.0_31]
	at sun.nio.ch.SocketChannelImpl.read(SocketChannelImpl.java:243) ~[na:1.6.0_31]
	at org.apache.mina.transport.socket.nio.NioProcessor.read(NioProcessor.java:273) ~[mina-core-2.0.7.jar:na]
	at org.apache.mina.transport.socket.nio.NioProcessor.read(NioProcessor.java:44) ~[mina-core-2.0.7.jar:na]
	at org.apache.mina.core.polling.AbstractPollingIoProcessor.read(AbstractPollingIoProcessor.java:690) [mina-core-2.0.7.jar:na]
	at org.apache.mina.core.polling.AbstractPollingIoProcessor.process(AbstractPollingIoProcessor.java:664) [mina-core-2.0.7.jar:na]
	at org.apache.mina.core.polling.AbstractPollingIoProcessor.process(AbstractPollingIoProcessor.java:653) [mina-core-2.0.7.jar:na]
	at org.apache.mina.core.polling.AbstractPollingIoProcessor.access$600(AbstractPollingIoProcessor.java:67) [mina-core-2.0.7.jar:na]
	at org.apache.mina.core.polling.AbstractPollingIoProcessor$Processor.run(AbstractPollingIoProcessor.java:1124) [mina-core-2.0.7.jar:na]
	at org.apache.mina.util.NamePreservingRunnable.run(NamePreservingRunnable.java:64) [mina-core-2.0.7.jar:na]
	at java.util.concurrent.ThreadPoolExecutor$Worker.runTask(ThreadPoolExecutor.java:886) [na:1.6.0_31]
	at java.util.concurrent.ThreadPoolExecutor$Worker.run(ThreadPoolExecutor.java:908) [na:1.6.0_31]
	at java.lang.Thread.run(Thread.java:662) [na:1.6.0_31]
2014-03-29 10:30:37,074 I  [LoggingFilter       ] - CLOSED
2014-03-29 10:32:48,149 I  [LoggingFilter       ] - CREATED
2014-03-29 10:32:48,160 D  [PushClient4Test     ] - session create:Sim18701585848-18710585848
2014-03-29 10:32:48,160 I  [LoggingFilter       ] - OPENED
2014-03-29 10:35:14,303 I  [LoggingFilter       ] - CREATED
2014-03-29 10:35:14,312 D  [PushClient4Test     ] - session create:Sim18701585848-18710585848
2014-03-29 10:35:14,312 I  [LoggingFilter       ] - OPENED
2014-03-29 10:35:14,313 I  [PushClient4Test     ] - client:localhost/127.0.0.1:80-Sim18701585848#18710585848
2014-03-29 10:35:59,025 W  [LoggingFilter       ] - EXCEPTION :
java.io.IOException: 远程主机强迫关闭了一个现有的连接。
	at sun.nio.ch.SocketDispatcher.read0(Native Method) ~[na:1.6.0_31]
	at sun.nio.ch.SocketDispatcher.read(SocketDispatcher.java:25) ~[na:1.6.0_31]
	at sun.nio.ch.IOUtil.readIntoNativeBuffer(IOUtil.java:198) ~[na:1.6.0_31]
	at sun.nio.ch.IOUtil.read(IOUtil.java:171) ~[na:1.6.0_31]
	at sun.nio.ch.SocketChannelImpl.read(SocketChannelImpl.java:243) ~[na:1.6.0_31]
	at org.apache.mina.transport.socket.nio.NioProcessor.read(NioProcessor.java:273) ~[mina-core-2.0.7.jar:na]
	at org.apache.mina.transport.socket.nio.NioProcessor.read(NioProcessor.java:44) ~[mina-core-2.0.7.jar:na]
	at org.apache.mina.core.polling.AbstractPollingIoProcessor.read(AbstractPollingIoProcessor.java:690) [mina-core-2.0.7.jar:na]
	at org.apache.mina.core.polling.AbstractPollingIoProcessor.process(AbstractPollingIoProcessor.java:664) [mina-core-2.0.7.jar:na]
	at org.apache.mina.core.polling.AbstractPollingIoProcessor.process(AbstractPollingIoProcessor.java:653) [mina-core-2.0.7.jar:na]
	at org.apache.mina.core.polling.AbstractPollingIoProcessor.access$600(AbstractPollingIoProcessor.java:67) [mina-core-2.0.7.jar:na]
	at org.apache.mina.core.polling.AbstractPollingIoProcessor$Processor.run(AbstractPollingIoProcessor.java:1124) [mina-core-2.0.7.jar:na]
	at org.apache.mina.util.NamePreservingRunnable.run(NamePreservingRunnable.java:64) [mina-core-2.0.7.jar:na]
	at java.util.concurrent.ThreadPoolExecutor$Worker.runTask(ThreadPoolExecutor.java:886) [na:1.6.0_31]
	at java.util.concurrent.ThreadPoolExecutor$Worker.run(ThreadPoolExecutor.java:908) [na:1.6.0_31]
	at java.lang.Thread.run(Thread.java:662) [na:1.6.0_31]
2014-03-29 10:35:59,027 W  [PushClient4Test     ] - EXCEPTION, please implement com.hbdrawn.push.PushClient4Test.exceptionCaught() for proper handling:
java.io.IOException: 远程主机强迫关闭了一个现有的连接。
	at sun.nio.ch.SocketDispatcher.read0(Native Method) ~[na:1.6.0_31]
	at sun.nio.ch.SocketDispatcher.read(SocketDispatcher.java:25) ~[na:1.6.0_31]
	at sun.nio.ch.IOUtil.readIntoNativeBuffer(IOUtil.java:198) ~[na:1.6.0_31]
	at sun.nio.ch.IOUtil.read(IOUtil.java:171) ~[na:1.6.0_31]
	at sun.nio.ch.SocketChannelImpl.read(SocketChannelImpl.java:243) ~[na:1.6.0_31]
	at org.apache.mina.transport.socket.nio.NioProcessor.read(NioProcessor.java:273) ~[mina-core-2.0.7.jar:na]
	at org.apache.mina.transport.socket.nio.NioProcessor.read(NioProcessor.java:44) ~[mina-core-2.0.7.jar:na]
	at org.apache.mina.core.polling.AbstractPollingIoProcessor.read(AbstractPollingIoProcessor.java:690) [mina-core-2.0.7.jar:na]
	at org.apache.mina.core.polling.AbstractPollingIoProcessor.process(AbstractPollingIoProcessor.java:664) [mina-core-2.0.7.jar:na]
	at org.apache.mina.core.polling.AbstractPollingIoProcessor.process(AbstractPollingIoProcessor.java:653) [mina-core-2.0.7.jar:na]
	at org.apache.mina.core.polling.AbstractPollingIoProcessor.access$600(AbstractPollingIoProcessor.java:67) [mina-core-2.0.7.jar:na]
	at org.apache.mina.core.polling.AbstractPollingIoProcessor$Processor.run(AbstractPollingIoProcessor.java:1124) [mina-core-2.0.7.jar:na]
	at org.apache.mina.util.NamePreservingRunnable.run(NamePreservingRunnable.java:64) [mina-core-2.0.7.jar:na]
	at java.util.concurrent.ThreadPoolExecutor$Worker.runTask(ThreadPoolExecutor.java:886) [na:1.6.0_31]
	at java.util.concurrent.ThreadPoolExecutor$Worker.run(ThreadPoolExecutor.java:908) [na:1.6.0_31]
	at java.lang.Thread.run(Thread.java:662) [na:1.6.0_31]
2014-03-29 10:35:59,034 I  [LoggingFilter       ] - CLOSED
2014-03-29 14:36:21,293 I  [LoggingFilter       ] - CREATED
2014-03-29 14:36:21,325 I  [LoggingFilter       ] - OPENED
2014-03-29 14:36:21,338 I  [LoggingFilter       ] - SENT: HeapBuffer[pos=0 lim=0 cap=0: empty]
2014-03-29 14:37:21,341 I  [LoggingFilter       ] - IDLE
2014-03-29 14:37:21,341 I  [LoggingFilter       ] - IDLE
2014-03-29 14:37:21,342 I  [LoggingFilter       ] - SENT: HeapBuffer[pos=0 lim=1 cap=1: FF]
2014-03-29 14:37:21,343 I  [LoggingFilter       ] - RECEIVED: HeapBuffer[pos=0 lim=1 cap=2048: FF]
2014-03-29 14:37:21,344 I  [LoggingFilter       ] - SENT: HeapBuffer[pos=0 lim=1 cap=1: FE]
2014-03-29 14:37:21,344 I  [LoggingFilter       ] - RECEIVED: HeapBuffer[pos=0 lim=1 cap=2048: FE]
2014-03-29 14:38:21,363 I  [LoggingFilter       ] - RECEIVED: HeapBuffer[pos=0 lim=1 cap=1024: FF]
2014-03-29 14:38:21,364 I  [LoggingFilter       ] - SENT: HeapBuffer[pos=0 lim=1 cap=1: FE]
2014-03-29 14:39:21,368 I  [LoggingFilter       ] - IDLE
2014-03-29 14:39:21,368 I  [LoggingFilter       ] - IDLE
2014-03-29 14:39:21,369 I  [LoggingFilter       ] - SENT: HeapBuffer[pos=0 lim=1 cap=1: FF]
2014-03-29 14:39:21,369 I  [LoggingFilter       ] - RECEIVED: HeapBuffer[pos=0 lim=1 cap=1024: FF]
2014-03-29 14:39:21,370 I  [LoggingFilter       ] - SENT: HeapBuffer[pos=0 lim=1 cap=1: FE]
2014-03-29 14:39:21,370 I  [LoggingFilter       ] - RECEIVED: HeapBuffer[pos=0 lim=1 cap=512: FE]
2014-03-29 14:39:33,397 I  [LoggingFilter       ] - CREATED
2014-03-29 14:39:33,406 I  [LoggingFilter       ] - OPENED
2014-03-29 14:39:33,415 I  [LoggingFilter       ] - SENT: HeapBuffer[pos=0 lim=0 cap=0: empty]
2014-03-29 14:40:21,390 I  [LoggingFilter       ] - IDLE
2014-03-29 14:40:21,390 I  [LoggingFilter       ] - IDLE
2014-03-29 14:40:21,392 I  [LoggingFilter       ] - SENT: HeapBuffer[pos=0 lim=1 cap=1: FF]
2014-03-29 14:40:21,392 I  [LoggingFilter       ] - RECEIVED: HeapBuffer[pos=0 lim=1 cap=512: FF]
2014-03-29 14:40:21,392 I  [LoggingFilter       ] - SENT: HeapBuffer[pos=0 lim=1 cap=1: FE]
2014-03-29 14:40:21,393 I  [LoggingFilter       ] - RECEIVED: HeapBuffer[pos=0 lim=1 cap=256: FE]
2014-03-29 14:40:33,424 I  [LoggingFilter       ] - IDLE
2014-03-29 14:40:33,424 I  [LoggingFilter       ] - IDLE
2014-03-29 14:40:33,425 I  [LoggingFilter       ] - SENT: HeapBuffer[pos=0 lim=1 cap=1: FF]
2014-03-29 14:40:33,425 I  [LoggingFilter       ] - RECEIVED: HeapBuffer[pos=0 lim=1 cap=2048: FF]
2014-03-29 14:40:33,427 I  [LoggingFilter       ] - SENT: HeapBuffer[pos=0 lim=1 cap=1: FE]
2014-03-29 14:40:33,427 I  [LoggingFilter       ] - RECEIVED: HeapBuffer[pos=0 lim=1 cap=2048: FE]
2014-03-29 14:41:21,397 I  [LoggingFilter       ] - RECEIVED: HeapBuffer[pos=0 lim=1 cap=256: FF]
2014-03-29 14:41:21,397 I  [LoggingFilter       ] - SENT: HeapBuffer[pos=0 lim=1 cap=1: FE]
2014-03-29 14:41:33,429 I  [LoggingFilter       ] - IDLE
2014-03-29 14:41:33,429 I  [LoggingFilter       ] - IDLE
2014-03-29 14:41:33,429 I  [LoggingFilter       ] - SENT: HeapBuffer[pos=0 lim=1 cap=1: FF]
2014-03-29 14:41:33,430 I  [LoggingFilter       ] - RECEIVED: HeapBuffer[pos=0 lim=1 cap=1024: FF]
2014-03-29 14:41:33,430 I  [LoggingFilter       ] - SENT: HeapBuffer[pos=0 lim=1 cap=1: FE]
2014-03-29 14:41:33,432 I  [LoggingFilter       ] - RECEIVED: HeapBuffer[pos=0 lim=1 cap=1024: FE]
2014-03-29 14:42:21,408 I  [LoggingFilter       ] - IDLE
2014-03-29 14:42:21,408 I  [LoggingFilter       ] - IDLE
2014-03-29 14:42:21,409 I  [LoggingFilter       ] - SENT: HeapBuffer[pos=0 lim=1 cap=1: FF]
2014-03-29 14:42:21,409 I  [LoggingFilter       ] - RECEIVED: HeapBuffer[pos=0 lim=1 cap=128: FF]
2014-03-29 14:42:21,409 I  [LoggingFilter       ] - SENT: HeapBuffer[pos=0 lim=1 cap=1: FE]
2014-03-29 14:42:21,410 I  [LoggingFilter       ] - RECEIVED: HeapBuffer[pos=0 lim=1 cap=128: FE]
2014-03-29 14:42:32,362 W  [LoggingFilter       ] - EXCEPTION :
java.io.IOException: 远程主机强迫关闭了一个现有的连接。
	at sun.nio.ch.SocketDispatcher.read0(Native Method) ~[na:1.6.0_31]
	at sun.nio.ch.SocketDispatcher.read(SocketDispatcher.java:25) ~[na:1.6.0_31]
	at sun.nio.ch.IOUtil.readIntoNativeBuffer(IOUtil.java:198) ~[na:1.6.0_31]
	at sun.nio.ch.IOUtil.read(IOUtil.java:171) ~[na:1.6.0_31]
	at sun.nio.ch.SocketChannelImpl.read(SocketChannelImpl.java:243) ~[na:1.6.0_31]
	at org.apache.mina.transport.socket.nio.NioProcessor.read(NioProcessor.java:273) ~[mina-core-2.0.7.jar:na]
	at org.apache.mina.transport.socket.nio.NioProcessor.read(NioProcessor.java:44) ~[mina-core-2.0.7.jar:na]
	at org.apache.mina.core.polling.AbstractPollingIoProcessor.read(AbstractPollingIoProcessor.java:690) [mina-core-2.0.7.jar:na]
	at org.apache.mina.core.polling.AbstractPollingIoProcessor.process(AbstractPollingIoProcessor.java:664) [mina-core-2.0.7.jar:na]
	at org.apache.mina.core.polling.AbstractPollingIoProcessor.process(AbstractPollingIoProcessor.java:653) [mina-core-2.0.7.jar:na]
	at org.apache.mina.core.polling.AbstractPollingIoProcessor.access$600(AbstractPollingIoProcessor.java:67) [mina-core-2.0.7.jar:na]
	at org.apache.mina.core.polling.AbstractPollingIoProcessor$Processor.run(AbstractPollingIoProcessor.java:1124) [mina-core-2.0.7.jar:na]
	at org.apache.mina.util.NamePreservingRunnable.run(NamePreservingRunnable.java:64) [mina-core-2.0.7.jar:na]
	at java.util.concurrent.ThreadPoolExecutor$Worker.runTask(ThreadPoolExecutor.java:886) [na:1.6.0_31]
	at java.util.concurrent.ThreadPoolExecutor$Worker.run(ThreadPoolExecutor.java:908) [na:1.6.0_31]
	at java.lang.Thread.run(Thread.java:662) [na:1.6.0_31]
2014-03-29 14:42:32,364 W  [PushClient4Test     ] - EXCEPTION, please implement com.hbdrawn.push.PushClient4Test.exceptionCaught() for proper handling:
java.io.IOException: 远程主机强迫关闭了一个现有的连接。
	at sun.nio.ch.SocketDispatcher.read0(Native Method) ~[na:1.6.0_31]
	at sun.nio.ch.SocketDispatcher.read(SocketDispatcher.java:25) ~[na:1.6.0_31]
	at sun.nio.ch.IOUtil.readIntoNativeBuffer(IOUtil.java:198) ~[na:1.6.0_31]
	at sun.nio.ch.IOUtil.read(IOUtil.java:171) ~[na:1.6.0_31]
	at sun.nio.ch.SocketChannelImpl.read(SocketChannelImpl.java:243) ~[na:1.6.0_31]
	at org.apache.mina.transport.socket.nio.NioProcessor.read(NioProcessor.java:273) ~[mina-core-2.0.7.jar:na]
	at org.apache.mina.transport.socket.nio.NioProcessor.read(NioProcessor.java:44) ~[mina-core-2.0.7.jar:na]
	at org.apache.mina.core.polling.AbstractPollingIoProcessor.read(AbstractPollingIoProcessor.java:690) [mina-core-2.0.7.jar:na]
	at org.apache.mina.core.polling.AbstractPollingIoProcessor.process(AbstractPollingIoProcessor.java:664) [mina-core-2.0.7.jar:na]
	at org.apache.mina.core.polling.AbstractPollingIoProcessor.process(AbstractPollingIoProcessor.java:653) [mina-core-2.0.7.jar:na]
	at org.apache.mina.core.polling.AbstractPollingIoProcessor.access$600(AbstractPollingIoProcessor.java:67) [mina-core-2.0.7.jar:na]
	at org.apache.mina.core.polling.AbstractPollingIoProcessor$Processor.run(AbstractPollingIoProcessor.java:1124) [mina-core-2.0.7.jar:na]
	at org.apache.mina.util.NamePreservingRunnable.run(NamePreservingRunnable.java:64) [mina-core-2.0.7.jar:na]
	at java.util.concurrent.ThreadPoolExecutor$Worker.runTask(ThreadPoolExecutor.java:886) [na:1.6.0_31]
	at java.util.concurrent.ThreadPoolExecutor$Worker.run(ThreadPoolExecutor.java:908) [na:1.6.0_31]
	at java.lang.Thread.run(Thread.java:662) [na:1.6.0_31]
2014-03-29 14:42:32,365 I  [LoggingFilter       ] - CLOSED
2014-03-29 14:42:32,382 W  [LoggingFilter       ] - EXCEPTION :
java.io.IOException: 远程主机强迫关闭了一个现有的连接。
	at sun.nio.ch.SocketDispatcher.read0(Native Method) ~[na:1.6.0_31]
	at sun.nio.ch.SocketDispatcher.read(SocketDispatcher.java:25) ~[na:1.6.0_31]
	at sun.nio.ch.IOUtil.readIntoNativeBuffer(IOUtil.java:198) ~[na:1.6.0_31]
	at sun.nio.ch.IOUtil.read(IOUtil.java:171) ~[na:1.6.0_31]
	at sun.nio.ch.SocketChannelImpl.read(SocketChannelImpl.java:243) ~[na:1.6.0_31]
	at org.apache.mina.transport.socket.nio.NioProcessor.read(NioProcessor.java:273) ~[mina-core-2.0.7.jar:na]
	at org.apache.mina.transport.socket.nio.NioProcessor.read(NioProcessor.java:44) ~[mina-core-2.0.7.jar:na]
	at org.apache.mina.core.polling.AbstractPollingIoProcessor.read(AbstractPollingIoProcessor.java:690) [mina-core-2.0.7.jar:na]
	at org.apache.mina.core.polling.AbstractPollingIoProcessor.process(AbstractPollingIoProcessor.java:664) [mina-core-2.0.7.jar:na]
	at org.apache.mina.core.polling.AbstractPollingIoProcessor.process(AbstractPollingIoProcessor.java:653) [mina-core-2.0.7.jar:na]
	at org.apache.mina.core.polling.AbstractPollingIoProcessor.access$600(AbstractPollingIoProcessor.java:67) [mina-core-2.0.7.jar:na]
	at org.apache.mina.core.polling.AbstractPollingIoProcessor$Processor.run(AbstractPollingIoProcessor.java:1124) [mina-core-2.0.7.jar:na]
	at org.apache.mina.util.NamePreservingRunnable.run(NamePreservingRunnable.java:64) [mina-core-2.0.7.jar:na]
	at java.util.concurrent.ThreadPoolExecutor$Worker.runTask(ThreadPoolExecutor.java:886) [na:1.6.0_31]
	at java.util.concurrent.ThreadPoolExecutor$Worker.run(ThreadPoolExecutor.java:908) [na:1.6.0_31]
	at java.lang.Thread.run(Thread.java:662) [na:1.6.0_31]
2014-03-29 14:42:32,385 W  [PushClient4Test     ] - EXCEPTION, please implement com.hbdrawn.push.PushClient4Test.exceptionCaught() for proper handling:
java.io.IOException: 远程主机强迫关闭了一个现有的连接。
	at sun.nio.ch.SocketDispatcher.read0(Native Method) ~[na:1.6.0_31]
	at sun.nio.ch.SocketDispatcher.read(SocketDispatcher.java:25) ~[na:1.6.0_31]
	at sun.nio.ch.IOUtil.readIntoNativeBuffer(IOUtil.java:198) ~[na:1.6.0_31]
	at sun.nio.ch.IOUtil.read(IOUtil.java:171) ~[na:1.6.0_31]
	at sun.nio.ch.SocketChannelImpl.read(SocketChannelImpl.java:243) ~[na:1.6.0_31]
	at org.apache.mina.transport.socket.nio.NioProcessor.read(NioProcessor.java:273) ~[mina-core-2.0.7.jar:na]
	at org.apache.mina.transport.socket.nio.NioProcessor.read(NioProcessor.java:44) ~[mina-core-2.0.7.jar:na]
	at org.apache.mina.core.polling.AbstractPollingIoProcessor.read(AbstractPollingIoProcessor.java:690) [mina-core-2.0.7.jar:na]
	at org.apache.mina.core.polling.AbstractPollingIoProcessor.process(AbstractPollingIoProcessor.java:664) [mina-core-2.0.7.jar:na]
	at org.apache.mina.core.polling.AbstractPollingIoProcessor.process(AbstractPollingIoProcessor.java:653) [mina-core-2.0.7.jar:na]
	at org.apache.mina.core.polling.AbstractPollingIoProcessor.access$600(AbstractPollingIoProcessor.java:67) [mina-core-2.0.7.jar:na]
	at org.apache.mina.core.polling.AbstractPollingIoProcessor$Processor.run(AbstractPollingIoProcessor.java:1124) [mina-core-2.0.7.jar:na]
	at org.apache.mina.util.NamePreservingRunnable.run(NamePreservingRunnable.java:64) [mina-core-2.0.7.jar:na]
	at java.util.concurrent.ThreadPoolExecutor$Worker.runTask(ThreadPoolExecutor.java:886) [na:1.6.0_31]
	at java.util.concurrent.ThreadPoolExecutor$Worker.run(ThreadPoolExecutor.java:908) [na:1.6.0_31]
	at java.lang.Thread.run(Thread.java:662) [na:1.6.0_31]
2014-03-29 14:42:32,386 I  [LoggingFilter       ] - CLOSED
2014-03-29 14:45:25,572 I  [LoggingFilter       ] - CREATED
2014-03-29 14:45:25,583 I  [LoggingFilter       ] - OPENED
2014-03-29 14:45:44,920 I  [LoggingFilter       ] - SENT: HeapBuffer[pos=0 lim=0 cap=0: empty]
2014-03-29 14:46:44,941 I  [LoggingFilter       ] - IDLE
2014-03-29 14:46:44,941 I  [LoggingFilter       ] - IDLE
2014-03-29 14:46:44,942 I  [LoggingFilter       ] - SENT: HeapBuffer[pos=0 lim=1 cap=1: FF]
2014-03-29 14:46:44,946 I  [LoggingFilter       ] - RECEIVED: HeapBuffer[pos=0 lim=1 cap=2048: FE]
2014-03-29 14:47:44,952 I  [LoggingFilter       ] - RECEIVED: HeapBuffer[pos=0 lim=1 cap=2048: FF]
2014-03-29 14:47:44,953 I  [LoggingFilter       ] - SENT: HeapBuffer[pos=0 lim=1 cap=1: FE]
2014-03-29 14:48:44,957 I  [LoggingFilter       ] - IDLE
2014-03-29 14:48:44,957 I  [LoggingFilter       ] - IDLE
2014-03-29 14:48:44,958 I  [LoggingFilter       ] - SENT: HeapBuffer[pos=0 lim=1 cap=1: FF]
2014-03-29 14:48:44,958 I  [LoggingFilter       ] - RECEIVED: HeapBuffer[pos=0 lim=1 cap=1024: FF]
2014-03-29 14:48:44,958 I  [LoggingFilter       ] - SENT: HeapBuffer[pos=0 lim=1 cap=1: FE]
2014-03-29 14:48:44,960 I  [LoggingFilter       ] - RECEIVED: HeapBuffer[pos=0 lim=1 cap=1024: FE]
2014-03-29 14:49:44,962 I  [LoggingFilter       ] - IDLE
2014-03-29 14:49:44,962 I  [LoggingFilter       ] - IDLE
2014-03-29 14:49:44,963 I  [LoggingFilter       ] - SENT: HeapBuffer[pos=0 lim=1 cap=1: FF]
2014-03-29 14:49:44,963 I  [LoggingFilter       ] - RECEIVED: HeapBuffer[pos=0 lim=1 cap=512: FF]
2014-03-29 14:49:44,964 I  [LoggingFilter       ] - SENT: HeapBuffer[pos=0 lim=1 cap=1: FE]
2014-03-29 14:49:44,964 I  [LoggingFilter       ] - RECEIVED: HeapBuffer[pos=0 lim=1 cap=512: FE]
2014-03-29 14:50:44,973 I  [LoggingFilter       ] - RECEIVED: HeapBuffer[pos=0 lim=1 cap=256: FF]
2014-03-29 14:50:44,973 I  [LoggingFilter       ] - SENT: HeapBuffer[pos=0 lim=1 cap=1: FE]
2014-03-29 14:50:55,549 W  [LoggingFilter       ] - EXCEPTION :
java.io.IOException: 远程主机强迫关闭了一个现有的连接。
	at sun.nio.ch.SocketDispatcher.read0(Native Method) ~[na:1.6.0_31]
	at sun.nio.ch.SocketDispatcher.read(SocketDispatcher.java:25) ~[na:1.6.0_31]
	at sun.nio.ch.IOUtil.readIntoNativeBuffer(IOUtil.java:198) ~[na:1.6.0_31]
	at sun.nio.ch.IOUtil.read(IOUtil.java:171) ~[na:1.6.0_31]
	at sun.nio.ch.SocketChannelImpl.read(SocketChannelImpl.java:243) ~[na:1.6.0_31]
	at org.apache.mina.transport.socket.nio.NioProcessor.read(NioProcessor.java:273) ~[mina-core-2.0.7.jar:na]
	at org.apache.mina.transport.socket.nio.NioProcessor.read(NioProcessor.java:44) ~[mina-core-2.0.7.jar:na]
	at org.apache.mina.core.polling.AbstractPollingIoProcessor.read(AbstractPollingIoProcessor.java:690) [mina-core-2.0.7.jar:na]
	at org.apache.mina.core.polling.AbstractPollingIoProcessor.process(AbstractPollingIoProcessor.java:664) [mina-core-2.0.7.jar:na]
	at org.apache.mina.core.polling.AbstractPollingIoProcessor.process(AbstractPollingIoProcessor.java:653) [mina-core-2.0.7.jar:na]
	at org.apache.mina.core.polling.AbstractPollingIoProcessor.access$600(AbstractPollingIoProcessor.java:67) [mina-core-2.0.7.jar:na]
	at org.apache.mina.core.polling.AbstractPollingIoProcessor$Processor.run(AbstractPollingIoProcessor.java:1124) [mina-core-2.0.7.jar:na]
	at org.apache.mina.util.NamePreservingRunnable.run(NamePreservingRunnable.java:64) [mina-core-2.0.7.jar:na]
	at java.util.concurrent.ThreadPoolExecutor$Worker.runTask(ThreadPoolExecutor.java:886) [na:1.6.0_31]
	at java.util.concurrent.ThreadPoolExecutor$Worker.run(ThreadPoolExecutor.java:908) [na:1.6.0_31]
	at java.lang.Thread.run(Thread.java:662) [na:1.6.0_31]
2014-03-29 14:50:55,551 W  [PushClient4Test     ] - EXCEPTION, please implement com.hbdrawn.push.PushClient4Test.exceptionCaught() for proper handling:
java.io.IOException: 远程主机强迫关闭了一个现有的连接。
	at sun.nio.ch.SocketDispatcher.read0(Native Method) ~[na:1.6.0_31]
	at sun.nio.ch.SocketDispatcher.read(SocketDispatcher.java:25) ~[na:1.6.0_31]
	at sun.nio.ch.IOUtil.readIntoNativeBuffer(IOUtil.java:198) ~[na:1.6.0_31]
	at sun.nio.ch.IOUtil.read(IOUtil.java:171) ~[na:1.6.0_31]
	at sun.nio.ch.SocketChannelImpl.read(SocketChannelImpl.java:243) ~[na:1.6.0_31]
	at org.apache.mina.transport.socket.nio.NioProcessor.read(NioProcessor.java:273) ~[mina-core-2.0.7.jar:na]
	at org.apache.mina.transport.socket.nio.NioProcessor.read(NioProcessor.java:44) ~[mina-core-2.0.7.jar:na]
	at org.apache.mina.core.polling.AbstractPollingIoProcessor.read(AbstractPollingIoProcessor.java:690) [mina-core-2.0.7.jar:na]
	at org.apache.mina.core.polling.AbstractPollingIoProcessor.process(AbstractPollingIoProcessor.java:664) [mina-core-2.0.7.jar:na]
	at org.apache.mina.core.polling.AbstractPollingIoProcessor.process(AbstractPollingIoProcessor.java:653) [mina-core-2.0.7.jar:na]
	at org.apache.mina.core.polling.AbstractPollingIoProcessor.access$600(AbstractPollingIoProcessor.java:67) [mina-core-2.0.7.jar:na]
	at org.apache.mina.core.polling.AbstractPollingIoProcessor$Processor.run(AbstractPollingIoProcessor.java:1124) [mina-core-2.0.7.jar:na]
	at org.apache.mina.util.NamePreservingRunnable.run(NamePreservingRunnable.java:64) [mina-core-2.0.7.jar:na]
	at java.util.concurrent.ThreadPoolExecutor$Worker.runTask(ThreadPoolExecutor.java:886) [na:1.6.0_31]
	at java.util.concurrent.ThreadPoolExecutor$Worker.run(ThreadPoolExecutor.java:908) [na:1.6.0_31]
	at java.lang.Thread.run(Thread.java:662) [na:1.6.0_31]
2014-03-29 14:50:55,552 E  [PushClient4Test     ] - 连接已断开，正在重试[2]...
2014-03-29 14:50:55,552 I  [LoggingFilter       ] - CLOSED
2014-03-29 14:58:40,902 I  [LoggingFilter       ] - CREATED
2014-03-29 14:58:40,914 I  [LoggingFilter       ] - OPENED
2014-03-29 14:58:40,931 I  [LoggingFilter       ] - SENT: HeapBuffer[pos=0 lim=0 cap=0: empty]
2014-03-29 14:59:40,938 I  [LoggingFilter       ] - IDLE
2014-03-29 14:59:40,938 I  [LoggingFilter       ] - IDLE
2014-03-29 14:59:40,939 I  [LoggingFilter       ] - SENT: HeapBuffer[pos=0 lim=1 cap=1: FF]
2014-03-29 14:59:40,944 I  [LoggingFilter       ] - RECEIVED: HeapBuffer[pos=0 lim=1 cap=2048: FE]
2014-03-29 15:00:40,945 I  [LoggingFilter       ] - IDLE
2014-03-29 15:00:40,945 I  [LoggingFilter       ] - IDLE
2014-03-29 15:00:40,946 I  [LoggingFilter       ] - SENT: HeapBuffer[pos=0 lim=1 cap=1: FF]
2014-03-29 15:00:40,946 I  [LoggingFilter       ] - RECEIVED: HeapBuffer[pos=0 lim=2 cap=2048: FF FE]
2014-03-29 15:00:40,946 D  [ProtocolCodecFilter ] - Processing a MESSAGE_RECEIVED for session 1
2014-03-29 15:01:15,011 I  [LoggingFilter       ] - CREATED
2014-03-29 15:01:15,020 I  [LoggingFilter       ] - OPENED
2014-03-29 15:01:15,031 I  [LoggingFilter       ] - SENT: HeapBuffer[pos=0 lim=0 cap=0: empty]
2014-03-29 23:05:08,729 I  [LoggingFilter       ] - CREATED
2014-03-29 23:05:08,735 I  [LoggingFilter       ] - OPENED
2014-03-29 23:05:08,746 I  [LoggingFilter       ] - SENT: HeapBuffer[pos=0 lim=0 cap=0: empty]
2014-03-29 23:06:08,750 I  [LoggingFilter       ] - IDLE
2014-03-29 23:06:08,750 I  [LoggingFilter       ] - IDLE
2014-03-29 23:06:08,751 I  [LoggingFilter       ] - SENT: HeapBuffer[pos=0 lim=1 cap=1: FF]
2014-03-29 23:06:08,754 I  [LoggingFilter       ] - RECEIVED: HeapBuffer[pos=0 lim=1 cap=2048: FE]
2014-03-29 23:07:08,758 I  [LoggingFilter       ] - IDLE
2014-03-29 23:07:08,758 I  [LoggingFilter       ] - IDLE
2014-03-29 23:07:08,759 I  [LoggingFilter       ] - SENT: HeapBuffer[pos=0 lim=1 cap=1: FF]
2014-03-29 23:07:08,759 I  [LoggingFilter       ] - RECEIVED: HeapBuffer[pos=0 lim=1 cap=2048: FF]
2014-03-29 23:07:08,759 I  [LoggingFilter       ] - SENT: HeapBuffer[pos=0 lim=1 cap=1: FE]
2014-03-29 23:07:38,760 I  [LoggingFilter       ] - IDLE
2014-03-29 23:07:38,760 W  [KeepAliveFilter     ] - A keep-alive response message was not received within 30 second(s).
2014-03-29 23:08:08,762 I  [LoggingFilter       ] - IDLE
2014-03-29 23:08:08,762 I  [LoggingFilter       ] - IDLE
2014-03-29 23:08:08,763 I  [LoggingFilter       ] - SENT: HeapBuffer[pos=0 lim=1 cap=1: FF]
2014-03-29 23:08:08,763 I  [LoggingFilter       ] - RECEIVED: HeapBuffer[pos=0 lim=1 cap=1024: FF]
2014-03-29 23:08:08,764 I  [LoggingFilter       ] - SENT: HeapBuffer[pos=0 lim=1 cap=1: FE]
2014-03-29 23:08:08,764 I  [LoggingFilter       ] - RECEIVED: HeapBuffer[pos=0 lim=1 cap=1024: FE]
2014-03-29 23:08:53,883 I  [LoggingFilter       ] - CREATED
2014-03-29 23:08:53,889 I  [LoggingFilter       ] - OPENED
2014-03-29 23:08:53,894 I  [LoggingFilter       ] - SENT: HeapBuffer[pos=0 lim=0 cap=0: empty]
2014-03-29 23:09:53,898 I  [LoggingFilter       ] - IDLE
2014-03-29 23:09:53,898 I  [LoggingFilter       ] - IDLE
2014-03-29 23:09:53,899 I  [LoggingFilter       ] - SENT: HeapBuffer[pos=0 lim=1 cap=1: FF]
2014-03-29 23:09:53,900 I  [LoggingFilter       ] - RECEIVED: HeapBuffer[pos=0 lim=1 cap=2048: FE]
2014-03-29 23:10:53,903 I  [LoggingFilter       ] - IDLE
2014-03-29 23:10:53,903 I  [LoggingFilter       ] - IDLE
2014-03-29 23:10:53,903 I  [LoggingFilter       ] - SENT: HeapBuffer[pos=0 lim=1 cap=1: FF]
2014-03-29 23:10:53,905 I  [LoggingFilter       ] - RECEIVED: HeapBuffer[pos=0 lim=1 cap=2048: FF]
2014-03-29 23:10:53,905 I  [LoggingFilter       ] - SENT: HeapBuffer[pos=0 lim=1 cap=1: FE]
2014-03-29 23:10:53,905 I  [LoggingFilter       ] - RECEIVED: HeapBuffer[pos=0 lim=1 cap=1024: FE]
2014-03-29 23:11:53,910 I  [LoggingFilter       ] - IDLE
2014-03-29 23:11:53,910 I  [LoggingFilter       ] - IDLE
2014-03-29 23:11:53,911 I  [LoggingFilter       ] - SENT: HeapBuffer[pos=0 lim=1 cap=1: FF]
2014-03-29 23:11:53,912 I  [LoggingFilter       ] - RECEIVED: HeapBuffer[pos=0 lim=2 cap=1024: FF FE]
2014-03-29 23:11:53,912 D  [ProtocolCodecFilter ] - Processing a MESSAGE_RECEIVED for session 1
2014-03-29 23:12:23,916 I  [LoggingFilter       ] - IDLE
2014-03-29 23:12:23,916 W  [KeepAliveFilter     ] - A keep-alive response message was not received within 30 second(s).
2014-03-29 23:14:40,473 I  [LoggingFilter       ] - CREATED
2014-03-29 23:14:40,479 I  [LoggingFilter       ] - OPENED
2014-03-29 23:14:40,485 I  [LoggingFilter       ] - SENT: HeapBuffer[pos=0 lim=0 cap=0: empty]
2014-03-29 23:15:40,489 I  [LoggingFilter       ] - IDLE
2014-03-29 23:15:40,489 I  [LoggingFilter       ] - IDLE
2014-03-29 23:15:40,490 I  [LoggingFilter       ] - SENT: HeapBuffer[pos=0 lim=1 cap=1: FF]
2014-03-29 23:15:40,491 I  [LoggingFilter       ] - RECEIVED: HeapBuffer[pos=0 lim=1 cap=2048: FE]
2014-03-29 23:17:18,746 I  [LoggingFilter       ] - CREATED
2014-03-29 23:17:18,752 I  [LoggingFilter       ] - OPENED
2014-03-29 23:17:18,756 I  [LoggingFilter       ] - SENT: HeapBuffer[pos=0 lim=0 cap=0: empty]
2014-03-29 23:18:18,761 I  [LoggingFilter       ] - IDLE
2014-03-29 23:18:18,761 I  [LoggingFilter       ] - IDLE
2014-03-29 23:18:18,762 I  [LoggingFilter       ] - SENT: HeapBuffer[pos=0 lim=1 cap=1: FF]
2014-03-29 23:18:27,009 I  [LoggingFilter       ] - RECEIVED: HeapBuffer[pos=0 lim=2 cap=2048: FF FE]
2014-03-29 23:18:27,009 D  [ProtocolCodecFilter ] - Processing a MESSAGE_RECEIVED for session 1
2014-03-29 23:18:57,013 I  [LoggingFilter       ] - IDLE
2014-03-29 23:18:57,013 W  [KeepAliveFilter     ] - A keep-alive response message was not received within 30 second(s).
2014-03-29 23:19:27,013 I  [LoggingFilter       ] - RECEIVED: HeapBuffer[pos=0 lim=1 cap=2048: FF]
2014-03-29 23:19:27,013 I  [LoggingFilter       ] - SENT: HeapBuffer[pos=0 lim=1 cap=1: FE]
2014-03-29 23:20:27,016 I  [LoggingFilter       ] - IDLE
2014-03-29 23:20:27,016 I  [LoggingFilter       ] - IDLE
2014-03-29 23:20:27,016 I  [LoggingFilter       ] - SENT: HeapBuffer[pos=0 lim=1 cap=1: FF]
2014-03-29 23:20:27,018 I  [LoggingFilter       ] - RECEIVED: HeapBuffer[pos=0 lim=1 cap=1024: FE]
2014-03-29 23:21:12,837 I  [LoggingFilter       ] - CREATED
2014-03-29 23:21:12,844 I  [LoggingFilter       ] - OPENED
2014-03-29 23:21:12,848 I  [LoggingFilter       ] - SENT: HeapBuffer[pos=0 lim=0 cap=0: empty]
2014-03-29 23:21:27,022 I  [LoggingFilter       ] - RECEIVED: HeapBuffer[pos=0 lim=1 cap=1024: FF]
2014-03-29 23:21:27,022 I  [LoggingFilter       ] - SENT: HeapBuffer[pos=0 lim=1 cap=1: FE]
2014-03-29 23:22:12,856 I  [LoggingFilter       ] - IDLE
2014-03-29 23:22:12,856 I  [LoggingFilter       ] - IDLE
2014-03-29 23:22:12,857 I  [LoggingFilter       ] - SENT: HeapBuffer[pos=0 lim=1 cap=1: FF]
2014-03-29 23:22:12,858 I  [LoggingFilter       ] - RECEIVED: HeapBuffer[pos=0 lim=1 cap=2048: FE]
2014-03-29 23:22:27,025 I  [LoggingFilter       ] - IDLE
2014-03-29 23:22:27,025 I  [LoggingFilter       ] - IDLE
2014-03-29 23:22:27,026 I  [LoggingFilter       ] - SENT: HeapBuffer[pos=0 lim=1 cap=1: FF]
2014-03-29 23:22:27,027 I  [LoggingFilter       ] - RECEIVED: HeapBuffer[pos=0 lim=1 cap=512: FF]
2014-03-29 23:22:27,027 I  [LoggingFilter       ] - SENT: HeapBuffer[pos=0 lim=1 cap=1: FE]
2014-03-29 23:22:27,027 I  [LoggingFilter       ] - RECEIVED: HeapBuffer[pos=0 lim=1 cap=512: FE]
2014-03-29 23:23:12,862 I  [LoggingFilter       ] - IDLE
2014-03-29 23:23:12,862 I  [LoggingFilter       ] - IDLE
2014-03-29 23:23:12,863 I  [LoggingFilter       ] - SENT: HeapBuffer[pos=0 lim=1 cap=1: FF]
2014-03-29 23:23:12,863 I  [LoggingFilter       ] - RECEIVED: HeapBuffer[pos=0 lim=2 cap=2048: FF FE]
2014-03-29 23:23:12,864 D  [ProtocolCodecFilter ] - Processing a MESSAGE_RECEIVED for session 1
2014-03-29 23:23:27,031 I  [LoggingFilter       ] - IDLE
2014-03-29 23:23:27,031 I  [LoggingFilter       ] - IDLE
2014-03-29 23:23:27,032 I  [LoggingFilter       ] - SENT: HeapBuffer[pos=0 lim=1 cap=1: FF]
2014-03-29 23:23:27,033 I  [LoggingFilter       ] - RECEIVED: HeapBuffer[pos=0 lim=1 cap=256: FE]
2014-03-29 23:23:42,866 I  [LoggingFilter       ] - IDLE
2014-03-29 23:23:42,866 W  [KeepAliveFilter     ] - A keep-alive response message was not received within 30 second(s).
2014-03-29 23:24:12,867 I  [LoggingFilter       ] - RECEIVED: HeapBuffer[pos=0 lim=1 cap=1024: FF]
2014-03-29 23:24:12,868 I  [LoggingFilter       ] - SENT: HeapBuffer[pos=0 lim=1 cap=1: FE]
2014-03-29 23:24:27,040 I  [LoggingFilter       ] - IDLE
2014-03-29 23:24:27,040 I  [LoggingFilter       ] - IDLE
2014-03-29 23:24:27,040 I  [LoggingFilter       ] - SENT: HeapBuffer[pos=0 lim=1 cap=1: FF]
2014-03-29 23:24:27,041 I  [LoggingFilter       ] - RECEIVED: HeapBuffer[pos=0 lim=1 cap=256: FF]
2014-03-29 23:24:27,041 I  [LoggingFilter       ] - SENT: HeapBuffer[pos=0 lim=1 cap=1: FE]
2014-03-29 23:24:27,042 I  [LoggingFilter       ] - RECEIVED: HeapBuffer[pos=0 lim=1 cap=128: FE]
2014-03-29 23:24:37,791 W  [LoggingFilter       ] - EXCEPTION :
java.io.IOException: 远程主机强迫关闭了一个现有的连接。
	at sun.nio.ch.SocketDispatcher.read0(Native Method) ~[na:1.6.0_31]
	at sun.nio.ch.SocketDispatcher.read(SocketDispatcher.java:25) ~[na:1.6.0_31]
	at sun.nio.ch.IOUtil.readIntoNativeBuffer(IOUtil.java:198) ~[na:1.6.0_31]
	at sun.nio.ch.IOUtil.read(IOUtil.java:171) ~[na:1.6.0_31]
	at sun.nio.ch.SocketChannelImpl.read(SocketChannelImpl.java:243) ~[na:1.6.0_31]
	at org.apache.mina.transport.socket.nio.NioProcessor.read(NioProcessor.java:273) ~[mina-core-2.0.7.jar:na]
	at org.apache.mina.transport.socket.nio.NioProcessor.read(NioProcessor.java:44) ~[mina-core-2.0.7.jar:na]
	at org.apache.mina.core.polling.AbstractPollingIoProcessor.read(AbstractPollingIoProcessor.java:690) [mina-core-2.0.7.jar:na]
	at org.apache.mina.core.polling.AbstractPollingIoProcessor.process(AbstractPollingIoProcessor.java:664) [mina-core-2.0.7.jar:na]
	at org.apache.mina.core.polling.AbstractPollingIoProcessor.process(AbstractPollingIoProcessor.java:653) [mina-core-2.0.7.jar:na]
	at org.apache.mina.core.polling.AbstractPollingIoProcessor.access$600(AbstractPollingIoProcessor.java:67) [mina-core-2.0.7.jar:na]
	at org.apache.mina.core.polling.AbstractPollingIoProcessor$Processor.run(AbstractPollingIoProcessor.java:1124) [mina-core-2.0.7.jar:na]
	at org.apache.mina.util.NamePreservingRunnable.run(NamePreservingRunnable.java:64) [mina-core-2.0.7.jar:na]
	at java.util.concurrent.ThreadPoolExecutor$Worker.runTask(ThreadPoolExecutor.java:886) [na:1.6.0_31]
	at java.util.concurrent.ThreadPoolExecutor$Worker.run(ThreadPoolExecutor.java:908) [na:1.6.0_31]
	at java.lang.Thread.run(Thread.java:662) [na:1.6.0_31]
2014-03-29 23:24:37,793 W  [PushClient4Test     ] - EXCEPTION, please implement com.hbdrawn.push.PushClient4Test.exceptionCaught() for proper handling:
java.io.IOException: 远程主机强迫关闭了一个现有的连接。
	at sun.nio.ch.SocketDispatcher.read0(Native Method) ~[na:1.6.0_31]
	at sun.nio.ch.SocketDispatcher.read(SocketDispatcher.java:25) ~[na:1.6.0_31]
	at sun.nio.ch.IOUtil.readIntoNativeBuffer(IOUtil.java:198) ~[na:1.6.0_31]
	at sun.nio.ch.IOUtil.read(IOUtil.java:171) ~[na:1.6.0_31]
	at sun.nio.ch.SocketChannelImpl.read(SocketChannelImpl.java:243) ~[na:1.6.0_31]
	at org.apache.mina.transport.socket.nio.NioProcessor.read(NioProcessor.java:273) ~[mina-core-2.0.7.jar:na]
	at org.apache.mina.transport.socket.nio.NioProcessor.read(NioProcessor.java:44) ~[mina-core-2.0.7.jar:na]
	at org.apache.mina.core.polling.AbstractPollingIoProcessor.read(AbstractPollingIoProcessor.java:690) [mina-core-2.0.7.jar:na]
	at org.apache.mina.core.polling.AbstractPollingIoProcessor.process(AbstractPollingIoProcessor.java:664) [mina-core-2.0.7.jar:na]
	at org.apache.mina.core.polling.AbstractPollingIoProcessor.process(AbstractPollingIoProcessor.java:653) [mina-core-2.0.7.jar:na]
	at org.apache.mina.core.polling.AbstractPollingIoProcessor.access$600(AbstractPollingIoProcessor.java:67) [mina-core-2.0.7.jar:na]
	at org.apache.mina.core.polling.AbstractPollingIoProcessor$Processor.run(AbstractPollingIoProcessor.java:1124) [mina-core-2.0.7.jar:na]
	at org.apache.mina.util.NamePreservingRunnable.run(NamePreservingRunnable.java:64) [mina-core-2.0.7.jar:na]
	at java.util.concurrent.ThreadPoolExecutor$Worker.runTask(ThreadPoolExecutor.java:886) [na:1.6.0_31]
	at java.util.concurrent.ThreadPoolExecutor$Worker.run(ThreadPoolExecutor.java:908) [na:1.6.0_31]
	at java.lang.Thread.run(Thread.java:662) [na:1.6.0_31]
2014-03-29 23:24:37,799 W  [LoggingFilter       ] - EXCEPTION :
java.io.IOException: 远程主机强迫关闭了一个现有的连接。
	at sun.nio.ch.SocketDispatcher.read0(Native Method) ~[na:1.6.0_31]
	at sun.nio.ch.SocketDispatcher.read(SocketDispatcher.java:25) ~[na:1.6.0_31]
	at sun.nio.ch.IOUtil.readIntoNativeBuffer(IOUtil.java:198) ~[na:1.6.0_31]
	at sun.nio.ch.IOUtil.read(IOUtil.java:171) ~[na:1.6.0_31]
	at sun.nio.ch.SocketChannelImpl.read(SocketChannelImpl.java:243) ~[na:1.6.0_31]
	at org.apache.mina.transport.socket.nio.NioProcessor.read(NioProcessor.java:273) ~[mina-core-2.0.7.jar:na]
	at org.apache.mina.transport.socket.nio.NioProcessor.read(NioProcessor.java:44) ~[mina-core-2.0.7.jar:na]
	at org.apache.mina.core.polling.AbstractPollingIoProcessor.read(AbstractPollingIoProcessor.java:690) [mina-core-2.0.7.jar:na]
	at org.apache.mina.core.polling.AbstractPollingIoProcessor.process(AbstractPollingIoProcessor.java:664) [mina-core-2.0.7.jar:na]
	at org.apache.mina.core.polling.AbstractPollingIoProcessor.process(AbstractPollingIoProcessor.java:653) [mina-core-2.0.7.jar:na]
	at org.apache.mina.core.polling.AbstractPollingIoProcessor.access$600(AbstractPollingIoProcessor.java:67) [mina-core-2.0.7.jar:na]
	at org.apache.mina.core.polling.AbstractPollingIoProcessor$Processor.run(AbstractPollingIoProcessor.java:1124) [mina-core-2.0.7.jar:na]
	at org.apache.mina.util.NamePreservingRunnable.run(NamePreservingRunnable.java:64) [mina-core-2.0.7.jar:na]
	at java.util.concurrent.ThreadPoolExecutor$Worker.runTask(ThreadPoolExecutor.java:886) [na:1.6.0_31]
	at java.util.concurrent.ThreadPoolExecutor$Worker.run(ThreadPoolExecutor.java:908) [na:1.6.0_31]
	at java.lang.Thread.run(Thread.java:662) [na:1.6.0_31]
2014-03-29 23:24:37,801 W  [PushClient4Test     ] - EXCEPTION, please implement com.hbdrawn.push.PushClient4Test.exceptionCaught() for proper handling:
java.io.IOException: 远程主机强迫关闭了一个现有的连接。
	at sun.nio.ch.SocketDispatcher.read0(Native Method) ~[na:1.6.0_31]
	at sun.nio.ch.SocketDispatcher.read(SocketDispatcher.java:25) ~[na:1.6.0_31]
	at sun.nio.ch.IOUtil.readIntoNativeBuffer(IOUtil.java:198) ~[na:1.6.0_31]
	at sun.nio.ch.IOUtil.read(IOUtil.java:171) ~[na:1.6.0_31]
	at sun.nio.ch.SocketChannelImpl.read(SocketChannelImpl.java:243) ~[na:1.6.0_31]
	at org.apache.mina.transport.socket.nio.NioProcessor.read(NioProcessor.java:273) ~[mina-core-2.0.7.jar:na]
	at org.apache.mina.transport.socket.nio.NioProcessor.read(NioProcessor.java:44) ~[mina-core-2.0.7.jar:na]
	at org.apache.mina.core.polling.AbstractPollingIoProcessor.read(AbstractPollingIoProcessor.java:690) [mina-core-2.0.7.jar:na]
	at org.apache.mina.core.polling.AbstractPollingIoProcessor.process(AbstractPollingIoProcessor.java:664) [mina-core-2.0.7.jar:na]
	at org.apache.mina.core.polling.AbstractPollingIoProcessor.process(AbstractPollingIoProcessor.java:653) [mina-core-2.0.7.jar:na]
	at org.apache.mina.core.polling.AbstractPollingIoProcessor.access$600(AbstractPollingIoProcessor.java:67) [mina-core-2.0.7.jar:na]
	at org.apache.mina.core.polling.AbstractPollingIoProcessor$Processor.run(AbstractPollingIoProcessor.java:1124) [mina-core-2.0.7.jar:na]
	at org.apache.mina.util.NamePreservingRunnable.run(NamePreservingRunnable.java:64) [mina-core-2.0.7.jar:na]
	at java.util.concurrent.ThreadPoolExecutor$Worker.runTask(ThreadPoolExecutor.java:886) [na:1.6.0_31]
	at java.util.concurrent.ThreadPoolExecutor$Worker.run(ThreadPoolExecutor.java:908) [na:1.6.0_31]
	at java.lang.Thread.run(Thread.java:662) [na:1.6.0_31]
2014-03-29 23:24:37,807 E  [PushClient4Test     ] - 连接已断开，正在重试[2]...
2014-03-29 23:24:37,807 E  [PushClient4Test     ] - 连接已断开，正在重试[2]...
2014-03-29 23:24:37,808 I  [LoggingFilter       ] - CLOSED
2014-03-29 23:24:37,808 I  [LoggingFilter       ] - CLOSED
2014-03-29 23:34:30,690 I  [LoggingFilter       ] - CREATED
2014-03-29 23:34:30,707 I  [LoggingFilter       ] - OPENED
2014-03-29 23:34:30,716 I  [LoggingFilter       ] - SENT: HeapBuffer[pos=0 lim=0 cap=0: empty]
2014-03-29 23:34:35,803 I  [LoggingFilter       ] - CLOSED
2014-03-29 23:39:21,407 I  [LoggingFilter       ] - CREATED
2014-03-29 23:39:21,412 I  [LoggingFilter       ] - OPENED
2014-03-29 23:39:21,418 I  [LoggingFilter       ] - SENT: HeapBuffer[pos=0 lim=0 cap=0: empty]
2014-03-29 23:39:43,348 I  [LoggingFilter       ] - CLOSED
2014-03-29 23:41:10,955 I  [LoggingFilter       ] - CREATED
2014-03-29 23:41:10,960 I  [LoggingFilter       ] - OPENED
2014-03-29 23:41:10,966 I  [LoggingFilter       ] - SENT: HeapBuffer[pos=0 lim=0 cap=0: empty]
2014-03-29 23:41:10,981 I  [LoggingFilter       ] - RECEIVED: HeapBuffer[pos=0 lim=22 cap=2048: C7 EB B7 A2 CB CD CE BB D6 C3 D0 C5 CF A2 B8 F8...]
2014-03-29 23:41:10,981 D  [ProtocolCodecFilter ] - Processing a MESSAGE_RECEIVED for session 1
2014-03-29 23:42:10,987 I  [LoggingFilter       ] - IDLE
2014-03-29 23:42:10,987 I  [LoggingFilter       ] - IDLE
2014-03-29 23:42:10,988 I  [LoggingFilter       ] - SENT: HeapBuffer[pos=0 lim=1 cap=1: FF]
2014-03-29 23:42:10,988 I  [LoggingFilter       ] - RECEIVED: HeapBuffer[pos=0 lim=1 cap=2048: FF]
2014-03-29 23:42:10,988 I  [LoggingFilter       ] - SENT: HeapBuffer[pos=0 lim=1 cap=1: FE]
2014-03-29 23:42:10,988 I  [LoggingFilter       ] - RECEIVED: HeapBuffer[pos=0 lim=1 cap=1024: FE]
2014-03-29 23:44:14,877 I  [LoggingFilter       ] - CREATED
2014-03-29 23:44:14,883 I  [LoggingFilter       ] - OPENED
2014-03-29 23:44:14,888 I  [LoggingFilter       ] - SENT: HeapBuffer[pos=0 lim=0 cap=0: empty]
2014-03-29 23:44:14,892 I  [LoggingFilter       ] - RECEIVED: HeapBuffer[pos=0 lim=22 cap=2048: C7 EB B7 A2 CB CD CE BB D6 C3 D0 C5 CF A2 B8 F8...]
2014-03-29 23:44:14,893 D  [ProtocolCodecFilter ] - Processing a MESSAGE_RECEIVED for session 1
2014-03-29 23:47:32,901 I  [LoggingFilter       ] - CREATED
2014-03-29 23:47:32,906 I  [LoggingFilter       ] - OPENED
2014-03-29 23:47:32,912 I  [LoggingFilter       ] - SENT: HeapBuffer[pos=0 lim=0 cap=0: empty]
2014-03-29 23:47:32,916 I  [LoggingFilter       ] - RECEIVED: HeapBuffer[pos=0 lim=22 cap=2048: C7 EB B7 A2 CB CD CE BB D6 C3 D0 C5 CF A2 B8 F8...]
2014-03-29 23:47:32,916 D  [ProtocolCodecFilter ] - Processing a MESSAGE_RECEIVED for session 1
2014-03-29 23:48:32,922 I  [LoggingFilter       ] - IDLE
2014-03-29 23:48:32,922 I  [LoggingFilter       ] - IDLE
2014-03-29 23:48:32,923 I  [LoggingFilter       ] - SENT: HeapBuffer[pos=0 lim=1 cap=1: FF]
2014-03-29 23:48:32,923 I  [LoggingFilter       ] - RECEIVED: HeapBuffer[pos=0 lim=1 cap=2048: FE]
2014-03-29 23:49:32,929 I  [LoggingFilter       ] - RECEIVED: HeapBuffer[pos=0 lim=1 cap=1024: FF]
2014-03-29 23:49:32,929 I  [LoggingFilter       ] - SENT: HeapBuffer[pos=0 lim=1 cap=1: FE]
2014-03-29 23:50:32,934 I  [LoggingFilter       ] - IDLE
2014-03-29 23:50:32,934 I  [LoggingFilter       ] - IDLE
2014-03-29 23:50:32,935 I  [LoggingFilter       ] - SENT: HeapBuffer[pos=0 lim=1 cap=1: FF]
2014-03-29 23:50:32,935 I  [LoggingFilter       ] - RECEIVED: HeapBuffer[pos=0 lim=1 cap=1024: FF]
2014-03-29 23:50:32,935 I  [LoggingFilter       ] - SENT: HeapBuffer[pos=0 lim=1 cap=1: FE]
2014-03-29 23:50:32,936 I  [LoggingFilter       ] - RECEIVED: HeapBuffer[pos=0 lim=1 cap=512: FE]
2014-03-29 23:51:32,939 I  [LoggingFilter       ] - IDLE
2014-03-29 23:51:32,939 I  [LoggingFilter       ] - IDLE
2014-03-29 23:51:32,940 I  [LoggingFilter       ] - SENT: HeapBuffer[pos=0 lim=1 cap=1: FF]
2014-03-29 23:51:32,940 I  [LoggingFilter       ] - RECEIVED: HeapBuffer[pos=0 lim=2 cap=512: FF FE]
2014-03-29 23:51:32,940 D  [ProtocolCodecFilter ] - Processing a MESSAGE_RECEIVED for session 1
2014-03-29 23:52:02,942 I  [LoggingFilter       ] - IDLE
2014-03-29 23:52:02,942 W  [KeepAliveFilter     ] - A keep-alive response message was not received within 30 second(s).
2014-03-29 23:52:32,945 I  [LoggingFilter       ] - IDLE
2014-03-29 23:52:32,945 I  [LoggingFilter       ] - IDLE
2014-03-29 23:52:32,946 I  [LoggingFilter       ] - SENT: HeapBuffer[pos=0 lim=1 cap=1: FF]
2014-03-29 23:52:32,947 I  [LoggingFilter       ] - RECEIVED: HeapBuffer[pos=0 lim=1 cap=256: FF]
2014-03-29 23:52:32,947 I  [LoggingFilter       ] - SENT: HeapBuffer[pos=0 lim=1 cap=1: FE]
2014-03-29 23:52:32,947 I  [LoggingFilter       ] - RECEIVED: HeapBuffer[pos=0 lim=1 cap=256: FE]
2014-03-29 23:53:32,952 I  [LoggingFilter       ] - IDLE
2014-03-29 23:53:32,952 I  [LoggingFilter       ] - IDLE
2014-03-29 23:53:32,953 I  [LoggingFilter       ] - SENT: HeapBuffer[pos=0 lim=1 cap=1: FF]
2014-03-29 23:53:32,954 I  [LoggingFilter       ] - RECEIVED: HeapBuffer[pos=0 lim=1 cap=128: FF]
2014-03-29 23:53:32,954 I  [LoggingFilter       ] - SENT: HeapBuffer[pos=0 lim=1 cap=1: FE]
2014-03-29 23:53:32,954 I  [LoggingFilter       ] - RECEIVED: HeapBuffer[pos=0 lim=1 cap=128: FE]
2014-03-29 23:54:32,958 I  [LoggingFilter       ] - IDLE
2014-03-29 23:54:32,958 I  [LoggingFilter       ] - IDLE
2014-03-29 23:54:32,959 I  [LoggingFilter       ] - SENT: HeapBuffer[pos=0 lim=1 cap=1: FF]
2014-03-29 23:54:32,959 I  [LoggingFilter       ] - RECEIVED: HeapBuffer[pos=0 lim=2 cap=64: FF FE]
2014-03-29 23:54:32,959 D  [ProtocolCodecFilter ] - Processing a MESSAGE_RECEIVED for session 1
2014-03-29 23:55:02,961 I  [LoggingFilter       ] - IDLE
2014-03-29 23:55:02,961 W  [KeepAliveFilter     ] - A keep-alive response message was not received within 30 second(s).
2014-03-29 23:55:32,964 I  [LoggingFilter       ] - RECEIVED: HeapBuffer[pos=0 lim=1 cap=64: FF]
2014-03-29 23:55:32,964 I  [LoggingFilter       ] - SENT: HeapBuffer[pos=0 lim=1 cap=1: FE]
2014-03-29 23:56:32,968 I  [LoggingFilter       ] - RECEIVED: HeapBuffer[pos=0 lim=1 cap=64: FF]
2014-03-29 23:56:32,968 I  [LoggingFilter       ] - SENT: HeapBuffer[pos=0 lim=1 cap=1: FE]
2014-03-29 23:57:32,973 I  [LoggingFilter       ] - IDLE
2014-03-29 23:57:32,973 I  [LoggingFilter       ] - IDLE
2014-03-29 23:57:32,974 I  [LoggingFilter       ] - SENT: HeapBuffer[pos=0 lim=1 cap=1: FF]
2014-03-29 23:57:32,974 I  [LoggingFilter       ] - RECEIVED: HeapBuffer[pos=0 lim=2 cap=64: FF FE]
2014-03-29 23:57:32,974 D  [ProtocolCodecFilter ] - Processing a MESSAGE_RECEIVED for session 1
2014-03-29 23:58:02,975 I  [LoggingFilter       ] - IDLE
2014-03-29 23:58:02,975 W  [KeepAliveFilter     ] - A keep-alive response message was not received within 30 second(s).
2014-03-29 23:59:19,398 I  [LoggingFilter       ] - CREATED
2014-03-29 23:59:19,404 I  [LoggingFilter       ] - OPENED
2014-03-29 23:59:19,410 I  [LoggingFilter       ] - SENT: HeapBuffer[pos=0 lim=0 cap=0: empty]
2014-03-29 23:59:19,414 I  [LoggingFilter       ] - RECEIVED: HeapBuffer[pos=0 lim=22 cap=2048: C7 EB B7 A2 CB CD CE BB D6 C3 D0 C5 CF A2 B8 F8...]
2014-03-29 23:59:19,414 D  [ProtocolCodecFilter ] - Processing a MESSAGE_RECEIVED for session 1
