2014-04-16 14:34:16,336 I  [LoggingFilter       ] - CREATED
2014-04-16 14:34:16,342 I  [LoggingFilter       ] - OPENED
2014-04-16 14:34:16,351 I  [LoggingFilter       ] - SENT: HeapBuffer[pos=0 lim=0 cap=0: empty]
2014-04-16 14:34:16,351 I  [PushClient4Test     ] - 客户端向服务端发送消息:add:{"simNo":"13401167851","teleNo":"13401167851"}
2014-04-16 14:34:16,365 I  [LoggingFilter       ] - SENT: HeapBuffer[pos=0 lim=0 cap=0: empty]
2014-04-16 14:34:16,365 I  [PushClient4Test     ] - 客户端向服务端发送消息:add:{"simNo":"sim18701585849","teleNo":"18701585849"}
2014-04-16 14:35:16,407 I  [LoggingFilter       ] - IDLE
2014-04-16 14:35:16,407 I  [LoggingFilter       ] - IDLE
2014-04-16 14:35:16,408 I  [LoggingFilter       ] - SENT: HeapBuffer[pos=0 lim=1 cap=1: FF]
2014-04-16 14:35:16,505 I  [LoggingFilter       ] - RECEIVED: HeapBuffer[pos=0 lim=1 cap=2048: FE]
2014-04-16 14:35:21,127 I  [LoggingFilter       ] - CREATED
2014-04-16 14:35:21,133 I  [LoggingFilter       ] - OPENED
2014-04-16 14:35:21,138 I  [LoggingFilter       ] - SENT: HeapBuffer[pos=0 lim=0 cap=0: empty]
2014-04-16 14:35:21,138 I  [PushClient4Test     ] - 客户端向服务端发送消息:add:{"simNo":"13401167851","teleNo":"13401167851"}
2014-04-16 14:35:21,139 I  [LoggingFilter       ] - SENT: HeapBuffer[pos=0 lim=0 cap=0: empty]
2014-04-16 14:35:21,139 I  [PushClient4Test     ] - 客户端向服务端发送消息:add:{"simNo":"sim18701585849","teleNo":"18701585849"}
2014-04-16 14:36:16,508 I  [LoggingFilter       ] - IDLE
2014-04-16 14:36:16,508 I  [LoggingFilter       ] - IDLE
2014-04-16 14:36:16,509 I  [LoggingFilter       ] - SENT: HeapBuffer[pos=0 lim=1 cap=1: FF]
2014-04-16 14:36:16,532 I  [LoggingFilter       ] - RECEIVED: HeapBuffer[pos=0 lim=1 cap=2048: FE]
2014-04-16 14:36:21,142 I  [LoggingFilter       ] - IDLE
2014-04-16 14:36:21,142 I  [LoggingFilter       ] - IDLE
2014-04-16 14:36:21,143 I  [LoggingFilter       ] - SENT: HeapBuffer[pos=0 lim=1 cap=1: FF]
2014-04-16 14:36:21,177 I  [LoggingFilter       ] - RECEIVED: HeapBuffer[pos=0 lim=1 cap=2048: FE]
