2014-04-23 16:37:33,468 I  [LoggingFilter       ] - CREATED
2014-04-23 16:37:33,473 I  [LoggingFilter       ] - OPENED
2014-04-23 16:37:33,479 I  [LoggingFilter       ] - SENT: HeapBuffer[pos=0 lim=0 cap=0: empty]
2014-04-23 16:37:33,479 I  [PushClient4Test     ] - 客户端向服务端发送消息:add:{"simNo":"13401167851","teleNo":"13401167851"}
2014-04-23 16:37:33,480 I  [LoggingFilter       ] - SENT: HeapBuffer[pos=0 lim=0 cap=0: empty]
2014-04-23 16:37:33,480 I  [PushClient4Test     ] - 客户端向服务端发送消息:add:{"simNo":"sim18701585849","teleNo":"18701585849"}
2014-04-23 16:37:41,353 I  [LoggingFilter       ] - RECEIVED: HeapBuffer[pos=0 lim=9 cap=2048: 70 6F 73 69 74 69 6F 6E 0A]
2014-04-23 16:37:41,353 D  [ProtocolCodecFilter ] - Processing a MESSAGE_RECEIVED for session 1
2014-04-23 16:37:41,355 I  [PushClient4Test     ] - >>>>客户端接收数据：position
2014-04-23 16:37:41,355 I  [PushClient4Test     ] - 客户端接受到服务端命令请求:position
2014-04-23 16:37:41,356 I  [LoggingFilter       ] - SENT: HeapBuffer[pos=0 lim=0 cap=0: empty]
2014-04-23 16:37:41,356 I  [PushClient4Test     ] - 客户端向服务端发送消息:position:{"loctype":0, "lon":111,"lat":111,"radius":111}
2014-04-23 16:37:42,182 I  [LoggingFilter       ] - RECEIVED: HeapBuffer[pos=0 lim=9 cap=2048: 70 6F 73 69 74 69 6F 6E 0A]
2014-04-23 16:37:42,182 D  [ProtocolCodecFilter ] - Processing a MESSAGE_RECEIVED for session 1
2014-04-23 16:37:42,182 I  [PushClient4Test     ] - >>>>客户端接收数据：position
2014-04-23 16:37:42,182 I  [PushClient4Test     ] - 客户端接受到服务端命令请求:position
2014-04-23 16:37:42,183 I  [LoggingFilter       ] - SENT: HeapBuffer[pos=0 lim=0 cap=0: empty]
2014-04-23 16:37:42,183 I  [PushClient4Test     ] - 客户端向服务端发送消息:position:{"loctype":0, "lon":111,"lat":111,"radius":111}
2014-04-23 16:38:42,186 I  [LoggingFilter       ] - IDLE
2014-04-23 16:38:42,187 I  [LoggingFilter       ] - IDLE
2014-04-23 16:38:42,187 I  [LoggingFilter       ] - SENT: HeapBuffer[pos=0 lim=1 cap=1: FF]
2014-04-23 16:38:42,202 I  [LoggingFilter       ] - RECEIVED: HeapBuffer[pos=0 lim=1 cap=1024: FE]
2014-04-23 16:39:42,207 I  [LoggingFilter       ] - IDLE
2014-04-23 16:39:42,207 I  [LoggingFilter       ] - IDLE
2014-04-23 16:39:42,208 I  [LoggingFilter       ] - SENT: HeapBuffer[pos=0 lim=1 cap=1: FF]
2014-04-23 16:39:42,244 I  [LoggingFilter       ] - RECEIVED: HeapBuffer[pos=0 lim=1 cap=1024: FE]
2014-04-23 16:40:42,247 I  [LoggingFilter       ] - IDLE
2014-04-23 16:40:42,247 I  [LoggingFilter       ] - IDLE
2014-04-23 16:40:42,248 I  [LoggingFilter       ] - SENT: HeapBuffer[pos=0 lim=1 cap=1: FF]
2014-04-23 16:40:42,282 I  [LoggingFilter       ] - RECEIVED: HeapBuffer[pos=0 lim=1 cap=512: FE]
2014-04-23 16:41:42,286 I  [LoggingFilter       ] - IDLE
2014-04-23 16:41:42,286 I  [LoggingFilter       ] - IDLE
2014-04-23 16:41:42,287 I  [LoggingFilter       ] - SENT: HeapBuffer[pos=0 lim=1 cap=1: FF]
2014-04-23 16:41:42,313 I  [LoggingFilter       ] - RECEIVED: HeapBuffer[pos=0 lim=1 cap=512: FE]
2014-04-23 16:42:42,318 I  [LoggingFilter       ] - IDLE
2014-04-23 16:42:42,318 I  [LoggingFilter       ] - IDLE
2014-04-23 16:42:42,319 I  [LoggingFilter       ] - SENT: HeapBuffer[pos=0 lim=1 cap=1: FF]
2014-04-23 16:42:42,345 I  [LoggingFilter       ] - RECEIVED: HeapBuffer[pos=0 lim=1 cap=256: FE]
2014-04-23 16:43:42,349 I  [LoggingFilter       ] - IDLE
2014-04-23 16:43:42,349 I  [LoggingFilter       ] - IDLE
2014-04-23 16:43:42,350 I  [LoggingFilter       ] - SENT: HeapBuffer[pos=0 lim=1 cap=1: FF]
2014-04-23 16:43:42,373 I  [LoggingFilter       ] - RECEIVED: HeapBuffer[pos=0 lim=1 cap=256: FE]
2014-04-23 16:44:42,376 I  [LoggingFilter       ] - IDLE
2014-04-23 16:44:42,376 I  [LoggingFilter       ] - IDLE
2014-04-23 16:44:42,377 I  [LoggingFilter       ] - SENT: HeapBuffer[pos=0 lim=1 cap=1: FF]
2014-04-23 16:44:42,392 I  [LoggingFilter       ] - RECEIVED: HeapBuffer[pos=0 lim=1 cap=128: FE]
