2014-04-17 06:51:45,511 I  [LoggingFilter       ] - CREATED
2014-04-17 06:51:45,518 I  [LoggingFilter       ] - OPENED
2014-04-17 06:51:45,523 I  [LoggingFilter       ] - SENT: HeapBuffer[pos=0 lim=0 cap=0: empty]
2014-04-17 06:51:45,524 I  [PushClient4Test     ] - 客户端向服务端发送消息:add:{"simNo":"13401167851","teleNo":"13401167851"}
2014-04-17 06:51:45,524 I  [LoggingFilter       ] - SENT: HeapBuffer[pos=0 lim=0 cap=0: empty]
2014-04-17 06:51:45,524 I  [PushClient4Test     ] - 客户端向服务端发送消息:add:{"simNo":"sim18701585849","teleNo":"18701585849"}
2014-04-17 06:52:45,547 I  [LoggingFilter       ] - IDLE
2014-04-17 06:52:45,549 I  [LoggingFilter       ] - IDLE
2014-04-17 06:52:45,550 I  [LoggingFilter       ] - SENT: HeapBuffer[pos=0 lim=1 cap=1: FF]
2014-04-17 06:52:45,556 I  [LoggingFilter       ] - RECEIVED: HeapBuffer[pos=0 lim=1 cap=2048: FE]
2014-04-17 06:53:45,560 I  [LoggingFilter       ] - IDLE
2014-04-17 06:53:45,561 I  [LoggingFilter       ] - IDLE
2014-04-17 06:53:45,562 I  [LoggingFilter       ] - SENT: HeapBuffer[pos=0 lim=1 cap=1: FF]
2014-04-17 06:53:45,563 I  [LoggingFilter       ] - RECEIVED: HeapBuffer[pos=0 lim=1 cap=2048: FF]
2014-04-17 06:53:45,564 I  [LoggingFilter       ] - SENT: HeapBuffer[pos=0 lim=1 cap=1: FE]
2014-04-17 06:53:45,566 I  [LoggingFilter       ] - RECEIVED: HeapBuffer[pos=0 lim=1 cap=1024: FE]
2014-04-17 06:54:13,003 I  [LoggingFilter       ] - RECEIVED: HeapBuffer[pos=0 lim=9 cap=1024: 70 6F 73 69 74 69 6F 6E 0A]
2014-04-17 06:54:13,003 D  [ProtocolCodecFilter ] - Processing a MESSAGE_RECEIVED for session 1
2014-04-17 06:54:13,005 I  [PushClient4Test     ] - >>>>客户端接收数据：position
2014-04-17 06:54:13,006 I  [PushClient4Test     ] - 客户端接受到服务端命令请求:position
2014-04-17 06:54:13,006 I  [LoggingFilter       ] - SENT: HeapBuffer[pos=0 lim=0 cap=0: empty]
2014-04-17 06:54:13,007 I  [PushClient4Test     ] - 客户端向服务端发送消息:position:{"loctype":0, "lon":111,"lat":111,"radius":111}
2014-04-17 06:54:13,007 I  [LoggingFilter       ] - RECEIVED: HeapBuffer[pos=0 lim=9 cap=512: 70 6F 73 69 74 69 6F 6E 0A]
2014-04-17 06:54:13,007 D  [ProtocolCodecFilter ] - Processing a MESSAGE_RECEIVED for session 1
2014-04-17 06:54:13,008 I  [PushClient4Test     ] - >>>>客户端接收数据：position
2014-04-17 06:54:13,008 I  [PushClient4Test     ] - 客户端接受到服务端命令请求:position
2014-04-17 06:54:13,008 I  [LoggingFilter       ] - SENT: HeapBuffer[pos=0 lim=0 cap=0: empty]
2014-04-17 06:54:13,009 I  [PushClient4Test     ] - 客户端向服务端发送消息:position:{"loctype":0, "lon":111,"lat":111,"radius":111}
2014-04-17 06:55:13,012 I  [LoggingFilter       ] - IDLE
2014-04-17 06:55:13,013 I  [LoggingFilter       ] - IDLE
2014-04-17 06:55:13,013 I  [LoggingFilter       ] - SENT: HeapBuffer[pos=0 lim=1 cap=1: FF]
2014-04-17 06:55:13,014 I  [LoggingFilter       ] - RECEIVED: HeapBuffer[pos=0 lim=1 cap=512: FF]
2014-04-17 06:55:13,015 I  [LoggingFilter       ] - SENT: HeapBuffer[pos=0 lim=1 cap=1: FE]
2014-04-17 06:55:13,015 I  [LoggingFilter       ] - RECEIVED: HeapBuffer[pos=0 lim=1 cap=256: FE]
2014-04-17 06:55:18,649 I  [LoggingFilter       ] - RECEIVED: HeapBuffer[pos=0 lim=9 cap=256: 70 6F 73 69 74 69 6F 6E 0A]
2014-04-17 06:55:18,650 D  [ProtocolCodecFilter ] - Processing a MESSAGE_RECEIVED for session 1
2014-04-17 06:55:18,650 I  [PushClient4Test     ] - >>>>客户端接收数据：position
2014-04-17 06:55:18,650 I  [PushClient4Test     ] - 客户端接受到服务端命令请求:position
2014-04-17 06:55:18,650 I  [LoggingFilter       ] - SENT: HeapBuffer[pos=0 lim=0 cap=0: empty]
2014-04-17 06:55:18,651 I  [PushClient4Test     ] - 客户端向服务端发送消息:position:{"loctype":0, "lon":111,"lat":111,"radius":111}
2014-04-17 06:56:18,671 I  [LoggingFilter       ] - IDLE
2014-04-17 06:56:18,672 I  [LoggingFilter       ] - IDLE
2014-04-17 06:56:18,673 I  [LoggingFilter       ] - SENT: HeapBuffer[pos=0 lim=1 cap=1: FF]
2014-04-17 06:56:18,673 I  [LoggingFilter       ] - RECEIVED: HeapBuffer[pos=0 lim=1 cap=128: FF]
2014-04-17 06:56:18,674 I  [LoggingFilter       ] - SENT: HeapBuffer[pos=0 lim=1 cap=1: FE]
2014-04-17 06:56:18,675 I  [LoggingFilter       ] - RECEIVED: HeapBuffer[pos=0 lim=1 cap=128: FE]
2014-04-17 06:57:00,925 W  [LoggingFilter       ] - EXCEPTION :
java.io.IOException: 远程主机强迫关闭了一个现有的连接。
	at sun.nio.ch.SocketDispatcher.read0(Native Method) ~[na:1.6.0_31]
	at sun.nio.ch.SocketDispatcher.read(SocketDispatcher.java:25) ~[na:1.6.0_31]
	at sun.nio.ch.IOUtil.readIntoNativeBuffer(IOUtil.java:198) ~[na:1.6.0_31]
	at sun.nio.ch.IOUtil.read(IOUtil.java:171) ~[na:1.6.0_31]
	at sun.nio.ch.SocketChannelImpl.read(SocketChannelImpl.java:243) ~[na:1.6.0_31]
	at org.apache.mina.transport.socket.nio.NioProcessor.read(NioProcessor.java:273) ~[mina-core-2.0.7.jar:na]
	at org.apache.mina.transport.socket.nio.NioProcessor.read(NioProcessor.java:44) ~[mina-core-2.0.7.jar:na]
	at org.apache.mina.core.polling.AbstractPollingIoProcessor.read(AbstractPollingIoProcessor.java:690) [mina-core-2.0.7.jar:na]
	at org.apache.mina.core.polling.AbstractPollingIoProcessor.process(AbstractPollingIoProcessor.java:664) [mina-core-2.0.7.jar:na]
	at org.apache.mina.core.polling.AbstractPollingIoProcessor.process(AbstractPollingIoProcessor.java:653) [mina-core-2.0.7.jar:na]
	at org.apache.mina.core.polling.AbstractPollingIoProcessor.access$600(AbstractPollingIoProcessor.java:67) [mina-core-2.0.7.jar:na]
	at org.apache.mina.core.polling.AbstractPollingIoProcessor$Processor.run(AbstractPollingIoProcessor.java:1124) [mina-core-2.0.7.jar:na]
	at org.apache.mina.util.NamePreservingRunnable.run(NamePreservingRunnable.java:64) [mina-core-2.0.7.jar:na]
	at java.util.concurrent.ThreadPoolExecutor$Worker.runTask(ThreadPoolExecutor.java:886) [na:1.6.0_31]
	at java.util.concurrent.ThreadPoolExecutor$Worker.run(ThreadPoolExecutor.java:908) [na:1.6.0_31]
	at java.lang.Thread.run(Thread.java:662) [na:1.6.0_31]
2014-04-17 06:57:00,927 W  [PushClient4Test     ] - EXCEPTION, please implement com.hbdrawn.push.PushClient4Test.exceptionCaught() for proper handling:
java.io.IOException: 远程主机强迫关闭了一个现有的连接。
	at sun.nio.ch.SocketDispatcher.read0(Native Method) ~[na:1.6.0_31]
	at sun.nio.ch.SocketDispatcher.read(SocketDispatcher.java:25) ~[na:1.6.0_31]
	at sun.nio.ch.IOUtil.readIntoNativeBuffer(IOUtil.java:198) ~[na:1.6.0_31]
	at sun.nio.ch.IOUtil.read(IOUtil.java:171) ~[na:1.6.0_31]
	at sun.nio.ch.SocketChannelImpl.read(SocketChannelImpl.java:243) ~[na:1.6.0_31]
	at org.apache.mina.transport.socket.nio.NioProcessor.read(NioProcessor.java:273) ~[mina-core-2.0.7.jar:na]
	at org.apache.mina.transport.socket.nio.NioProcessor.read(NioProcessor.java:44) ~[mina-core-2.0.7.jar:na]
	at org.apache.mina.core.polling.AbstractPollingIoProcessor.read(AbstractPollingIoProcessor.java:690) [mina-core-2.0.7.jar:na]
	at org.apache.mina.core.polling.AbstractPollingIoProcessor.process(AbstractPollingIoProcessor.java:664) [mina-core-2.0.7.jar:na]
	at org.apache.mina.core.polling.AbstractPollingIoProcessor.process(AbstractPollingIoProcessor.java:653) [mina-core-2.0.7.jar:na]
	at org.apache.mina.core.polling.AbstractPollingIoProcessor.access$600(AbstractPollingIoProcessor.java:67) [mina-core-2.0.7.jar:na]
	at org.apache.mina.core.polling.AbstractPollingIoProcessor$Processor.run(AbstractPollingIoProcessor.java:1124) [mina-core-2.0.7.jar:na]
	at org.apache.mina.util.NamePreservingRunnable.run(NamePreservingRunnable.java:64) [mina-core-2.0.7.jar:na]
	at java.util.concurrent.ThreadPoolExecutor$Worker.runTask(ThreadPoolExecutor.java:886) [na:1.6.0_31]
	at java.util.concurrent.ThreadPoolExecutor$Worker.run(ThreadPoolExecutor.java:908) [na:1.6.0_31]
	at java.lang.Thread.run(Thread.java:662) [na:1.6.0_31]
2014-04-17 06:57:00,928 E  [PushClient4Test     ] - 连接已断开，正在重试[2]...
2014-04-17 06:57:00,928 I  [LoggingFilter       ] - CLOSED
2014-04-17 06:57:36,208 I  [LoggingFilter       ] - CREATED
2014-04-17 06:57:36,218 I  [LoggingFilter       ] - OPENED
2014-04-17 06:57:36,221 I  [LoggingFilter       ] - SENT: HeapBuffer[pos=0 lim=0 cap=0: empty]
2014-04-17 06:57:36,221 I  [PushClient4Test     ] - 客户端向服务端发送消息:add:{"simNo":"13401167851","teleNo":"13401167851"}
2014-04-17 06:57:36,222 I  [LoggingFilter       ] - SENT: HeapBuffer[pos=0 lim=0 cap=0: empty]
2014-04-17 06:57:36,223 I  [PushClient4Test     ] - 客户端向服务端发送消息:add:{"simNo":"sim18701585849","teleNo":"18701585849"}
2014-04-17 06:58:14,640 I  [LoggingFilter       ] - RECEIVED: HeapBuffer[pos=0 lim=9 cap=2048: 70 6F 73 69 74 69 6F 6E 0A]
2014-04-17 06:58:14,640 D  [ProtocolCodecFilter ] - Processing a MESSAGE_RECEIVED for session 1
2014-04-17 06:58:14,642 I  [PushClient4Test     ] - >>>>客户端接收数据：position
2014-04-17 06:58:14,642 I  [PushClient4Test     ] - 客户端接受到服务端命令请求:position
2014-04-17 06:58:14,643 I  [LoggingFilter       ] - SENT: HeapBuffer[pos=0 lim=0 cap=0: empty]
2014-04-17 06:58:14,643 I  [PushClient4Test     ] - 客户端向服务端发送消息:position:{"loctype":0, "lon":111,"lat":111,"radius":111}
2014-04-17 06:58:14,643 I  [LoggingFilter       ] - RECEIVED: HeapBuffer[pos=0 lim=9 cap=2048: 70 6F 73 69 74 69 6F 6E 0A]
2014-04-17 06:58:14,643 D  [ProtocolCodecFilter ] - Processing a MESSAGE_RECEIVED for session 1
2014-04-17 06:58:14,644 I  [PushClient4Test     ] - >>>>客户端接收数据：position
2014-04-17 06:58:14,644 I  [PushClient4Test     ] - 客户端接受到服务端命令请求:position
2014-04-17 06:58:14,644 I  [LoggingFilter       ] - SENT: HeapBuffer[pos=0 lim=0 cap=0: empty]
2014-04-17 06:58:14,644 I  [PushClient4Test     ] - 客户端向服务端发送消息:position:{"loctype":0, "lon":111,"lat":111,"radius":111}
2014-04-17 06:59:04,109 W  [LoggingFilter       ] - EXCEPTION :
java.io.IOException: 远程主机强迫关闭了一个现有的连接。
	at sun.nio.ch.SocketDispatcher.read0(Native Method) ~[na:1.6.0_31]
	at sun.nio.ch.SocketDispatcher.read(SocketDispatcher.java:25) ~[na:1.6.0_31]
	at sun.nio.ch.IOUtil.readIntoNativeBuffer(IOUtil.java:198) ~[na:1.6.0_31]
	at sun.nio.ch.IOUtil.read(IOUtil.java:171) ~[na:1.6.0_31]
	at sun.nio.ch.SocketChannelImpl.read(SocketChannelImpl.java:243) ~[na:1.6.0_31]
	at org.apache.mina.transport.socket.nio.NioProcessor.read(NioProcessor.java:273) ~[mina-core-2.0.7.jar:na]
	at org.apache.mina.transport.socket.nio.NioProcessor.read(NioProcessor.java:44) ~[mina-core-2.0.7.jar:na]
	at org.apache.mina.core.polling.AbstractPollingIoProcessor.read(AbstractPollingIoProcessor.java:690) [mina-core-2.0.7.jar:na]
	at org.apache.mina.core.polling.AbstractPollingIoProcessor.process(AbstractPollingIoProcessor.java:664) [mina-core-2.0.7.jar:na]
	at org.apache.mina.core.polling.AbstractPollingIoProcessor.process(AbstractPollingIoProcessor.java:653) [mina-core-2.0.7.jar:na]
	at org.apache.mina.core.polling.AbstractPollingIoProcessor.access$600(AbstractPollingIoProcessor.java:67) [mina-core-2.0.7.jar:na]
	at org.apache.mina.core.polling.AbstractPollingIoProcessor$Processor.run(AbstractPollingIoProcessor.java:1124) [mina-core-2.0.7.jar:na]
	at org.apache.mina.util.NamePreservingRunnable.run(NamePreservingRunnable.java:64) [mina-core-2.0.7.jar:na]
	at java.util.concurrent.ThreadPoolExecutor$Worker.runTask(ThreadPoolExecutor.java:886) [na:1.6.0_31]
	at java.util.concurrent.ThreadPoolExecutor$Worker.run(ThreadPoolExecutor.java:908) [na:1.6.0_31]
	at java.lang.Thread.run(Thread.java:662) [na:1.6.0_31]
2014-04-17 06:59:04,111 W  [PushClient4Test     ] - EXCEPTION, please implement com.hbdrawn.push.PushClient4Test.exceptionCaught() for proper handling:
java.io.IOException: 远程主机强迫关闭了一个现有的连接。
	at sun.nio.ch.SocketDispatcher.read0(Native Method) ~[na:1.6.0_31]
	at sun.nio.ch.SocketDispatcher.read(SocketDispatcher.java:25) ~[na:1.6.0_31]
	at sun.nio.ch.IOUtil.readIntoNativeBuffer(IOUtil.java:198) ~[na:1.6.0_31]
	at sun.nio.ch.IOUtil.read(IOUtil.java:171) ~[na:1.6.0_31]
	at sun.nio.ch.SocketChannelImpl.read(SocketChannelImpl.java:243) ~[na:1.6.0_31]
	at org.apache.mina.transport.socket.nio.NioProcessor.read(NioProcessor.java:273) ~[mina-core-2.0.7.jar:na]
	at org.apache.mina.transport.socket.nio.NioProcessor.read(NioProcessor.java:44) ~[mina-core-2.0.7.jar:na]
	at org.apache.mina.core.polling.AbstractPollingIoProcessor.read(AbstractPollingIoProcessor.java:690) [mina-core-2.0.7.jar:na]
	at org.apache.mina.core.polling.AbstractPollingIoProcessor.process(AbstractPollingIoProcessor.java:664) [mina-core-2.0.7.jar:na]
	at org.apache.mina.core.polling.AbstractPollingIoProcessor.process(AbstractPollingIoProcessor.java:653) [mina-core-2.0.7.jar:na]
	at org.apache.mina.core.polling.AbstractPollingIoProcessor.access$600(AbstractPollingIoProcessor.java:67) [mina-core-2.0.7.jar:na]
	at org.apache.mina.core.polling.AbstractPollingIoProcessor$Processor.run(AbstractPollingIoProcessor.java:1124) [mina-core-2.0.7.jar:na]
	at org.apache.mina.util.NamePreservingRunnable.run(NamePreservingRunnable.java:64) [mina-core-2.0.7.jar:na]
	at java.util.concurrent.ThreadPoolExecutor$Worker.runTask(ThreadPoolExecutor.java:886) [na:1.6.0_31]
	at java.util.concurrent.ThreadPoolExecutor$Worker.run(ThreadPoolExecutor.java:908) [na:1.6.0_31]
	at java.lang.Thread.run(Thread.java:662) [na:1.6.0_31]
2014-04-17 06:59:04,112 E  [PushClient4Test     ] - 连接已断开，正在重试[2]...
2014-04-17 06:59:04,113 I  [LoggingFilter       ] - CLOSED
2014-04-17 07:00:06,189 I  [LoggingFilter       ] - CREATED
2014-04-17 07:00:06,196 I  [LoggingFilter       ] - OPENED
2014-04-17 07:00:06,204 I  [LoggingFilter       ] - SENT: HeapBuffer[pos=0 lim=0 cap=0: empty]
2014-04-17 07:00:06,205 I  [PushClient4Test     ] - 客户端向服务端发送消息:add:{"simNo":"13401167851","teleNo":"13401167851"}
2014-04-17 07:00:06,205 I  [LoggingFilter       ] - SENT: HeapBuffer[pos=0 lim=0 cap=0: empty]
2014-04-17 07:00:06,206 I  [PushClient4Test     ] - 客户端向服务端发送消息:add:{"simNo":"sim18701585849","teleNo":"18701585849"}
2014-04-17 07:01:06,210 I  [LoggingFilter       ] - IDLE
2014-04-17 07:01:06,212 I  [LoggingFilter       ] - IDLE
2014-04-17 07:01:06,214 I  [LoggingFilter       ] - SENT: HeapBuffer[pos=0 lim=1 cap=1: FF]
2014-04-17 07:01:06,222 I  [LoggingFilter       ] - RECEIVED: HeapBuffer[pos=0 lim=1 cap=2048: FE]
2014-04-17 07:02:06,233 I  [LoggingFilter       ] - IDLE
2014-04-17 07:02:06,234 I  [LoggingFilter       ] - IDLE
2014-04-17 07:02:06,234 I  [LoggingFilter       ] - SENT: HeapBuffer[pos=0 lim=1 cap=1: FF]
2014-04-17 07:02:06,235 I  [LoggingFilter       ] - RECEIVED: HeapBuffer[pos=0 lim=1 cap=2048: FF]
2014-04-17 07:02:06,235 I  [LoggingFilter       ] - SENT: HeapBuffer[pos=0 lim=1 cap=1: FE]
2014-04-17 07:02:06,236 I  [LoggingFilter       ] - RECEIVED: HeapBuffer[pos=0 lim=1 cap=1024: FE]
2014-04-17 07:03:06,239 I  [LoggingFilter       ] - IDLE
2014-04-17 07:03:06,240 I  [LoggingFilter       ] - IDLE
2014-04-17 07:03:06,241 I  [LoggingFilter       ] - SENT: HeapBuffer[pos=0 lim=1 cap=1: FF]
2014-04-17 07:03:06,243 I  [LoggingFilter       ] - RECEIVED: HeapBuffer[pos=0 lim=2 cap=1024: FF FE]
2014-04-17 07:03:06,244 D  [ProtocolCodecFilter ] - Processing a MESSAGE_RECEIVED for session 1
2014-04-17 07:03:13,552 W  [LoggingFilter       ] - EXCEPTION :
java.io.IOException: 远程主机强迫关闭了一个现有的连接。
	at sun.nio.ch.SocketDispatcher.read0(Native Method) ~[na:1.6.0_31]
	at sun.nio.ch.SocketDispatcher.read(SocketDispatcher.java:25) ~[na:1.6.0_31]
	at sun.nio.ch.IOUtil.readIntoNativeBuffer(IOUtil.java:198) ~[na:1.6.0_31]
	at sun.nio.ch.IOUtil.read(IOUtil.java:171) ~[na:1.6.0_31]
	at sun.nio.ch.SocketChannelImpl.read(SocketChannelImpl.java:243) ~[na:1.6.0_31]
	at org.apache.mina.transport.socket.nio.NioProcessor.read(NioProcessor.java:273) ~[mina-core-2.0.7.jar:na]
	at org.apache.mina.transport.socket.nio.NioProcessor.read(NioProcessor.java:44) ~[mina-core-2.0.7.jar:na]
	at org.apache.mina.core.polling.AbstractPollingIoProcessor.read(AbstractPollingIoProcessor.java:690) [mina-core-2.0.7.jar:na]
	at org.apache.mina.core.polling.AbstractPollingIoProcessor.process(AbstractPollingIoProcessor.java:664) [mina-core-2.0.7.jar:na]
	at org.apache.mina.core.polling.AbstractPollingIoProcessor.process(AbstractPollingIoProcessor.java:653) [mina-core-2.0.7.jar:na]
	at org.apache.mina.core.polling.AbstractPollingIoProcessor.access$600(AbstractPollingIoProcessor.java:67) [mina-core-2.0.7.jar:na]
	at org.apache.mina.core.polling.AbstractPollingIoProcessor$Processor.run(AbstractPollingIoProcessor.java:1124) [mina-core-2.0.7.jar:na]
	at org.apache.mina.util.NamePreservingRunnable.run(NamePreservingRunnable.java:64) [mina-core-2.0.7.jar:na]
	at java.util.concurrent.ThreadPoolExecutor$Worker.runTask(ThreadPoolExecutor.java:886) [na:1.6.0_31]
	at java.util.concurrent.ThreadPoolExecutor$Worker.run(ThreadPoolExecutor.java:908) [na:1.6.0_31]
	at java.lang.Thread.run(Thread.java:662) [na:1.6.0_31]
2014-04-17 07:03:13,553 W  [PushClient4Test     ] - EXCEPTION, please implement com.hbdrawn.push.PushClient4Test.exceptionCaught() for proper handling:
java.io.IOException: 远程主机强迫关闭了一个现有的连接。
	at sun.nio.ch.SocketDispatcher.read0(Native Method) ~[na:1.6.0_31]
	at sun.nio.ch.SocketDispatcher.read(SocketDispatcher.java:25) ~[na:1.6.0_31]
	at sun.nio.ch.IOUtil.readIntoNativeBuffer(IOUtil.java:198) ~[na:1.6.0_31]
	at sun.nio.ch.IOUtil.read(IOUtil.java:171) ~[na:1.6.0_31]
	at sun.nio.ch.SocketChannelImpl.read(SocketChannelImpl.java:243) ~[na:1.6.0_31]
	at org.apache.mina.transport.socket.nio.NioProcessor.read(NioProcessor.java:273) ~[mina-core-2.0.7.jar:na]
	at org.apache.mina.transport.socket.nio.NioProcessor.read(NioProcessor.java:44) ~[mina-core-2.0.7.jar:na]
	at org.apache.mina.core.polling.AbstractPollingIoProcessor.read(AbstractPollingIoProcessor.java:690) [mina-core-2.0.7.jar:na]
	at org.apache.mina.core.polling.AbstractPollingIoProcessor.process(AbstractPollingIoProcessor.java:664) [mina-core-2.0.7.jar:na]
	at org.apache.mina.core.polling.AbstractPollingIoProcessor.process(AbstractPollingIoProcessor.java:653) [mina-core-2.0.7.jar:na]
	at org.apache.mina.core.polling.AbstractPollingIoProcessor.access$600(AbstractPollingIoProcessor.java:67) [mina-core-2.0.7.jar:na]
	at org.apache.mina.core.polling.AbstractPollingIoProcessor$Processor.run(AbstractPollingIoProcessor.java:1124) [mina-core-2.0.7.jar:na]
	at org.apache.mina.util.NamePreservingRunnable.run(NamePreservingRunnable.java:64) [mina-core-2.0.7.jar:na]
	at java.util.concurrent.ThreadPoolExecutor$Worker.runTask(ThreadPoolExecutor.java:886) [na:1.6.0_31]
	at java.util.concurrent.ThreadPoolExecutor$Worker.run(ThreadPoolExecutor.java:908) [na:1.6.0_31]
	at java.lang.Thread.run(Thread.java:662) [na:1.6.0_31]
2014-04-17 07:03:13,556 E  [PushClient4Test     ] - 连接已断开，正在重试[2]...
2014-04-17 07:03:13,556 I  [LoggingFilter       ] - CLOSED
2014-04-17 07:04:26,183 I  [LoggingFilter       ] - CREATED
2014-04-17 07:04:26,189 I  [LoggingFilter       ] - OPENED
2014-04-17 07:04:26,195 I  [LoggingFilter       ] - SENT: HeapBuffer[pos=0 lim=0 cap=0: empty]
2014-04-17 07:04:26,196 I  [PushClient4Test     ] - 客户端向服务端发送消息:add:{"simNo":"13401167851","teleNo":"13401167851"}
2014-04-17 07:04:26,196 I  [LoggingFilter       ] - SENT: HeapBuffer[pos=0 lim=0 cap=0: empty]
2014-04-17 07:04:26,197 I  [PushClient4Test     ] - 客户端向服务端发送消息:add:{"simNo":"sim18701585849","teleNo":"18701585849"}
2014-04-17 07:04:46,364 I  [LoggingFilter       ] - RECEIVED: HeapBuffer[pos=0 lim=9 cap=2048: 70 6F 73 69 74 69 6F 6E 0A]
2014-04-17 07:04:46,365 D  [ProtocolCodecFilter ] - Processing a MESSAGE_RECEIVED for session 1
2014-04-17 07:04:46,368 I  [PushClient4Test     ] - >>>>客户端接收数据：position
2014-04-17 07:04:46,368 I  [PushClient4Test     ] - 客户端接受到服务端命令请求:position
2014-04-17 07:04:46,369 I  [LoggingFilter       ] - SENT: HeapBuffer[pos=0 lim=0 cap=0: empty]
2014-04-17 07:04:46,369 I  [PushClient4Test     ] - 客户端向服务端发送消息:position:{"loctype":0, "lon":111,"lat":111,"radius":111}
2014-04-17 07:04:46,369 I  [LoggingFilter       ] - RECEIVED: HeapBuffer[pos=0 lim=9 cap=2048: 70 6F 73 69 74 69 6F 6E 0A]
2014-04-17 07:04:46,370 D  [ProtocolCodecFilter ] - Processing a MESSAGE_RECEIVED for session 1
2014-04-17 07:04:46,370 I  [PushClient4Test     ] - >>>>客户端接收数据：position
2014-04-17 07:04:46,370 I  [PushClient4Test     ] - 客户端接受到服务端命令请求:position
2014-04-17 07:04:46,371 I  [LoggingFilter       ] - SENT: HeapBuffer[pos=0 lim=0 cap=0: empty]
2014-04-17 07:04:46,371 I  [PushClient4Test     ] - 客户端向服务端发送消息:position:{"loctype":0, "lon":111,"lat":111,"radius":111}
2014-04-17 07:05:46,375 I  [LoggingFilter       ] - IDLE
2014-04-17 07:05:46,377 I  [LoggingFilter       ] - IDLE
2014-04-17 07:05:46,378 I  [LoggingFilter       ] - SENT: HeapBuffer[pos=0 lim=1 cap=1: FF]
2014-04-17 07:05:46,379 I  [LoggingFilter       ] - RECEIVED: HeapBuffer[pos=0 lim=1 cap=1024: FF]
2014-04-17 07:05:46,381 I  [LoggingFilter       ] - SENT: HeapBuffer[pos=0 lim=1 cap=1: FE]
2014-04-17 07:05:46,382 I  [LoggingFilter       ] - RECEIVED: HeapBuffer[pos=0 lim=1 cap=1024: FE]
2014-04-17 07:06:46,386 I  [LoggingFilter       ] - IDLE
2014-04-17 07:06:46,386 I  [LoggingFilter       ] - IDLE
2014-04-17 07:06:46,387 I  [LoggingFilter       ] - SENT: HeapBuffer[pos=0 lim=1 cap=1: FF]
2014-04-17 07:06:46,388 I  [LoggingFilter       ] - RECEIVED: HeapBuffer[pos=0 lim=1 cap=512: FE]
2014-04-17 07:07:46,426 I  [LoggingFilter       ] - IDLE
2014-04-17 07:07:46,427 I  [LoggingFilter       ] - IDLE
2014-04-17 07:07:46,427 I  [LoggingFilter       ] - SENT: HeapBuffer[pos=0 lim=1 cap=1: FF]
2014-04-17 07:07:46,429 I  [LoggingFilter       ] - RECEIVED: HeapBuffer[pos=0 lim=1 cap=512: FF]
2014-04-17 07:07:46,430 I  [LoggingFilter       ] - SENT: HeapBuffer[pos=0 lim=1 cap=1: FE]
2014-04-17 07:07:46,430 I  [LoggingFilter       ] - RECEIVED: HeapBuffer[pos=0 lim=1 cap=256: FE]
2014-04-17 07:08:46,436 I  [LoggingFilter       ] - IDLE
2014-04-17 07:08:46,437 I  [LoggingFilter       ] - IDLE
2014-04-17 07:08:46,438 I  [LoggingFilter       ] - SENT: HeapBuffer[pos=0 lim=1 cap=1: FF]
2014-04-17 07:08:46,439 I  [LoggingFilter       ] - RECEIVED: HeapBuffer[pos=0 lim=1 cap=256: FF]
2014-04-17 07:08:46,440 I  [LoggingFilter       ] - SENT: HeapBuffer[pos=0 lim=1 cap=1: FE]
2014-04-17 07:08:46,440 I  [LoggingFilter       ] - RECEIVED: HeapBuffer[pos=0 lim=1 cap=128: FE]
2014-04-17 07:09:27,444 I  [LoggingFilter       ] - CREATED
2014-04-17 07:09:27,449 I  [LoggingFilter       ] - OPENED
2014-04-17 07:09:27,455 I  [LoggingFilter       ] - SENT: HeapBuffer[pos=0 lim=0 cap=0: empty]
2014-04-17 07:09:27,455 I  [PushClient4Test     ] - 客户端向服务端发送消息:add:{"simNo":"13401167851","teleNo":"13401167851"}
2014-04-17 07:09:27,456 I  [LoggingFilter       ] - SENT: HeapBuffer[pos=0 lim=0 cap=0: empty]
2014-04-17 07:09:27,456 I  [PushClient4Test     ] - 客户端向服务端发送消息:add:{"simNo":"sim18701585849","teleNo":"18701585849"}
2014-04-17 07:10:24,524 I  [LoggingFilter       ] - RECEIVED: HeapBuffer[pos=0 lim=9 cap=2048: 70 6F 73 69 74 69 6F 6E 0A]
2014-04-17 07:10:24,524 D  [ProtocolCodecFilter ] - Processing a MESSAGE_RECEIVED for session 1
2014-04-17 07:10:24,527 I  [PushClient4Test     ] - >>>>客户端接收数据：position
2014-04-17 07:10:24,527 I  [PushClient4Test     ] - 客户端接受到服务端命令请求:position
2014-04-17 07:10:24,528 I  [LoggingFilter       ] - SENT: HeapBuffer[pos=0 lim=0 cap=0: empty]
2014-04-17 07:10:24,528 I  [PushClient4Test     ] - 客户端向服务端发送消息:position:{"loctype":0, "lon":111,"lat":111,"radius":111}
2014-04-17 07:11:24,537 I  [LoggingFilter       ] - IDLE
2014-04-17 07:11:24,538 I  [LoggingFilter       ] - IDLE
2014-04-17 07:11:24,538 I  [LoggingFilter       ] - SENT: HeapBuffer[pos=0 lim=1 cap=1: FF]
2014-04-17 07:11:24,539 I  [LoggingFilter       ] - RECEIVED: HeapBuffer[pos=0 lim=1 cap=2048: FF]
2014-04-17 07:11:24,539 I  [LoggingFilter       ] - SENT: HeapBuffer[pos=0 lim=1 cap=1: FE]
2014-04-17 07:11:24,541 I  [LoggingFilter       ] - RECEIVED: HeapBuffer[pos=0 lim=1 cap=1024: FE]
2014-04-17 07:12:05,754 I  [LoggingFilter       ] - RECEIVED: HeapBuffer[pos=0 lim=9 cap=1024: 70 6F 73 69 74 69 6F 6E 0A]
2014-04-17 07:12:05,755 D  [ProtocolCodecFilter ] - Processing a MESSAGE_RECEIVED for session 1
2014-04-17 07:12:05,755 I  [PushClient4Test     ] - >>>>客户端接收数据：position
2014-04-17 07:12:05,755 I  [PushClient4Test     ] - 客户端接受到服务端命令请求:position
2014-04-17 07:12:05,756 I  [LoggingFilter       ] - SENT: HeapBuffer[pos=0 lim=0 cap=0: empty]
2014-04-17 07:12:05,756 I  [PushClient4Test     ] - 客户端向服务端发送消息:position:{"loctype":0, "lon":111,"lat":111,"radius":111}
2014-04-17 07:12:52,795 I  [LoggingFilter       ] - CREATED
2014-04-17 07:12:52,800 I  [LoggingFilter       ] - OPENED
2014-04-17 07:12:52,806 I  [LoggingFilter       ] - SENT: HeapBuffer[pos=0 lim=0 cap=0: empty]
2014-04-17 07:12:52,806 I  [PushClient4Test     ] - 客户端向服务端发送消息:add:{"simNo":"13401167851","teleNo":"13401167851"}
2014-04-17 07:12:52,807 I  [LoggingFilter       ] - SENT: HeapBuffer[pos=0 lim=0 cap=0: empty]
2014-04-17 07:12:52,807 I  [PushClient4Test     ] - 客户端向服务端发送消息:add:{"simNo":"sim18701585849","teleNo":"18701585849"}
2014-04-17 07:12:58,108 I  [LoggingFilter       ] - RECEIVED: HeapBuffer[pos=0 lim=9 cap=2048: 70 6F 73 69 74 69 6F 6E 0A]
2014-04-17 07:12:58,108 D  [ProtocolCodecFilter ] - Processing a MESSAGE_RECEIVED for session 1
2014-04-17 07:12:58,111 I  [PushClient4Test     ] - >>>>客户端接收数据：position
2014-04-17 07:12:58,111 I  [PushClient4Test     ] - 客户端接受到服务端命令请求:position
2014-04-17 07:12:58,112 I  [LoggingFilter       ] - SENT: HeapBuffer[pos=0 lim=0 cap=0: empty]
2014-04-17 07:12:58,112 I  [PushClient4Test     ] - 客户端向服务端发送消息:position:{"loctype":0, "lon":111,"lat":111,"radius":111}
2014-04-17 07:13:58,118 I  [LoggingFilter       ] - IDLE
2014-04-17 07:13:58,119 I  [LoggingFilter       ] - IDLE
2014-04-17 07:13:58,119 I  [LoggingFilter       ] - SENT: HeapBuffer[pos=0 lim=1 cap=1: FF]
2014-04-17 07:13:58,122 I  [LoggingFilter       ] - RECEIVED: HeapBuffer[pos=0 lim=1 cap=2048: FF]
2014-04-17 07:13:58,123 I  [LoggingFilter       ] - SENT: HeapBuffer[pos=0 lim=1 cap=1: FE]
2014-04-17 07:13:58,123 I  [LoggingFilter       ] - RECEIVED: HeapBuffer[pos=0 lim=1 cap=1024: FE]
2014-04-17 07:14:58,146 I  [LoggingFilter       ] - IDLE
2014-04-17 07:14:58,147 I  [LoggingFilter       ] - IDLE
2014-04-17 07:14:58,147 I  [LoggingFilter       ] - SENT: HeapBuffer[pos=0 lim=1 cap=1: FF]
2014-04-17 07:14:58,149 I  [LoggingFilter       ] - RECEIVED: HeapBuffer[pos=0 lim=1 cap=1024: FF]
2014-04-17 07:14:58,150 I  [LoggingFilter       ] - SENT: HeapBuffer[pos=0 lim=1 cap=1: FE]
2014-04-17 07:14:58,153 I  [LoggingFilter       ] - RECEIVED: HeapBuffer[pos=0 lim=1 cap=512: FE]
2014-04-17 07:15:58,222 I  [LoggingFilter       ] - IDLE
2014-04-17 07:15:58,222 I  [LoggingFilter       ] - IDLE
2014-04-17 07:15:58,223 I  [LoggingFilter       ] - SENT: HeapBuffer[pos=0 lim=1 cap=1: FF]
2014-04-17 07:15:58,223 I  [LoggingFilter       ] - RECEIVED: HeapBuffer[pos=0 lim=1 cap=512: FF]
2014-04-17 07:15:58,224 I  [LoggingFilter       ] - SENT: HeapBuffer[pos=0 lim=1 cap=1: FE]
2014-04-17 07:15:58,225 I  [LoggingFilter       ] - RECEIVED: HeapBuffer[pos=0 lim=1 cap=256: FE]
2014-04-17 07:16:58,237 I  [LoggingFilter       ] - IDLE
2014-04-17 07:16:58,237 I  [LoggingFilter       ] - IDLE
2014-04-17 07:16:58,238 I  [LoggingFilter       ] - SENT: HeapBuffer[pos=0 lim=1 cap=1: FF]
2014-04-17 07:16:58,239 I  [LoggingFilter       ] - RECEIVED: HeapBuffer[pos=0 lim=1 cap=256: FE]
2014-04-17 07:17:58,242 I  [LoggingFilter       ] - IDLE
2014-04-17 07:17:58,243 I  [LoggingFilter       ] - IDLE
2014-04-17 07:17:58,243 I  [LoggingFilter       ] - SENT: HeapBuffer[pos=0 lim=1 cap=1: FF]
2014-04-17 07:17:58,243 I  [LoggingFilter       ] - RECEIVED: HeapBuffer[pos=0 lim=1 cap=128: FF]
2014-04-17 07:17:58,244 I  [LoggingFilter       ] - SENT: HeapBuffer[pos=0 lim=1 cap=1: FE]
2014-04-17 07:17:58,244 I  [LoggingFilter       ] - RECEIVED: HeapBuffer[pos=0 lim=1 cap=128: FE]
2014-04-17 07:18:15,651 I  [LoggingFilter       ] - RECEIVED: HeapBuffer[pos=0 lim=9 cap=64: 70 6F 73 69 74 69 6F 6E 0A]
2014-04-17 07:18:15,652 D  [ProtocolCodecFilter ] - Processing a MESSAGE_RECEIVED for session 1
2014-04-17 07:18:15,653 I  [PushClient4Test     ] - >>>>客户端接收数据：position
2014-04-17 07:18:15,653 I  [PushClient4Test     ] - 客户端接受到服务端命令请求:position
2014-04-17 07:18:15,654 I  [LoggingFilter       ] - SENT: HeapBuffer[pos=0 lim=0 cap=0: empty]
2014-04-17 07:18:15,656 I  [PushClient4Test     ] - 客户端向服务端发送消息:position:{"loctype":0, "lon":111,"lat":111,"radius":111}
2014-04-17 07:18:32,218 I  [LoggingFilter       ] - RECEIVED: HeapBuffer[pos=0 lim=9 cap=64: 70 6F 73 69 74 69 6F 6E 0A]
2014-04-17 07:18:32,219 D  [ProtocolCodecFilter ] - Processing a MESSAGE_RECEIVED for session 1
2014-04-17 07:18:32,219 I  [PushClient4Test     ] - >>>>客户端接收数据：position
2014-04-17 07:18:32,220 I  [PushClient4Test     ] - 客户端接受到服务端命令请求:position
2014-04-17 07:18:32,220 I  [LoggingFilter       ] - SENT: HeapBuffer[pos=0 lim=0 cap=0: empty]
2014-04-17 07:18:32,221 I  [PushClient4Test     ] - 客户端向服务端发送消息:position:{"loctype":0, "lon":111,"lat":111,"radius":111}
2014-04-17 07:19:07,187 I  [LoggingFilter       ] - CREATED
2014-04-17 07:19:07,192 I  [LoggingFilter       ] - OPENED
2014-04-17 07:19:07,197 I  [LoggingFilter       ] - SENT: HeapBuffer[pos=0 lim=0 cap=0: empty]
2014-04-17 07:19:07,198 I  [PushClient4Test     ] - 客户端向服务端发送消息:add:{"simNo":"13401167851","teleNo":"13401167851"}
2014-04-17 07:19:07,198 I  [LoggingFilter       ] - SENT: HeapBuffer[pos=0 lim=0 cap=0: empty]
2014-04-17 07:19:07,198 I  [PushClient4Test     ] - 客户端向服务端发送消息:add:{"simNo":"sim18701585849","teleNo":"18701585849"}
2014-04-17 07:19:15,079 I  [LoggingFilter       ] - RECEIVED: HeapBuffer[pos=0 lim=9 cap=2048: 70 6F 73 69 74 69 6F 6E 0A]
2014-04-17 07:19:15,079 D  [ProtocolCodecFilter ] - Processing a MESSAGE_RECEIVED for session 1
2014-04-17 07:19:15,083 I  [PushClient4Test     ] - >>>>客户端接收数据：position
2014-04-17 07:19:15,083 I  [PushClient4Test     ] - 客户端接受到服务端命令请求:position
2014-04-17 07:19:15,084 I  [LoggingFilter       ] - SENT: HeapBuffer[pos=0 lim=0 cap=0: empty]
2014-04-17 07:19:15,084 I  [PushClient4Test     ] - 客户端向服务端发送消息:position:{"loctype":0, "lon":111,"lat":111,"radius":111}
2014-04-17 07:20:15,088 I  [LoggingFilter       ] - IDLE
2014-04-17 07:20:15,089 I  [LoggingFilter       ] - IDLE
2014-04-17 07:20:15,089 I  [LoggingFilter       ] - SENT: HeapBuffer[pos=0 lim=1 cap=1: FF]
2014-04-17 07:20:15,091 I  [LoggingFilter       ] - RECEIVED: HeapBuffer[pos=0 lim=1 cap=2048: FF]
2014-04-17 07:20:15,092 I  [LoggingFilter       ] - SENT: HeapBuffer[pos=0 lim=1 cap=1: FE]
2014-04-17 07:20:15,092 I  [LoggingFilter       ] - RECEIVED: HeapBuffer[pos=0 lim=1 cap=1024: FE]
2014-04-17 07:21:15,097 I  [LoggingFilter       ] - IDLE
2014-04-17 07:21:15,098 I  [LoggingFilter       ] - IDLE
2014-04-17 07:21:15,098 I  [LoggingFilter       ] - SENT: HeapBuffer[pos=0 lim=1 cap=1: FF]
2014-04-17 07:21:15,100 I  [LoggingFilter       ] - RECEIVED: HeapBuffer[pos=0 lim=1 cap=1024: FE]
2014-04-17 07:21:43,345 I  [LoggingFilter       ] - RECEIVED: HeapBuffer[pos=0 lim=9 cap=512: 70 6F 73 69 74 69 6F 6E 0A]
2014-04-17 07:21:43,345 D  [ProtocolCodecFilter ] - Processing a MESSAGE_RECEIVED for session 1
2014-04-17 07:21:43,346 I  [PushClient4Test     ] - >>>>客户端接收数据：position
2014-04-17 07:21:43,346 I  [PushClient4Test     ] - 客户端接受到服务端命令请求:position
2014-04-17 07:21:43,347 I  [LoggingFilter       ] - SENT: HeapBuffer[pos=0 lim=0 cap=0: empty]
2014-04-17 07:21:43,348 I  [PushClient4Test     ] - 客户端向服务端发送消息:position:{"loctype":0, "lon":111,"lat":111,"radius":111}
2014-04-17 07:21:48,559 I  [LoggingFilter       ] - RECEIVED: HeapBuffer[pos=0 lim=9 cap=512: 70 6F 73 69 74 69 6F 6E 0A]
2014-04-17 07:21:48,559 D  [ProtocolCodecFilter ] - Processing a MESSAGE_RECEIVED for session 1
2014-04-17 07:21:48,560 I  [PushClient4Test     ] - >>>>客户端接收数据：position
2014-04-17 07:21:48,560 I  [PushClient4Test     ] - 客户端接受到服务端命令请求:position
2014-04-17 07:21:48,561 I  [LoggingFilter       ] - SENT: HeapBuffer[pos=0 lim=0 cap=0: empty]
2014-04-17 07:21:48,561 I  [PushClient4Test     ] - 客户端向服务端发送消息:position:{"loctype":0, "lon":111,"lat":111,"radius":111}
2014-04-17 07:21:59,692 W  [LoggingFilter       ] - EXCEPTION :
java.io.IOException: 远程主机强迫关闭了一个现有的连接。
	at sun.nio.ch.SocketDispatcher.read0(Native Method) ~[na:1.6.0_31]
	at sun.nio.ch.SocketDispatcher.read(SocketDispatcher.java:25) ~[na:1.6.0_31]
	at sun.nio.ch.IOUtil.readIntoNativeBuffer(IOUtil.java:198) ~[na:1.6.0_31]
	at sun.nio.ch.IOUtil.read(IOUtil.java:171) ~[na:1.6.0_31]
	at sun.nio.ch.SocketChannelImpl.read(SocketChannelImpl.java:243) ~[na:1.6.0_31]
	at org.apache.mina.transport.socket.nio.NioProcessor.read(NioProcessor.java:273) ~[mina-core-2.0.7.jar:na]
	at org.apache.mina.transport.socket.nio.NioProcessor.read(NioProcessor.java:44) ~[mina-core-2.0.7.jar:na]
	at org.apache.mina.core.polling.AbstractPollingIoProcessor.read(AbstractPollingIoProcessor.java:690) [mina-core-2.0.7.jar:na]
	at org.apache.mina.core.polling.AbstractPollingIoProcessor.process(AbstractPollingIoProcessor.java:664) [mina-core-2.0.7.jar:na]
	at org.apache.mina.core.polling.AbstractPollingIoProcessor.process(AbstractPollingIoProcessor.java:653) [mina-core-2.0.7.jar:na]
	at org.apache.mina.core.polling.AbstractPollingIoProcessor.access$600(AbstractPollingIoProcessor.java:67) [mina-core-2.0.7.jar:na]
	at org.apache.mina.core.polling.AbstractPollingIoProcessor$Processor.run(AbstractPollingIoProcessor.java:1124) [mina-core-2.0.7.jar:na]
	at org.apache.mina.util.NamePreservingRunnable.run(NamePreservingRunnable.java:64) [mina-core-2.0.7.jar:na]
	at java.util.concurrent.ThreadPoolExecutor$Worker.runTask(ThreadPoolExecutor.java:886) [na:1.6.0_31]
	at java.util.concurrent.ThreadPoolExecutor$Worker.run(ThreadPoolExecutor.java:908) [na:1.6.0_31]
	at java.lang.Thread.run(Thread.java:662) [na:1.6.0_31]
2014-04-17 07:21:59,695 W  [PushClient4Test     ] - EXCEPTION, please implement com.hbdrawn.push.PushClient4Test.exceptionCaught() for proper handling:
java.io.IOException: 远程主机强迫关闭了一个现有的连接。
	at sun.nio.ch.SocketDispatcher.read0(Native Method) ~[na:1.6.0_31]
	at sun.nio.ch.SocketDispatcher.read(SocketDispatcher.java:25) ~[na:1.6.0_31]
	at sun.nio.ch.IOUtil.readIntoNativeBuffer(IOUtil.java:198) ~[na:1.6.0_31]
	at sun.nio.ch.IOUtil.read(IOUtil.java:171) ~[na:1.6.0_31]
	at sun.nio.ch.SocketChannelImpl.read(SocketChannelImpl.java:243) ~[na:1.6.0_31]
	at org.apache.mina.transport.socket.nio.NioProcessor.read(NioProcessor.java:273) ~[mina-core-2.0.7.jar:na]
	at org.apache.mina.transport.socket.nio.NioProcessor.read(NioProcessor.java:44) ~[mina-core-2.0.7.jar:na]
	at org.apache.mina.core.polling.AbstractPollingIoProcessor.read(AbstractPollingIoProcessor.java:690) [mina-core-2.0.7.jar:na]
	at org.apache.mina.core.polling.AbstractPollingIoProcessor.process(AbstractPollingIoProcessor.java:664) [mina-core-2.0.7.jar:na]
	at org.apache.mina.core.polling.AbstractPollingIoProcessor.process(AbstractPollingIoProcessor.java:653) [mina-core-2.0.7.jar:na]
	at org.apache.mina.core.polling.AbstractPollingIoProcessor.access$600(AbstractPollingIoProcessor.java:67) [mina-core-2.0.7.jar:na]
	at org.apache.mina.core.polling.AbstractPollingIoProcessor$Processor.run(AbstractPollingIoProcessor.java:1124) [mina-core-2.0.7.jar:na]
	at org.apache.mina.util.NamePreservingRunnable.run(NamePreservingRunnable.java:64) [mina-core-2.0.7.jar:na]
	at java.util.concurrent.ThreadPoolExecutor$Worker.runTask(ThreadPoolExecutor.java:886) [na:1.6.0_31]
	at java.util.concurrent.ThreadPoolExecutor$Worker.run(ThreadPoolExecutor.java:908) [na:1.6.0_31]
	at java.lang.Thread.run(Thread.java:662) [na:1.6.0_31]
2014-04-17 07:21:59,696 E  [PushClient4Test     ] - 连接已断开，正在重试[2]...
2014-04-17 07:21:59,697 I  [LoggingFilter       ] - CLOSED
2014-04-17 07:23:59,146 I  [LoggingFilter       ] - CREATED
2014-04-17 07:23:59,161 I  [LoggingFilter       ] - OPENED
2014-04-17 07:23:59,166 I  [LoggingFilter       ] - SENT: HeapBuffer[pos=0 lim=0 cap=0: empty]
2014-04-17 07:23:59,167 I  [PushClient4Test     ] - 客户端向服务端发送消息:add:{"simNo":"13401167851","teleNo":"13401167851"}
2014-04-17 07:23:59,168 I  [LoggingFilter       ] - SENT: HeapBuffer[pos=0 lim=0 cap=0: empty]
2014-04-17 07:23:59,168 I  [PushClient4Test     ] - 客户端向服务端发送消息:add:{"simNo":"sim18701585849","teleNo":"18701585849"}
2014-04-17 07:24:02,270 I  [LoggingFilter       ] - RECEIVED: HeapBuffer[pos=0 lim=9 cap=2048: 70 6F 73 69 74 69 6F 6E 0A]
2014-04-17 07:24:02,270 D  [ProtocolCodecFilter ] - Processing a MESSAGE_RECEIVED for session 1
2014-04-17 07:24:02,272 I  [PushClient4Test     ] - >>>>客户端接收数据：position
2014-04-17 07:24:02,272 I  [PushClient4Test     ] - 客户端接受到服务端命令请求:position
2014-04-17 07:24:02,273 I  [LoggingFilter       ] - SENT: HeapBuffer[pos=0 lim=0 cap=0: empty]
2014-04-17 07:24:02,273 I  [PushClient4Test     ] - 客户端向服务端发送消息:position:{"loctype":0, "lon":111,"lat":111,"radius":111}
2014-04-17 07:24:08,176 I  [LoggingFilter       ] - RECEIVED: HeapBuffer[pos=0 lim=9 cap=2048: 70 6F 73 69 74 69 6F 6E 0A]
2014-04-17 07:24:08,176 D  [ProtocolCodecFilter ] - Processing a MESSAGE_RECEIVED for session 1
2014-04-17 07:24:08,177 I  [PushClient4Test     ] - >>>>客户端接收数据：position
2014-04-17 07:24:08,177 I  [PushClient4Test     ] - 客户端接受到服务端命令请求:position
2014-04-17 07:24:08,178 I  [LoggingFilter       ] - SENT: HeapBuffer[pos=0 lim=0 cap=0: empty]
2014-04-17 07:24:08,178 I  [PushClient4Test     ] - 客户端向服务端发送消息:position:{"loctype":0, "lon":111,"lat":111,"radius":111}
2014-04-17 07:25:08,184 I  [LoggingFilter       ] - IDLE
2014-04-17 07:25:08,185 I  [LoggingFilter       ] - IDLE
2014-04-17 07:25:08,185 I  [LoggingFilter       ] - SENT: HeapBuffer[pos=0 lim=1 cap=1: FF]
2014-04-17 07:25:08,187 I  [LoggingFilter       ] - RECEIVED: HeapBuffer[pos=0 lim=1 cap=1024: FE]
2014-04-17 07:25:44,665 I  [LoggingFilter       ] - RECEIVED: HeapBuffer[pos=0 lim=9 cap=1024: 70 6F 73 69 74 69 6F 6E 0A]
2014-04-17 07:25:44,665 D  [ProtocolCodecFilter ] - Processing a MESSAGE_RECEIVED for session 1
2014-04-17 07:25:44,666 I  [PushClient4Test     ] - >>>>客户端接收数据：position
2014-04-17 07:25:44,666 I  [PushClient4Test     ] - 客户端接受到服务端命令请求:position
2014-04-17 07:25:44,666 I  [LoggingFilter       ] - SENT: HeapBuffer[pos=0 lim=0 cap=0: empty]
2014-04-17 07:25:44,667 I  [PushClient4Test     ] - 客户端向服务端发送消息:position:{"loctype":0, "lon":111,"lat":111,"radius":111}
2014-04-17 07:25:49,431 I  [LoggingFilter       ] - RECEIVED: HeapBuffer[pos=0 lim=9 cap=512: 70 6F 73 69 74 69 6F 6E 0A]
2014-04-17 07:25:49,432 D  [ProtocolCodecFilter ] - Processing a MESSAGE_RECEIVED for session 1
2014-04-17 07:25:49,432 I  [PushClient4Test     ] - >>>>客户端接收数据：position
2014-04-17 07:25:49,433 I  [PushClient4Test     ] - 客户端接受到服务端命令请求:position
2014-04-17 07:25:49,433 I  [LoggingFilter       ] - SENT: HeapBuffer[pos=0 lim=0 cap=0: empty]
2014-04-17 07:25:49,433 I  [PushClient4Test     ] - 客户端向服务端发送消息:position:{"loctype":0, "lon":111,"lat":111,"radius":111}
2014-04-17 07:26:49,440 I  [LoggingFilter       ] - IDLE
2014-04-17 07:26:49,441 I  [LoggingFilter       ] - IDLE
2014-04-17 07:26:49,442 I  [LoggingFilter       ] - SENT: HeapBuffer[pos=0 lim=1 cap=1: FF]
2014-04-17 07:26:49,442 I  [LoggingFilter       ] - RECEIVED: HeapBuffer[pos=0 lim=1 cap=512: FF]
2014-04-17 07:26:49,443 I  [LoggingFilter       ] - SENT: HeapBuffer[pos=0 lim=1 cap=1: FE]
2014-04-17 07:26:49,443 I  [LoggingFilter       ] - RECEIVED: HeapBuffer[pos=0 lim=1 cap=256: FE]
2014-04-17 07:27:10,876 W  [LoggingFilter       ] - EXCEPTION :
java.io.IOException: 远程主机强迫关闭了一个现有的连接。
	at sun.nio.ch.SocketDispatcher.read0(Native Method) ~[na:1.6.0_31]
	at sun.nio.ch.SocketDispatcher.read(SocketDispatcher.java:25) ~[na:1.6.0_31]
	at sun.nio.ch.IOUtil.readIntoNativeBuffer(IOUtil.java:198) ~[na:1.6.0_31]
	at sun.nio.ch.IOUtil.read(IOUtil.java:171) ~[na:1.6.0_31]
	at sun.nio.ch.SocketChannelImpl.read(SocketChannelImpl.java:243) ~[na:1.6.0_31]
	at org.apache.mina.transport.socket.nio.NioProcessor.read(NioProcessor.java:273) ~[mina-core-2.0.7.jar:na]
	at org.apache.mina.transport.socket.nio.NioProcessor.read(NioProcessor.java:44) ~[mina-core-2.0.7.jar:na]
	at org.apache.mina.core.polling.AbstractPollingIoProcessor.read(AbstractPollingIoProcessor.java:690) [mina-core-2.0.7.jar:na]
	at org.apache.mina.core.polling.AbstractPollingIoProcessor.process(AbstractPollingIoProcessor.java:664) [mina-core-2.0.7.jar:na]
	at org.apache.mina.core.polling.AbstractPollingIoProcessor.process(AbstractPollingIoProcessor.java:653) [mina-core-2.0.7.jar:na]
	at org.apache.mina.core.polling.AbstractPollingIoProcessor.access$600(AbstractPollingIoProcessor.java:67) [mina-core-2.0.7.jar:na]
	at org.apache.mina.core.polling.AbstractPollingIoProcessor$Processor.run(AbstractPollingIoProcessor.java:1124) [mina-core-2.0.7.jar:na]
	at org.apache.mina.util.NamePreservingRunnable.run(NamePreservingRunnable.java:64) [mina-core-2.0.7.jar:na]
	at java.util.concurrent.ThreadPoolExecutor$Worker.runTask(ThreadPoolExecutor.java:886) [na:1.6.0_31]
	at java.util.concurrent.ThreadPoolExecutor$Worker.run(ThreadPoolExecutor.java:908) [na:1.6.0_31]
	at java.lang.Thread.run(Thread.java:662) [na:1.6.0_31]
2014-04-17 07:27:10,878 W  [PushClient4Test     ] - EXCEPTION, please implement com.hbdrawn.push.PushClient4Test.exceptionCaught() for proper handling:
java.io.IOException: 远程主机强迫关闭了一个现有的连接。
	at sun.nio.ch.SocketDispatcher.read0(Native Method) ~[na:1.6.0_31]
	at sun.nio.ch.SocketDispatcher.read(SocketDispatcher.java:25) ~[na:1.6.0_31]
	at sun.nio.ch.IOUtil.readIntoNativeBuffer(IOUtil.java:198) ~[na:1.6.0_31]
	at sun.nio.ch.IOUtil.read(IOUtil.java:171) ~[na:1.6.0_31]
	at sun.nio.ch.SocketChannelImpl.read(SocketChannelImpl.java:243) ~[na:1.6.0_31]
	at org.apache.mina.transport.socket.nio.NioProcessor.read(NioProcessor.java:273) ~[mina-core-2.0.7.jar:na]
	at org.apache.mina.transport.socket.nio.NioProcessor.read(NioProcessor.java:44) ~[mina-core-2.0.7.jar:na]
	at org.apache.mina.core.polling.AbstractPollingIoProcessor.read(AbstractPollingIoProcessor.java:690) [mina-core-2.0.7.jar:na]
	at org.apache.mina.core.polling.AbstractPollingIoProcessor.process(AbstractPollingIoProcessor.java:664) [mina-core-2.0.7.jar:na]
	at org.apache.mina.core.polling.AbstractPollingIoProcessor.process(AbstractPollingIoProcessor.java:653) [mina-core-2.0.7.jar:na]
	at org.apache.mina.core.polling.AbstractPollingIoProcessor.access$600(AbstractPollingIoProcessor.java:67) [mina-core-2.0.7.jar:na]
	at org.apache.mina.core.polling.AbstractPollingIoProcessor$Processor.run(AbstractPollingIoProcessor.java:1124) [mina-core-2.0.7.jar:na]
	at org.apache.mina.util.NamePreservingRunnable.run(NamePreservingRunnable.java:64) [mina-core-2.0.7.jar:na]
	at java.util.concurrent.ThreadPoolExecutor$Worker.runTask(ThreadPoolExecutor.java:886) [na:1.6.0_31]
	at java.util.concurrent.ThreadPoolExecutor$Worker.run(ThreadPoolExecutor.java:908) [na:1.6.0_31]
	at java.lang.Thread.run(Thread.java:662) [na:1.6.0_31]
2014-04-17 07:27:10,878 E  [PushClient4Test     ] - 连接已断开，正在重试[2]...
2014-04-17 07:27:10,879 I  [LoggingFilter       ] - CLOSED
