2014-04-01 20:59:24,735 I  [LoggingFilter       ] - CREATED
2014-04-01 20:59:24,735 I  [LoggingFilter       ] - OPENED
2014-04-01 20:59:24,751 I  [LoggingFilter       ] - SENT: HeapBuffer[pos=0 lim=0 cap=0: empty]
2014-04-01 21:00:25,467 I  [LoggingFilter       ] - RECEIVED: HeapBuffer[pos=0 lim=1 cap=2048: FF]
2014-04-01 21:00:25,467 I  [LoggingFilter       ] - SENT: HeapBuffer[pos=0 lim=1 cap=1: FE]
2014-04-01 21:01:25,663 I  [LoggingFilter       ] - RECEIVED: HeapBuffer[pos=0 lim=1 cap=2048: FF]
2014-04-01 21:01:25,665 I  [LoggingFilter       ] - SENT: HeapBuffer[pos=0 lim=1 cap=1: FE]
2014-04-01 21:01:38,463 I  [LoggingFilter       ] - RECEIVED: HeapBuffer[pos=0 lim=9 cap=1024: 70 6F 73 69 74 69 6F 6E 0A]
2014-04-01 21:01:38,463 D  [ProtocolCodecFilter ] - Processing a MESSAGE_RECEIVED for session 1
2014-04-01 21:01:38,465 I  [PushClient4Test     ] - 客户端接受到服务端命令请求:position,
2014-04-01 21:01:38,466 W  [PushClient4Test     ] - 服务器推送消息到客户端:position
2014-04-01 21:01:38,468 I  [LoggingFilter       ] - SENT: HeapBuffer[pos=0 lim=0 cap=0: empty]
2014-04-01 21:02:38,472 I  [LoggingFilter       ] - IDLE
2014-04-01 21:02:38,474 I  [LoggingFilter       ] - IDLE
2014-04-01 21:02:38,476 I  [LoggingFilter       ] - SENT: HeapBuffer[pos=0 lim=1 cap=1: FF]
2014-04-01 21:02:38,494 I  [LoggingFilter       ] - RECEIVED: HeapBuffer[pos=0 lim=1 cap=1024: FE]
2014-04-01 21:03:38,500 I  [LoggingFilter       ] - IDLE
2014-04-01 21:03:38,501 I  [LoggingFilter       ] - IDLE
2014-04-01 21:03:38,504 I  [LoggingFilter       ] - SENT: HeapBuffer[pos=0 lim=1 cap=1: FF]
2014-04-01 21:03:38,519 I  [LoggingFilter       ] - RECEIVED: HeapBuffer[pos=0 lim=1 cap=512: FE]
2014-04-01 21:04:38,524 I  [LoggingFilter       ] - IDLE
2014-04-01 21:04:38,525 I  [LoggingFilter       ] - IDLE
2014-04-01 21:04:38,527 I  [LoggingFilter       ] - SENT: HeapBuffer[pos=0 lim=1 cap=1: FF]
2014-04-01 21:04:38,544 I  [LoggingFilter       ] - RECEIVED: HeapBuffer[pos=0 lim=1 cap=512: FE]
2014-04-01 21:05:38,550 I  [LoggingFilter       ] - IDLE
2014-04-01 21:05:38,551 I  [LoggingFilter       ] - IDLE
2014-04-01 21:05:38,551 I  [LoggingFilter       ] - SENT: HeapBuffer[pos=0 lim=1 cap=1: FF]
2014-04-01 21:05:38,569 I  [LoggingFilter       ] - RECEIVED: HeapBuffer[pos=0 lim=1 cap=256: FE]
2014-04-01 21:06:38,577 I  [LoggingFilter       ] - IDLE
2014-04-01 21:06:38,578 I  [LoggingFilter       ] - IDLE
2014-04-01 21:06:38,579 I  [LoggingFilter       ] - SENT: HeapBuffer[pos=0 lim=1 cap=1: FF]
2014-04-01 21:06:38,595 I  [LoggingFilter       ] - RECEIVED: HeapBuffer[pos=0 lim=1 cap=256: FE]
2014-04-01 21:07:38,600 I  [LoggingFilter       ] - IDLE
2014-04-01 21:07:38,601 I  [LoggingFilter       ] - IDLE
2014-04-01 21:07:38,601 I  [LoggingFilter       ] - SENT: HeapBuffer[pos=0 lim=1 cap=1: FF]
2014-04-01 21:07:38,615 I  [LoggingFilter       ] - RECEIVED: HeapBuffer[pos=0 lim=1 cap=128: FE]
2014-04-01 21:08:38,619 I  [LoggingFilter       ] - IDLE
2014-04-01 21:08:38,620 I  [LoggingFilter       ] - IDLE
2014-04-01 21:08:38,621 I  [LoggingFilter       ] - SENT: HeapBuffer[pos=0 lim=1 cap=1: FF]
2014-04-01 21:08:38,637 I  [LoggingFilter       ] - RECEIVED: HeapBuffer[pos=0 lim=1 cap=128: FE]
2014-04-01 21:09:38,646 I  [LoggingFilter       ] - IDLE
2014-04-01 21:09:38,647 I  [LoggingFilter       ] - IDLE
2014-04-01 21:09:38,648 I  [LoggingFilter       ] - SENT: HeapBuffer[pos=0 lim=1 cap=1: FF]
2014-04-01 21:09:38,665 I  [LoggingFilter       ] - RECEIVED: HeapBuffer[pos=0 lim=1 cap=64: FE]
2014-04-01 21:10:38,700 I  [LoggingFilter       ] - IDLE
2014-04-01 21:10:38,701 I  [LoggingFilter       ] - IDLE
2014-04-01 21:10:38,702 I  [LoggingFilter       ] - SENT: HeapBuffer[pos=0 lim=1 cap=1: FF]
2014-04-01 21:10:38,719 I  [LoggingFilter       ] - RECEIVED: HeapBuffer[pos=0 lim=1 cap=64: FE]
2014-04-01 21:11:38,723 I  [LoggingFilter       ] - IDLE
2014-04-01 21:11:38,724 I  [LoggingFilter       ] - IDLE
2014-04-01 21:11:38,725 I  [LoggingFilter       ] - SENT: HeapBuffer[pos=0 lim=1 cap=1: FF]
2014-04-01 21:11:38,755 I  [LoggingFilter       ] - RECEIVED: HeapBuffer[pos=0 lim=1 cap=64: FE]
2014-04-01 21:12:38,759 I  [LoggingFilter       ] - IDLE
2014-04-01 21:12:38,760 I  [LoggingFilter       ] - IDLE
2014-04-01 21:12:38,761 I  [LoggingFilter       ] - SENT: HeapBuffer[pos=0 lim=1 cap=1: FF]
2014-04-01 21:12:38,778 I  [LoggingFilter       ] - RECEIVED: HeapBuffer[pos=0 lim=1 cap=64: FE]
2014-04-01 21:13:38,782 I  [LoggingFilter       ] - IDLE
2014-04-01 21:13:38,783 I  [LoggingFilter       ] - IDLE
2014-04-01 21:13:38,783 I  [LoggingFilter       ] - SENT: HeapBuffer[pos=0 lim=1 cap=1: FF]
2014-04-01 21:13:38,800 I  [LoggingFilter       ] - RECEIVED: HeapBuffer[pos=0 lim=1 cap=64: FE]
2014-04-01 21:14:38,805 I  [LoggingFilter       ] - IDLE
2014-04-01 21:14:38,806 I  [LoggingFilter       ] - IDLE
2014-04-01 21:14:38,807 I  [LoggingFilter       ] - SENT: HeapBuffer[pos=0 lim=1 cap=1: FF]
2014-04-01 21:14:38,824 I  [LoggingFilter       ] - RECEIVED: HeapBuffer[pos=0 lim=1 cap=64: FE]
2014-04-01 21:15:38,832 I  [LoggingFilter       ] - IDLE
2014-04-01 21:15:38,832 I  [LoggingFilter       ] - IDLE
2014-04-01 21:15:38,833 I  [LoggingFilter       ] - SENT: HeapBuffer[pos=0 lim=1 cap=1: FF]
2014-04-01 21:15:38,853 I  [LoggingFilter       ] - RECEIVED: HeapBuffer[pos=0 lim=1 cap=64: FE]
2014-04-01 21:16:38,912 I  [LoggingFilter       ] - IDLE
2014-04-01 21:16:38,912 I  [LoggingFilter       ] - IDLE
2014-04-01 21:16:38,913 I  [LoggingFilter       ] - SENT: HeapBuffer[pos=0 lim=1 cap=1: FF]
2014-04-01 21:16:38,941 I  [LoggingFilter       ] - RECEIVED: HeapBuffer[pos=0 lim=1 cap=64: FE]
2014-04-01 21:17:38,944 I  [LoggingFilter       ] - IDLE
2014-04-01 21:17:38,945 I  [LoggingFilter       ] - IDLE
2014-04-01 21:17:38,946 I  [LoggingFilter       ] - SENT: HeapBuffer[pos=0 lim=1 cap=1: FF]
2014-04-01 21:17:38,969 I  [LoggingFilter       ] - RECEIVED: HeapBuffer[pos=0 lim=1 cap=64: FE]
2014-04-01 21:18:03,495 W  [LoggingFilter       ] - EXCEPTION :
java.io.IOException: 远程主机强迫关闭了一个现有的连接。
	at sun.nio.ch.SocketDispatcher.read0(Native Method) ~[na:1.6.0_31]
	at sun.nio.ch.SocketDispatcher.read(SocketDispatcher.java:25) ~[na:1.6.0_31]
	at sun.nio.ch.IOUtil.readIntoNativeBuffer(IOUtil.java:198) ~[na:1.6.0_31]
	at sun.nio.ch.IOUtil.read(IOUtil.java:171) ~[na:1.6.0_31]
	at sun.nio.ch.SocketChannelImpl.read(SocketChannelImpl.java:243) ~[na:1.6.0_31]
	at org.apache.mina.transport.socket.nio.NioProcessor.read(NioProcessor.java:273) ~[mina-core-2.0.7.jar:na]
	at org.apache.mina.transport.socket.nio.NioProcessor.read(NioProcessor.java:44) ~[mina-core-2.0.7.jar:na]
	at org.apache.mina.core.polling.AbstractPollingIoProcessor.read(AbstractPollingIoProcessor.java:690) [mina-core-2.0.7.jar:na]
	at org.apache.mina.core.polling.AbstractPollingIoProcessor.process(AbstractPollingIoProcessor.java:664) [mina-core-2.0.7.jar:na]
	at org.apache.mina.core.polling.AbstractPollingIoProcessor.process(AbstractPollingIoProcessor.java:653) [mina-core-2.0.7.jar:na]
	at org.apache.mina.core.polling.AbstractPollingIoProcessor.access$600(AbstractPollingIoProcessor.java:67) [mina-core-2.0.7.jar:na]
	at org.apache.mina.core.polling.AbstractPollingIoProcessor$Processor.run(AbstractPollingIoProcessor.java:1124) [mina-core-2.0.7.jar:na]
	at org.apache.mina.util.NamePreservingRunnable.run(NamePreservingRunnable.java:64) [mina-core-2.0.7.jar:na]
	at java.util.concurrent.ThreadPoolExecutor$Worker.runTask(ThreadPoolExecutor.java:886) [na:1.6.0_31]
	at java.util.concurrent.ThreadPoolExecutor$Worker.run(ThreadPoolExecutor.java:908) [na:1.6.0_31]
	at java.lang.Thread.run(Thread.java:662) [na:1.6.0_31]
2014-04-01 21:18:03,497 W  [PushClient4Test     ] - EXCEPTION, please implement com.hbdrawn.push.PushClient4Test.exceptionCaught() for proper handling:
java.io.IOException: 远程主机强迫关闭了一个现有的连接。
	at sun.nio.ch.SocketDispatcher.read0(Native Method) ~[na:1.6.0_31]
	at sun.nio.ch.SocketDispatcher.read(SocketDispatcher.java:25) ~[na:1.6.0_31]
	at sun.nio.ch.IOUtil.readIntoNativeBuffer(IOUtil.java:198) ~[na:1.6.0_31]
	at sun.nio.ch.IOUtil.read(IOUtil.java:171) ~[na:1.6.0_31]
	at sun.nio.ch.SocketChannelImpl.read(SocketChannelImpl.java:243) ~[na:1.6.0_31]
	at org.apache.mina.transport.socket.nio.NioProcessor.read(NioProcessor.java:273) ~[mina-core-2.0.7.jar:na]
	at org.apache.mina.transport.socket.nio.NioProcessor.read(NioProcessor.java:44) ~[mina-core-2.0.7.jar:na]
	at org.apache.mina.core.polling.AbstractPollingIoProcessor.read(AbstractPollingIoProcessor.java:690) [mina-core-2.0.7.jar:na]
	at org.apache.mina.core.polling.AbstractPollingIoProcessor.process(AbstractPollingIoProcessor.java:664) [mina-core-2.0.7.jar:na]
	at org.apache.mina.core.polling.AbstractPollingIoProcessor.process(AbstractPollingIoProcessor.java:653) [mina-core-2.0.7.jar:na]
	at org.apache.mina.core.polling.AbstractPollingIoProcessor.access$600(AbstractPollingIoProcessor.java:67) [mina-core-2.0.7.jar:na]
	at org.apache.mina.core.polling.AbstractPollingIoProcessor$Processor.run(AbstractPollingIoProcessor.java:1124) [mina-core-2.0.7.jar:na]
	at org.apache.mina.util.NamePreservingRunnable.run(NamePreservingRunnable.java:64) [mina-core-2.0.7.jar:na]
	at java.util.concurrent.ThreadPoolExecutor$Worker.runTask(ThreadPoolExecutor.java:886) [na:1.6.0_31]
	at java.util.concurrent.ThreadPoolExecutor$Worker.run(ThreadPoolExecutor.java:908) [na:1.6.0_31]
	at java.lang.Thread.run(Thread.java:662) [na:1.6.0_31]
2014-04-01 21:18:03,498 E  [PushClient4Test     ] - 连接已断开，正在重试[2]...
2014-04-01 21:18:03,499 I  [LoggingFilter       ] - CLOSED
2014-04-01 22:03:00,937 I  [LoggingFilter       ] - CREATED
2014-04-01 22:03:00,942 I  [LoggingFilter       ] - OPENED
2014-04-01 22:03:00,948 I  [LoggingFilter       ] - SENT: HeapBuffer[pos=0 lim=0 cap=0: empty]
2014-04-01 22:03:00,948 I  [PushClient4Test     ] - 客户端向服务端发送消息:{"simNo":"sim28701585847","teleNo":"28701585847"},
2014-04-01 22:03:35,530 I  [LoggingFilter       ] - RECEIVED: HeapBuffer[pos=0 lim=9 cap=2048: 70 6F 73 69 74 69 6F 6E 0A]
2014-04-01 22:03:35,531 D  [ProtocolCodecFilter ] - Processing a MESSAGE_RECEIVED for session 1
2014-04-01 22:03:35,533 I  [PushClient4Test     ] - 客户端接受到服务端命令请求:position,
2014-04-01 22:03:35,533 I  [LoggingFilter       ] - SENT: HeapBuffer[pos=0 lim=0 cap=0: empty]
2014-04-01 22:03:35,533 I  [PushClient4Test     ] - 客户端向服务端发送消息:{"loctype":0, "lon":111,"lat":111,"radius":111},
2014-04-01 22:04:35,537 I  [LoggingFilter       ] - IDLE
2014-04-01 22:04:35,537 I  [LoggingFilter       ] - IDLE
2014-04-01 22:04:35,538 I  [LoggingFilter       ] - SENT: HeapBuffer[pos=0 lim=1 cap=1: FF]
2014-04-01 22:04:35,570 I  [LoggingFilter       ] - RECEIVED: HeapBuffer[pos=0 lim=1 cap=2048: FE]
2014-04-01 22:05:35,575 I  [LoggingFilter       ] - IDLE
2014-04-01 22:05:35,575 I  [LoggingFilter       ] - IDLE
2014-04-01 22:05:35,576 I  [LoggingFilter       ] - SENT: HeapBuffer[pos=0 lim=1 cap=1: FF]
2014-04-01 22:05:35,592 I  [LoggingFilter       ] - RECEIVED: HeapBuffer[pos=0 lim=1 cap=1024: FE]
2014-04-01 22:05:49,050 I  [LoggingFilter       ] - RECEIVED: HeapBuffer[pos=0 lim=9 cap=1024: 70 6F 73 69 74 69 6F 6E 0A]
2014-04-01 22:05:49,051 D  [ProtocolCodecFilter ] - Processing a MESSAGE_RECEIVED for session 1
2014-04-01 22:05:49,051 I  [PushClient4Test     ] - 客户端接受到服务端命令请求:position,
2014-04-01 22:05:49,052 I  [LoggingFilter       ] - SENT: HeapBuffer[pos=0 lim=0 cap=0: empty]
2014-04-01 22:05:49,052 I  [PushClient4Test     ] - 客户端向服务端发送消息:{"loctype":0, "lon":111,"lat":111,"radius":111},
2014-04-01 22:06:26,662 I  [LoggingFilter       ] - RECEIVED: HeapBuffer[pos=0 lim=9 cap=512: 70 6F 73 69 74 69 6F 6E 0A]
2014-04-01 22:06:26,663 D  [ProtocolCodecFilter ] - Processing a MESSAGE_RECEIVED for session 1
2014-04-01 22:06:26,663 I  [PushClient4Test     ] - 客户端接受到服务端命令请求:position,
2014-04-01 22:06:26,664 I  [LoggingFilter       ] - SENT: HeapBuffer[pos=0 lim=0 cap=0: empty]
2014-04-01 22:06:26,664 I  [PushClient4Test     ] - 客户端向服务端发送消息:{"loctype":0, "lon":111,"lat":111,"radius":111},
2014-04-01 22:06:59,162 I  [LoggingFilter       ] - RECEIVED: HeapBuffer[pos=0 lim=9 cap=512: 70 6F 73 69 74 69 6F 6E 0A]
2014-04-01 22:06:59,162 D  [ProtocolCodecFilter ] - Processing a MESSAGE_RECEIVED for session 1
2014-04-01 22:06:59,163 I  [PushClient4Test     ] - 客户端接受到服务端命令请求:position,
2014-04-01 22:06:59,163 I  [LoggingFilter       ] - SENT: HeapBuffer[pos=0 lim=0 cap=0: empty]
2014-04-01 22:06:59,163 I  [PushClient4Test     ] - 客户端向服务端发送消息:{"loctype":0, "lon":111,"lat":111,"radius":111},
2014-04-01 22:07:47,210 I  [LoggingFilter       ] - RECEIVED: HeapBuffer[pos=0 lim=9 cap=256: 70 6F 73 69 74 69 6F 6E 0A]
2014-04-01 22:07:47,211 D  [ProtocolCodecFilter ] - Processing a MESSAGE_RECEIVED for session 1
2014-04-01 22:07:47,211 I  [PushClient4Test     ] - 客户端接受到服务端命令请求:position,
2014-04-01 22:07:47,212 I  [LoggingFilter       ] - SENT: HeapBuffer[pos=0 lim=0 cap=0: empty]
2014-04-01 22:07:47,212 I  [PushClient4Test     ] - 客户端向服务端发送消息:{"loctype":0, "lon":111,"lat":111,"radius":111},
2014-04-01 22:07:48,284 I  [LoggingFilter       ] - RECEIVED: HeapBuffer[pos=0 lim=9 cap=256: 70 6F 73 69 74 69 6F 6E 0A]
2014-04-01 22:07:48,284 D  [ProtocolCodecFilter ] - Processing a MESSAGE_RECEIVED for session 1
2014-04-01 22:07:48,285 I  [PushClient4Test     ] - 客户端接受到服务端命令请求:position,
2014-04-01 22:07:48,285 I  [LoggingFilter       ] - SENT: HeapBuffer[pos=0 lim=0 cap=0: empty]
2014-04-01 22:07:48,285 I  [PushClient4Test     ] - 客户端向服务端发送消息:{"loctype":0, "lon":111,"lat":111,"radius":111},
2014-04-01 22:07:48,960 I  [LoggingFilter       ] - RECEIVED: HeapBuffer[pos=0 lim=9 cap=128: 70 6F 73 69 74 69 6F 6E 0A]
2014-04-01 22:07:48,960 D  [ProtocolCodecFilter ] - Processing a MESSAGE_RECEIVED for session 1
2014-04-01 22:07:48,961 I  [PushClient4Test     ] - 客户端接受到服务端命令请求:position,
2014-04-01 22:07:48,961 I  [LoggingFilter       ] - SENT: HeapBuffer[pos=0 lim=0 cap=0: empty]
2014-04-01 22:07:48,961 I  [PushClient4Test     ] - 客户端向服务端发送消息:{"loctype":0, "lon":111,"lat":111,"radius":111},
2014-04-01 22:07:49,534 I  [LoggingFilter       ] - RECEIVED: HeapBuffer[pos=0 lim=9 cap=128: 70 6F 73 69 74 69 6F 6E 0A]
2014-04-01 22:07:49,535 D  [ProtocolCodecFilter ] - Processing a MESSAGE_RECEIVED for session 1
2014-04-01 22:07:49,535 I  [PushClient4Test     ] - 客户端接受到服务端命令请求:position,
2014-04-01 22:07:49,535 I  [LoggingFilter       ] - SENT: HeapBuffer[pos=0 lim=0 cap=0: empty]
2014-04-01 22:07:49,536 I  [PushClient4Test     ] - 客户端向服务端发送消息:{"loctype":0, "lon":111,"lat":111,"radius":111},
2014-04-01 22:07:50,104 I  [LoggingFilter       ] - RECEIVED: HeapBuffer[pos=0 lim=9 cap=64: 70 6F 73 69 74 69 6F 6E 0A]
2014-04-01 22:07:50,105 D  [ProtocolCodecFilter ] - Processing a MESSAGE_RECEIVED for session 1
2014-04-01 22:07:50,105 I  [PushClient4Test     ] - 客户端接受到服务端命令请求:position,
2014-04-01 22:07:50,105 I  [LoggingFilter       ] - SENT: HeapBuffer[pos=0 lim=0 cap=0: empty]
2014-04-01 22:07:50,106 I  [PushClient4Test     ] - 客户端向服务端发送消息:{"loctype":0, "lon":111,"lat":111,"radius":111},
2014-04-01 22:07:50,679 I  [LoggingFilter       ] - RECEIVED: HeapBuffer[pos=0 lim=9 cap=64: 70 6F 73 69 74 69 6F 6E 0A]
2014-04-01 22:07:50,679 D  [ProtocolCodecFilter ] - Processing a MESSAGE_RECEIVED for session 1
2014-04-01 22:07:50,679 I  [PushClient4Test     ] - 客户端接受到服务端命令请求:position,
2014-04-01 22:07:50,680 I  [LoggingFilter       ] - SENT: HeapBuffer[pos=0 lim=0 cap=0: empty]
2014-04-01 22:07:50,680 I  [PushClient4Test     ] - 客户端向服务端发送消息:{"loctype":0, "lon":111,"lat":111,"radius":111},
2014-04-01 22:07:52,688 I  [LoggingFilter       ] - RECEIVED: HeapBuffer[pos=0 lim=9 cap=64: 70 6F 73 69 74 69 6F 6E 0A]
2014-04-01 22:07:52,688 D  [ProtocolCodecFilter ] - Processing a MESSAGE_RECEIVED for session 1
2014-04-01 22:07:52,689 I  [PushClient4Test     ] - 客户端接受到服务端命令请求:position,
2014-04-01 22:07:52,689 I  [LoggingFilter       ] - SENT: HeapBuffer[pos=0 lim=0 cap=0: empty]
2014-04-01 22:07:52,689 I  [PushClient4Test     ] - 客户端向服务端发送消息:{"loctype":0, "lon":111,"lat":111,"radius":111},
2014-04-01 22:07:53,236 I  [LoggingFilter       ] - RECEIVED: HeapBuffer[pos=0 lim=9 cap=64: 70 6F 73 69 74 69 6F 6E 0A]
2014-04-01 22:07:53,237 D  [ProtocolCodecFilter ] - Processing a MESSAGE_RECEIVED for session 1
2014-04-01 22:07:53,237 I  [PushClient4Test     ] - 客户端接受到服务端命令请求:position,
2014-04-01 22:07:53,237 I  [LoggingFilter       ] - SENT: HeapBuffer[pos=0 lim=0 cap=0: empty]
2014-04-01 22:07:53,237 I  [PushClient4Test     ] - 客户端向服务端发送消息:{"loctype":0, "lon":111,"lat":111,"radius":111},
2014-04-01 22:07:53,824 I  [LoggingFilter       ] - RECEIVED: HeapBuffer[pos=0 lim=9 cap=64: 70 6F 73 69 74 69 6F 6E 0A]
2014-04-01 22:07:54,021 D  [ProtocolCodecFilter ] - Processing a MESSAGE_RECEIVED for session 1
2014-04-01 22:07:54,021 I  [PushClient4Test     ] - 客户端接受到服务端命令请求:position,
2014-04-01 22:07:54,021 I  [LoggingFilter       ] - SENT: HeapBuffer[pos=0 lim=0 cap=0: empty]
2014-04-01 22:07:54,022 I  [PushClient4Test     ] - 客户端向服务端发送消息:{"loctype":0, "lon":111,"lat":111,"radius":111},
2014-04-01 22:07:54,366 I  [LoggingFilter       ] - RECEIVED: HeapBuffer[pos=0 lim=9 cap=64: 70 6F 73 69 74 69 6F 6E 0A]
2014-04-01 22:07:54,367 D  [ProtocolCodecFilter ] - Processing a MESSAGE_RECEIVED for session 1
2014-04-01 22:07:54,367 I  [PushClient4Test     ] - 客户端接受到服务端命令请求:position,
2014-04-01 22:07:54,367 I  [LoggingFilter       ] - SENT: HeapBuffer[pos=0 lim=0 cap=0: empty]
2014-04-01 22:07:54,368 I  [PushClient4Test     ] - 客户端向服务端发送消息:{"loctype":0, "lon":111,"lat":111,"radius":111},
2014-04-01 22:07:54,907 I  [LoggingFilter       ] - RECEIVED: HeapBuffer[pos=0 lim=9 cap=64: 70 6F 73 69 74 69 6F 6E 0A]
2014-04-01 22:07:54,908 D  [ProtocolCodecFilter ] - Processing a MESSAGE_RECEIVED for session 1
2014-04-01 22:07:54,908 I  [PushClient4Test     ] - 客户端接受到服务端命令请求:position,
2014-04-01 22:07:54,908 I  [LoggingFilter       ] - SENT: HeapBuffer[pos=0 lim=0 cap=0: empty]
2014-04-01 22:07:54,908 I  [PushClient4Test     ] - 客户端向服务端发送消息:{"loctype":0, "lon":111,"lat":111,"radius":111},
2014-04-01 22:07:55,486 I  [LoggingFilter       ] - RECEIVED: HeapBuffer[pos=0 lim=9 cap=64: 70 6F 73 69 74 69 6F 6E 0A]
2014-04-01 22:07:55,486 D  [ProtocolCodecFilter ] - Processing a MESSAGE_RECEIVED for session 1
2014-04-01 22:07:55,486 I  [PushClient4Test     ] - 客户端接受到服务端命令请求:position,
2014-04-01 22:07:55,487 I  [LoggingFilter       ] - SENT: HeapBuffer[pos=0 lim=0 cap=0: empty]
2014-04-01 22:07:55,487 I  [PushClient4Test     ] - 客户端向服务端发送消息:{"loctype":0, "lon":111,"lat":111,"radius":111},
2014-04-01 22:07:56,044 I  [LoggingFilter       ] - RECEIVED: HeapBuffer[pos=0 lim=9 cap=64: 70 6F 73 69 74 69 6F 6E 0A]
2014-04-01 22:07:56,045 D  [ProtocolCodecFilter ] - Processing a MESSAGE_RECEIVED for session 1
2014-04-01 22:07:56,045 I  [PushClient4Test     ] - 客户端接受到服务端命令请求:position,
2014-04-01 22:07:56,046 I  [LoggingFilter       ] - SENT: HeapBuffer[pos=0 lim=0 cap=0: empty]
2014-04-01 22:07:56,046 I  [PushClient4Test     ] - 客户端向服务端发送消息:{"loctype":0, "lon":111,"lat":111,"radius":111},
2014-04-01 22:07:56,630 I  [LoggingFilter       ] - RECEIVED: HeapBuffer[pos=0 lim=9 cap=64: 70 6F 73 69 74 69 6F 6E 0A]
2014-04-01 22:07:56,631 D  [ProtocolCodecFilter ] - Processing a MESSAGE_RECEIVED for session 1
2014-04-01 22:07:56,631 I  [PushClient4Test     ] - 客户端接受到服务端命令请求:position,
2014-04-01 22:07:56,631 I  [LoggingFilter       ] - SENT: HeapBuffer[pos=0 lim=0 cap=0: empty]
2014-04-01 22:07:56,632 I  [PushClient4Test     ] - 客户端向服务端发送消息:{"loctype":0, "lon":111,"lat":111,"radius":111},
2014-04-01 22:08:56,635 I  [LoggingFilter       ] - IDLE
2014-04-01 22:08:56,635 I  [LoggingFilter       ] - IDLE
2014-04-01 22:08:56,636 I  [LoggingFilter       ] - SENT: HeapBuffer[pos=0 lim=1 cap=1: FF]
2014-04-01 22:08:56,653 I  [LoggingFilter       ] - RECEIVED: HeapBuffer[pos=0 lim=1 cap=64: FE]
2014-04-01 22:09:56,658 I  [LoggingFilter       ] - IDLE
2014-04-01 22:09:56,658 I  [LoggingFilter       ] - IDLE
2014-04-01 22:09:56,659 I  [LoggingFilter       ] - SENT: HeapBuffer[pos=0 lim=1 cap=1: FF]
2014-04-01 22:09:56,681 I  [LoggingFilter       ] - RECEIVED: HeapBuffer[pos=0 lim=1 cap=64: FE]
2014-04-01 22:10:56,685 I  [LoggingFilter       ] - IDLE
2014-04-01 22:10:56,685 I  [LoggingFilter       ] - IDLE
2014-04-01 22:10:56,686 I  [LoggingFilter       ] - SENT: HeapBuffer[pos=0 lim=1 cap=1: FF]
2014-04-01 22:10:56,704 I  [LoggingFilter       ] - RECEIVED: HeapBuffer[pos=0 lim=1 cap=64: FE]
2014-04-01 22:11:56,707 I  [LoggingFilter       ] - IDLE
2014-04-01 22:11:56,707 I  [LoggingFilter       ] - IDLE
2014-04-01 22:11:56,708 I  [LoggingFilter       ] - SENT: HeapBuffer[pos=0 lim=1 cap=1: FF]
2014-04-01 22:11:56,738 I  [LoggingFilter       ] - RECEIVED: HeapBuffer[pos=0 lim=1 cap=64: FE]
2014-04-01 22:12:56,743 I  [LoggingFilter       ] - IDLE
2014-04-01 22:12:56,743 I  [LoggingFilter       ] - IDLE
2014-04-01 22:12:56,744 I  [LoggingFilter       ] - SENT: HeapBuffer[pos=0 lim=1 cap=1: FF]
2014-04-01 22:12:56,854 I  [LoggingFilter       ] - RECEIVED: HeapBuffer[pos=0 lim=1 cap=64: FF]
2014-04-01 22:12:56,854 I  [LoggingFilter       ] - SENT: HeapBuffer[pos=0 lim=1 cap=1: FE]
2014-04-01 22:13:05,998 I  [LoggingFilter       ] - RECEIVED: HeapBuffer[pos=0 lim=1 cap=64: FE]
2014-04-01 22:14:06,002 I  [LoggingFilter       ] - IDLE
2014-04-01 22:14:06,002 I  [LoggingFilter       ] - IDLE
2014-04-01 22:14:06,003 I  [LoggingFilter       ] - SENT: HeapBuffer[pos=0 lim=1 cap=1: FF]
2014-04-01 22:14:06,037 I  [LoggingFilter       ] - RECEIVED: HeapBuffer[pos=0 lim=1 cap=64: FE]
2014-04-01 22:15:06,042 I  [LoggingFilter       ] - IDLE
2014-04-01 22:15:06,042 I  [LoggingFilter       ] - IDLE
2014-04-01 22:15:06,043 I  [LoggingFilter       ] - SENT: HeapBuffer[pos=0 lim=1 cap=1: FF]
2014-04-01 22:15:06,062 I  [LoggingFilter       ] - RECEIVED: HeapBuffer[pos=0 lim=1 cap=64: FE]
2014-04-01 22:16:06,067 I  [LoggingFilter       ] - IDLE
2014-04-01 22:16:06,067 I  [LoggingFilter       ] - IDLE
2014-04-01 22:16:06,068 I  [LoggingFilter       ] - SENT: HeapBuffer[pos=0 lim=1 cap=1: FF]
2014-04-01 22:16:06,085 I  [LoggingFilter       ] - RECEIVED: HeapBuffer[pos=0 lim=1 cap=64: FE]
2014-04-01 22:17:06,089 I  [LoggingFilter       ] - IDLE
2014-04-01 22:17:06,089 I  [LoggingFilter       ] - IDLE
2014-04-01 22:17:06,090 I  [LoggingFilter       ] - SENT: HeapBuffer[pos=0 lim=1 cap=1: FF]
2014-04-01 22:17:06,105 I  [LoggingFilter       ] - RECEIVED: HeapBuffer[pos=0 lim=1 cap=64: FE]
2014-04-01 22:18:06,109 I  [LoggingFilter       ] - IDLE
2014-04-01 22:18:06,109 I  [LoggingFilter       ] - IDLE
2014-04-01 22:18:06,110 I  [LoggingFilter       ] - SENT: HeapBuffer[pos=0 lim=1 cap=1: FF]
2014-04-01 22:18:06,208 I  [LoggingFilter       ] - RECEIVED: HeapBuffer[pos=0 lim=1 cap=64: FE]
2014-04-01 22:19:06,211 I  [LoggingFilter       ] - IDLE
2014-04-01 22:19:06,211 I  [LoggingFilter       ] - IDLE
2014-04-01 22:19:06,212 I  [LoggingFilter       ] - SENT: HeapBuffer[pos=0 lim=1 cap=1: FF]
2014-04-01 22:19:06,229 I  [LoggingFilter       ] - RECEIVED: HeapBuffer[pos=0 lim=1 cap=64: FE]
2014-04-01 22:20:06,233 I  [LoggingFilter       ] - IDLE
2014-04-01 22:20:06,233 I  [LoggingFilter       ] - IDLE
2014-04-01 22:20:06,234 I  [LoggingFilter       ] - SENT: HeapBuffer[pos=0 lim=1 cap=1: FF]
2014-04-01 22:20:06,252 I  [LoggingFilter       ] - RECEIVED: HeapBuffer[pos=0 lim=1 cap=64: FE]
2014-04-01 22:20:34,196 I  [LoggingFilter       ] - RECEIVED: HeapBuffer[pos=0 lim=9 cap=64: 70 6F 73 69 74 69 6F 6E 0A]
2014-04-01 22:20:34,196 D  [ProtocolCodecFilter ] - Processing a MESSAGE_RECEIVED for session 1
2014-04-01 22:20:34,196 I  [PushClient4Test     ] - 客户端接受到服务端命令请求:position,
2014-04-01 22:20:34,197 I  [LoggingFilter       ] - SENT: HeapBuffer[pos=0 lim=0 cap=0: empty]
2014-04-01 22:20:34,197 I  [PushClient4Test     ] - 客户端向服务端发送消息:{"loctype":0, "lon":111,"lat":111,"radius":111},
2014-04-01 22:20:36,049 I  [LoggingFilter       ] - RECEIVED: HeapBuffer[pos=0 lim=9 cap=64: 70 6F 73 69 74 69 6F 6E 0A]
2014-04-01 22:20:36,050 D  [ProtocolCodecFilter ] - Processing a MESSAGE_RECEIVED for session 1
2014-04-01 22:20:36,050 I  [PushClient4Test     ] - 客户端接受到服务端命令请求:position,
2014-04-01 22:20:36,050 I  [LoggingFilter       ] - SENT: HeapBuffer[pos=0 lim=0 cap=0: empty]
2014-04-01 22:20:36,050 I  [PushClient4Test     ] - 客户端向服务端发送消息:{"loctype":0, "lon":111,"lat":111,"radius":111},
2014-04-01 22:20:37,870 I  [LoggingFilter       ] - RECEIVED: HeapBuffer[pos=0 lim=9 cap=64: 70 6F 73 69 74 69 6F 6E 0A]
2014-04-01 22:20:37,870 D  [ProtocolCodecFilter ] - Processing a MESSAGE_RECEIVED for session 1
2014-04-01 22:20:37,871 I  [PushClient4Test     ] - 客户端接受到服务端命令请求:position,
2014-04-01 22:20:37,871 I  [LoggingFilter       ] - SENT: HeapBuffer[pos=0 lim=0 cap=0: empty]
2014-04-01 22:20:37,871 I  [PushClient4Test     ] - 客户端向服务端发送消息:{"loctype":0, "lon":111,"lat":111,"radius":111},
2014-04-01 22:20:39,255 I  [LoggingFilter       ] - RECEIVED: HeapBuffer[pos=0 lim=9 cap=64: 70 6F 73 69 74 69 6F 6E 0A]
2014-04-01 22:20:39,255 D  [ProtocolCodecFilter ] - Processing a MESSAGE_RECEIVED for session 1
2014-04-01 22:20:39,255 I  [PushClient4Test     ] - 客户端接受到服务端命令请求:position,
2014-04-01 22:20:39,256 I  [LoggingFilter       ] - SENT: HeapBuffer[pos=0 lim=0 cap=0: empty]
2014-04-01 22:20:39,256 I  [PushClient4Test     ] - 客户端向服务端发送消息:{"loctype":0, "lon":111,"lat":111,"radius":111},
2014-04-01 22:20:40,832 I  [LoggingFilter       ] - RECEIVED: HeapBuffer[pos=0 lim=9 cap=64: 70 6F 73 69 74 69 6F 6E 0A]
2014-04-01 22:20:40,832 D  [ProtocolCodecFilter ] - Processing a MESSAGE_RECEIVED for session 1
2014-04-01 22:20:40,833 I  [PushClient4Test     ] - 客户端接受到服务端命令请求:position,
2014-04-01 22:20:40,834 I  [LoggingFilter       ] - SENT: HeapBuffer[pos=0 lim=0 cap=0: empty]
2014-04-01 22:20:40,834 I  [PushClient4Test     ] - 客户端向服务端发送消息:{"loctype":0, "lon":111,"lat":111,"radius":111},
2014-04-01 22:21:40,838 I  [LoggingFilter       ] - IDLE
2014-04-01 22:21:40,838 I  [LoggingFilter       ] - IDLE
2014-04-01 22:21:40,839 I  [LoggingFilter       ] - SENT: HeapBuffer[pos=0 lim=1 cap=1: FF]
2014-04-01 22:21:40,854 I  [LoggingFilter       ] - RECEIVED: HeapBuffer[pos=0 lim=1 cap=64: FE]
2014-04-01 22:22:40,860 I  [LoggingFilter       ] - IDLE
2014-04-01 22:22:40,860 I  [LoggingFilter       ] - IDLE
2014-04-01 22:22:40,861 I  [LoggingFilter       ] - SENT: HeapBuffer[pos=0 lim=1 cap=1: FF]
2014-04-01 22:22:40,877 I  [LoggingFilter       ] - RECEIVED: HeapBuffer[pos=0 lim=1 cap=64: FE]
2014-04-01 22:23:40,881 I  [LoggingFilter       ] - IDLE
2014-04-01 22:23:40,881 I  [LoggingFilter       ] - IDLE
2014-04-01 22:23:40,882 I  [LoggingFilter       ] - SENT: HeapBuffer[pos=0 lim=1 cap=1: FF]
2014-04-01 22:23:40,902 I  [LoggingFilter       ] - RECEIVED: HeapBuffer[pos=0 lim=1 cap=64: FE]
2014-04-01 22:24:40,905 I  [LoggingFilter       ] - IDLE
2014-04-01 22:24:40,905 I  [LoggingFilter       ] - IDLE
2014-04-01 22:24:40,906 I  [LoggingFilter       ] - SENT: HeapBuffer[pos=0 lim=1 cap=1: FF]
2014-04-01 22:24:40,920 I  [LoggingFilter       ] - RECEIVED: HeapBuffer[pos=0 lim=1 cap=64: FE]
2014-04-01 22:25:40,924 I  [LoggingFilter       ] - IDLE
2014-04-01 22:25:40,924 I  [LoggingFilter       ] - IDLE
2014-04-01 22:25:40,925 I  [LoggingFilter       ] - SENT: HeapBuffer[pos=0 lim=1 cap=1: FF]
2014-04-01 22:25:40,963 I  [LoggingFilter       ] - RECEIVED: HeapBuffer[pos=0 lim=1 cap=64: FE]
