2014-04-11 20:22:04,011 I  [LoggingFilter       ] - CREATED
2014-04-11 20:22:04,016 I  [LoggingFilter       ] - OPENED
2014-04-11 20:22:04,023 I  [LoggingFilter       ] - SENT: HeapBuffer[pos=0 lim=0 cap=0: empty]
2014-04-11 20:22:04,024 I  [PushClient4Test     ] - 客户端向服务端发送消息:add:{"simNo":"sim18701585848","teleNo":"18701585848"}
2014-04-11 20:22:04,024 I  [LoggingFilter       ] - SENT: HeapBuffer[pos=0 lim=0 cap=0: empty]
2014-04-11 20:22:04,024 I  [PushClient4Test     ] - 客户端向服务端发送消息:add:{"simNo":"sim18701585849","teleNo":"18701585849"}
2014-04-11 20:23:04,034 I  [LoggingFilter       ] - IDLE
2014-04-11 20:23:04,034 I  [LoggingFilter       ] - IDLE
2014-04-11 20:23:04,035 I  [LoggingFilter       ] - SENT: HeapBuffer[pos=0 lim=1 cap=1: FF]
2014-04-11 20:23:04,050 I  [LoggingFilter       ] - RECEIVED: HeapBuffer[pos=0 lim=1 cap=2048: FE]
2014-04-11 20:24:04,054 I  [LoggingFilter       ] - IDLE
2014-04-11 20:24:04,054 I  [LoggingFilter       ] - IDLE
2014-04-11 20:24:04,055 I  [LoggingFilter       ] - SENT: HeapBuffer[pos=0 lim=1 cap=1: FF]
2014-04-11 20:24:04,066 I  [LoggingFilter       ] - RECEIVED: HeapBuffer[pos=0 lim=1 cap=2048: FE]
2014-04-11 20:25:04,070 I  [LoggingFilter       ] - IDLE
2014-04-11 20:25:04,070 I  [LoggingFilter       ] - IDLE
2014-04-11 20:25:04,071 I  [LoggingFilter       ] - SENT: HeapBuffer[pos=0 lim=1 cap=1: FF]
2014-04-11 20:25:04,085 I  [LoggingFilter       ] - RECEIVED: HeapBuffer[pos=0 lim=1 cap=1024: FE]
2014-04-11 20:26:04,089 I  [LoggingFilter       ] - IDLE
2014-04-11 20:26:04,089 I  [LoggingFilter       ] - IDLE
2014-04-11 20:26:04,090 I  [LoggingFilter       ] - SENT: HeapBuffer[pos=0 lim=1 cap=1: FF]
2014-04-11 20:26:04,104 I  [LoggingFilter       ] - RECEIVED: HeapBuffer[pos=0 lim=1 cap=1024: FE]
2014-04-11 20:27:04,107 I  [LoggingFilter       ] - IDLE
2014-04-11 20:27:04,107 I  [LoggingFilter       ] - IDLE
2014-04-11 20:27:04,108 I  [LoggingFilter       ] - SENT: HeapBuffer[pos=0 lim=1 cap=1: FF]
2014-04-11 20:27:04,119 I  [LoggingFilter       ] - RECEIVED: HeapBuffer[pos=0 lim=1 cap=512: FE]
2014-04-11 20:28:04,123 I  [LoggingFilter       ] - IDLE
2014-04-11 20:28:04,123 I  [LoggingFilter       ] - IDLE
2014-04-11 20:28:04,124 I  [LoggingFilter       ] - SENT: HeapBuffer[pos=0 lim=1 cap=1: FF]
2014-04-11 20:28:04,137 I  [LoggingFilter       ] - RECEIVED: HeapBuffer[pos=0 lim=1 cap=512: FE]
2014-04-11 20:41:33,041 I  [LoggingFilter       ] - CREATED
2014-04-11 20:41:33,047 I  [LoggingFilter       ] - OPENED
2014-04-11 20:41:33,052 I  [LoggingFilter       ] - SENT: HeapBuffer[pos=0 lim=0 cap=0: empty]
2014-04-11 20:41:33,053 I  [PushClient4Test     ] - 客户端向服务端发送消息:add:{"simNo":"sim18701585848","teleNo":"18701585848"}
2014-04-11 20:41:33,053 I  [LoggingFilter       ] - SENT: HeapBuffer[pos=0 lim=0 cap=0: empty]
2014-04-11 20:41:33,053 I  [PushClient4Test     ] - 客户端向服务端发送消息:add:{"simNo":"sim18701585849","teleNo":"18701585849"}
2014-04-11 20:42:33,059 I  [LoggingFilter       ] - IDLE
2014-04-11 20:42:33,059 I  [LoggingFilter       ] - IDLE
2014-04-11 20:42:33,060 I  [LoggingFilter       ] - SENT: HeapBuffer[pos=0 lim=1 cap=1: FF]
2014-04-11 20:42:33,085 I  [LoggingFilter       ] - RECEIVED: HeapBuffer[pos=0 lim=1 cap=2048: FE]
2014-04-11 20:46:19,532 I  [LoggingFilter       ] - CREATED
2014-04-11 20:46:19,537 I  [LoggingFilter       ] - OPENED
2014-04-11 20:46:19,543 I  [LoggingFilter       ] - SENT: HeapBuffer[pos=0 lim=0 cap=0: empty]
2014-04-11 20:46:19,543 I  [PushClient4Test     ] - 客户端向服务端发送消息:add:{"simNo":"sim18701585848","teleNo":"18701585848"}
2014-04-11 20:46:19,544 I  [LoggingFilter       ] - SENT: HeapBuffer[pos=0 lim=0 cap=0: empty]
2014-04-11 20:46:19,544 I  [PushClient4Test     ] - 客户端向服务端发送消息:add:{"simNo":"sim18701585849","teleNo":"18701585849"}
2014-04-11 20:47:19,548 I  [LoggingFilter       ] - IDLE
2014-04-11 20:47:19,548 I  [LoggingFilter       ] - IDLE
2014-04-11 20:47:19,549 I  [LoggingFilter       ] - SENT: HeapBuffer[pos=0 lim=1 cap=1: FF]
2014-04-11 20:47:19,581 I  [LoggingFilter       ] - RECEIVED: HeapBuffer[pos=0 lim=1 cap=2048: FE]
2014-04-11 20:48:19,584 I  [LoggingFilter       ] - IDLE
2014-04-11 20:48:19,584 I  [LoggingFilter       ] - IDLE
2014-04-11 20:48:19,584 I  [LoggingFilter       ] - SENT: HeapBuffer[pos=0 lim=1 cap=1: FF]
2014-04-11 20:48:19,601 I  [LoggingFilter       ] - RECEIVED: HeapBuffer[pos=0 lim=1 cap=2048: FE]
2014-04-11 20:49:19,605 I  [LoggingFilter       ] - IDLE
2014-04-11 20:49:19,605 I  [LoggingFilter       ] - IDLE
2014-04-11 20:49:19,606 I  [LoggingFilter       ] - SENT: HeapBuffer[pos=0 lim=1 cap=1: FF]
2014-04-11 20:49:19,623 I  [LoggingFilter       ] - RECEIVED: HeapBuffer[pos=0 lim=1 cap=1024: FE]
2014-04-11 20:50:19,626 I  [LoggingFilter       ] - IDLE
2014-04-11 20:50:19,626 I  [LoggingFilter       ] - IDLE
2014-04-11 20:50:19,627 I  [LoggingFilter       ] - SENT: HeapBuffer[pos=0 lim=1 cap=1: FF]
2014-04-11 20:50:19,647 I  [LoggingFilter       ] - RECEIVED: HeapBuffer[pos=0 lim=1 cap=1024: FE]
2014-04-11 20:51:19,652 I  [LoggingFilter       ] - IDLE
2014-04-11 20:51:19,652 I  [LoggingFilter       ] - IDLE
2014-04-11 20:51:19,653 I  [LoggingFilter       ] - SENT: HeapBuffer[pos=0 lim=1 cap=1: FF]
2014-04-11 20:51:19,670 I  [LoggingFilter       ] - RECEIVED: HeapBuffer[pos=0 lim=1 cap=512: FE]
2014-04-11 20:52:19,673 I  [LoggingFilter       ] - IDLE
2014-04-11 20:52:19,673 I  [LoggingFilter       ] - IDLE
2014-04-11 20:52:19,674 I  [LoggingFilter       ] - SENT: HeapBuffer[pos=0 lim=1 cap=1: FF]
2014-04-11 20:52:19,691 I  [LoggingFilter       ] - RECEIVED: HeapBuffer[pos=0 lim=1 cap=512: FE]
2014-04-11 20:53:19,696 I  [LoggingFilter       ] - IDLE
2014-04-11 20:53:19,696 I  [LoggingFilter       ] - IDLE
2014-04-11 20:53:19,697 I  [LoggingFilter       ] - SENT: HeapBuffer[pos=0 lim=1 cap=1: FF]
2014-04-11 20:53:19,714 I  [LoggingFilter       ] - RECEIVED: HeapBuffer[pos=0 lim=1 cap=256: FE]
2014-04-11 20:54:19,718 I  [LoggingFilter       ] - IDLE
2014-04-11 20:54:19,718 I  [LoggingFilter       ] - IDLE
2014-04-11 20:54:19,719 I  [LoggingFilter       ] - SENT: HeapBuffer[pos=0 lim=1 cap=1: FF]
2014-04-11 20:54:19,738 I  [LoggingFilter       ] - RECEIVED: HeapBuffer[pos=0 lim=1 cap=256: FE]
2014-04-11 20:55:19,753 I  [LoggingFilter       ] - IDLE
2014-04-11 20:55:19,753 I  [LoggingFilter       ] - IDLE
2014-04-11 20:55:19,754 I  [LoggingFilter       ] - SENT: HeapBuffer[pos=0 lim=1 cap=1: FF]
2014-04-11 20:55:19,773 I  [LoggingFilter       ] - RECEIVED: HeapBuffer[pos=0 lim=1 cap=128: FE]
2014-04-11 20:56:19,777 I  [LoggingFilter       ] - IDLE
2014-04-11 20:56:19,777 I  [LoggingFilter       ] - IDLE
2014-04-11 20:56:19,777 I  [LoggingFilter       ] - SENT: HeapBuffer[pos=0 lim=1 cap=1: FF]
2014-04-11 20:56:19,813 I  [LoggingFilter       ] - RECEIVED: HeapBuffer[pos=0 lim=1 cap=128: FE]
2014-04-11 21:46:15,877 I  [LoggingFilter       ] - CREATED
2014-04-11 21:46:15,883 I  [LoggingFilter       ] - OPENED
2014-04-11 21:46:15,888 I  [LoggingFilter       ] - SENT: HeapBuffer[pos=0 lim=0 cap=0: empty]
2014-04-11 21:46:15,889 I  [PushClient4Test     ] - 客户端向服务端发送消息:add:{"simNo":"13401167851","teleNo":"13401167851"}
2014-04-11 21:46:15,889 I  [LoggingFilter       ] - SENT: HeapBuffer[pos=0 lim=0 cap=0: empty]
2014-04-11 21:46:15,889 I  [PushClient4Test     ] - 客户端向服务端发送消息:add:{"simNo":"sim18701585849","teleNo":"18701585849"}
2014-04-11 21:46:23,021 I  [LoggingFilter       ] - RECEIVED: HeapBuffer[pos=0 lim=9 cap=2048: 70 6F 73 69 74 69 6F 6E 0A]
2014-04-11 21:46:23,022 D  [ProtocolCodecFilter ] - Processing a MESSAGE_RECEIVED for session 1
2014-04-11 21:46:23,024 I  [PushClient4Test     ] - 客户端接受到服务端命令请求:position
2014-04-11 21:46:23,024 I  [LoggingFilter       ] - SENT: HeapBuffer[pos=0 lim=0 cap=0: empty]
2014-04-11 21:46:23,025 I  [PushClient4Test     ] - 客户端向服务端发送消息:position:{"loctype":0, "lon":111,"lat":111,"radius":111}
2014-04-11 21:46:23,040 I  [LoggingFilter       ] - RECEIVED: HeapBuffer[pos=0 lim=9 cap=2048: 70 6F 73 69 74 69 6F 6E 0A]
2014-04-11 21:46:23,040 D  [ProtocolCodecFilter ] - Processing a MESSAGE_RECEIVED for session 1
2014-04-11 21:46:23,041 I  [PushClient4Test     ] - 客户端接受到服务端命令请求:position
2014-04-11 21:46:23,041 I  [LoggingFilter       ] - SENT: HeapBuffer[pos=0 lim=0 cap=0: empty]
2014-04-11 21:46:23,041 I  [PushClient4Test     ] - 客户端向服务端发送消息:position:{"loctype":0, "lon":111,"lat":111,"radius":111}
2014-04-11 21:47:23,044 I  [LoggingFilter       ] - IDLE
2014-04-11 21:47:23,044 I  [LoggingFilter       ] - IDLE
2014-04-11 21:47:23,045 I  [LoggingFilter       ] - SENT: HeapBuffer[pos=0 lim=1 cap=1: FF]
2014-04-11 21:47:23,076 I  [LoggingFilter       ] - RECEIVED: HeapBuffer[pos=0 lim=1 cap=1024: FE]
2014-04-11 21:47:24,094 I  [LoggingFilter       ] - RECEIVED: HeapBuffer[pos=0 lim=9 cap=1024: 70 6F 73 69 74 69 6F 6E 0A]
2014-04-11 21:47:24,094 D  [ProtocolCodecFilter ] - Processing a MESSAGE_RECEIVED for session 1
2014-04-11 21:47:24,095 I  [PushClient4Test     ] - 客户端接受到服务端命令请求:position
2014-04-11 21:47:24,095 I  [LoggingFilter       ] - SENT: HeapBuffer[pos=0 lim=0 cap=0: empty]
2014-04-11 21:47:24,095 I  [PushClient4Test     ] - 客户端向服务端发送消息:position:{"loctype":0, "lon":111,"lat":111,"radius":111}
2014-04-11 21:47:31,164 I  [LoggingFilter       ] - RECEIVED: HeapBuffer[pos=0 lim=9 cap=512: 70 6F 73 69 74 69 6F 6E 0A]
2014-04-11 21:47:31,164 D  [ProtocolCodecFilter ] - Processing a MESSAGE_RECEIVED for session 1
2014-04-11 21:47:31,164 I  [PushClient4Test     ] - 客户端接受到服务端命令请求:position
2014-04-11 21:47:31,165 I  [LoggingFilter       ] - SENT: HeapBuffer[pos=0 lim=0 cap=0: empty]
2014-04-11 21:47:31,165 I  [PushClient4Test     ] - 客户端向服务端发送消息:position:{"loctype":0, "lon":111,"lat":111,"radius":111}
2014-04-11 21:47:32,305 I  [LoggingFilter       ] - RECEIVED: HeapBuffer[pos=0 lim=9 cap=512: 70 6F 73 69 74 69 6F 6E 0A]
2014-04-11 21:47:32,305 D  [ProtocolCodecFilter ] - Processing a MESSAGE_RECEIVED for session 1
2014-04-11 21:47:32,305 I  [PushClient4Test     ] - 客户端接受到服务端命令请求:position
2014-04-11 21:47:32,306 I  [LoggingFilter       ] - SENT: HeapBuffer[pos=0 lim=0 cap=0: empty]
2014-04-11 21:47:32,306 I  [PushClient4Test     ] - 客户端向服务端发送消息:position:{"loctype":0, "lon":111,"lat":111,"radius":111}
2014-04-11 21:47:32,878 I  [LoggingFilter       ] - RECEIVED: HeapBuffer[pos=0 lim=9 cap=256: 70 6F 73 69 74 69 6F 6E 0A]
2014-04-11 21:47:32,878 D  [ProtocolCodecFilter ] - Processing a MESSAGE_RECEIVED for session 1
2014-04-11 21:47:32,879 I  [PushClient4Test     ] - 客户端接受到服务端命令请求:position
2014-04-11 21:47:32,879 I  [LoggingFilter       ] - SENT: HeapBuffer[pos=0 lim=0 cap=0: empty]
2014-04-11 21:47:32,879 I  [PushClient4Test     ] - 客户端向服务端发送消息:position:{"loctype":0, "lon":111,"lat":111,"radius":111}
2014-04-11 21:47:33,378 I  [LoggingFilter       ] - RECEIVED: HeapBuffer[pos=0 lim=9 cap=256: 70 6F 73 69 74 69 6F 6E 0A]
2014-04-11 21:47:33,392 D  [ProtocolCodecFilter ] - Processing a MESSAGE_RECEIVED for session 1
2014-04-11 21:47:33,393 I  [PushClient4Test     ] - 客户端接受到服务端命令请求:position
2014-04-11 21:47:33,393 I  [LoggingFilter       ] - SENT: HeapBuffer[pos=0 lim=0 cap=0: empty]
2014-04-11 21:47:33,394 I  [PushClient4Test     ] - 客户端向服务端发送消息:position:{"loctype":0, "lon":111,"lat":111,"radius":111}
2014-04-11 21:47:33,696 I  [LoggingFilter       ] - RECEIVED: HeapBuffer[pos=0 lim=9 cap=128: 70 6F 73 69 74 69 6F 6E 0A]
2014-04-11 21:47:33,697 D  [ProtocolCodecFilter ] - Processing a MESSAGE_RECEIVED for session 1
2014-04-11 21:47:33,697 I  [PushClient4Test     ] - 客户端接受到服务端命令请求:position
2014-04-11 21:47:33,698 I  [LoggingFilter       ] - SENT: HeapBuffer[pos=0 lim=0 cap=0: empty]
2014-04-11 21:47:33,699 I  [PushClient4Test     ] - 客户端向服务端发送消息:position:{"loctype":0, "lon":111,"lat":111,"radius":111}
2014-04-11 21:47:33,914 I  [LoggingFilter       ] - RECEIVED: HeapBuffer[pos=0 lim=9 cap=128: 70 6F 73 69 74 69 6F 6E 0A]
2014-04-11 21:47:33,914 D  [ProtocolCodecFilter ] - Processing a MESSAGE_RECEIVED for session 1
2014-04-11 21:47:33,915 I  [PushClient4Test     ] - 客户端接受到服务端命令请求:position
2014-04-11 21:47:33,916 I  [LoggingFilter       ] - SENT: HeapBuffer[pos=0 lim=0 cap=0: empty]
2014-04-11 21:47:33,916 I  [PushClient4Test     ] - 客户端向服务端发送消息:position:{"loctype":0, "lon":111,"lat":111,"radius":111}
2014-04-11 21:47:34,102 I  [LoggingFilter       ] - RECEIVED: HeapBuffer[pos=0 lim=9 cap=64: 70 6F 73 69 74 69 6F 6E 0A]
2014-04-11 21:47:34,102 D  [ProtocolCodecFilter ] - Processing a MESSAGE_RECEIVED for session 1
2014-04-11 21:47:34,102 I  [PushClient4Test     ] - 客户端接受到服务端命令请求:position
2014-04-11 21:47:34,103 I  [LoggingFilter       ] - SENT: HeapBuffer[pos=0 lim=0 cap=0: empty]
2014-04-11 21:47:34,103 I  [PushClient4Test     ] - 客户端向服务端发送消息:position:{"loctype":0, "lon":111,"lat":111,"radius":111}
2014-04-11 21:47:34,420 I  [LoggingFilter       ] - RECEIVED: HeapBuffer[pos=0 lim=9 cap=64: 70 6F 73 69 74 69 6F 6E 0A]
2014-04-11 21:47:34,421 D  [ProtocolCodecFilter ] - Processing a MESSAGE_RECEIVED for session 1
2014-04-11 21:47:34,421 I  [PushClient4Test     ] - 客户端接受到服务端命令请求:position
2014-04-11 21:47:34,421 I  [LoggingFilter       ] - SENT: HeapBuffer[pos=0 lim=0 cap=0: empty]
2014-04-11 21:47:34,422 I  [PushClient4Test     ] - 客户端向服务端发送消息:position:{"loctype":0, "lon":111,"lat":111,"radius":111}
2014-04-11 21:47:34,609 I  [LoggingFilter       ] - RECEIVED: HeapBuffer[pos=0 lim=9 cap=64: 70 6F 73 69 74 69 6F 6E 0A]
2014-04-11 21:47:34,609 D  [ProtocolCodecFilter ] - Processing a MESSAGE_RECEIVED for session 1
2014-04-11 21:47:34,609 I  [PushClient4Test     ] - 客户端接受到服务端命令请求:position
2014-04-11 21:47:34,610 I  [LoggingFilter       ] - SENT: HeapBuffer[pos=0 lim=0 cap=0: empty]
2014-04-11 21:47:34,610 I  [PushClient4Test     ] - 客户端向服务端发送消息:position:{"loctype":0, "lon":111,"lat":111,"radius":111}
2014-04-11 21:47:34,768 I  [LoggingFilter       ] - RECEIVED: HeapBuffer[pos=0 lim=9 cap=64: 70 6F 73 69 74 69 6F 6E 0A]
2014-04-11 21:47:34,768 D  [ProtocolCodecFilter ] - Processing a MESSAGE_RECEIVED for session 1
2014-04-11 21:47:34,768 I  [PushClient4Test     ] - 客户端接受到服务端命令请求:position
2014-04-11 21:47:34,769 I  [LoggingFilter       ] - SENT: HeapBuffer[pos=0 lim=0 cap=0: empty]
2014-04-11 21:47:34,769 I  [PushClient4Test     ] - 客户端向服务端发送消息:position:{"loctype":0, "lon":111,"lat":111,"radius":111}
2014-04-11 21:47:34,992 I  [LoggingFilter       ] - RECEIVED: HeapBuffer[pos=0 lim=9 cap=64: 70 6F 73 69 74 69 6F 6E 0A]
2014-04-11 21:47:34,992 D  [ProtocolCodecFilter ] - Processing a MESSAGE_RECEIVED for session 1
2014-04-11 21:47:34,992 I  [PushClient4Test     ] - 客户端接受到服务端命令请求:position
2014-04-11 21:47:34,993 I  [LoggingFilter       ] - SENT: HeapBuffer[pos=0 lim=0 cap=0: empty]
2014-04-11 21:47:34,993 I  [PushClient4Test     ] - 客户端向服务端发送消息:position:{"loctype":0, "lon":111,"lat":111,"radius":111}
2014-04-11 21:47:35,401 I  [LoggingFilter       ] - RECEIVED: HeapBuffer[pos=0 lim=9 cap=64: 70 6F 73 69 74 69 6F 6E 0A]
2014-04-11 21:47:35,401 D  [ProtocolCodecFilter ] - Processing a MESSAGE_RECEIVED for session 1
2014-04-11 21:47:35,401 I  [PushClient4Test     ] - 客户端接受到服务端命令请求:position
2014-04-11 21:47:35,402 I  [LoggingFilter       ] - SENT: HeapBuffer[pos=0 lim=0 cap=0: empty]
2014-04-11 21:47:35,403 I  [PushClient4Test     ] - 客户端向服务端发送消息:position:{"loctype":0, "lon":111,"lat":111,"radius":111}
2014-04-11 21:47:35,584 I  [LoggingFilter       ] - RECEIVED: HeapBuffer[pos=0 lim=9 cap=64: 70 6F 73 69 74 69 6F 6E 0A]
2014-04-11 21:47:35,584 D  [ProtocolCodecFilter ] - Processing a MESSAGE_RECEIVED for session 1
2014-04-11 21:47:35,585 I  [PushClient4Test     ] - 客户端接受到服务端命令请求:position
2014-04-11 21:47:35,585 I  [LoggingFilter       ] - SENT: HeapBuffer[pos=0 lim=0 cap=0: empty]
2014-04-11 21:47:35,585 I  [PushClient4Test     ] - 客户端向服务端发送消息:position:{"loctype":0, "lon":111,"lat":111,"radius":111}
2014-04-11 21:47:35,986 I  [LoggingFilter       ] - RECEIVED: HeapBuffer[pos=0 lim=9 cap=64: 70 6F 73 69 74 69 6F 6E 0A]
2014-04-11 21:47:35,987 D  [ProtocolCodecFilter ] - Processing a MESSAGE_RECEIVED for session 1
2014-04-11 21:47:35,987 I  [PushClient4Test     ] - 客户端接受到服务端命令请求:position
2014-04-11 21:47:35,988 I  [LoggingFilter       ] - SENT: HeapBuffer[pos=0 lim=0 cap=0: empty]
2014-04-11 21:47:35,988 I  [PushClient4Test     ] - 客户端向服务端发送消息:position:{"loctype":0, "lon":111,"lat":111,"radius":111}
2014-04-11 21:47:36,295 I  [LoggingFilter       ] - RECEIVED: HeapBuffer[pos=0 lim=9 cap=64: 70 6F 73 69 74 69 6F 6E 0A]
2014-04-11 21:47:36,295 D  [ProtocolCodecFilter ] - Processing a MESSAGE_RECEIVED for session 1
2014-04-11 21:47:36,296 I  [PushClient4Test     ] - 客户端接受到服务端命令请求:position
2014-04-11 21:47:36,296 I  [LoggingFilter       ] - SENT: HeapBuffer[pos=0 lim=0 cap=0: empty]
2014-04-11 21:47:36,296 I  [PushClient4Test     ] - 客户端向服务端发送消息:position:{"loctype":0, "lon":111,"lat":111,"radius":111}
