2014-03-25 17:39:58,215 I  [LoggingFilter       ] - CREATED
2014-03-25 17:39:58,230 I  [LoggingFilter       ] - OPENED
2014-03-25 17:40:00,995 I  [LoggingFilter       ] - CLOSED
2014-03-25 17:50:28,725 I  [LoggingFilter       ] - CREATED
2014-03-25 17:50:28,740 I  [LoggingFilter       ] - OPENED
2014-03-25 17:50:49,490 W  [LoggingFilter       ] - EXCEPTION :
java.io.IOException: 远程主机强迫关闭了一个现有的连接。
	at sun.nio.ch.SocketDispatcher.read0(Native Method) ~[na:1.6.0_31]
	at sun.nio.ch.SocketDispatcher.read(SocketDispatcher.java:25) ~[na:1.6.0_31]
	at sun.nio.ch.IOUtil.readIntoNativeBuffer(IOUtil.java:198) ~[na:1.6.0_31]
	at sun.nio.ch.IOUtil.read(IOUtil.java:171) ~[na:1.6.0_31]
	at sun.nio.ch.SocketChannelImpl.read(SocketChannelImpl.java:243) ~[na:1.6.0_31]
	at org.apache.mina.transport.socket.nio.NioProcessor.read(NioProcessor.java:273) ~[mina-core-2.0.7.jar:na]
	at org.apache.mina.transport.socket.nio.NioProcessor.read(NioProcessor.java:44) ~[mina-core-2.0.7.jar:na]
	at org.apache.mina.core.polling.AbstractPollingIoProcessor.read(AbstractPollingIoProcessor.java:690) [mina-core-2.0.7.jar:na]
	at org.apache.mina.core.polling.AbstractPollingIoProcessor.process(AbstractPollingIoProcessor.java:664) [mina-core-2.0.7.jar:na]
	at org.apache.mina.core.polling.AbstractPollingIoProcessor.process(AbstractPollingIoProcessor.java:653) [mina-core-2.0.7.jar:na]
	at org.apache.mina.core.polling.AbstractPollingIoProcessor.access$600(AbstractPollingIoProcessor.java:67) [mina-core-2.0.7.jar:na]
	at org.apache.mina.core.polling.AbstractPollingIoProcessor$Processor.run(AbstractPollingIoProcessor.java:1124) [mina-core-2.0.7.jar:na]
	at org.apache.mina.util.NamePreservingRunnable.run(NamePreservingRunnable.java:64) [mina-core-2.0.7.jar:na]
	at java.util.concurrent.ThreadPoolExecutor$Worker.runTask(ThreadPoolExecutor.java:886) [na:1.6.0_31]
	at java.util.concurrent.ThreadPoolExecutor$Worker.run(ThreadPoolExecutor.java:908) [na:1.6.0_31]
	at java.lang.Thread.run(Thread.java:662) [na:1.6.0_31]
2014-03-25 17:50:49,490 W  [PushClient4Test     ] - EXCEPTION, please implement com.hbdrawn.push.PushClient4Test.exceptionCaught() for proper handling:
java.io.IOException: 远程主机强迫关闭了一个现有的连接。
	at sun.nio.ch.SocketDispatcher.read0(Native Method) ~[na:1.6.0_31]
	at sun.nio.ch.SocketDispatcher.read(SocketDispatcher.java:25) ~[na:1.6.0_31]
	at sun.nio.ch.IOUtil.readIntoNativeBuffer(IOUtil.java:198) ~[na:1.6.0_31]
	at sun.nio.ch.IOUtil.read(IOUtil.java:171) ~[na:1.6.0_31]
	at sun.nio.ch.SocketChannelImpl.read(SocketChannelImpl.java:243) ~[na:1.6.0_31]
	at org.apache.mina.transport.socket.nio.NioProcessor.read(NioProcessor.java:273) ~[mina-core-2.0.7.jar:na]
	at org.apache.mina.transport.socket.nio.NioProcessor.read(NioProcessor.java:44) ~[mina-core-2.0.7.jar:na]
	at org.apache.mina.core.polling.AbstractPollingIoProcessor.read(AbstractPollingIoProcessor.java:690) [mina-core-2.0.7.jar:na]
	at org.apache.mina.core.polling.AbstractPollingIoProcessor.process(AbstractPollingIoProcessor.java:664) [mina-core-2.0.7.jar:na]
	at org.apache.mina.core.polling.AbstractPollingIoProcessor.process(AbstractPollingIoProcessor.java:653) [mina-core-2.0.7.jar:na]
	at org.apache.mina.core.polling.AbstractPollingIoProcessor.access$600(AbstractPollingIoProcessor.java:67) [mina-core-2.0.7.jar:na]
	at org.apache.mina.core.polling.AbstractPollingIoProcessor$Processor.run(AbstractPollingIoProcessor.java:1124) [mina-core-2.0.7.jar:na]
	at org.apache.mina.util.NamePreservingRunnable.run(NamePreservingRunnable.java:64) [mina-core-2.0.7.jar:na]
	at java.util.concurrent.ThreadPoolExecutor$Worker.runTask(ThreadPoolExecutor.java:886) [na:1.6.0_31]
	at java.util.concurrent.ThreadPoolExecutor$Worker.run(ThreadPoolExecutor.java:908) [na:1.6.0_31]
	at java.lang.Thread.run(Thread.java:662) [na:1.6.0_31]
2014-03-25 17:50:49,506 I  [LoggingFilter       ] - CLOSED
2014-03-25 17:59:04,418 I  [LoggingFilter       ] - CREATED
2014-03-25 17:59:04,418 I  [LoggingFilter       ] - OPENED
2014-03-25 18:00:05,259 I  [LoggingFilter       ] - IDLE
2014-03-25 18:00:05,259 I  [LoggingFilter       ] - IDLE
2014-03-25 18:00:05,259 I  [LoggingFilter       ] - SENT: HeapBuffer[pos=0 lim=1 cap=1: FF]
2014-03-25 18:00:05,259 I  [LoggingFilter       ] - RECEIVED: HeapBuffer[pos=0 lim=1 cap=2048: FE]
2014-03-25 18:01:06,100 I  [LoggingFilter       ] - IDLE
2014-03-25 18:01:06,100 I  [LoggingFilter       ] - IDLE
2014-03-25 18:01:06,100 I  [LoggingFilter       ] - SENT: HeapBuffer[pos=0 lim=1 cap=1: FF]
2014-03-25 18:01:06,100 I  [LoggingFilter       ] - RECEIVED: HeapBuffer[pos=0 lim=2 cap=2048: FF FE]
2014-03-25 18:01:06,100 D  [ProtocolCodecFilter ] - Processing a MESSAGE_RECEIVED for session 1
2014-03-25 18:01:36,521 I  [LoggingFilter       ] - IDLE
2014-03-25 18:01:36,521 W  [ExceptionHandler    ] - 连接超时，session将被清理
2014-03-25 18:01:36,521 I  [LoggingFilter       ] - CLOSED
2014-03-25 18:12:23,663 I  [LoggingFilter       ] - CREATED
2014-03-25 18:12:23,663 I  [LoggingFilter       ] - OPENED
2014-03-25 18:13:24,504 I  [LoggingFilter       ] - IDLE
2014-03-25 18:13:24,504 I  [LoggingFilter       ] - IDLE
2014-03-25 18:13:24,504 I  [LoggingFilter       ] - SENT: HeapBuffer[pos=0 lim=1 cap=1: FF]
2014-03-25 18:13:24,504 I  [LoggingFilter       ] - RECEIVED: HeapBuffer[pos=0 lim=1 cap=2048: FE]
2014-03-25 18:14:25,345 I  [LoggingFilter       ] - IDLE
2014-03-25 18:14:25,345 I  [LoggingFilter       ] - IDLE
2014-03-25 18:14:25,345 I  [LoggingFilter       ] - SENT: HeapBuffer[pos=0 lim=1 cap=1: FF]
2014-03-25 18:14:25,345 I  [LoggingFilter       ] - RECEIVED: HeapBuffer[pos=0 lim=2 cap=2048: FF FE]
2014-03-25 18:14:25,345 D  [ProtocolCodecFilter ] - Processing a MESSAGE_RECEIVED for session 1
2014-03-25 18:14:55,766 I  [LoggingFilter       ] - IDLE
2014-03-25 18:14:55,766 W  [ExceptionHandler    ] - 连接超时，session将被清理
2014-03-25 18:14:55,766 I  [LoggingFilter       ] - CLOSED
