2014-03-30 00:01:05,227 I  [LoggingFilter       ] - CREATED
2014-03-30 00:01:05,233 I  [LoggingFilter       ] - OPENED
2014-03-30 00:01:07,785 I  [LoggingFilter       ] - SENT: HeapBuffer[pos=0 lim=0 cap=0: empty]
2014-03-30 00:01:07,789 I  [LoggingFilter       ] - RECEIVED: HeapBuffer[pos=0 lim=22 cap=2048: C7 EB B7 A2 CB CD CE BB D6 C3 D0 C5 CF A2 B8 F8...]
2014-03-30 00:01:07,789 D  [ProtocolCodecFilter ] - Processing a MESSAGE_RECEIVED for session 1
2014-03-30 00:02:07,793 I  [LoggingFilter       ] - RECEIVED: HeapBuffer[pos=0 lim=1 cap=2048: FF]
2014-03-30 00:02:07,794 I  [LoggingFilter       ] - SENT: HeapBuffer[pos=0 lim=1 cap=1: FE]
2014-03-30 00:04:12,885 I  [LoggingFilter       ] - CREATED
2014-03-30 00:04:12,891 I  [LoggingFilter       ] - OPENED
2014-03-30 00:04:20,865 I  [LoggingFilter       ] - SENT: HeapBuffer[pos=0 lim=0 cap=0: empty]
2014-03-30 00:04:20,871 I  [LoggingFilter       ] - RECEIVED: HeapBuffer[pos=0 lim=33 cap=2048: E8 AF B7 E5 8F 91 E9 80 81 E4 BD 8D E7 BD AE E4...]
2014-03-30 00:04:20,872 D  [ProtocolCodecFilter ] - Processing a MESSAGE_RECEIVED for session 1
2014-03-30 00:05:20,876 I  [LoggingFilter       ] - RECEIVED: HeapBuffer[pos=0 lim=1 cap=2048: FF]
2014-03-30 00:05:20,876 I  [LoggingFilter       ] - SENT: HeapBuffer[pos=0 lim=1 cap=1: FE]
2014-03-30 00:06:04,943 I  [LoggingFilter       ] - CREATED
2014-03-30 00:06:04,948 I  [LoggingFilter       ] - OPENED
2014-03-30 00:06:04,954 I  [LoggingFilter       ] - SENT: HeapBuffer[pos=0 lim=0 cap=0: empty]
2014-03-30 00:06:04,970 I  [LoggingFilter       ] - RECEIVED: HeapBuffer[pos=0 lim=5 cap=2048: 54 45 53 54 0A]
2014-03-30 00:06:04,970 D  [ProtocolCodecFilter ] - Processing a MESSAGE_RECEIVED for session 1
2014-03-30 00:06:16,954 W  [PushClient4Test     ] - 服务器推送消息到客户端:TEST
2014-03-30 00:09:53,679 I  [LoggingFilter       ] - CREATED
2014-03-30 00:09:53,684 I  [LoggingFilter       ] - OPENED
2014-03-30 00:09:53,690 I  [LoggingFilter       ] - SENT: HeapBuffer[pos=0 lim=0 cap=0: empty]
2014-03-30 00:09:53,695 I  [LoggingFilter       ] - RECEIVED: HeapBuffer[pos=0 lim=9 cap=2048: 70 6F 73 69 74 69 6F 6E 0A]
2014-03-30 00:09:53,695 D  [ProtocolCodecFilter ] - Processing a MESSAGE_RECEIVED for session 1
2014-03-30 00:10:01,075 W  [LoggingFilter       ] - EXCEPTION :
java.lang.ClassCastException: java.lang.String cannot be cast to org.apache.mina.core.buffer.IoBuffer
	at com.hbdrawn.push.PushClient.messageReceived(PushClient.java:63) ~[bin/:na]
	at org.apache.mina.core.filterchain.DefaultIoFilterChain$TailFilter.messageReceived(DefaultIoFilterChain.java:690) ~[mina-core-2.0.7.jar:na]
	at org.apache.mina.core.filterchain.DefaultIoFilterChain.callNextMessageReceived(DefaultIoFilterChain.java:417) [mina-core-2.0.7.jar:na]
	at org.apache.mina.core.filterchain.DefaultIoFilterChain.access$1200(DefaultIoFilterChain.java:47) [mina-core-2.0.7.jar:na]
	at org.apache.mina.core.filterchain.DefaultIoFilterChain$EntryImpl$1.messageReceived(DefaultIoFilterChain.java:765) [mina-core-2.0.7.jar:na]
	at org.apache.mina.filter.codec.ProtocolCodecFilter$ProtocolDecoderOutputImpl.flush(ProtocolCodecFilter.java:407) [mina-core-2.0.7.jar:na]
	at org.apache.mina.filter.codec.ProtocolCodecFilter.messageReceived(ProtocolCodecFilter.java:236) [mina-core-2.0.7.jar:na]
	at org.apache.mina.core.filterchain.DefaultIoFilterChain.callNextMessageReceived(DefaultIoFilterChain.java:417) [mina-core-2.0.7.jar:na]
	at org.apache.mina.core.filterchain.DefaultIoFilterChain.access$1200(DefaultIoFilterChain.java:47) [mina-core-2.0.7.jar:na]
	at org.apache.mina.core.filterchain.DefaultIoFilterChain$EntryImpl$1.messageReceived(DefaultIoFilterChain.java:765) [mina-core-2.0.7.jar:na]
	at org.apache.mina.filter.keepalive.KeepAliveFilter.messageReceived(KeepAliveFilter.java:329) [mina-core-2.0.7.jar:na]
	at org.apache.mina.core.filterchain.DefaultIoFilterChain.callNextMessageReceived(DefaultIoFilterChain.java:417) [mina-core-2.0.7.jar:na]
	at org.apache.mina.core.filterchain.DefaultIoFilterChain.access$1200(DefaultIoFilterChain.java:47) [mina-core-2.0.7.jar:na]
	at org.apache.mina.core.filterchain.DefaultIoFilterChain$EntryImpl$1.messageReceived(DefaultIoFilterChain.java:765) [mina-core-2.0.7.jar:na]
	at org.apache.mina.filter.logging.LoggingFilter.messageReceived(LoggingFilter.java:208) [mina-core-2.0.7.jar:na]
	at org.apache.mina.core.filterchain.DefaultIoFilterChain.callNextMessageReceived(DefaultIoFilterChain.java:417) [mina-core-2.0.7.jar:na]
	at org.apache.mina.core.filterchain.DefaultIoFilterChain.access$1200(DefaultIoFilterChain.java:47) [mina-core-2.0.7.jar:na]
	at org.apache.mina.core.filterchain.DefaultIoFilterChain$EntryImpl$1.messageReceived(DefaultIoFilterChain.java:765) [mina-core-2.0.7.jar:na]
	at org.apache.mina.core.filterchain.IoFilterAdapter.messageReceived(IoFilterAdapter.java:109) [mina-core-2.0.7.jar:na]
	at org.apache.mina.core.filterchain.DefaultIoFilterChain.callNextMessageReceived(DefaultIoFilterChain.java:417) [mina-core-2.0.7.jar:na]
	at org.apache.mina.core.filterchain.DefaultIoFilterChain.fireMessageReceived(DefaultIoFilterChain.java:410) [mina-core-2.0.7.jar:na]
	at org.apache.mina.core.polling.AbstractPollingIoProcessor.read(AbstractPollingIoProcessor.java:710) [mina-core-2.0.7.jar:na]
	at org.apache.mina.core.polling.AbstractPollingIoProcessor.process(AbstractPollingIoProcessor.java:664) [mina-core-2.0.7.jar:na]
	at org.apache.mina.core.polling.AbstractPollingIoProcessor.process(AbstractPollingIoProcessor.java:653) [mina-core-2.0.7.jar:na]
	at org.apache.mina.core.polling.AbstractPollingIoProcessor.access$600(AbstractPollingIoProcessor.java:67) [mina-core-2.0.7.jar:na]
	at org.apache.mina.core.polling.AbstractPollingIoProcessor$Processor.run(AbstractPollingIoProcessor.java:1124) [mina-core-2.0.7.jar:na]
	at org.apache.mina.util.NamePreservingRunnable.run(NamePreservingRunnable.java:64) [mina-core-2.0.7.jar:na]
	at java.util.concurrent.ThreadPoolExecutor$Worker.runTask(ThreadPoolExecutor.java:886) [na:1.6.0_31]
	at java.util.concurrent.ThreadPoolExecutor$Worker.run(ThreadPoolExecutor.java:908) [na:1.6.0_31]
	at java.lang.Thread.run(Thread.java:662) [na:1.6.0_31]
2014-03-30 00:10:01,077 W  [PushClient4Test     ] - EXCEPTION, please implement com.hbdrawn.push.PushClient4Test.exceptionCaught() for proper handling:
java.lang.ClassCastException: java.lang.String cannot be cast to org.apache.mina.core.buffer.IoBuffer
	at com.hbdrawn.push.PushClient.messageReceived(PushClient.java:63) ~[bin/:na]
	at org.apache.mina.core.filterchain.DefaultIoFilterChain$TailFilter.messageReceived(DefaultIoFilterChain.java:690) ~[mina-core-2.0.7.jar:na]
	at org.apache.mina.core.filterchain.DefaultIoFilterChain.callNextMessageReceived(DefaultIoFilterChain.java:417) [mina-core-2.0.7.jar:na]
	at org.apache.mina.core.filterchain.DefaultIoFilterChain.access$1200(DefaultIoFilterChain.java:47) [mina-core-2.0.7.jar:na]
	at org.apache.mina.core.filterchain.DefaultIoFilterChain$EntryImpl$1.messageReceived(DefaultIoFilterChain.java:765) [mina-core-2.0.7.jar:na]
	at org.apache.mina.filter.codec.ProtocolCodecFilter$ProtocolDecoderOutputImpl.flush(ProtocolCodecFilter.java:407) [mina-core-2.0.7.jar:na]
	at org.apache.mina.filter.codec.ProtocolCodecFilter.messageReceived(ProtocolCodecFilter.java:236) [mina-core-2.0.7.jar:na]
	at org.apache.mina.core.filterchain.DefaultIoFilterChain.callNextMessageReceived(DefaultIoFilterChain.java:417) [mina-core-2.0.7.jar:na]
	at org.apache.mina.core.filterchain.DefaultIoFilterChain.access$1200(DefaultIoFilterChain.java:47) [mina-core-2.0.7.jar:na]
	at org.apache.mina.core.filterchain.DefaultIoFilterChain$EntryImpl$1.messageReceived(DefaultIoFilterChain.java:765) [mina-core-2.0.7.jar:na]
	at org.apache.mina.filter.keepalive.KeepAliveFilter.messageReceived(KeepAliveFilter.java:329) [mina-core-2.0.7.jar:na]
	at org.apache.mina.core.filterchain.DefaultIoFilterChain.callNextMessageReceived(DefaultIoFilterChain.java:417) [mina-core-2.0.7.jar:na]
	at org.apache.mina.core.filterchain.DefaultIoFilterChain.access$1200(DefaultIoFilterChain.java:47) [mina-core-2.0.7.jar:na]
	at org.apache.mina.core.filterchain.DefaultIoFilterChain$EntryImpl$1.messageReceived(DefaultIoFilterChain.java:765) [mina-core-2.0.7.jar:na]
	at org.apache.mina.filter.logging.LoggingFilter.messageReceived(LoggingFilter.java:208) [mina-core-2.0.7.jar:na]
	at org.apache.mina.core.filterchain.DefaultIoFilterChain.callNextMessageReceived(DefaultIoFilterChain.java:417) [mina-core-2.0.7.jar:na]
	at org.apache.mina.core.filterchain.DefaultIoFilterChain.access$1200(DefaultIoFilterChain.java:47) [mina-core-2.0.7.jar:na]
	at org.apache.mina.core.filterchain.DefaultIoFilterChain$EntryImpl$1.messageReceived(DefaultIoFilterChain.java:765) [mina-core-2.0.7.jar:na]
	at org.apache.mina.core.filterchain.IoFilterAdapter.messageReceived(IoFilterAdapter.java:109) [mina-core-2.0.7.jar:na]
	at org.apache.mina.core.filterchain.DefaultIoFilterChain.callNextMessageReceived(DefaultIoFilterChain.java:417) [mina-core-2.0.7.jar:na]
	at org.apache.mina.core.filterchain.DefaultIoFilterChain.fireMessageReceived(DefaultIoFilterChain.java:410) [mina-core-2.0.7.jar:na]
	at org.apache.mina.core.polling.AbstractPollingIoProcessor.read(AbstractPollingIoProcessor.java:710) [mina-core-2.0.7.jar:na]
	at org.apache.mina.core.polling.AbstractPollingIoProcessor.process(AbstractPollingIoProcessor.java:664) [mina-core-2.0.7.jar:na]
	at org.apache.mina.core.polling.AbstractPollingIoProcessor.process(AbstractPollingIoProcessor.java:653) [mina-core-2.0.7.jar:na]
	at org.apache.mina.core.polling.AbstractPollingIoProcessor.access$600(AbstractPollingIoProcessor.java:67) [mina-core-2.0.7.jar:na]
	at org.apache.mina.core.polling.AbstractPollingIoProcessor$Processor.run(AbstractPollingIoProcessor.java:1124) [mina-core-2.0.7.jar:na]
	at org.apache.mina.util.NamePreservingRunnable.run(NamePreservingRunnable.java:64) [mina-core-2.0.7.jar:na]
	at java.util.concurrent.ThreadPoolExecutor$Worker.runTask(ThreadPoolExecutor.java:886) [na:1.6.0_31]
	at java.util.concurrent.ThreadPoolExecutor$Worker.run(ThreadPoolExecutor.java:908) [na:1.6.0_31]
	at java.lang.Thread.run(Thread.java:662) [na:1.6.0_31]
2014-03-30 00:10:01,101 W  [PushClient4Test     ] - 集群式共享内存 remove:localhost/127.0.0.1:80-{}
2014-03-30 00:10:01,102 I  [LoggingFilter       ] - CLOSED
2014-03-30 00:11:02,958 I  [LoggingFilter       ] - CREATED
2014-03-30 00:11:02,963 I  [LoggingFilter       ] - OPENED
2014-03-30 00:11:02,968 I  [LoggingFilter       ] - SENT: HeapBuffer[pos=0 lim=0 cap=0: empty]
2014-03-30 00:11:02,972 I  [LoggingFilter       ] - RECEIVED: HeapBuffer[pos=0 lim=9 cap=2048: 70 6F 73 69 74 69 6F 6E 0A]
2014-03-30 00:11:02,972 D  [ProtocolCodecFilter ] - Processing a MESSAGE_RECEIVED for session 1
2014-03-30 00:11:02,974 I  [PushClient4Test     ] - 客户端接受到服务端命令请求:position,
2014-03-30 00:11:02,978 W  [LoggingFilter       ] - EXCEPTION :
java.lang.IllegalArgumentException: message is empty. Forgot to call flip()?
	at org.apache.mina.core.session.AbstractIoSession.write(AbstractIoSession.java:474) ~[mina-core-2.0.7.jar:na]
	at org.apache.mina.core.session.AbstractIoSession.write(AbstractIoSession.java:439) ~[mina-core-2.0.7.jar:na]
	at com.hbdrawn.push.PushClient.messageReceived(PushClient.java:71) ~[bin/:na]
	at org.apache.mina.core.filterchain.DefaultIoFilterChain$TailFilter.messageReceived(DefaultIoFilterChain.java:690) ~[mina-core-2.0.7.jar:na]
	at org.apache.mina.core.filterchain.DefaultIoFilterChain.callNextMessageReceived(DefaultIoFilterChain.java:417) [mina-core-2.0.7.jar:na]
	at org.apache.mina.core.filterchain.DefaultIoFilterChain.access$1200(DefaultIoFilterChain.java:47) [mina-core-2.0.7.jar:na]
	at org.apache.mina.core.filterchain.DefaultIoFilterChain$EntryImpl$1.messageReceived(DefaultIoFilterChain.java:765) [mina-core-2.0.7.jar:na]
	at org.apache.mina.filter.codec.ProtocolCodecFilter$ProtocolDecoderOutputImpl.flush(ProtocolCodecFilter.java:407) [mina-core-2.0.7.jar:na]
	at org.apache.mina.filter.codec.ProtocolCodecFilter.messageReceived(ProtocolCodecFilter.java:236) [mina-core-2.0.7.jar:na]
	at org.apache.mina.core.filterchain.DefaultIoFilterChain.callNextMessageReceived(DefaultIoFilterChain.java:417) [mina-core-2.0.7.jar:na]
	at org.apache.mina.core.filterchain.DefaultIoFilterChain.access$1200(DefaultIoFilterChain.java:47) [mina-core-2.0.7.jar:na]
	at org.apache.mina.core.filterchain.DefaultIoFilterChain$EntryImpl$1.messageReceived(DefaultIoFilterChain.java:765) [mina-core-2.0.7.jar:na]
	at org.apache.mina.filter.keepalive.KeepAliveFilter.messageReceived(KeepAliveFilter.java:329) [mina-core-2.0.7.jar:na]
	at org.apache.mina.core.filterchain.DefaultIoFilterChain.callNextMessageReceived(DefaultIoFilterChain.java:417) [mina-core-2.0.7.jar:na]
	at org.apache.mina.core.filterchain.DefaultIoFilterChain.access$1200(DefaultIoFilterChain.java:47) [mina-core-2.0.7.jar:na]
	at org.apache.mina.core.filterchain.DefaultIoFilterChain$EntryImpl$1.messageReceived(DefaultIoFilterChain.java:765) [mina-core-2.0.7.jar:na]
	at org.apache.mina.filter.logging.LoggingFilter.messageReceived(LoggingFilter.java:208) [mina-core-2.0.7.jar:na]
	at org.apache.mina.core.filterchain.DefaultIoFilterChain.callNextMessageReceived(DefaultIoFilterChain.java:417) [mina-core-2.0.7.jar:na]
	at org.apache.mina.core.filterchain.DefaultIoFilterChain.access$1200(DefaultIoFilterChain.java:47) [mina-core-2.0.7.jar:na]
	at org.apache.mina.core.filterchain.DefaultIoFilterChain$EntryImpl$1.messageReceived(DefaultIoFilterChain.java:765) [mina-core-2.0.7.jar:na]
	at org.apache.mina.core.filterchain.IoFilterAdapter.messageReceived(IoFilterAdapter.java:109) [mina-core-2.0.7.jar:na]
	at org.apache.mina.core.filterchain.DefaultIoFilterChain.callNextMessageReceived(DefaultIoFilterChain.java:417) [mina-core-2.0.7.jar:na]
	at org.apache.mina.core.filterchain.DefaultIoFilterChain.fireMessageReceived(DefaultIoFilterChain.java:410) [mina-core-2.0.7.jar:na]
	at org.apache.mina.core.polling.AbstractPollingIoProcessor.read(AbstractPollingIoProcessor.java:710) [mina-core-2.0.7.jar:na]
	at org.apache.mina.core.polling.AbstractPollingIoProcessor.process(AbstractPollingIoProcessor.java:664) [mina-core-2.0.7.jar:na]
	at org.apache.mina.core.polling.AbstractPollingIoProcessor.process(AbstractPollingIoProcessor.java:653) [mina-core-2.0.7.jar:na]
	at org.apache.mina.core.polling.AbstractPollingIoProcessor.access$600(AbstractPollingIoProcessor.java:67) [mina-core-2.0.7.jar:na]
	at org.apache.mina.core.polling.AbstractPollingIoProcessor$Processor.run(AbstractPollingIoProcessor.java:1124) [mina-core-2.0.7.jar:na]
	at org.apache.mina.util.NamePreservingRunnable.run(NamePreservingRunnable.java:64) [mina-core-2.0.7.jar:na]
	at java.util.concurrent.ThreadPoolExecutor$Worker.runTask(ThreadPoolExecutor.java:886) [na:1.6.0_31]
	at java.util.concurrent.ThreadPoolExecutor$Worker.run(ThreadPoolExecutor.java:908) [na:1.6.0_31]
	at java.lang.Thread.run(Thread.java:662) [na:1.6.0_31]
2014-03-30 00:11:02,980 W  [PushClient4Test     ] - EXCEPTION, please implement com.hbdrawn.push.PushClient4Test.exceptionCaught() for proper handling:
java.lang.IllegalArgumentException: message is empty. Forgot to call flip()?
	at org.apache.mina.core.session.AbstractIoSession.write(AbstractIoSession.java:474) ~[mina-core-2.0.7.jar:na]
	at org.apache.mina.core.session.AbstractIoSession.write(AbstractIoSession.java:439) ~[mina-core-2.0.7.jar:na]
	at com.hbdrawn.push.PushClient.messageReceived(PushClient.java:71) ~[bin/:na]
	at org.apache.mina.core.filterchain.DefaultIoFilterChain$TailFilter.messageReceived(DefaultIoFilterChain.java:690) ~[mina-core-2.0.7.jar:na]
	at org.apache.mina.core.filterchain.DefaultIoFilterChain.callNextMessageReceived(DefaultIoFilterChain.java:417) [mina-core-2.0.7.jar:na]
	at org.apache.mina.core.filterchain.DefaultIoFilterChain.access$1200(DefaultIoFilterChain.java:47) [mina-core-2.0.7.jar:na]
	at org.apache.mina.core.filterchain.DefaultIoFilterChain$EntryImpl$1.messageReceived(DefaultIoFilterChain.java:765) [mina-core-2.0.7.jar:na]
	at org.apache.mina.filter.codec.ProtocolCodecFilter$ProtocolDecoderOutputImpl.flush(ProtocolCodecFilter.java:407) [mina-core-2.0.7.jar:na]
	at org.apache.mina.filter.codec.ProtocolCodecFilter.messageReceived(ProtocolCodecFilter.java:236) [mina-core-2.0.7.jar:na]
	at org.apache.mina.core.filterchain.DefaultIoFilterChain.callNextMessageReceived(DefaultIoFilterChain.java:417) [mina-core-2.0.7.jar:na]
	at org.apache.mina.core.filterchain.DefaultIoFilterChain.access$1200(DefaultIoFilterChain.java:47) [mina-core-2.0.7.jar:na]
	at org.apache.mina.core.filterchain.DefaultIoFilterChain$EntryImpl$1.messageReceived(DefaultIoFilterChain.java:765) [mina-core-2.0.7.jar:na]
	at org.apache.mina.filter.keepalive.KeepAliveFilter.messageReceived(KeepAliveFilter.java:329) [mina-core-2.0.7.jar:na]
	at org.apache.mina.core.filterchain.DefaultIoFilterChain.callNextMessageReceived(DefaultIoFilterChain.java:417) [mina-core-2.0.7.jar:na]
	at org.apache.mina.core.filterchain.DefaultIoFilterChain.access$1200(DefaultIoFilterChain.java:47) [mina-core-2.0.7.jar:na]
	at org.apache.mina.core.filterchain.DefaultIoFilterChain$EntryImpl$1.messageReceived(DefaultIoFilterChain.java:765) [mina-core-2.0.7.jar:na]
	at org.apache.mina.filter.logging.LoggingFilter.messageReceived(LoggingFilter.java:208) [mina-core-2.0.7.jar:na]
	at org.apache.mina.core.filterchain.DefaultIoFilterChain.callNextMessageReceived(DefaultIoFilterChain.java:417) [mina-core-2.0.7.jar:na]
	at org.apache.mina.core.filterchain.DefaultIoFilterChain.access$1200(DefaultIoFilterChain.java:47) [mina-core-2.0.7.jar:na]
	at org.apache.mina.core.filterchain.DefaultIoFilterChain$EntryImpl$1.messageReceived(DefaultIoFilterChain.java:765) [mina-core-2.0.7.jar:na]
	at org.apache.mina.core.filterchain.IoFilterAdapter.messageReceived(IoFilterAdapter.java:109) [mina-core-2.0.7.jar:na]
	at org.apache.mina.core.filterchain.DefaultIoFilterChain.callNextMessageReceived(DefaultIoFilterChain.java:417) [mina-core-2.0.7.jar:na]
	at org.apache.mina.core.filterchain.DefaultIoFilterChain.fireMessageReceived(DefaultIoFilterChain.java:410) [mina-core-2.0.7.jar:na]
	at org.apache.mina.core.polling.AbstractPollingIoProcessor.read(AbstractPollingIoProcessor.java:710) [mina-core-2.0.7.jar:na]
	at org.apache.mina.core.polling.AbstractPollingIoProcessor.process(AbstractPollingIoProcessor.java:664) [mina-core-2.0.7.jar:na]
	at org.apache.mina.core.polling.AbstractPollingIoProcessor.process(AbstractPollingIoProcessor.java:653) [mina-core-2.0.7.jar:na]
	at org.apache.mina.core.polling.AbstractPollingIoProcessor.access$600(AbstractPollingIoProcessor.java:67) [mina-core-2.0.7.jar:na]
	at org.apache.mina.core.polling.AbstractPollingIoProcessor$Processor.run(AbstractPollingIoProcessor.java:1124) [mina-core-2.0.7.jar:na]
	at org.apache.mina.util.NamePreservingRunnable.run(NamePreservingRunnable.java:64) [mina-core-2.0.7.jar:na]
	at java.util.concurrent.ThreadPoolExecutor$Worker.runTask(ThreadPoolExecutor.java:886) [na:1.6.0_31]
	at java.util.concurrent.ThreadPoolExecutor$Worker.run(ThreadPoolExecutor.java:908) [na:1.6.0_31]
	at java.lang.Thread.run(Thread.java:662) [na:1.6.0_31]
2014-03-30 00:11:02,982 W  [PushClient4Test     ] - 集群式共享内存 remove:localhost/127.0.0.1:80-{}
2014-03-30 00:11:02,982 I  [LoggingFilter       ] - CLOSED
2014-03-30 00:12:30,266 I  [LoggingFilter       ] - CREATED
2014-03-30 00:12:30,271 I  [LoggingFilter       ] - OPENED
2014-03-30 00:12:30,277 I  [LoggingFilter       ] - SENT: HeapBuffer[pos=0 lim=0 cap=0: empty]
2014-03-30 00:12:30,281 I  [LoggingFilter       ] - RECEIVED: HeapBuffer[pos=0 lim=9 cap=2048: 70 6F 73 69 74 69 6F 6E 0A]
2014-03-30 00:12:30,281 D  [ProtocolCodecFilter ] - Processing a MESSAGE_RECEIVED for session 1
2014-03-30 00:12:30,283 I  [PushClient4Test     ] - 客户端接受到服务端命令请求:position,
2014-03-30 00:12:30,283 W  [PushClient4Test     ] - 服务器推送消息到客户端:position
2014-03-30 00:12:30,284 I  [LoggingFilter       ] - SENT: HeapBuffer[pos=0 lim=32 cap=32: 7B 22 63 6F 64 65 22 3A 22 30 30 22 2C 22 62 6F...]
2014-03-30 00:13:30,287 I  [LoggingFilter       ] - IDLE
2014-03-30 00:13:30,287 I  [LoggingFilter       ] - IDLE
2014-03-30 00:13:30,288 I  [LoggingFilter       ] - SENT: HeapBuffer[pos=0 lim=1 cap=1: FF]
2014-03-30 00:13:30,288 I  [LoggingFilter       ] - RECEIVED: HeapBuffer[pos=0 lim=1 cap=2048: FF]
2014-03-30 00:13:30,288 I  [LoggingFilter       ] - SENT: HeapBuffer[pos=0 lim=1 cap=1: FE]
2014-03-30 00:13:30,288 I  [LoggingFilter       ] - RECEIVED: HeapBuffer[pos=0 lim=1 cap=1024: FE]
2014-03-30 00:14:30,293 I  [LoggingFilter       ] - RECEIVED: HeapBuffer[pos=0 lim=1 cap=1024: FF]
2014-03-30 00:14:30,293 I  [LoggingFilter       ] - SENT: HeapBuffer[pos=0 lim=1 cap=1: FE]
2014-03-30 00:15:30,296 I  [LoggingFilter       ] - IDLE
2014-03-30 00:15:30,296 I  [LoggingFilter       ] - IDLE
2014-03-30 00:15:30,297 I  [LoggingFilter       ] - SENT: HeapBuffer[pos=0 lim=1 cap=1: FF]
2014-03-30 00:15:30,298 I  [LoggingFilter       ] - RECEIVED: HeapBuffer[pos=0 lim=1 cap=512: FE]
2014-03-30 00:16:30,302 I  [LoggingFilter       ] - IDLE
2014-03-30 00:16:30,302 I  [LoggingFilter       ] - IDLE
2014-03-30 00:16:30,303 I  [LoggingFilter       ] - SENT: HeapBuffer[pos=0 lim=1 cap=1: FF]
2014-03-30 00:16:30,303 I  [LoggingFilter       ] - RECEIVED: HeapBuffer[pos=0 lim=2 cap=512: FF FE]
2014-03-30 00:16:30,303 D  [ProtocolCodecFilter ] - Processing a MESSAGE_RECEIVED for session 1
2014-03-30 00:17:00,305 I  [LoggingFilter       ] - IDLE
2014-03-30 00:17:00,305 W  [KeepAliveFilter     ] - A keep-alive response message was not received within 30 second(s).
2014-03-30 00:17:30,307 I  [LoggingFilter       ] - RECEIVED: HeapBuffer[pos=0 lim=1 cap=256: FF]
2014-03-30 00:17:30,307 I  [LoggingFilter       ] - SENT: HeapBuffer[pos=0 lim=1 cap=1: FE]
2014-03-30 00:18:30,311 I  [LoggingFilter       ] - IDLE
2014-03-30 00:18:30,311 I  [LoggingFilter       ] - IDLE
2014-03-30 00:18:30,312 I  [LoggingFilter       ] - SENT: HeapBuffer[pos=0 lim=1 cap=1: FF]
2014-03-30 00:18:30,313 I  [LoggingFilter       ] - RECEIVED: HeapBuffer[pos=0 lim=1 cap=256: FE]
2014-03-30 00:19:24,627 I  [LoggingFilter       ] - CREATED
2014-03-30 00:19:24,632 I  [LoggingFilter       ] - OPENED
2014-03-30 00:19:24,638 I  [LoggingFilter       ] - SENT: HeapBuffer[pos=0 lim=0 cap=0: empty]
2014-03-30 00:19:24,643 I  [LoggingFilter       ] - CLOSED
2014-03-30 00:20:18,449 I  [LoggingFilter       ] - CREATED
2014-03-30 00:20:18,455 I  [LoggingFilter       ] - OPENED
2014-03-30 00:20:18,460 I  [LoggingFilter       ] - SENT: HeapBuffer[pos=0 lim=0 cap=0: empty]
2014-03-30 00:20:18,465 I  [LoggingFilter       ] - RECEIVED: HeapBuffer[pos=0 lim=9 cap=2048: 70 6F 73 69 74 69 6F 6E 0A]
2014-03-30 00:20:18,465 D  [ProtocolCodecFilter ] - Processing a MESSAGE_RECEIVED for session 1
2014-03-30 00:20:18,467 I  [PushClient4Test     ] - 客户端接受到服务端命令请求:position,
2014-03-30 00:20:18,468 W  [PushClient4Test     ] - 服务器推送消息到客户端:position
2014-03-30 00:20:18,468 I  [LoggingFilter       ] - SENT: HeapBuffer[pos=0 lim=0 cap=0: empty]
2014-03-30 00:20:47,216 I  [LoggingFilter       ] - CREATED
2014-03-30 00:20:47,223 I  [LoggingFilter       ] - OPENED
2014-03-30 00:20:47,227 I  [LoggingFilter       ] - SENT: HeapBuffer[pos=0 lim=0 cap=0: empty]
2014-03-30 00:20:47,231 I  [LoggingFilter       ] - RECEIVED: HeapBuffer[pos=0 lim=9 cap=2048: 70 6F 73 69 74 69 6F 6E 0A]
2014-03-30 00:20:47,232 D  [ProtocolCodecFilter ] - Processing a MESSAGE_RECEIVED for session 1
2014-03-30 00:20:47,233 I  [PushClient4Test     ] - 客户端接受到服务端命令请求:position,
2014-03-30 00:20:47,234 W  [PushClient4Test     ] - 服务器推送消息到客户端:position
2014-03-30 00:20:47,234 I  [LoggingFilter       ] - SENT: HeapBuffer[pos=0 lim=0 cap=0: empty]
2014-03-30 00:21:02,677 W  [LoggingFilter       ] - EXCEPTION :
java.io.IOException: 远程主机强迫关闭了一个现有的连接。
	at sun.nio.ch.SocketDispatcher.read0(Native Method) ~[na:1.6.0_31]
	at sun.nio.ch.SocketDispatcher.read(SocketDispatcher.java:25) ~[na:1.6.0_31]
	at sun.nio.ch.IOUtil.readIntoNativeBuffer(IOUtil.java:198) ~[na:1.6.0_31]
	at sun.nio.ch.IOUtil.read(IOUtil.java:171) ~[na:1.6.0_31]
	at sun.nio.ch.SocketChannelImpl.read(SocketChannelImpl.java:243) ~[na:1.6.0_31]
	at org.apache.mina.transport.socket.nio.NioProcessor.read(NioProcessor.java:273) ~[mina-core-2.0.7.jar:na]
	at org.apache.mina.transport.socket.nio.NioProcessor.read(NioProcessor.java:44) ~[mina-core-2.0.7.jar:na]
	at org.apache.mina.core.polling.AbstractPollingIoProcessor.read(AbstractPollingIoProcessor.java:690) [mina-core-2.0.7.jar:na]
	at org.apache.mina.core.polling.AbstractPollingIoProcessor.process(AbstractPollingIoProcessor.java:664) [mina-core-2.0.7.jar:na]
	at org.apache.mina.core.polling.AbstractPollingIoProcessor.process(AbstractPollingIoProcessor.java:653) [mina-core-2.0.7.jar:na]
	at org.apache.mina.core.polling.AbstractPollingIoProcessor.access$600(AbstractPollingIoProcessor.java:67) [mina-core-2.0.7.jar:na]
	at org.apache.mina.core.polling.AbstractPollingIoProcessor$Processor.run(AbstractPollingIoProcessor.java:1124) [mina-core-2.0.7.jar:na]
	at org.apache.mina.util.NamePreservingRunnable.run(NamePreservingRunnable.java:64) [mina-core-2.0.7.jar:na]
	at java.util.concurrent.ThreadPoolExecutor$Worker.runTask(ThreadPoolExecutor.java:886) [na:1.6.0_31]
	at java.util.concurrent.ThreadPoolExecutor$Worker.run(ThreadPoolExecutor.java:908) [na:1.6.0_31]
	at java.lang.Thread.run(Thread.java:662) [na:1.6.0_31]
2014-03-30 00:21:02,679 W  [PushClient4Test     ] - EXCEPTION, please implement com.hbdrawn.push.PushClient4Test.exceptionCaught() for proper handling:
java.io.IOException: 远程主机强迫关闭了一个现有的连接。
	at sun.nio.ch.SocketDispatcher.read0(Native Method) ~[na:1.6.0_31]
	at sun.nio.ch.SocketDispatcher.read(SocketDispatcher.java:25) ~[na:1.6.0_31]
	at sun.nio.ch.IOUtil.readIntoNativeBuffer(IOUtil.java:198) ~[na:1.6.0_31]
	at sun.nio.ch.IOUtil.read(IOUtil.java:171) ~[na:1.6.0_31]
	at sun.nio.ch.SocketChannelImpl.read(SocketChannelImpl.java:243) ~[na:1.6.0_31]
	at org.apache.mina.transport.socket.nio.NioProcessor.read(NioProcessor.java:273) ~[mina-core-2.0.7.jar:na]
	at org.apache.mina.transport.socket.nio.NioProcessor.read(NioProcessor.java:44) ~[mina-core-2.0.7.jar:na]
	at org.apache.mina.core.polling.AbstractPollingIoProcessor.read(AbstractPollingIoProcessor.java:690) [mina-core-2.0.7.jar:na]
	at org.apache.mina.core.polling.AbstractPollingIoProcessor.process(AbstractPollingIoProcessor.java:664) [mina-core-2.0.7.jar:na]
	at org.apache.mina.core.polling.AbstractPollingIoProcessor.process(AbstractPollingIoProcessor.java:653) [mina-core-2.0.7.jar:na]
	at org.apache.mina.core.polling.AbstractPollingIoProcessor.access$600(AbstractPollingIoProcessor.java:67) [mina-core-2.0.7.jar:na]
	at org.apache.mina.core.polling.AbstractPollingIoProcessor$Processor.run(AbstractPollingIoProcessor.java:1124) [mina-core-2.0.7.jar:na]
	at org.apache.mina.util.NamePreservingRunnable.run(NamePreservingRunnable.java:64) [mina-core-2.0.7.jar:na]
	at java.util.concurrent.ThreadPoolExecutor$Worker.runTask(ThreadPoolExecutor.java:886) [na:1.6.0_31]
	at java.util.concurrent.ThreadPoolExecutor$Worker.run(ThreadPoolExecutor.java:908) [na:1.6.0_31]
	at java.lang.Thread.run(Thread.java:662) [na:1.6.0_31]
2014-03-30 00:21:02,680 E  [PushClient4Test     ] - 连接已断开，正在重试[2]...
2014-03-30 00:21:02,681 I  [LoggingFilter       ] - CLOSED
2014-03-30 00:21:02,685 W  [LoggingFilter       ] - EXCEPTION :
java.io.IOException: 远程主机强迫关闭了一个现有的连接。
	at sun.nio.ch.SocketDispatcher.read0(Native Method) ~[na:1.6.0_31]
	at sun.nio.ch.SocketDispatcher.read(SocketDispatcher.java:25) ~[na:1.6.0_31]
	at sun.nio.ch.IOUtil.readIntoNativeBuffer(IOUtil.java:198) ~[na:1.6.0_31]
	at sun.nio.ch.IOUtil.read(IOUtil.java:171) ~[na:1.6.0_31]
	at sun.nio.ch.SocketChannelImpl.read(SocketChannelImpl.java:243) ~[na:1.6.0_31]
	at org.apache.mina.transport.socket.nio.NioProcessor.read(NioProcessor.java:273) ~[mina-core-2.0.7.jar:na]
	at org.apache.mina.transport.socket.nio.NioProcessor.read(NioProcessor.java:44) ~[mina-core-2.0.7.jar:na]
	at org.apache.mina.core.polling.AbstractPollingIoProcessor.read(AbstractPollingIoProcessor.java:690) [mina-core-2.0.7.jar:na]
	at org.apache.mina.core.polling.AbstractPollingIoProcessor.process(AbstractPollingIoProcessor.java:664) [mina-core-2.0.7.jar:na]
	at org.apache.mina.core.polling.AbstractPollingIoProcessor.process(AbstractPollingIoProcessor.java:653) [mina-core-2.0.7.jar:na]
	at org.apache.mina.core.polling.AbstractPollingIoProcessor.access$600(AbstractPollingIoProcessor.java:67) [mina-core-2.0.7.jar:na]
	at org.apache.mina.core.polling.AbstractPollingIoProcessor$Processor.run(AbstractPollingIoProcessor.java:1124) [mina-core-2.0.7.jar:na]
	at org.apache.mina.util.NamePreservingRunnable.run(NamePreservingRunnable.java:64) [mina-core-2.0.7.jar:na]
	at java.util.concurrent.ThreadPoolExecutor$Worker.runTask(ThreadPoolExecutor.java:886) [na:1.6.0_31]
	at java.util.concurrent.ThreadPoolExecutor$Worker.run(ThreadPoolExecutor.java:908) [na:1.6.0_31]
	at java.lang.Thread.run(Thread.java:662) [na:1.6.0_31]
2014-03-30 00:21:02,687 W  [PushClient4Test     ] - EXCEPTION, please implement com.hbdrawn.push.PushClient4Test.exceptionCaught() for proper handling:
java.io.IOException: 远程主机强迫关闭了一个现有的连接。
	at sun.nio.ch.SocketDispatcher.read0(Native Method) ~[na:1.6.0_31]
	at sun.nio.ch.SocketDispatcher.read(SocketDispatcher.java:25) ~[na:1.6.0_31]
	at sun.nio.ch.IOUtil.readIntoNativeBuffer(IOUtil.java:198) ~[na:1.6.0_31]
	at sun.nio.ch.IOUtil.read(IOUtil.java:171) ~[na:1.6.0_31]
	at sun.nio.ch.SocketChannelImpl.read(SocketChannelImpl.java:243) ~[na:1.6.0_31]
	at org.apache.mina.transport.socket.nio.NioProcessor.read(NioProcessor.java:273) ~[mina-core-2.0.7.jar:na]
	at org.apache.mina.transport.socket.nio.NioProcessor.read(NioProcessor.java:44) ~[mina-core-2.0.7.jar:na]
	at org.apache.mina.core.polling.AbstractPollingIoProcessor.read(AbstractPollingIoProcessor.java:690) [mina-core-2.0.7.jar:na]
	at org.apache.mina.core.polling.AbstractPollingIoProcessor.process(AbstractPollingIoProcessor.java:664) [mina-core-2.0.7.jar:na]
	at org.apache.mina.core.polling.AbstractPollingIoProcessor.process(AbstractPollingIoProcessor.java:653) [mina-core-2.0.7.jar:na]
	at org.apache.mina.core.polling.AbstractPollingIoProcessor.access$600(AbstractPollingIoProcessor.java:67) [mina-core-2.0.7.jar:na]
	at org.apache.mina.core.polling.AbstractPollingIoProcessor$Processor.run(AbstractPollingIoProcessor.java:1124) [mina-core-2.0.7.jar:na]
	at org.apache.mina.util.NamePreservingRunnable.run(NamePreservingRunnable.java:64) [mina-core-2.0.7.jar:na]
	at java.util.concurrent.ThreadPoolExecutor$Worker.runTask(ThreadPoolExecutor.java:886) [na:1.6.0_31]
	at java.util.concurrent.ThreadPoolExecutor$Worker.run(ThreadPoolExecutor.java:908) [na:1.6.0_31]
	at java.lang.Thread.run(Thread.java:662) [na:1.6.0_31]
2014-03-30 00:21:02,688 E  [PushClient4Test     ] - 连接已断开，正在重试[2]...
2014-03-30 00:21:02,689 I  [LoggingFilter       ] - CLOSED
2014-03-30 14:14:56,613 I  [LoggingFilter       ] - CREATED
2014-03-30 14:14:56,623 I  [LoggingFilter       ] - OPENED
2014-03-30 14:14:56,630 I  [LoggingFilter       ] - SENT: HeapBuffer[pos=0 lim=0 cap=0: empty]
2014-03-30 14:15:56,633 I  [LoggingFilter       ] - IDLE
2014-03-30 14:15:56,634 I  [LoggingFilter       ] - IDLE
2014-03-30 14:15:56,634 I  [LoggingFilter       ] - SENT: HeapBuffer[pos=0 lim=1 cap=1: FF]
2014-03-30 14:15:56,646 I  [LoggingFilter       ] - RECEIVED: HeapBuffer[pos=0 lim=1 cap=2048: FE]
2014-03-30 14:16:56,650 I  [LoggingFilter       ] - IDLE
2014-03-30 14:16:56,650 I  [LoggingFilter       ] - IDLE
2014-03-30 14:16:56,650 I  [LoggingFilter       ] - SENT: HeapBuffer[pos=0 lim=1 cap=1: FF]
2014-03-30 14:16:56,664 I  [LoggingFilter       ] - RECEIVED: HeapBuffer[pos=0 lim=1 cap=2048: FE]
2014-03-30 14:17:35,276 I  [LoggingFilter       ] - CLOSED
2014-03-30 14:22:47,512 I  [LoggingFilter       ] - CREATED
2014-03-30 14:22:47,518 I  [LoggingFilter       ] - OPENED
2014-03-30 14:22:47,524 I  [LoggingFilter       ] - SENT: HeapBuffer[pos=0 lim=0 cap=0: empty]
2014-03-30 14:22:48,592 I  [LoggingFilter       ] - RECEIVED: HeapBuffer[pos=0 lim=9 cap=2048: 70 6F 73 69 74 69 6F 6E 0A]
2014-03-30 14:22:48,592 D  [ProtocolCodecFilter ] - Processing a MESSAGE_RECEIVED for session 1
2014-03-30 14:22:48,594 I  [PushClient4Test     ] - 客户端接受到服务端命令请求:position,
2014-03-30 14:22:48,595 W  [PushClient4Test     ] - 服务器推送消息到客户端:position
2014-03-30 14:22:48,595 I  [LoggingFilter       ] - SENT: HeapBuffer[pos=0 lim=0 cap=0: empty]
2014-03-30 14:23:48,598 I  [LoggingFilter       ] - IDLE
2014-03-30 14:23:48,598 I  [LoggingFilter       ] - IDLE
2014-03-30 14:23:48,599 I  [LoggingFilter       ] - SENT: HeapBuffer[pos=0 lim=1 cap=1: FF]
2014-03-30 14:23:48,612 I  [LoggingFilter       ] - RECEIVED: HeapBuffer[pos=0 lim=1 cap=2048: FE]
2014-03-30 14:24:34,472 I  [LoggingFilter       ] - CREATED
2014-03-30 14:24:34,483 I  [LoggingFilter       ] - OPENED
2014-03-30 14:24:34,490 I  [LoggingFilter       ] - SENT: HeapBuffer[pos=0 lim=0 cap=0: empty]
2014-03-30 14:24:34,522 I  [LoggingFilter       ] - RECEIVED: HeapBuffer[pos=0 lim=9 cap=2048: 70 6F 73 69 74 69 6F 6E 0A]
2014-03-30 14:24:34,522 D  [ProtocolCodecFilter ] - Processing a MESSAGE_RECEIVED for session 1
2014-03-30 14:24:34,526 I  [PushClient4Test     ] - 客户端接受到服务端命令请求:position,
2014-03-30 14:24:34,526 W  [PushClient4Test     ] - 服务器推送消息到客户端:position
2014-03-30 14:24:34,527 I  [LoggingFilter       ] - SENT: HeapBuffer[pos=0 lim=0 cap=0: empty]
2014-03-30 14:24:48,652 I  [LoggingFilter       ] - IDLE
2014-03-30 14:24:48,652 I  [LoggingFilter       ] - IDLE
2014-03-30 14:24:48,652 I  [LoggingFilter       ] - SENT: HeapBuffer[pos=0 lim=1 cap=1: FF]
2014-03-30 14:24:48,664 I  [LoggingFilter       ] - RECEIVED: HeapBuffer[pos=0 lim=1 cap=1024: FE]
2014-03-30 14:25:48,669 I  [LoggingFilter       ] - IDLE
2014-03-30 14:25:48,669 I  [LoggingFilter       ] - IDLE
2014-03-30 14:25:48,670 I  [LoggingFilter       ] - SENT: HeapBuffer[pos=0 lim=1 cap=1: FF]
2014-03-30 14:25:48,682 I  [LoggingFilter       ] - RECEIVED: HeapBuffer[pos=0 lim=1 cap=1024: FE]
2014-03-30 19:50:36,908 I  [LoggingFilter       ] - CREATED
2014-03-30 19:50:37,047 I  [LoggingFilter       ] - OPENED
2014-03-30 19:50:37,055 I  [LoggingFilter       ] - SENT: HeapBuffer[pos=0 lim=0 cap=0: empty]
2014-03-30 19:50:37,492 I  [LoggingFilter       ] - RECEIVED: HeapBuffer[pos=0 lim=9 cap=2048: 70 6F 73 69 74 69 6F 6E 0A]
2014-03-30 19:50:37,492 D  [ProtocolCodecFilter ] - Processing a MESSAGE_RECEIVED for session 1
2014-03-30 19:50:37,494 I  [PushClient4Test     ] - 客户端接受到服务端命令请求:position,
2014-03-30 19:50:37,495 W  [PushClient4Test     ] - 服务器推送消息到客户端:position
2014-03-30 19:50:37,496 I  [LoggingFilter       ] - SENT: HeapBuffer[pos=0 lim=0 cap=0: empty]
