2014-04-02 07:27:01,868 I  [LoggingFilter       ] - CREATED
2014-04-02 07:27:01,954 I  [LoggingFilter       ] - OPENED
2014-04-02 07:27:01,987 I  [LoggingFilter       ] - SENT: HeapBuffer[pos=0 lim=0 cap=0: empty]
2014-04-02 07:27:01,987 I  [PushClient4Test     ] - 客户端向服务端发送消息:{"simNo":"sim18701585847","teleNo":"18701585847"},
2014-04-02 07:27:50,848 I  [LoggingFilter       ] - RECEIVED: HeapBuffer[pos=0 lim=9 cap=2048: 70 6F 73 69 74 69 6F 6E 0A]
2014-04-02 07:27:50,848 D  [ProtocolCodecFilter ] - Processing a MESSAGE_RECEIVED for session 1
2014-04-02 07:27:50,850 I  [PushClient4Test     ] - 客户端接受到服务端命令请求:position,
2014-04-02 07:27:50,851 I  [LoggingFilter       ] - SENT: HeapBuffer[pos=0 lim=0 cap=0: empty]
2014-04-02 07:27:50,851 I  [PushClient4Test     ] - 客户端向服务端发送消息:{"loctype":0, "lon":111,"lat":111,"radius":111},
2014-04-02 07:27:59,114 I  [LoggingFilter       ] - RECEIVED: HeapBuffer[pos=0 lim=9 cap=2048: 70 6F 73 69 74 69 6F 6E 0A]
2014-04-02 07:27:59,114 D  [ProtocolCodecFilter ] - Processing a MESSAGE_RECEIVED for session 1
2014-04-02 07:27:59,114 I  [PushClient4Test     ] - 客户端接受到服务端命令请求:position,
2014-04-02 07:27:59,115 I  [LoggingFilter       ] - SENT: HeapBuffer[pos=0 lim=0 cap=0: empty]
2014-04-02 07:27:59,115 I  [PushClient4Test     ] - 客户端向服务端发送消息:{"loctype":0, "lon":111,"lat":111,"radius":111},
2014-04-02 07:28:59,118 I  [LoggingFilter       ] - IDLE
2014-04-02 07:28:59,118 I  [LoggingFilter       ] - IDLE
2014-04-02 07:28:59,119 I  [LoggingFilter       ] - SENT: HeapBuffer[pos=0 lim=1 cap=1: FF]
2014-04-02 07:28:59,137 I  [LoggingFilter       ] - RECEIVED: HeapBuffer[pos=0 lim=1 cap=1024: FE]
2014-04-02 07:29:59,140 I  [LoggingFilter       ] - IDLE
2014-04-02 07:29:59,140 I  [LoggingFilter       ] - IDLE
2014-04-02 07:29:59,141 I  [LoggingFilter       ] - SENT: HeapBuffer[pos=0 lim=1 cap=1: FF]
2014-04-02 07:29:59,160 I  [LoggingFilter       ] - RECEIVED: HeapBuffer[pos=0 lim=1 cap=1024: FE]
2014-04-02 07:30:59,166 I  [LoggingFilter       ] - IDLE
2014-04-02 07:30:59,166 I  [LoggingFilter       ] - IDLE
2014-04-02 07:30:59,167 I  [LoggingFilter       ] - SENT: HeapBuffer[pos=0 lim=1 cap=1: FF]
2014-04-02 07:30:59,183 I  [LoggingFilter       ] - RECEIVED: HeapBuffer[pos=0 lim=1 cap=512: FE]
2014-04-02 07:31:15,170 I  [LoggingFilter       ] - RECEIVED: HeapBuffer[pos=0 lim=9 cap=512: 70 6F 73 69 74 69 6F 6E 0A]
2014-04-02 07:31:15,170 D  [ProtocolCodecFilter ] - Processing a MESSAGE_RECEIVED for session 1
2014-04-02 07:31:15,171 I  [PushClient4Test     ] - 客户端接受到服务端命令请求:position,
2014-04-02 07:31:15,171 I  [LoggingFilter       ] - SENT: HeapBuffer[pos=0 lim=0 cap=0: empty]
2014-04-02 07:31:15,171 I  [PushClient4Test     ] - 客户端向服务端发送消息:{"loctype":0, "lon":111,"lat":111,"radius":111},
2014-04-02 07:31:35,208 I  [LoggingFilter       ] - RECEIVED: HeapBuffer[pos=0 lim=9 cap=256: 70 6F 73 69 74 69 6F 6E 0A]
2014-04-02 07:31:35,209 D  [ProtocolCodecFilter ] - Processing a MESSAGE_RECEIVED for session 1
2014-04-02 07:31:35,209 I  [PushClient4Test     ] - 客户端接受到服务端命令请求:position,
2014-04-02 07:31:35,210 I  [LoggingFilter       ] - SENT: HeapBuffer[pos=0 lim=0 cap=0: empty]
2014-04-02 07:31:35,210 I  [PushClient4Test     ] - 客户端向服务端发送消息:{"loctype":0, "lon":111,"lat":111,"radius":111},
2014-04-02 07:31:37,582 I  [LoggingFilter       ] - RECEIVED: HeapBuffer[pos=0 lim=9 cap=256: 70 6F 73 69 74 69 6F 6E 0A]
2014-04-02 07:31:37,582 D  [ProtocolCodecFilter ] - Processing a MESSAGE_RECEIVED for session 1
2014-04-02 07:31:37,582 I  [PushClient4Test     ] - 客户端接受到服务端命令请求:position,
2014-04-02 07:31:37,583 I  [LoggingFilter       ] - SENT: HeapBuffer[pos=0 lim=0 cap=0: empty]
2014-04-02 07:31:37,583 I  [PushClient4Test     ] - 客户端向服务端发送消息:{"loctype":0, "lon":111,"lat":111,"radius":111},
2014-04-02 07:32:37,587 I  [LoggingFilter       ] - IDLE
2014-04-02 07:32:37,587 I  [LoggingFilter       ] - IDLE
2014-04-02 07:32:37,588 I  [LoggingFilter       ] - SENT: HeapBuffer[pos=0 lim=1 cap=1: FF]
2014-04-02 07:32:37,609 I  [LoggingFilter       ] - RECEIVED: HeapBuffer[pos=0 lim=1 cap=128: FE]
2014-04-02 07:32:59,565 I  [LoggingFilter       ] - CREATED
2014-04-02 07:32:59,570 I  [LoggingFilter       ] - OPENED
2014-04-02 07:32:59,576 I  [LoggingFilter       ] - SENT: HeapBuffer[pos=0 lim=0 cap=0: empty]
2014-04-02 07:32:59,577 I  [PushClient4Test     ] - 客户端向服务端发送消息:{"simNo":"sim18701585848","teleNo":"18701585848"},
2014-04-02 07:33:20,622 I  [LoggingFilter       ] - RECEIVED: HeapBuffer[pos=0 lim=9 cap=128: 70 6F 73 69 74 69 6F 6E 0A]
2014-04-02 07:33:20,622 D  [ProtocolCodecFilter ] - Processing a MESSAGE_RECEIVED for session 1
2014-04-02 07:33:20,623 I  [PushClient4Test     ] - 客户端接受到服务端命令请求:position,
2014-04-02 07:33:20,624 I  [LoggingFilter       ] - SENT: HeapBuffer[pos=0 lim=0 cap=0: empty]
2014-04-02 07:33:20,624 I  [PushClient4Test     ] - 客户端向服务端发送消息:{"loctype":0, "lon":111,"lat":111,"radius":111},
2014-04-02 07:33:22,452 I  [LoggingFilter       ] - RECEIVED: HeapBuffer[pos=0 lim=9 cap=64: 70 6F 73 69 74 69 6F 6E 0A]
2014-04-02 07:33:22,452 D  [ProtocolCodecFilter ] - Processing a MESSAGE_RECEIVED for session 1
2014-04-02 07:33:22,452 I  [PushClient4Test     ] - 客户端接受到服务端命令请求:position,
2014-04-02 07:33:22,454 I  [LoggingFilter       ] - SENT: HeapBuffer[pos=0 lim=0 cap=0: empty]
2014-04-02 07:33:22,454 I  [PushClient4Test     ] - 客户端向服务端发送消息:{"loctype":0, "lon":111,"lat":111,"radius":111},
2014-04-02 07:33:36,642 I  [LoggingFilter       ] - RECEIVED: HeapBuffer[pos=0 lim=9 cap=2048: 70 6F 73 69 74 69 6F 6E 0A]
2014-04-02 07:33:36,643 D  [ProtocolCodecFilter ] - Processing a MESSAGE_RECEIVED for session 1
2014-04-02 07:33:36,645 I  [PushClient4Test     ] - 客户端接受到服务端命令请求:position,
2014-04-02 07:33:36,646 I  [LoggingFilter       ] - SENT: HeapBuffer[pos=0 lim=0 cap=0: empty]
2014-04-02 07:33:36,646 I  [PushClient4Test     ] - 客户端向服务端发送消息:{"loctype":0, "lon":111,"lat":111,"radius":111},
2014-04-02 07:33:42,531 I  [LoggingFilter       ] - RECEIVED: HeapBuffer[pos=0 lim=9 cap=2048: 70 6F 73 69 74 69 6F 6E 0A]
2014-04-02 07:33:42,531 D  [ProtocolCodecFilter ] - Processing a MESSAGE_RECEIVED for session 1
2014-04-02 07:33:42,531 I  [PushClient4Test     ] - 客户端接受到服务端命令请求:position,
2014-04-02 07:33:42,532 I  [LoggingFilter       ] - SENT: HeapBuffer[pos=0 lim=0 cap=0: empty]
2014-04-02 07:33:42,532 I  [PushClient4Test     ] - 客户端向服务端发送消息:{"loctype":0, "lon":111,"lat":111,"radius":111},
2014-04-02 07:33:46,223 I  [LoggingFilter       ] - RECEIVED: HeapBuffer[pos=0 lim=9 cap=1024: 70 6F 73 69 74 69 6F 6E 0A]
2014-04-02 07:33:46,224 D  [ProtocolCodecFilter ] - Processing a MESSAGE_RECEIVED for session 1
2014-04-02 07:33:46,224 I  [PushClient4Test     ] - 客户端接受到服务端命令请求:position,
2014-04-02 07:33:46,224 I  [LoggingFilter       ] - SENT: HeapBuffer[pos=0 lim=0 cap=0: empty]
2014-04-02 07:33:46,224 I  [PushClient4Test     ] - 客户端向服务端发送消息:{"loctype":0, "lon":111,"lat":111,"radius":111},
2014-04-02 07:33:49,020 I  [LoggingFilter       ] - RECEIVED: HeapBuffer[pos=0 lim=9 cap=1024: 70 6F 73 69 74 69 6F 6E 0A]
2014-04-02 07:33:49,021 D  [ProtocolCodecFilter ] - Processing a MESSAGE_RECEIVED for session 1
2014-04-02 07:33:49,021 I  [PushClient4Test     ] - 客户端接受到服务端命令请求:position,
2014-04-02 07:33:49,022 I  [LoggingFilter       ] - SENT: HeapBuffer[pos=0 lim=0 cap=0: empty]
2014-04-02 07:33:49,022 I  [PushClient4Test     ] - 客户端向服务端发送消息:{"loctype":0, "lon":111,"lat":111,"radius":111},
2014-04-02 07:33:50,090 I  [LoggingFilter       ] - RECEIVED: HeapBuffer[pos=0 lim=9 cap=512: 70 6F 73 69 74 69 6F 6E 0A]
2014-04-02 07:33:50,091 D  [ProtocolCodecFilter ] - Processing a MESSAGE_RECEIVED for session 1
2014-04-02 07:33:50,091 I  [PushClient4Test     ] - 客户端接受到服务端命令请求:position,
2014-04-02 07:33:50,092 I  [LoggingFilter       ] - SENT: HeapBuffer[pos=0 lim=0 cap=0: empty]
2014-04-02 07:33:50,092 I  [PushClient4Test     ] - 客户端向服务端发送消息:{"loctype":0, "lon":111,"lat":111,"radius":111},
2014-04-02 07:33:51,628 I  [LoggingFilter       ] - RECEIVED: HeapBuffer[pos=0 lim=9 cap=512: 70 6F 73 69 74 69 6F 6E 0A]
2014-04-02 07:33:51,628 D  [ProtocolCodecFilter ] - Processing a MESSAGE_RECEIVED for session 1
2014-04-02 07:33:51,628 I  [PushClient4Test     ] - 客户端接受到服务端命令请求:position,
2014-04-02 07:33:51,629 I  [LoggingFilter       ] - SENT: HeapBuffer[pos=0 lim=0 cap=0: empty]
2014-04-02 07:33:51,629 I  [PushClient4Test     ] - 客户端向服务端发送消息:{"loctype":0, "lon":111,"lat":111,"radius":111},
2014-04-02 07:33:53,125 I  [LoggingFilter       ] - RECEIVED: HeapBuffer[pos=0 lim=9 cap=256: 70 6F 73 69 74 69 6F 6E 0A]
2014-04-02 07:33:53,125 D  [ProtocolCodecFilter ] - Processing a MESSAGE_RECEIVED for session 1
2014-04-02 07:33:53,125 I  [PushClient4Test     ] - 客户端接受到服务端命令请求:position,
2014-04-02 07:33:53,126 I  [LoggingFilter       ] - SENT: HeapBuffer[pos=0 lim=0 cap=0: empty]
2014-04-02 07:33:53,126 I  [PushClient4Test     ] - 客户端向服务端发送消息:{"loctype":0, "lon":111,"lat":111,"radius":111},
2014-04-02 07:34:22,458 I  [LoggingFilter       ] - IDLE
2014-04-02 07:34:22,458 I  [LoggingFilter       ] - IDLE
2014-04-02 07:34:22,459 I  [LoggingFilter       ] - SENT: HeapBuffer[pos=0 lim=1 cap=1: FF]
2014-04-02 07:34:22,481 I  [LoggingFilter       ] - RECEIVED: HeapBuffer[pos=0 lim=1 cap=64: FE]
2014-04-02 07:34:53,129 I  [LoggingFilter       ] - IDLE
2014-04-02 07:34:53,130 I  [LoggingFilter       ] - IDLE
2014-04-02 07:34:53,131 I  [LoggingFilter       ] - SENT: HeapBuffer[pos=0 lim=1 cap=1: FF]
2014-04-02 07:34:53,141 I  [LoggingFilter       ] - RECEIVED: HeapBuffer[pos=0 lim=1 cap=256: FE]
2014-04-02 07:35:22,485 I  [LoggingFilter       ] - IDLE
2014-04-02 07:35:22,485 I  [LoggingFilter       ] - IDLE
2014-04-02 07:35:22,486 I  [LoggingFilter       ] - SENT: HeapBuffer[pos=0 lim=1 cap=1: FF]
2014-04-02 07:35:22,506 I  [LoggingFilter       ] - RECEIVED: HeapBuffer[pos=0 lim=1 cap=64: FE]
2014-04-02 07:35:53,147 I  [LoggingFilter       ] - IDLE
2014-04-02 07:35:53,148 I  [LoggingFilter       ] - IDLE
2014-04-02 07:35:53,148 I  [LoggingFilter       ] - SENT: HeapBuffer[pos=0 lim=1 cap=1: FF]
2014-04-02 07:35:53,157 I  [LoggingFilter       ] - RECEIVED: HeapBuffer[pos=0 lim=1 cap=128: FE]
2014-04-02 07:36:22,509 I  [LoggingFilter       ] - IDLE
2014-04-02 07:36:22,509 I  [LoggingFilter       ] - IDLE
2014-04-02 07:36:22,510 I  [LoggingFilter       ] - SENT: HeapBuffer[pos=0 lim=1 cap=1: FF]
2014-04-02 07:36:22,527 I  [LoggingFilter       ] - RECEIVED: HeapBuffer[pos=0 lim=1 cap=64: FE]
2014-04-02 07:36:39,480 I  [LoggingFilter       ] - RECEIVED: HeapBuffer[pos=0 lim=9 cap=64: 70 6F 73 69 74 69 6F 6E 0A]
2014-04-02 07:36:39,480 D  [ProtocolCodecFilter ] - Processing a MESSAGE_RECEIVED for session 1
2014-04-02 07:36:39,480 I  [PushClient4Test     ] - 客户端接受到服务端命令请求:position,
2014-04-02 07:36:39,481 I  [LoggingFilter       ] - SENT: HeapBuffer[pos=0 lim=0 cap=0: empty]
2014-04-02 07:36:39,481 I  [PushClient4Test     ] - 客户端向服务端发送消息:{"loctype":0, "lon":111,"lat":111,"radius":111},
2014-04-02 07:36:42,024 I  [LoggingFilter       ] - RECEIVED: HeapBuffer[pos=0 lim=9 cap=64: 70 6F 73 69 74 69 6F 6E 0A]
2014-04-02 07:36:42,024 D  [ProtocolCodecFilter ] - Processing a MESSAGE_RECEIVED for session 1
2014-04-02 07:36:42,025 I  [PushClient4Test     ] - 客户端接受到服务端命令请求:position,
2014-04-02 07:36:42,025 I  [LoggingFilter       ] - SENT: HeapBuffer[pos=0 lim=0 cap=0: empty]
2014-04-02 07:36:42,025 I  [PushClient4Test     ] - 客户端向服务端发送消息:{"loctype":0, "lon":111,"lat":111,"radius":111},
2014-04-02 07:36:51,264 I  [LoggingFilter       ] - RECEIVED: HeapBuffer[pos=0 lim=9 cap=128: 70 6F 73 69 74 69 6F 6E 0A]
2014-04-02 07:36:51,265 D  [ProtocolCodecFilter ] - Processing a MESSAGE_RECEIVED for session 1
2014-04-02 07:36:51,265 I  [PushClient4Test     ] - 客户端接受到服务端命令请求:position,
2014-04-02 07:36:51,266 I  [LoggingFilter       ] - SENT: HeapBuffer[pos=0 lim=0 cap=0: empty]
2014-04-02 07:36:51,266 I  [PushClient4Test     ] - 客户端向服务端发送消息:{"loctype":0, "lon":111,"lat":111,"radius":111},
2014-04-02 07:36:53,593 I  [LoggingFilter       ] - RECEIVED: HeapBuffer[pos=0 lim=9 cap=64: 70 6F 73 69 74 69 6F 6E 0A]
2014-04-02 07:36:53,593 D  [ProtocolCodecFilter ] - Processing a MESSAGE_RECEIVED for session 1
2014-04-02 07:36:53,593 I  [PushClient4Test     ] - 客户端接受到服务端命令请求:position,
2014-04-02 07:36:53,594 I  [LoggingFilter       ] - SENT: HeapBuffer[pos=0 lim=0 cap=0: empty]
2014-04-02 07:36:53,594 I  [PushClient4Test     ] - 客户端向服务端发送消息:{"loctype":0, "lon":111,"lat":111,"radius":111},
2014-04-02 07:37:42,029 I  [LoggingFilter       ] - IDLE
2014-04-02 07:37:42,029 I  [LoggingFilter       ] - IDLE
2014-04-02 07:37:42,030 I  [LoggingFilter       ] - SENT: HeapBuffer[pos=0 lim=1 cap=1: FF]
2014-04-02 07:37:42,046 I  [LoggingFilter       ] - RECEIVED: HeapBuffer[pos=0 lim=1 cap=64: FE]
2014-04-02 07:37:53,598 I  [LoggingFilter       ] - IDLE
2014-04-02 07:37:53,598 I  [LoggingFilter       ] - IDLE
2014-04-02 07:37:53,599 I  [LoggingFilter       ] - SENT: HeapBuffer[pos=0 lim=1 cap=1: FF]
2014-04-02 07:37:53,611 I  [LoggingFilter       ] - RECEIVED: HeapBuffer[pos=0 lim=1 cap=64: FE]
2014-04-02 07:38:42,049 I  [LoggingFilter       ] - IDLE
2014-04-02 07:38:42,049 I  [LoggingFilter       ] - IDLE
2014-04-02 07:38:42,050 I  [LoggingFilter       ] - SENT: HeapBuffer[pos=0 lim=1 cap=1: FF]
2014-04-02 07:38:42,066 I  [LoggingFilter       ] - RECEIVED: HeapBuffer[pos=0 lim=1 cap=64: FE]
2014-04-02 07:38:53,614 I  [LoggingFilter       ] - IDLE
2014-04-02 07:38:53,614 I  [LoggingFilter       ] - IDLE
2014-04-02 07:38:53,615 I  [LoggingFilter       ] - SENT: HeapBuffer[pos=0 lim=1 cap=1: FF]
2014-04-02 07:38:53,641 I  [LoggingFilter       ] - RECEIVED: HeapBuffer[pos=0 lim=1 cap=64: FE]
2014-04-02 07:39:22,295 I  [LoggingFilter       ] - CREATED
2014-04-02 07:39:22,301 I  [LoggingFilter       ] - OPENED
2014-04-02 07:39:22,307 I  [LoggingFilter       ] - SENT: HeapBuffer[pos=0 lim=0 cap=0: empty]
2014-04-02 07:39:22,307 I  [PushClient4Test     ] - 客户端向服务端发送消息:{"simNo":"sim18701585849","teleNo":"18701585849"},
2014-04-02 07:39:38,682 I  [LoggingFilter       ] - RECEIVED: HeapBuffer[pos=0 lim=9 cap=2048: 70 6F 73 69 74 69 6F 6E 0A]
2014-04-02 07:39:38,683 D  [ProtocolCodecFilter ] - Processing a MESSAGE_RECEIVED for session 1
2014-04-02 07:39:38,685 I  [PushClient4Test     ] - 客户端接受到服务端命令请求:position,
2014-04-02 07:39:38,685 I  [LoggingFilter       ] - SENT: HeapBuffer[pos=0 lim=0 cap=0: empty]
2014-04-02 07:39:38,685 I  [PushClient4Test     ] - 客户端向服务端发送消息:{"loctype":0, "lon":111,"lat":111,"radius":111},
2014-04-02 07:39:42,070 I  [LoggingFilter       ] - IDLE
2014-04-02 07:39:42,070 I  [LoggingFilter       ] - IDLE
2014-04-02 07:39:42,071 I  [LoggingFilter       ] - SENT: HeapBuffer[pos=0 lim=1 cap=1: FF]
2014-04-02 07:39:42,102 I  [LoggingFilter       ] - RECEIVED: HeapBuffer[pos=0 lim=1 cap=64: FE]
2014-04-02 07:39:53,644 I  [LoggingFilter       ] - IDLE
2014-04-02 07:39:53,644 I  [LoggingFilter       ] - IDLE
2014-04-02 07:39:53,645 I  [LoggingFilter       ] - SENT: HeapBuffer[pos=0 lim=1 cap=1: FF]
2014-04-02 07:39:53,672 I  [LoggingFilter       ] - RECEIVED: HeapBuffer[pos=0 lim=1 cap=64: FE]
2014-04-02 07:40:23,739 I  [LoggingFilter       ] - RECEIVED: HeapBuffer[pos=0 lim=9 cap=2048: 70 6F 73 69 74 69 6F 6E 0A]
2014-04-02 07:40:23,739 D  [ProtocolCodecFilter ] - Processing a MESSAGE_RECEIVED for session 1
2014-04-02 07:40:23,740 I  [PushClient4Test     ] - 客户端接受到服务端命令请求:position,
2014-04-02 07:40:23,741 I  [LoggingFilter       ] - SENT: HeapBuffer[pos=0 lim=0 cap=0: empty]
2014-04-02 07:40:23,741 I  [PushClient4Test     ] - 客户端向服务端发送消息:{"loctype":0, "lon":111,"lat":111,"radius":111},
2014-04-02 07:40:24,536 I  [LoggingFilter       ] - RECEIVED: HeapBuffer[pos=0 lim=9 cap=1024: 70 6F 73 69 74 69 6F 6E 0A]
2014-04-02 07:40:24,537 D  [ProtocolCodecFilter ] - Processing a MESSAGE_RECEIVED for session 1
2014-04-02 07:40:24,537 I  [PushClient4Test     ] - 客户端接受到服务端命令请求:position,
2014-04-02 07:40:24,538 I  [LoggingFilter       ] - SENT: HeapBuffer[pos=0 lim=0 cap=0: empty]
2014-04-02 07:40:24,538 I  [PushClient4Test     ] - 客户端向服务端发送消息:{"loctype":0, "lon":111,"lat":111,"radius":111},
2014-04-02 07:40:25,309 I  [LoggingFilter       ] - RECEIVED: HeapBuffer[pos=0 lim=9 cap=1024: 70 6F 73 69 74 69 6F 6E 0A]
2014-04-02 07:40:25,310 D  [ProtocolCodecFilter ] - Processing a MESSAGE_RECEIVED for session 1
2014-04-02 07:40:25,310 I  [PushClient4Test     ] - 客户端接受到服务端命令请求:position,
2014-04-02 07:40:25,310 I  [LoggingFilter       ] - SENT: HeapBuffer[pos=0 lim=0 cap=0: empty]
2014-04-02 07:40:25,311 I  [PushClient4Test     ] - 客户端向服务端发送消息:{"loctype":0, "lon":111,"lat":111,"radius":111},
2014-04-02 07:40:25,846 I  [LoggingFilter       ] - RECEIVED: HeapBuffer[pos=0 lim=9 cap=512: 70 6F 73 69 74 69 6F 6E 0A]
2014-04-02 07:40:25,846 D  [ProtocolCodecFilter ] - Processing a MESSAGE_RECEIVED for session 1
2014-04-02 07:40:25,846 I  [PushClient4Test     ] - 客户端接受到服务端命令请求:position,
2014-04-02 07:40:25,847 I  [LoggingFilter       ] - SENT: HeapBuffer[pos=0 lim=0 cap=0: empty]
2014-04-02 07:40:25,847 I  [PushClient4Test     ] - 客户端向服务端发送消息:{"loctype":0, "lon":111,"lat":111,"radius":111},
2014-04-02 07:40:26,364 I  [LoggingFilter       ] - RECEIVED: HeapBuffer[pos=0 lim=9 cap=512: 70 6F 73 69 74 69 6F 6E 0A]
2014-04-02 07:40:26,365 D  [ProtocolCodecFilter ] - Processing a MESSAGE_RECEIVED for session 1
2014-04-02 07:40:26,365 I  [PushClient4Test     ] - 客户端接受到服务端命令请求:position,
2014-04-02 07:40:26,366 I  [LoggingFilter       ] - SENT: HeapBuffer[pos=0 lim=0 cap=0: empty]
2014-04-02 07:40:26,366 I  [PushClient4Test     ] - 客户端向服务端发送消息:{"loctype":0, "lon":111,"lat":111,"radius":111},
2014-04-02 07:40:26,909 I  [LoggingFilter       ] - RECEIVED: HeapBuffer[pos=0 lim=9 cap=256: 70 6F 73 69 74 69 6F 6E 0A]
2014-04-02 07:40:26,909 D  [ProtocolCodecFilter ] - Processing a MESSAGE_RECEIVED for session 1
2014-04-02 07:40:26,909 I  [PushClient4Test     ] - 客户端接受到服务端命令请求:position,
2014-04-02 07:40:26,910 I  [LoggingFilter       ] - SENT: HeapBuffer[pos=0 lim=0 cap=0: empty]
2014-04-02 07:40:26,910 I  [PushClient4Test     ] - 客户端向服务端发送消息:{"loctype":0, "lon":111,"lat":111,"radius":111},
2014-04-02 07:40:27,522 I  [LoggingFilter       ] - RECEIVED: HeapBuffer[pos=0 lim=9 cap=256: 70 6F 73 69 74 69 6F 6E 0A]
2014-04-02 07:40:27,522 D  [ProtocolCodecFilter ] - Processing a MESSAGE_RECEIVED for session 1
2014-04-02 07:40:27,523 I  [PushClient4Test     ] - 客户端接受到服务端命令请求:position,
2014-04-02 07:40:27,524 I  [LoggingFilter       ] - SENT: HeapBuffer[pos=0 lim=0 cap=0: empty]
2014-04-02 07:40:27,524 I  [PushClient4Test     ] - 客户端向服务端发送消息:{"loctype":0, "lon":111,"lat":111,"radius":111},
2014-04-02 07:40:28,630 I  [LoggingFilter       ] - RECEIVED: HeapBuffer[pos=0 lim=9 cap=128: 70 6F 73 69 74 69 6F 6E 0A]
2014-04-02 07:40:28,630 D  [ProtocolCodecFilter ] - Processing a MESSAGE_RECEIVED for session 1
2014-04-02 07:40:28,630 I  [PushClient4Test     ] - 客户端接受到服务端命令请求:position,
2014-04-02 07:40:28,631 I  [LoggingFilter       ] - SENT: HeapBuffer[pos=0 lim=0 cap=0: empty]
2014-04-02 07:40:28,631 I  [PushClient4Test     ] - 客户端向服务端发送消息:{"loctype":0, "lon":111,"lat":111,"radius":111},
2014-04-02 07:40:42,105 I  [LoggingFilter       ] - IDLE
2014-04-02 07:40:42,105 I  [LoggingFilter       ] - IDLE
2014-04-02 07:40:42,107 I  [LoggingFilter       ] - SENT: HeapBuffer[pos=0 lim=1 cap=1: FF]
2014-04-02 07:40:42,124 I  [LoggingFilter       ] - RECEIVED: HeapBuffer[pos=0 lim=1 cap=64: FE]
2014-04-02 07:40:53,679 I  [LoggingFilter       ] - IDLE
2014-04-02 07:40:53,679 I  [LoggingFilter       ] - IDLE
2014-04-02 07:40:53,680 I  [LoggingFilter       ] - SENT: HeapBuffer[pos=0 lim=1 cap=1: FF]
2014-04-02 07:40:53,693 I  [LoggingFilter       ] - RECEIVED: HeapBuffer[pos=0 lim=1 cap=64: FE]
2014-04-02 07:41:28,635 I  [LoggingFilter       ] - IDLE
2014-04-02 07:41:28,636 I  [LoggingFilter       ] - IDLE
2014-04-02 07:41:28,636 I  [LoggingFilter       ] - SENT: HeapBuffer[pos=0 lim=1 cap=1: FF]
2014-04-02 07:41:28,667 I  [LoggingFilter       ] - RECEIVED: HeapBuffer[pos=0 lim=1 cap=128: FE]
2014-04-02 07:41:42,128 I  [LoggingFilter       ] - IDLE
2014-04-02 07:41:42,128 I  [LoggingFilter       ] - IDLE
2014-04-02 07:41:42,129 I  [LoggingFilter       ] - SENT: HeapBuffer[pos=0 lim=1 cap=1: FF]
2014-04-02 07:41:42,149 I  [LoggingFilter       ] - RECEIVED: HeapBuffer[pos=0 lim=1 cap=64: FE]
2014-04-02 07:41:53,697 I  [LoggingFilter       ] - IDLE
2014-04-02 07:41:53,697 I  [LoggingFilter       ] - IDLE
2014-04-02 07:41:53,698 I  [LoggingFilter       ] - SENT: HeapBuffer[pos=0 lim=1 cap=1: FF]
2014-04-02 07:41:53,708 I  [LoggingFilter       ] - RECEIVED: HeapBuffer[pos=0 lim=1 cap=64: FE]
2014-04-02 07:42:28,671 I  [LoggingFilter       ] - IDLE
2014-04-02 07:42:28,671 I  [LoggingFilter       ] - IDLE
2014-04-02 07:42:28,672 I  [LoggingFilter       ] - SENT: HeapBuffer[pos=0 lim=1 cap=1: FF]
2014-04-02 07:42:28,686 I  [LoggingFilter       ] - RECEIVED: HeapBuffer[pos=0 lim=1 cap=64: FE]
2014-04-02 07:42:42,152 I  [LoggingFilter       ] - IDLE
2014-04-02 07:42:42,152 I  [LoggingFilter       ] - IDLE
2014-04-02 07:42:42,153 I  [LoggingFilter       ] - SENT: HeapBuffer[pos=0 lim=1 cap=1: FF]
2014-04-02 07:42:42,173 I  [LoggingFilter       ] - RECEIVED: HeapBuffer[pos=0 lim=1 cap=64: FE]
2014-04-02 07:42:53,713 I  [LoggingFilter       ] - IDLE
2014-04-02 07:42:53,713 I  [LoggingFilter       ] - IDLE
2014-04-02 07:42:53,714 I  [LoggingFilter       ] - SENT: HeapBuffer[pos=0 lim=1 cap=1: FF]
2014-04-02 07:42:53,762 I  [LoggingFilter       ] - RECEIVED: HeapBuffer[pos=0 lim=1 cap=64: FE]
2014-04-02 07:43:28,692 I  [LoggingFilter       ] - IDLE
2014-04-02 07:43:28,692 I  [LoggingFilter       ] - IDLE
2014-04-02 07:43:28,693 I  [LoggingFilter       ] - SENT: HeapBuffer[pos=0 lim=1 cap=1: FF]
2014-04-02 07:43:28,791 I  [LoggingFilter       ] - RECEIVED: HeapBuffer[pos=0 lim=1 cap=64: FE]
2014-04-02 07:43:42,185 I  [LoggingFilter       ] - IDLE
2014-04-02 07:43:42,185 I  [LoggingFilter       ] - IDLE
2014-04-02 07:43:42,186 I  [LoggingFilter       ] - SENT: HeapBuffer[pos=0 lim=1 cap=1: FF]
2014-04-02 07:43:42,201 I  [LoggingFilter       ] - RECEIVED: HeapBuffer[pos=0 lim=1 cap=64: FE]
2014-04-02 07:43:53,768 I  [LoggingFilter       ] - IDLE
2014-04-02 07:43:53,768 I  [LoggingFilter       ] - IDLE
2014-04-02 07:43:53,769 I  [LoggingFilter       ] - SENT: HeapBuffer[pos=0 lim=1 cap=1: FF]
2014-04-02 07:43:53,783 I  [LoggingFilter       ] - RECEIVED: HeapBuffer[pos=0 lim=1 cap=64: FE]
2014-04-02 07:44:28,795 I  [LoggingFilter       ] - IDLE
2014-04-02 07:44:28,795 I  [LoggingFilter       ] - IDLE
2014-04-02 07:44:28,796 I  [LoggingFilter       ] - SENT: HeapBuffer[pos=0 lim=1 cap=1: FF]
2014-04-02 07:44:28,812 I  [LoggingFilter       ] - RECEIVED: HeapBuffer[pos=0 lim=1 cap=64: FE]
2014-04-02 07:44:42,204 I  [LoggingFilter       ] - IDLE
2014-04-02 07:44:42,204 I  [LoggingFilter       ] - IDLE
2014-04-02 07:44:42,205 I  [LoggingFilter       ] - SENT: HeapBuffer[pos=0 lim=1 cap=1: FF]
2014-04-02 07:44:42,222 I  [LoggingFilter       ] - RECEIVED: HeapBuffer[pos=0 lim=1 cap=64: FE]
2014-04-02 07:44:53,802 I  [LoggingFilter       ] - IDLE
2014-04-02 07:44:53,802 I  [LoggingFilter       ] - IDLE
2014-04-02 07:44:53,803 I  [LoggingFilter       ] - SENT: HeapBuffer[pos=0 lim=1 cap=1: FF]
2014-04-02 07:44:53,836 I  [LoggingFilter       ] - RECEIVED: HeapBuffer[pos=0 lim=1 cap=64: FE]
2014-04-02 07:45:28,824 I  [LoggingFilter       ] - IDLE
2014-04-02 07:45:28,824 I  [LoggingFilter       ] - IDLE
2014-04-02 07:45:28,825 I  [LoggingFilter       ] - SENT: HeapBuffer[pos=0 lim=1 cap=1: FF]
2014-04-02 07:45:28,866 I  [LoggingFilter       ] - RECEIVED: HeapBuffer[pos=0 lim=1 cap=64: FE]
2014-04-02 07:45:42,227 I  [LoggingFilter       ] - IDLE
2014-04-02 07:45:42,227 I  [LoggingFilter       ] - IDLE
2014-04-02 07:45:42,228 I  [LoggingFilter       ] - SENT: HeapBuffer[pos=0 lim=1 cap=1: FF]
2014-04-02 07:45:42,248 I  [LoggingFilter       ] - RECEIVED: HeapBuffer[pos=0 lim=1 cap=64: FE]
2014-04-02 07:45:53,839 I  [LoggingFilter       ] - IDLE
2014-04-02 07:45:53,839 I  [LoggingFilter       ] - IDLE
2014-04-02 07:45:53,840 I  [LoggingFilter       ] - SENT: HeapBuffer[pos=0 lim=1 cap=1: FF]
2014-04-02 07:45:53,854 I  [LoggingFilter       ] - RECEIVED: HeapBuffer[pos=0 lim=1 cap=64: FE]
2014-04-02 07:46:28,869 I  [LoggingFilter       ] - IDLE
2014-04-02 07:46:28,869 I  [LoggingFilter       ] - IDLE
2014-04-02 07:46:28,870 I  [LoggingFilter       ] - SENT: HeapBuffer[pos=0 lim=1 cap=1: FF]
2014-04-02 07:46:28,884 I  [LoggingFilter       ] - RECEIVED: HeapBuffer[pos=0 lim=1 cap=64: FE]
2014-04-02 07:46:42,253 I  [LoggingFilter       ] - IDLE
2014-04-02 07:46:42,253 I  [LoggingFilter       ] - IDLE
2014-04-02 07:46:42,254 I  [LoggingFilter       ] - SENT: HeapBuffer[pos=0 lim=1 cap=1: FF]
2014-04-02 07:46:42,280 I  [LoggingFilter       ] - RECEIVED: HeapBuffer[pos=0 lim=1 cap=64: FE]
2014-04-02 07:46:53,858 I  [LoggingFilter       ] - IDLE
2014-04-02 07:46:53,858 I  [LoggingFilter       ] - IDLE
2014-04-02 07:46:53,859 I  [LoggingFilter       ] - SENT: HeapBuffer[pos=0 lim=1 cap=1: FF]
2014-04-02 07:46:53,880 I  [LoggingFilter       ] - RECEIVED: HeapBuffer[pos=0 lim=1 cap=64: FE]
2014-04-02 07:47:28,888 I  [LoggingFilter       ] - IDLE
2014-04-02 07:47:28,888 I  [LoggingFilter       ] - IDLE
2014-04-02 07:47:28,889 I  [LoggingFilter       ] - SENT: HeapBuffer[pos=0 lim=1 cap=1: FF]
2014-04-02 07:47:28,908 I  [LoggingFilter       ] - RECEIVED: HeapBuffer[pos=0 lim=1 cap=64: FE]
2014-04-02 07:47:42,283 I  [LoggingFilter       ] - IDLE
2014-04-02 07:47:42,283 I  [LoggingFilter       ] - IDLE
2014-04-02 07:47:42,284 I  [LoggingFilter       ] - SENT: HeapBuffer[pos=0 lim=1 cap=1: FF]
2014-04-02 07:47:42,298 I  [LoggingFilter       ] - RECEIVED: HeapBuffer[pos=0 lim=1 cap=64: FE]
2014-04-02 07:47:53,885 I  [LoggingFilter       ] - IDLE
2014-04-02 07:47:53,885 I  [LoggingFilter       ] - IDLE
2014-04-02 07:47:53,886 I  [LoggingFilter       ] - SENT: HeapBuffer[pos=0 lim=1 cap=1: FF]
2014-04-02 07:47:53,938 I  [LoggingFilter       ] - RECEIVED: HeapBuffer[pos=0 lim=1 cap=64: FE]
2014-04-02 07:48:28,912 I  [LoggingFilter       ] - IDLE
2014-04-02 07:48:28,912 I  [LoggingFilter       ] - IDLE
2014-04-02 07:48:28,913 I  [LoggingFilter       ] - SENT: HeapBuffer[pos=0 lim=1 cap=1: FF]
2014-04-02 07:48:28,961 I  [LoggingFilter       ] - RECEIVED: HeapBuffer[pos=0 lim=1 cap=64: FE]
2014-04-02 07:48:42,302 I  [LoggingFilter       ] - IDLE
2014-04-02 07:48:42,302 I  [LoggingFilter       ] - IDLE
2014-04-02 07:48:42,303 I  [LoggingFilter       ] - SENT: HeapBuffer[pos=0 lim=1 cap=1: FF]
2014-04-02 07:48:42,322 I  [LoggingFilter       ] - RECEIVED: HeapBuffer[pos=0 lim=1 cap=64: FE]
2014-04-02 07:48:53,942 I  [LoggingFilter       ] - IDLE
2014-04-02 07:48:53,942 I  [LoggingFilter       ] - IDLE
2014-04-02 07:48:53,943 I  [LoggingFilter       ] - SENT: HeapBuffer[pos=0 lim=1 cap=1: FF]
2014-04-02 07:48:53,953 I  [LoggingFilter       ] - RECEIVED: HeapBuffer[pos=0 lim=1 cap=64: FE]
2014-04-02 07:49:28,965 I  [LoggingFilter       ] - IDLE
2014-04-02 07:49:28,965 I  [LoggingFilter       ] - IDLE
2014-04-02 07:49:28,966 I  [LoggingFilter       ] - SENT: HeapBuffer[pos=0 lim=1 cap=1: FF]
2014-04-02 07:49:28,982 I  [LoggingFilter       ] - RECEIVED: HeapBuffer[pos=0 lim=1 cap=64: FE]
2014-04-02 07:49:42,326 I  [LoggingFilter       ] - IDLE
2014-04-02 07:49:42,326 I  [LoggingFilter       ] - IDLE
2014-04-02 07:49:42,327 I  [LoggingFilter       ] - SENT: HeapBuffer[pos=0 lim=1 cap=1: FF]
2014-04-02 07:49:42,345 I  [LoggingFilter       ] - RECEIVED: HeapBuffer[pos=0 lim=1 cap=64: FE]
2014-04-02 07:49:53,957 I  [LoggingFilter       ] - IDLE
2014-04-02 07:49:53,957 I  [LoggingFilter       ] - IDLE
2014-04-02 07:49:53,958 I  [LoggingFilter       ] - SENT: HeapBuffer[pos=0 lim=1 cap=1: FF]
2014-04-02 07:49:54,070 I  [LoggingFilter       ] - RECEIVED: HeapBuffer[pos=0 lim=1 cap=64: FF]
2014-04-02 07:49:54,070 I  [LoggingFilter       ] - SENT: HeapBuffer[pos=0 lim=1 cap=1: FE]
2014-04-02 07:50:24,073 I  [LoggingFilter       ] - IDLE
2014-04-02 07:50:24,073 W  [KeepAliveFilter     ] - A keep-alive response message was not received within 30 second(s).
2014-04-02 07:50:28,986 I  [LoggingFilter       ] - IDLE
2014-04-02 07:50:28,986 I  [LoggingFilter       ] - IDLE
2014-04-02 07:50:28,987 I  [LoggingFilter       ] - SENT: HeapBuffer[pos=0 lim=1 cap=1: FF]
2014-04-02 07:50:29,005 I  [LoggingFilter       ] - RECEIVED: HeapBuffer[pos=0 lim=1 cap=64: FE]
2014-04-02 07:50:42,350 I  [LoggingFilter       ] - IDLE
2014-04-02 07:50:42,350 I  [LoggingFilter       ] - IDLE
2014-04-02 07:50:42,351 I  [LoggingFilter       ] - SENT: HeapBuffer[pos=0 lim=1 cap=1: FF]
2014-04-02 07:50:42,367 I  [LoggingFilter       ] - RECEIVED: HeapBuffer[pos=0 lim=1 cap=64: FE]
2014-04-02 07:50:54,074 I  [LoggingFilter       ] - IDLE
2014-04-02 07:50:54,074 I  [LoggingFilter       ] - IDLE
2014-04-02 07:50:54,075 I  [LoggingFilter       ] - SENT: HeapBuffer[pos=0 lim=1 cap=1: FF]
2014-04-02 07:50:54,088 I  [LoggingFilter       ] - RECEIVED: HeapBuffer[pos=0 lim=1 cap=64: FE]
2014-04-02 07:51:29,008 I  [LoggingFilter       ] - IDLE
2014-04-02 07:51:29,008 I  [LoggingFilter       ] - IDLE
2014-04-02 07:51:29,009 I  [LoggingFilter       ] - SENT: HeapBuffer[pos=0 lim=1 cap=1: FF]
2014-04-02 07:51:29,027 I  [LoggingFilter       ] - RECEIVED: HeapBuffer[pos=0 lim=1 cap=64: FE]
2014-04-02 07:51:42,370 I  [LoggingFilter       ] - IDLE
2014-04-02 07:51:42,370 I  [LoggingFilter       ] - IDLE
2014-04-02 07:51:42,371 I  [LoggingFilter       ] - SENT: HeapBuffer[pos=0 lim=1 cap=1: FF]
2014-04-02 07:51:42,435 I  [LoggingFilter       ] - RECEIVED: HeapBuffer[pos=0 lim=1 cap=64: FE]
2014-04-02 07:51:54,092 I  [LoggingFilter       ] - IDLE
2014-04-02 07:51:54,092 I  [LoggingFilter       ] - IDLE
2014-04-02 07:51:54,093 I  [LoggingFilter       ] - SENT: HeapBuffer[pos=0 lim=1 cap=1: FF]
2014-04-02 07:51:54,112 I  [LoggingFilter       ] - RECEIVED: HeapBuffer[pos=0 lim=1 cap=64: FE]
2014-04-02 07:52:29,033 I  [LoggingFilter       ] - IDLE
2014-04-02 07:52:29,033 I  [LoggingFilter       ] - IDLE
2014-04-02 07:52:29,034 I  [LoggingFilter       ] - SENT: HeapBuffer[pos=0 lim=1 cap=1: FF]
2014-04-02 07:52:29,057 I  [LoggingFilter       ] - RECEIVED: HeapBuffer[pos=0 lim=1 cap=64: FE]
2014-04-02 07:52:42,438 I  [LoggingFilter       ] - IDLE
2014-04-02 07:52:42,438 I  [LoggingFilter       ] - IDLE
2014-04-02 07:52:42,439 I  [LoggingFilter       ] - SENT: HeapBuffer[pos=0 lim=1 cap=1: FF]
2014-04-02 07:52:42,548 I  [LoggingFilter       ] - RECEIVED: HeapBuffer[pos=0 lim=1 cap=64: FF]
2014-04-02 07:52:42,548 I  [LoggingFilter       ] - SENT: HeapBuffer[pos=0 lim=1 cap=1: FE]
2014-04-02 07:52:43,049 I  [LoggingFilter       ] - RECEIVED: HeapBuffer[pos=0 lim=1 cap=64: FE]
2014-04-02 07:52:54,116 I  [LoggingFilter       ] - IDLE
2014-04-02 07:52:54,116 I  [LoggingFilter       ] - IDLE
2014-04-02 07:52:54,117 I  [LoggingFilter       ] - SENT: HeapBuffer[pos=0 lim=1 cap=1: FF]
2014-04-02 07:52:54,194 I  [LoggingFilter       ] - RECEIVED: HeapBuffer[pos=0 lim=1 cap=64: FE]
2014-04-02 07:53:29,075 I  [LoggingFilter       ] - IDLE
2014-04-02 07:53:29,075 I  [LoggingFilter       ] - IDLE
2014-04-02 07:53:29,076 I  [LoggingFilter       ] - SENT: HeapBuffer[pos=0 lim=1 cap=1: FF]
2014-04-02 07:53:29,099 I  [LoggingFilter       ] - RECEIVED: HeapBuffer[pos=0 lim=1 cap=64: FE]
2014-04-02 07:53:43,062 I  [LoggingFilter       ] - IDLE
2014-04-02 07:53:43,062 I  [LoggingFilter       ] - IDLE
2014-04-02 07:53:43,063 I  [LoggingFilter       ] - SENT: HeapBuffer[pos=0 lim=1 cap=1: FF]
2014-04-02 07:53:43,110 I  [LoggingFilter       ] - RECEIVED: HeapBuffer[pos=0 lim=1 cap=64: FE]
2014-04-02 07:53:54,199 I  [LoggingFilter       ] - IDLE
2014-04-02 07:53:54,199 I  [LoggingFilter       ] - IDLE
2014-04-02 07:53:54,200 I  [LoggingFilter       ] - SENT: HeapBuffer[pos=0 lim=1 cap=1: FF]
2014-04-02 07:53:54,210 I  [LoggingFilter       ] - RECEIVED: HeapBuffer[pos=0 lim=1 cap=64: FE]
2014-04-02 07:54:29,103 I  [LoggingFilter       ] - IDLE
2014-04-02 07:54:29,103 I  [LoggingFilter       ] - IDLE
2014-04-02 07:54:29,104 I  [LoggingFilter       ] - SENT: HeapBuffer[pos=0 lim=1 cap=1: FF]
2014-04-02 07:54:29,124 I  [LoggingFilter       ] - RECEIVED: HeapBuffer[pos=0 lim=1 cap=64: FE]
2014-04-02 07:54:43,113 I  [LoggingFilter       ] - IDLE
2014-04-02 07:54:43,113 I  [LoggingFilter       ] - IDLE
2014-04-02 07:54:43,114 I  [LoggingFilter       ] - SENT: HeapBuffer[pos=0 lim=1 cap=1: FF]
2014-04-02 07:54:43,131 I  [LoggingFilter       ] - RECEIVED: HeapBuffer[pos=0 lim=1 cap=64: FE]
2014-04-02 07:54:45,699 I  [LoggingFilter       ] - CLOSED
2014-04-02 07:55:15,119 I  [LoggingFilter       ] - CLOSED
2014-04-02 07:55:15,131 I  [LoggingFilter       ] - CLOSED
2014-04-02 07:57:48,340 I  [LoggingFilter       ] - CREATED
2014-04-02 07:57:48,345 I  [LoggingFilter       ] - OPENED
2014-04-02 07:57:48,351 I  [LoggingFilter       ] - SENT: HeapBuffer[pos=0 lim=0 cap=0: empty]
2014-04-02 07:57:48,352 I  [PushClient4Test     ] - 客户端向服务端发送消息:{"simNo":"sim18701585849","teleNo":"18701585849"},
2014-04-02 07:58:06,865 I  [LoggingFilter       ] - RECEIVED: HeapBuffer[pos=0 lim=9 cap=2048: 70 6F 73 69 74 69 6F 6E 0A]
2014-04-02 07:58:06,865 D  [ProtocolCodecFilter ] - Processing a MESSAGE_RECEIVED for session 1
2014-04-02 07:58:06,868 I  [PushClient4Test     ] - 客户端接受到服务端命令请求:position,
2014-04-02 07:58:06,869 I  [LoggingFilter       ] - SENT: HeapBuffer[pos=0 lim=0 cap=0: empty]
2014-04-02 07:58:06,869 I  [PushClient4Test     ] - 客户端向服务端发送消息:{"loctype":0, "lon":111,"lat":111,"radius":111},
2014-04-02 07:58:16,151 I  [LoggingFilter       ] - RECEIVED: HeapBuffer[pos=0 lim=9 cap=2048: 70 6F 73 69 74 69 6F 6E 0A]
2014-04-02 07:58:16,152 D  [ProtocolCodecFilter ] - Processing a MESSAGE_RECEIVED for session 1
2014-04-02 07:58:16,152 I  [PushClient4Test     ] - 客户端接受到服务端命令请求:position,
2014-04-02 07:58:16,153 I  [LoggingFilter       ] - SENT: HeapBuffer[pos=0 lim=0 cap=0: empty]
2014-04-02 07:58:16,153 I  [PushClient4Test     ] - 客户端向服务端发送消息:{"loctype":0, "lon":111,"lat":111,"radius":111},
2014-04-02 07:58:17,744 I  [LoggingFilter       ] - RECEIVED: HeapBuffer[pos=0 lim=9 cap=1024: 70 6F 73 69 74 69 6F 6E 0A]
2014-04-02 07:58:17,744 D  [ProtocolCodecFilter ] - Processing a MESSAGE_RECEIVED for session 1
2014-04-02 07:58:17,744 I  [PushClient4Test     ] - 客户端接受到服务端命令请求:position,
2014-04-02 07:58:17,745 I  [LoggingFilter       ] - SENT: HeapBuffer[pos=0 lim=0 cap=0: empty]
2014-04-02 07:58:17,745 I  [PushClient4Test     ] - 客户端向服务端发送消息:{"loctype":0, "lon":111,"lat":111,"radius":111},
2014-04-02 07:58:19,540 I  [LoggingFilter       ] - RECEIVED: HeapBuffer[pos=0 lim=9 cap=1024: 70 6F 73 69 74 69 6F 6E 0A]
2014-04-02 07:58:19,541 D  [ProtocolCodecFilter ] - Processing a MESSAGE_RECEIVED for session 1
2014-04-02 07:58:19,541 I  [PushClient4Test     ] - 客户端接受到服务端命令请求:position,
2014-04-02 07:58:19,541 I  [LoggingFilter       ] - SENT: HeapBuffer[pos=0 lim=0 cap=0: empty]
2014-04-02 07:58:19,542 I  [PushClient4Test     ] - 客户端向服务端发送消息:{"loctype":0, "lon":111,"lat":111,"radius":111},
2014-04-02 07:58:20,913 I  [LoggingFilter       ] - RECEIVED: HeapBuffer[pos=0 lim=9 cap=512: 70 6F 73 69 74 69 6F 6E 0A]
2014-04-02 07:58:20,913 D  [ProtocolCodecFilter ] - Processing a MESSAGE_RECEIVED for session 1
2014-04-02 07:58:20,913 I  [PushClient4Test     ] - 客户端接受到服务端命令请求:position,
2014-04-02 07:58:20,914 I  [LoggingFilter       ] - SENT: HeapBuffer[pos=0 lim=0 cap=0: empty]
2014-04-02 07:58:20,914 I  [PushClient4Test     ] - 客户端向服务端发送消息:{"loctype":0, "lon":111,"lat":111,"radius":111},
2014-04-02 07:58:23,521 I  [LoggingFilter       ] - RECEIVED: HeapBuffer[pos=0 lim=9 cap=512: 70 6F 73 69 74 69 6F 6E 0A]
2014-04-02 07:58:23,521 D  [ProtocolCodecFilter ] - Processing a MESSAGE_RECEIVED for session 1
2014-04-02 07:58:23,522 I  [PushClient4Test     ] - 客户端接受到服务端命令请求:position,
2014-04-02 07:58:23,522 I  [LoggingFilter       ] - SENT: HeapBuffer[pos=0 lim=0 cap=0: empty]
2014-04-02 07:58:23,522 I  [PushClient4Test     ] - 客户端向服务端发送消息:{"loctype":0, "lon":111,"lat":111,"radius":111},
2014-04-02 07:59:23,526 I  [LoggingFilter       ] - IDLE
2014-04-02 07:59:23,527 I  [LoggingFilter       ] - IDLE
2014-04-02 07:59:23,527 I  [LoggingFilter       ] - SENT: HeapBuffer[pos=0 lim=1 cap=1: FF]
2014-04-02 07:59:23,544 I  [LoggingFilter       ] - RECEIVED: HeapBuffer[pos=0 lim=1 cap=256: FE]
2014-04-02 12:14:18,433 I  [LoggingFilter       ] - CREATED
2014-04-02 12:14:18,453 I  [LoggingFilter       ] - OPENED
2014-04-02 12:14:18,460 I  [LoggingFilter       ] - SENT: HeapBuffer[pos=0 lim=0 cap=0: empty]
2014-04-02 12:14:18,460 I  [PushClient4Test     ] - 客户端向服务端发送消息:{"simNo":"sim18701585849","teleNo":"18701585849"},
2014-04-02 12:15:18,465 I  [LoggingFilter       ] - IDLE
2014-04-02 12:15:18,465 I  [LoggingFilter       ] - IDLE
2014-04-02 12:15:18,466 I  [LoggingFilter       ] - SENT: HeapBuffer[pos=0 lim=1 cap=1: FF]
2014-04-02 12:15:18,469 I  [LoggingFilter       ] - RECEIVED: HeapBuffer[pos=0 lim=1 cap=2048: FE]
2014-04-02 12:15:41,351 I  [LoggingFilter       ] - RECEIVED: HeapBuffer[pos=0 lim=9 cap=2048: 70 6F 73 69 74 69 6F 6E 0A]
2014-04-02 12:15:41,352 D  [ProtocolCodecFilter ] - Processing a MESSAGE_RECEIVED for session 1
2014-04-02 12:15:41,354 I  [PushClient4Test     ] - 客户端接受到服务端命令请求:position,
2014-04-02 12:15:41,355 I  [LoggingFilter       ] - SENT: HeapBuffer[pos=0 lim=0 cap=0: empty]
2014-04-02 12:15:41,355 I  [PushClient4Test     ] - 客户端向服务端发送消息:{"loctype":0, "lon":111,"lat":111,"radius":111},
2014-04-02 12:16:41,359 I  [LoggingFilter       ] - IDLE
2014-04-02 12:16:41,359 I  [LoggingFilter       ] - IDLE
2014-04-02 12:16:41,360 I  [LoggingFilter       ] - SENT: HeapBuffer[pos=0 lim=1 cap=1: FF]
2014-04-02 12:16:41,361 I  [LoggingFilter       ] - RECEIVED: HeapBuffer[pos=0 lim=1 cap=1024: FE]
2014-04-02 12:17:41,365 I  [LoggingFilter       ] - IDLE
2014-04-02 12:17:41,365 I  [LoggingFilter       ] - IDLE
2014-04-02 12:17:41,366 I  [LoggingFilter       ] - SENT: HeapBuffer[pos=0 lim=1 cap=1: FF]
2014-04-02 12:17:41,366 I  [LoggingFilter       ] - RECEIVED: HeapBuffer[pos=0 lim=1 cap=1024: FF]
2014-04-02 12:17:41,366 I  [LoggingFilter       ] - SENT: HeapBuffer[pos=0 lim=1 cap=1: FE]
2014-04-02 12:17:41,366 I  [LoggingFilter       ] - RECEIVED: HeapBuffer[pos=0 lim=1 cap=512: FE]
2014-04-02 12:18:41,371 I  [LoggingFilter       ] - RECEIVED: HeapBuffer[pos=0 lim=1 cap=512: FF]
2014-04-02 12:18:41,371 I  [LoggingFilter       ] - SENT: HeapBuffer[pos=0 lim=1 cap=1: FE]
2014-04-02 12:19:22,540 I  [LoggingFilter       ] - RECEIVED: HeapBuffer[pos=0 lim=9 cap=256: 70 6F 73 69 74 69 6F 6E 0A]
2014-04-02 12:19:22,541 D  [ProtocolCodecFilter ] - Processing a MESSAGE_RECEIVED for session 1
2014-04-02 12:19:22,541 I  [PushClient4Test     ] - 客户端接受到服务端命令请求:position,
2014-04-02 12:19:22,541 I  [LoggingFilter       ] - SENT: HeapBuffer[pos=0 lim=0 cap=0: empty]
2014-04-02 12:19:22,542 I  [PushClient4Test     ] - 客户端向服务端发送消息:{"loctype":0, "lon":111,"lat":111,"radius":111},
2014-04-02 12:19:42,455 I  [LoggingFilter       ] - RECEIVED: HeapBuffer[pos=0 lim=9 cap=256: 70 6F 73 69 74 69 6F 6E 0A]
2014-04-02 12:19:42,455 D  [ProtocolCodecFilter ] - Processing a MESSAGE_RECEIVED for session 1
2014-04-02 12:19:42,455 I  [PushClient4Test     ] - 客户端接受到服务端命令请求:position,
2014-04-02 12:19:42,455 I  [LoggingFilter       ] - SENT: HeapBuffer[pos=0 lim=0 cap=0: empty]
2014-04-02 12:19:42,456 I  [PushClient4Test     ] - 客户端向服务端发送消息:{"loctype":0, "lon":111,"lat":111,"radius":111},
2014-04-02 12:19:49,999 I  [LoggingFilter       ] - RECEIVED: HeapBuffer[pos=0 lim=9 cap=128: 70 6F 73 69 74 69 6F 6E 0A]
2014-04-02 12:19:50,000 D  [ProtocolCodecFilter ] - Processing a MESSAGE_RECEIVED for session 1
2014-04-02 12:19:50,000 I  [PushClient4Test     ] - 客户端接受到服务端命令请求:position,
2014-04-02 12:19:50,000 I  [LoggingFilter       ] - SENT: HeapBuffer[pos=0 lim=0 cap=0: empty]
2014-04-02 12:19:50,001 I  [PushClient4Test     ] - 客户端向服务端发送消息:{"loctype":0, "lon":111,"lat":111,"radius":111},
2014-04-02 12:20:13,224 I  [LoggingFilter       ] - CREATED
2014-04-02 12:20:13,231 I  [LoggingFilter       ] - OPENED
2014-04-02 12:20:13,236 I  [LoggingFilter       ] - SENT: HeapBuffer[pos=0 lim=0 cap=0: empty]
2014-04-02 12:20:13,237 I  [PushClient4Test     ] - 客户端向服务端发送消息:{"simNo":"sim18701585849","teleNo":"18701585849"},
2014-04-02 12:20:16,139 I  [LoggingFilter       ] - RECEIVED: HeapBuffer[pos=0 lim=9 cap=2048: 70 6F 73 69 74 69 6F 6E 0A]
2014-04-02 12:20:16,139 D  [ProtocolCodecFilter ] - Processing a MESSAGE_RECEIVED for session 1
2014-04-02 12:20:16,141 I  [PushClient4Test     ] - 客户端接受到服务端命令请求:position,
2014-04-02 12:20:16,141 I  [LoggingFilter       ] - SENT: HeapBuffer[pos=0 lim=0 cap=0: empty]
2014-04-02 12:20:16,142 I  [PushClient4Test     ] - 客户端向服务端发送消息:{"loctype":0, "lon":111,"lat":111,"radius":111},
2014-04-02 12:20:59,154 I  [LoggingFilter       ] - CREATED
2014-04-02 12:20:59,159 I  [LoggingFilter       ] - OPENED
2014-04-02 12:20:59,167 I  [LoggingFilter       ] - SENT: HeapBuffer[pos=0 lim=0 cap=0: empty]
2014-04-02 12:20:59,167 I  [PushClient4Test     ] - 客户端向服务端发送消息:{"simNo":"sim18701585849","teleNo":"18701585849"},
2014-04-02 12:21:05,042 I  [LoggingFilter       ] - RECEIVED: HeapBuffer[pos=0 lim=9 cap=2048: 70 6F 73 69 74 69 6F 6E 0A]
2014-04-02 12:21:05,042 D  [ProtocolCodecFilter ] - Processing a MESSAGE_RECEIVED for session 1
2014-04-02 12:21:05,044 I  [PushClient4Test     ] - 客户端接受到服务端命令请求:position,
2014-04-02 12:21:05,044 I  [LoggingFilter       ] - SENT: HeapBuffer[pos=0 lim=0 cap=0: empty]
2014-04-02 12:21:05,045 I  [PushClient4Test     ] - 客户端向服务端发送消息:{"loctype":0, "lon":111,"lat":111,"radius":111},
2014-04-02 12:22:05,049 I  [LoggingFilter       ] - IDLE
2014-04-02 12:22:05,049 I  [LoggingFilter       ] - IDLE
2014-04-02 12:22:05,050 I  [LoggingFilter       ] - SENT: HeapBuffer[pos=0 lim=1 cap=1: FF]
2014-04-02 12:22:05,050 I  [LoggingFilter       ] - RECEIVED: HeapBuffer[pos=0 lim=1 cap=2048: FE]
2014-04-02 12:23:05,054 I  [LoggingFilter       ] - IDLE
2014-04-02 12:23:05,054 I  [LoggingFilter       ] - IDLE
2014-04-02 12:23:05,055 I  [LoggingFilter       ] - SENT: HeapBuffer[pos=0 lim=1 cap=1: FF]
2014-04-02 12:23:05,055 I  [LoggingFilter       ] - RECEIVED: HeapBuffer[pos=0 lim=2 cap=1024: FF FE]
2014-04-02 12:23:05,055 D  [ProtocolCodecFilter ] - Processing a MESSAGE_RECEIVED for session 1
2014-04-02 12:23:35,058 I  [LoggingFilter       ] - IDLE
2014-04-02 12:23:35,058 W  [KeepAliveFilter     ] - A keep-alive response message was not received within 30 second(s).
2014-04-02 12:24:00,452 I  [LoggingFilter       ] - RECEIVED: HeapBuffer[pos=0 lim=9 cap=1024: 70 6F 73 69 74 69 6F 6E 0A]
2014-04-02 12:24:00,452 D  [ProtocolCodecFilter ] - Processing a MESSAGE_RECEIVED for session 1
2014-04-02 12:24:00,458 W  [PushClient4Test     ] - EXCEPTION, please implement com.hbdrawn.push.PushClient4Test.exceptionCaught() for proper handling:
org.apache.mina.filter.codec.ProtocolDecoderException: java.nio.charset.MalformedInputException: Input length = 1 (Hexdump: 70 6F 73 69 74 69 6F 6E 0A)
	at org.apache.mina.filter.codec.ProtocolCodecFilter.messageReceived(ProtocolCodecFilter.java:242) ~[mina-core-2.0.7.jar:na]
	at org.apache.mina.core.filterchain.DefaultIoFilterChain.callNextMessageReceived(DefaultIoFilterChain.java:417) [mina-core-2.0.7.jar:na]
	at org.apache.mina.core.filterchain.DefaultIoFilterChain.access$1200(DefaultIoFilterChain.java:47) [mina-core-2.0.7.jar:na]
	at org.apache.mina.core.filterchain.DefaultIoFilterChain$EntryImpl$1.messageReceived(DefaultIoFilterChain.java:765) [mina-core-2.0.7.jar:na]
	at org.apache.mina.filter.keepalive.KeepAliveFilter.messageReceived(KeepAliveFilter.java:329) [mina-core-2.0.7.jar:na]
	at org.apache.mina.core.filterchain.DefaultIoFilterChain.callNextMessageReceived(DefaultIoFilterChain.java:417) [mina-core-2.0.7.jar:na]
	at org.apache.mina.core.filterchain.DefaultIoFilterChain.access$1200(DefaultIoFilterChain.java:47) [mina-core-2.0.7.jar:na]
	at org.apache.mina.core.filterchain.DefaultIoFilterChain$EntryImpl$1.messageReceived(DefaultIoFilterChain.java:765) [mina-core-2.0.7.jar:na]
	at org.apache.mina.filter.logging.LoggingFilter.messageReceived(LoggingFilter.java:208) [mina-core-2.0.7.jar:na]
	at org.apache.mina.core.filterchain.DefaultIoFilterChain.callNextMessageReceived(DefaultIoFilterChain.java:417) [mina-core-2.0.7.jar:na]
	at org.apache.mina.core.filterchain.DefaultIoFilterChain.access$1200(DefaultIoFilterChain.java:47) [mina-core-2.0.7.jar:na]
	at org.apache.mina.core.filterchain.DefaultIoFilterChain$EntryImpl$1.messageReceived(DefaultIoFilterChain.java:765) [mina-core-2.0.7.jar:na]
	at org.apache.mina.core.filterchain.IoFilterAdapter.messageReceived(IoFilterAdapter.java:109) [mina-core-2.0.7.jar:na]
	at org.apache.mina.core.filterchain.DefaultIoFilterChain.callNextMessageReceived(DefaultIoFilterChain.java:417) [mina-core-2.0.7.jar:na]
	at org.apache.mina.core.filterchain.DefaultIoFilterChain.fireMessageReceived(DefaultIoFilterChain.java:410) [mina-core-2.0.7.jar:na]
	at org.apache.mina.core.polling.AbstractPollingIoProcessor.read(AbstractPollingIoProcessor.java:710) [mina-core-2.0.7.jar:na]
	at org.apache.mina.core.polling.AbstractPollingIoProcessor.process(AbstractPollingIoProcessor.java:664) [mina-core-2.0.7.jar:na]
	at org.apache.mina.core.polling.AbstractPollingIoProcessor.process(AbstractPollingIoProcessor.java:653) [mina-core-2.0.7.jar:na]
	at org.apache.mina.core.polling.AbstractPollingIoProcessor.access$600(AbstractPollingIoProcessor.java:67) [mina-core-2.0.7.jar:na]
	at org.apache.mina.core.polling.AbstractPollingIoProcessor$Processor.run(AbstractPollingIoProcessor.java:1124) [mina-core-2.0.7.jar:na]
	at org.apache.mina.util.NamePreservingRunnable.run(NamePreservingRunnable.java:64) [mina-core-2.0.7.jar:na]
	at java.util.concurrent.ThreadPoolExecutor$Worker.runTask(ThreadPoolExecutor.java:886) [na:1.6.0_31]
	at java.util.concurrent.ThreadPoolExecutor$Worker.run(ThreadPoolExecutor.java:908) [na:1.6.0_31]
	at java.lang.Thread.run(Thread.java:662) [na:1.6.0_31]
Caused by: java.nio.charset.MalformedInputException: Input length = 1
	at java.nio.charset.CoderResult.throwException(CoderResult.java:260) ~[na:1.6.0_31]
	at java.nio.charset.CharsetDecoder.decode(CharsetDecoder.java:781) ~[na:1.6.0_31]
	at org.apache.mina.filter.codec.textline.TextLineDecoder.decodeAuto(TextLineDecoder.java:276) ~[mina-core-2.0.7.jar:na]
	at org.apache.mina.filter.codec.textline.TextLineDecoder.decode(TextLineDecoder.java:184) ~[mina-core-2.0.7.jar:na]
	at org.apache.mina.filter.codec.ProtocolCodecFilter.messageReceived(ProtocolCodecFilter.java:232) ~[mina-core-2.0.7.jar:na]
	... 23 common frames omitted
2014-04-02 12:24:00,459 I  [LoggingFilter       ] - CLOSED
2014-04-02 12:24:33,404 I  [LoggingFilter       ] - CREATED
2014-04-02 12:24:33,409 I  [LoggingFilter       ] - OPENED
2014-04-02 12:24:33,415 I  [LoggingFilter       ] - SENT: HeapBuffer[pos=0 lim=0 cap=0: empty]
2014-04-02 12:24:33,416 I  [PushClient4Test     ] - 客户端向服务端发送消息:{"simNo":"sim18701585849","teleNo":"18701585849"},
2014-04-02 12:24:36,149 I  [LoggingFilter       ] - RECEIVED: HeapBuffer[pos=0 lim=9 cap=2048: 70 6F 73 69 74 69 6F 6E 0A]
2014-04-02 12:24:36,149 D  [ProtocolCodecFilter ] - Processing a MESSAGE_RECEIVED for session 1
2014-04-02 12:24:36,151 I  [PushClient4Test     ] - 客户端接受到服务端命令请求:position,
2014-04-02 12:24:36,152 I  [LoggingFilter       ] - SENT: HeapBuffer[pos=0 lim=0 cap=0: empty]
2014-04-02 12:24:36,152 I  [PushClient4Test     ] - 客户端向服务端发送消息:{"loctype":0, "lon":111,"lat":111,"radius":111},
2014-04-02 12:25:36,156 I  [LoggingFilter       ] - IDLE
2014-04-02 12:25:36,156 I  [LoggingFilter       ] - IDLE
2014-04-02 12:25:36,157 I  [LoggingFilter       ] - SENT: HeapBuffer[pos=0 lim=1 cap=1: FF]
2014-04-02 12:25:36,157 I  [LoggingFilter       ] - RECEIVED: HeapBuffer[pos=0 lim=1 cap=2048: FE]
2014-04-02 12:35:16,566 I  [LoggingFilter       ] - CREATED
2014-04-02 12:35:16,578 I  [LoggingFilter       ] - OPENED
2014-04-02 12:35:16,580 I  [LoggingFilter       ] - SENT: HeapBuffer[pos=0 lim=0 cap=0: empty]
2014-04-02 12:35:16,581 I  [PushClient4Test     ] - 客户端向服务端发送消息:{"simNo":"sim18701585849","teleNo":"18701585849"},
2014-04-02 12:35:24,402 I  [LoggingFilter       ] - RECEIVED: HeapBuffer[pos=0 lim=9 cap=2048: 70 6F 73 69 74 69 6F 6E 0A]
2014-04-02 12:35:24,402 D  [ProtocolCodecFilter ] - Processing a MESSAGE_RECEIVED for session 1
2014-04-02 12:35:24,426 I  [PushClient4Test     ] - 客户端接受到服务端命令请求:position,
2014-04-02 12:35:24,427 I  [LoggingFilter       ] - SENT: HeapBuffer[pos=0 lim=0 cap=0: empty]
2014-04-02 12:35:24,427 I  [PushClient4Test     ] - 客户端向服务端发送消息:{"loctype":0, "lon":111,"lat":111,"radius":111},
2014-04-02 12:35:24,428 I  [LoggingFilter       ] - RECEIVED: HeapBuffer[pos=0 lim=9 cap=2048: 70 6F 73 69 74 69 6F 6E 0A]
2014-04-02 12:35:24,435 D  [ProtocolCodecFilter ] - Processing a MESSAGE_RECEIVED for session 1
2014-04-02 12:35:24,436 I  [PushClient4Test     ] - 客户端接受到服务端命令请求:position,
2014-04-02 12:35:24,437 I  [LoggingFilter       ] - SENT: HeapBuffer[pos=0 lim=0 cap=0: empty]
2014-04-02 12:35:24,437 I  [PushClient4Test     ] - 客户端向服务端发送消息:{"loctype":0, "lon":111,"lat":111,"radius":111},
2014-04-02 12:36:24,442 I  [LoggingFilter       ] - IDLE
2014-04-02 12:36:24,442 I  [LoggingFilter       ] - IDLE
2014-04-02 12:36:24,443 I  [LoggingFilter       ] - SENT: HeapBuffer[pos=0 lim=1 cap=1: FF]
2014-04-02 12:36:24,444 I  [LoggingFilter       ] - RECEIVED: HeapBuffer[pos=0 lim=1 cap=1024: FE]
2014-04-02 12:37:24,447 I  [LoggingFilter       ] - IDLE
2014-04-02 12:37:24,447 I  [LoggingFilter       ] - IDLE
2014-04-02 12:37:24,448 I  [LoggingFilter       ] - SENT: HeapBuffer[pos=0 lim=1 cap=1: FF]
2014-04-02 12:37:24,448 I  [LoggingFilter       ] - RECEIVED: HeapBuffer[pos=0 lim=1 cap=1024: FF]
2014-04-02 12:37:24,448 I  [LoggingFilter       ] - SENT: HeapBuffer[pos=0 lim=1 cap=1: FE]
2014-04-02 12:37:24,448 I  [LoggingFilter       ] - RECEIVED: HeapBuffer[pos=0 lim=1 cap=512: FE]
2014-04-02 12:37:28,920 W  [LoggingFilter       ] - EXCEPTION :
java.io.IOException: 远程主机强迫关闭了一个现有的连接。
	at sun.nio.ch.SocketDispatcher.read0(Native Method) ~[na:1.6.0_31]
	at sun.nio.ch.SocketDispatcher.read(SocketDispatcher.java:25) ~[na:1.6.0_31]
	at sun.nio.ch.IOUtil.readIntoNativeBuffer(IOUtil.java:198) ~[na:1.6.0_31]
	at sun.nio.ch.IOUtil.read(IOUtil.java:171) ~[na:1.6.0_31]
	at sun.nio.ch.SocketChannelImpl.read(SocketChannelImpl.java:243) ~[na:1.6.0_31]
	at org.apache.mina.transport.socket.nio.NioProcessor.read(NioProcessor.java:273) ~[mina-core-2.0.7.jar:na]
	at org.apache.mina.transport.socket.nio.NioProcessor.read(NioProcessor.java:44) ~[mina-core-2.0.7.jar:na]
	at org.apache.mina.core.polling.AbstractPollingIoProcessor.read(AbstractPollingIoProcessor.java:690) [mina-core-2.0.7.jar:na]
	at org.apache.mina.core.polling.AbstractPollingIoProcessor.process(AbstractPollingIoProcessor.java:664) [mina-core-2.0.7.jar:na]
	at org.apache.mina.core.polling.AbstractPollingIoProcessor.process(AbstractPollingIoProcessor.java:653) [mina-core-2.0.7.jar:na]
	at org.apache.mina.core.polling.AbstractPollingIoProcessor.access$600(AbstractPollingIoProcessor.java:67) [mina-core-2.0.7.jar:na]
	at org.apache.mina.core.polling.AbstractPollingIoProcessor$Processor.run(AbstractPollingIoProcessor.java:1124) [mina-core-2.0.7.jar:na]
	at org.apache.mina.util.NamePreservingRunnable.run(NamePreservingRunnable.java:64) [mina-core-2.0.7.jar:na]
	at java.util.concurrent.ThreadPoolExecutor$Worker.runTask(ThreadPoolExecutor.java:886) [na:1.6.0_31]
	at java.util.concurrent.ThreadPoolExecutor$Worker.run(ThreadPoolExecutor.java:908) [na:1.6.0_31]
	at java.lang.Thread.run(Thread.java:662) [na:1.6.0_31]
2014-04-02 12:37:28,922 W  [PushClient4Test     ] - EXCEPTION, please implement com.hbdrawn.push.PushClient4Test.exceptionCaught() for proper handling:
java.io.IOException: 远程主机强迫关闭了一个现有的连接。
	at sun.nio.ch.SocketDispatcher.read0(Native Method) ~[na:1.6.0_31]
	at sun.nio.ch.SocketDispatcher.read(SocketDispatcher.java:25) ~[na:1.6.0_31]
	at sun.nio.ch.IOUtil.readIntoNativeBuffer(IOUtil.java:198) ~[na:1.6.0_31]
	at sun.nio.ch.IOUtil.read(IOUtil.java:171) ~[na:1.6.0_31]
	at sun.nio.ch.SocketChannelImpl.read(SocketChannelImpl.java:243) ~[na:1.6.0_31]
	at org.apache.mina.transport.socket.nio.NioProcessor.read(NioProcessor.java:273) ~[mina-core-2.0.7.jar:na]
	at org.apache.mina.transport.socket.nio.NioProcessor.read(NioProcessor.java:44) ~[mina-core-2.0.7.jar:na]
	at org.apache.mina.core.polling.AbstractPollingIoProcessor.read(AbstractPollingIoProcessor.java:690) [mina-core-2.0.7.jar:na]
	at org.apache.mina.core.polling.AbstractPollingIoProcessor.process(AbstractPollingIoProcessor.java:664) [mina-core-2.0.7.jar:na]
	at org.apache.mina.core.polling.AbstractPollingIoProcessor.process(AbstractPollingIoProcessor.java:653) [mina-core-2.0.7.jar:na]
	at org.apache.mina.core.polling.AbstractPollingIoProcessor.access$600(AbstractPollingIoProcessor.java:67) [mina-core-2.0.7.jar:na]
	at org.apache.mina.core.polling.AbstractPollingIoProcessor$Processor.run(AbstractPollingIoProcessor.java:1124) [mina-core-2.0.7.jar:na]
	at org.apache.mina.util.NamePreservingRunnable.run(NamePreservingRunnable.java:64) [mina-core-2.0.7.jar:na]
	at java.util.concurrent.ThreadPoolExecutor$Worker.runTask(ThreadPoolExecutor.java:886) [na:1.6.0_31]
	at java.util.concurrent.ThreadPoolExecutor$Worker.run(ThreadPoolExecutor.java:908) [na:1.6.0_31]
	at java.lang.Thread.run(Thread.java:662) [na:1.6.0_31]
2014-04-02 12:37:28,924 E  [PushClient4Test     ] - 连接已断开，正在重试[2]...
2014-04-02 12:37:28,924 I  [LoggingFilter       ] - CLOSED
2014-04-02 12:37:44,681 I  [LoggingFilter       ] - CREATED
2014-04-02 12:37:44,689 I  [LoggingFilter       ] - OPENED
2014-04-02 12:37:44,698 I  [LoggingFilter       ] - SENT: HeapBuffer[pos=0 lim=0 cap=0: empty]
2014-04-02 12:37:44,698 I  [PushClient4Test     ] - 客户端向服务端发送消息:{"simNo":"sim18701585849","teleNo":"18701585849"},
2014-04-02 12:37:52,762 I  [LoggingFilter       ] - RECEIVED: HeapBuffer[pos=0 lim=9 cap=2048: 70 6F 73 69 74 69 6F 6E 0A]
2014-04-02 12:37:52,762 D  [ProtocolCodecFilter ] - Processing a MESSAGE_RECEIVED for session 1
2014-04-02 12:37:52,764 I  [PushClient4Test     ] - 客户端接受到服务端命令请求:position,
2014-04-02 12:37:52,765 I  [LoggingFilter       ] - SENT: HeapBuffer[pos=0 lim=0 cap=0: empty]
2014-04-02 12:37:52,765 I  [PushClient4Test     ] - 客户端向服务端发送消息:{"loctype":0, "lon":111,"lat":111,"radius":111},
2014-04-02 12:37:52,771 I  [LoggingFilter       ] - RECEIVED: HeapBuffer[pos=0 lim=9 cap=2048: 70 6F 73 69 74 69 6F 6E 0A]
2014-04-02 12:37:52,771 D  [ProtocolCodecFilter ] - Processing a MESSAGE_RECEIVED for session 1
2014-04-02 12:37:52,772 I  [PushClient4Test     ] - 客户端接受到服务端命令请求:position,
2014-04-02 12:37:52,772 I  [LoggingFilter       ] - SENT: HeapBuffer[pos=0 lim=0 cap=0: empty]
2014-04-02 12:37:52,773 I  [PushClient4Test     ] - 客户端向服务端发送消息:{"loctype":0, "lon":111,"lat":111,"radius":111},
2014-04-02 12:38:05,714 I  [LoggingFilter       ] - RECEIVED: HeapBuffer[pos=0 lim=9 cap=1024: 70 6F 73 69 74 69 6F 6E 0A]
2014-04-02 12:38:05,715 D  [ProtocolCodecFilter ] - Processing a MESSAGE_RECEIVED for session 1
2014-04-02 12:38:05,715 I  [PushClient4Test     ] - 客户端接受到服务端命令请求:position,
2014-04-02 12:38:05,715 I  [LoggingFilter       ] - SENT: HeapBuffer[pos=0 lim=0 cap=0: empty]
2014-04-02 12:38:05,715 I  [PushClient4Test     ] - 客户端向服务端发送消息:{"loctype":0, "lon":111,"lat":111,"radius":111},
2014-04-02 12:38:06,266 I  [LoggingFilter       ] - RECEIVED: HeapBuffer[pos=0 lim=9 cap=1024: 70 6F 73 69 74 69 6F 6E 0A]
2014-04-02 12:38:06,266 D  [ProtocolCodecFilter ] - Processing a MESSAGE_RECEIVED for session 1
2014-04-02 12:38:06,266 I  [PushClient4Test     ] - 客户端接受到服务端命令请求:position,
2014-04-02 12:38:06,266 I  [LoggingFilter       ] - SENT: HeapBuffer[pos=0 lim=0 cap=0: empty]
2014-04-02 12:38:06,267 I  [PushClient4Test     ] - 客户端向服务端发送消息:{"loctype":0, "lon":111,"lat":111,"radius":111},
2014-04-02 12:38:06,461 I  [LoggingFilter       ] - RECEIVED: HeapBuffer[pos=0 lim=9 cap=512: 70 6F 73 69 74 69 6F 6E 0A]
2014-04-02 12:38:06,462 D  [ProtocolCodecFilter ] - Processing a MESSAGE_RECEIVED for session 1
2014-04-02 12:38:06,462 I  [PushClient4Test     ] - 客户端接受到服务端命令请求:position,
2014-04-02 12:38:06,463 I  [LoggingFilter       ] - SENT: HeapBuffer[pos=0 lim=0 cap=0: empty]
2014-04-02 12:38:06,463 I  [PushClient4Test     ] - 客户端向服务端发送消息:{"loctype":0, "lon":111,"lat":111,"radius":111},
2014-04-02 12:38:06,648 I  [LoggingFilter       ] - RECEIVED: HeapBuffer[pos=0 lim=9 cap=512: 70 6F 73 69 74 69 6F 6E 0A]
2014-04-02 12:38:06,649 D  [ProtocolCodecFilter ] - Processing a MESSAGE_RECEIVED for session 1
2014-04-02 12:38:06,649 I  [PushClient4Test     ] - 客户端接受到服务端命令请求:position,
2014-04-02 12:38:06,649 I  [LoggingFilter       ] - SENT: HeapBuffer[pos=0 lim=0 cap=0: empty]
2014-04-02 12:38:06,650 I  [PushClient4Test     ] - 客户端向服务端发送消息:{"loctype":0, "lon":111,"lat":111,"radius":111},
2014-04-02 12:38:06,818 I  [LoggingFilter       ] - RECEIVED: HeapBuffer[pos=0 lim=9 cap=256: 70 6F 73 69 74 69 6F 6E 0A]
2014-04-02 12:38:06,819 D  [ProtocolCodecFilter ] - Processing a MESSAGE_RECEIVED for session 1
2014-04-02 12:38:06,819 I  [PushClient4Test     ] - 客户端接受到服务端命令请求:position,
2014-04-02 12:38:06,820 I  [LoggingFilter       ] - SENT: HeapBuffer[pos=0 lim=0 cap=0: empty]
2014-04-02 12:38:06,820 I  [PushClient4Test     ] - 客户端向服务端发送消息:{"loctype":0, "lon":111,"lat":111,"radius":111},
2014-04-02 12:38:06,964 I  [LoggingFilter       ] - RECEIVED: HeapBuffer[pos=0 lim=9 cap=256: 70 6F 73 69 74 69 6F 6E 0A]
2014-04-02 12:38:06,964 D  [ProtocolCodecFilter ] - Processing a MESSAGE_RECEIVED for session 1
2014-04-02 12:38:06,964 I  [PushClient4Test     ] - 客户端接受到服务端命令请求:position,
2014-04-02 12:38:06,965 I  [LoggingFilter       ] - SENT: HeapBuffer[pos=0 lim=0 cap=0: empty]
2014-04-02 12:38:06,965 I  [PushClient4Test     ] - 客户端向服务端发送消息:{"loctype":0, "lon":111,"lat":111,"radius":111},
2014-04-02 12:38:07,098 I  [LoggingFilter       ] - RECEIVED: HeapBuffer[pos=0 lim=9 cap=128: 70 6F 73 69 74 69 6F 6E 0A]
2014-04-02 12:38:07,098 D  [ProtocolCodecFilter ] - Processing a MESSAGE_RECEIVED for session 1
2014-04-02 12:38:07,099 I  [PushClient4Test     ] - 客户端接受到服务端命令请求:position,
2014-04-02 12:38:07,099 I  [LoggingFilter       ] - SENT: HeapBuffer[pos=0 lim=0 cap=0: empty]
2014-04-02 12:38:07,099 I  [PushClient4Test     ] - 客户端向服务端发送消息:{"loctype":0, "lon":111,"lat":111,"radius":111},
2014-04-02 12:39:07,103 I  [LoggingFilter       ] - IDLE
2014-04-02 12:39:07,103 I  [LoggingFilter       ] - IDLE
2014-04-02 12:39:07,104 I  [LoggingFilter       ] - SENT: HeapBuffer[pos=0 lim=1 cap=1: FF]
2014-04-02 12:39:07,106 I  [LoggingFilter       ] - RECEIVED: HeapBuffer[pos=0 lim=1 cap=128: FE]
2014-04-02 18:56:27,774 I  [LoggingFilter       ] - CREATED
2014-04-02 18:56:27,794 I  [LoggingFilter       ] - OPENED
2014-04-02 18:56:27,802 I  [LoggingFilter       ] - SENT: HeapBuffer[pos=0 lim=0 cap=0: empty]
2014-04-02 18:56:27,802 I  [PushClient4Test     ] - 客户端向服务端发送消息:{"simNo":"sim18701585849","teleNo":"18701585849"},
2014-04-02 18:56:42,099 I  [LoggingFilter       ] - RECEIVED: HeapBuffer[pos=0 lim=9 cap=2048: 70 6F 73 69 74 69 6F 6E 0A]
2014-04-02 18:56:42,099 D  [ProtocolCodecFilter ] - Processing a MESSAGE_RECEIVED for session 1
2014-04-02 18:56:42,101 I  [PushClient4Test     ] - 客户端接受到服务端命令请求:position,
2014-04-02 18:56:42,102 I  [LoggingFilter       ] - SENT: HeapBuffer[pos=0 lim=0 cap=0: empty]
2014-04-02 18:56:42,102 I  [PushClient4Test     ] - 客户端向服务端发送消息:{"loctype":0, "lon":111,"lat":111,"radius":111},
2014-04-02 18:56:42,114 I  [LoggingFilter       ] - RECEIVED: HeapBuffer[pos=0 lim=9 cap=2048: 70 6F 73 69 74 69 6F 6E 0A]
2014-04-02 18:56:42,115 D  [ProtocolCodecFilter ] - Processing a MESSAGE_RECEIVED for session 1
2014-04-02 18:56:42,115 I  [PushClient4Test     ] - 客户端接受到服务端命令请求:position,
2014-04-02 18:56:42,116 I  [LoggingFilter       ] - SENT: HeapBuffer[pos=0 lim=0 cap=0: empty]
2014-04-02 18:56:42,116 I  [PushClient4Test     ] - 客户端向服务端发送消息:{"loctype":0, "lon":111,"lat":111,"radius":111},
2014-04-02 18:56:44,363 I  [LoggingFilter       ] - RECEIVED: HeapBuffer[pos=0 lim=9 cap=1024: 70 6F 73 69 74 69 6F 6E 0A]
2014-04-02 18:56:44,363 D  [ProtocolCodecFilter ] - Processing a MESSAGE_RECEIVED for session 1
2014-04-02 18:56:44,364 I  [PushClient4Test     ] - 客户端接受到服务端命令请求:position,
2014-04-02 18:56:44,364 I  [LoggingFilter       ] - SENT: HeapBuffer[pos=0 lim=0 cap=0: empty]
2014-04-02 18:56:44,365 I  [PushClient4Test     ] - 客户端向服务端发送消息:{"loctype":0, "lon":111,"lat":111,"radius":111},
2014-04-02 18:56:44,985 I  [LoggingFilter       ] - RECEIVED: HeapBuffer[pos=0 lim=9 cap=1024: 70 6F 73 69 74 69 6F 6E 0A]
2014-04-02 18:56:44,985 D  [ProtocolCodecFilter ] - Processing a MESSAGE_RECEIVED for session 1
2014-04-02 18:56:44,986 I  [PushClient4Test     ] - 客户端接受到服务端命令请求:position,
2014-04-02 18:56:44,986 I  [LoggingFilter       ] - SENT: HeapBuffer[pos=0 lim=0 cap=0: empty]
2014-04-02 18:56:44,986 I  [PushClient4Test     ] - 客户端向服务端发送消息:{"loctype":0, "lon":111,"lat":111,"radius":111},
2014-04-02 18:56:45,367 I  [LoggingFilter       ] - RECEIVED: HeapBuffer[pos=0 lim=9 cap=512: 70 6F 73 69 74 69 6F 6E 0A]
2014-04-02 18:56:45,367 D  [ProtocolCodecFilter ] - Processing a MESSAGE_RECEIVED for session 1
2014-04-02 18:56:45,367 I  [PushClient4Test     ] - 客户端接受到服务端命令请求:position,
2014-04-02 18:56:45,368 I  [LoggingFilter       ] - SENT: HeapBuffer[pos=0 lim=0 cap=0: empty]
2014-04-02 18:56:45,368 I  [PushClient4Test     ] - 客户端向服务端发送消息:{"loctype":0, "lon":111,"lat":111,"radius":111},
2014-04-02 18:56:45,663 I  [LoggingFilter       ] - RECEIVED: HeapBuffer[pos=0 lim=9 cap=512: 70 6F 73 69 74 69 6F 6E 0A]
2014-04-02 18:56:45,663 D  [ProtocolCodecFilter ] - Processing a MESSAGE_RECEIVED for session 1
2014-04-02 18:56:45,664 I  [PushClient4Test     ] - 客户端接受到服务端命令请求:position,
2014-04-02 18:56:45,665 I  [LoggingFilter       ] - SENT: HeapBuffer[pos=0 lim=0 cap=0: empty]
2014-04-02 18:56:45,665 I  [PushClient4Test     ] - 客户端向服务端发送消息:{"loctype":0, "lon":111,"lat":111,"radius":111},
2014-04-02 18:56:45,827 I  [LoggingFilter       ] - RECEIVED: HeapBuffer[pos=0 lim=9 cap=256: 70 6F 73 69 74 69 6F 6E 0A]
2014-04-02 18:56:45,827 D  [ProtocolCodecFilter ] - Processing a MESSAGE_RECEIVED for session 1
2014-04-02 18:56:45,827 I  [PushClient4Test     ] - 客户端接受到服务端命令请求:position,
2014-04-02 18:56:45,828 I  [LoggingFilter       ] - SENT: HeapBuffer[pos=0 lim=0 cap=0: empty]
2014-04-02 18:56:45,828 I  [PushClient4Test     ] - 客户端向服务端发送消息:{"loctype":0, "lon":111,"lat":111,"radius":111},
2014-04-02 18:56:45,843 I  [LoggingFilter       ] - RECEIVED: HeapBuffer[pos=0 lim=9 cap=256: 70 6F 73 69 74 69 6F 6E 0A]
2014-04-02 18:56:45,843 D  [ProtocolCodecFilter ] - Processing a MESSAGE_RECEIVED for session 1
2014-04-02 18:56:45,844 I  [PushClient4Test     ] - 客户端接受到服务端命令请求:position,
2014-04-02 18:56:45,844 I  [LoggingFilter       ] - SENT: HeapBuffer[pos=0 lim=0 cap=0: empty]
2014-04-02 18:56:45,844 I  [PushClient4Test     ] - 客户端向服务端发送消息:{"loctype":0, "lon":111,"lat":111,"radius":111},
2014-04-02 18:56:45,974 I  [LoggingFilter       ] - RECEIVED: HeapBuffer[pos=0 lim=9 cap=128: 70 6F 73 69 74 69 6F 6E 0A]
2014-04-02 18:56:45,975 D  [ProtocolCodecFilter ] - Processing a MESSAGE_RECEIVED for session 1
2014-04-02 18:56:45,975 I  [PushClient4Test     ] - 客户端接受到服务端命令请求:position,
2014-04-02 18:56:45,976 I  [LoggingFilter       ] - SENT: HeapBuffer[pos=0 lim=0 cap=0: empty]
2014-04-02 18:56:45,976 I  [PushClient4Test     ] - 客户端向服务端发送消息:{"loctype":0, "lon":111,"lat":111,"radius":111},
2014-04-02 18:56:46,622 I  [LoggingFilter       ] - RECEIVED: HeapBuffer[pos=0 lim=9 cap=128: 70 6F 73 69 74 69 6F 6E 0A]
2014-04-02 18:56:46,623 D  [ProtocolCodecFilter ] - Processing a MESSAGE_RECEIVED for session 1
2014-04-02 18:56:46,623 I  [PushClient4Test     ] - 客户端接受到服务端命令请求:position,
2014-04-02 18:56:46,624 I  [LoggingFilter       ] - SENT: HeapBuffer[pos=0 lim=0 cap=0: empty]
2014-04-02 18:56:46,624 I  [PushClient4Test     ] - 客户端向服务端发送消息:{"loctype":0, "lon":111,"lat":111,"radius":111},
2014-04-02 18:56:47,144 I  [LoggingFilter       ] - RECEIVED: HeapBuffer[pos=0 lim=9 cap=64: 70 6F 73 69 74 69 6F 6E 0A]
2014-04-02 18:56:47,145 D  [ProtocolCodecFilter ] - Processing a MESSAGE_RECEIVED for session 1
2014-04-02 18:56:47,145 I  [PushClient4Test     ] - 客户端接受到服务端命令请求:position,
2014-04-02 18:56:47,146 I  [LoggingFilter       ] - SENT: HeapBuffer[pos=0 lim=0 cap=0: empty]
2014-04-02 18:56:47,146 I  [PushClient4Test     ] - 客户端向服务端发送消息:{"loctype":0, "lon":111,"lat":111,"radius":111},
2014-04-02 18:56:47,328 I  [LoggingFilter       ] - RECEIVED: HeapBuffer[pos=0 lim=9 cap=64: 70 6F 73 69 74 69 6F 6E 0A]
2014-04-02 18:56:47,328 D  [ProtocolCodecFilter ] - Processing a MESSAGE_RECEIVED for session 1
2014-04-02 18:56:47,328 I  [PushClient4Test     ] - 客户端接受到服务端命令请求:position,
2014-04-02 18:56:47,329 I  [LoggingFilter       ] - SENT: HeapBuffer[pos=0 lim=0 cap=0: empty]
2014-04-02 18:56:47,329 I  [PushClient4Test     ] - 客户端向服务端发送消息:{"loctype":0, "lon":111,"lat":111,"radius":111},
2014-04-02 18:56:47,738 I  [LoggingFilter       ] - RECEIVED: HeapBuffer[pos=0 lim=9 cap=64: 70 6F 73 69 74 69 6F 6E 0A]
2014-04-02 18:56:47,784 D  [ProtocolCodecFilter ] - Processing a MESSAGE_RECEIVED for session 1
2014-04-02 18:56:47,788 I  [PushClient4Test     ] - 客户端接受到服务端命令请求:position,
2014-04-02 18:56:47,789 I  [LoggingFilter       ] - SENT: HeapBuffer[pos=0 lim=0 cap=0: empty]
2014-04-02 18:56:47,789 I  [PushClient4Test     ] - 客户端向服务端发送消息:{"loctype":0, "lon":111,"lat":111,"radius":111},
2014-04-02 18:56:47,915 I  [LoggingFilter       ] - RECEIVED: HeapBuffer[pos=0 lim=9 cap=64: 70 6F 73 69 74 69 6F 6E 0A]
2014-04-02 18:56:47,916 D  [ProtocolCodecFilter ] - Processing a MESSAGE_RECEIVED for session 1
2014-04-02 18:56:47,916 I  [PushClient4Test     ] - 客户端接受到服务端命令请求:position,
2014-04-02 18:56:47,916 I  [LoggingFilter       ] - SENT: HeapBuffer[pos=0 lim=0 cap=0: empty]
2014-04-02 18:56:47,916 I  [PushClient4Test     ] - 客户端向服务端发送消息:{"loctype":0, "lon":111,"lat":111,"radius":111},
2014-04-02 18:56:48,464 I  [LoggingFilter       ] - RECEIVED: HeapBuffer[pos=0 lim=9 cap=64: 70 6F 73 69 74 69 6F 6E 0A]
2014-04-02 18:56:48,464 D  [ProtocolCodecFilter ] - Processing a MESSAGE_RECEIVED for session 1
2014-04-02 18:56:48,465 I  [PushClient4Test     ] - 客户端接受到服务端命令请求:position,
2014-04-02 18:56:48,465 I  [LoggingFilter       ] - SENT: HeapBuffer[pos=0 lim=0 cap=0: empty]
2014-04-02 18:56:48,466 I  [PushClient4Test     ] - 客户端向服务端发送消息:{"loctype":0, "lon":111,"lat":111,"radius":111},
2014-04-02 18:56:48,670 I  [LoggingFilter       ] - RECEIVED: HeapBuffer[pos=0 lim=9 cap=64: 70 6F 73 69 74 69 6F 6E 0A]
2014-04-02 18:56:48,670 D  [ProtocolCodecFilter ] - Processing a MESSAGE_RECEIVED for session 1
2014-04-02 18:56:48,670 I  [PushClient4Test     ] - 客户端接受到服务端命令请求:position,
2014-04-02 18:56:48,671 I  [LoggingFilter       ] - SENT: HeapBuffer[pos=0 lim=0 cap=0: empty]
2014-04-02 18:56:48,671 I  [PushClient4Test     ] - 客户端向服务端发送消息:{"loctype":0, "lon":111,"lat":111,"radius":111},
2014-04-02 18:56:49,053 I  [LoggingFilter       ] - RECEIVED: HeapBuffer[pos=0 lim=9 cap=64: 70 6F 73 69 74 69 6F 6E 0A]
2014-04-02 18:56:49,053 D  [ProtocolCodecFilter ] - Processing a MESSAGE_RECEIVED for session 1
2014-04-02 18:56:49,053 I  [PushClient4Test     ] - 客户端接受到服务端命令请求:position,
2014-04-02 18:56:49,054 I  [LoggingFilter       ] - SENT: HeapBuffer[pos=0 lim=0 cap=0: empty]
2014-04-02 18:56:49,054 I  [PushClient4Test     ] - 客户端向服务端发送消息:{"loctype":0, "lon":111,"lat":111,"radius":111},
2014-04-02 18:56:49,323 I  [LoggingFilter       ] - RECEIVED: HeapBuffer[pos=0 lim=9 cap=64: 70 6F 73 69 74 69 6F 6E 0A]
2014-04-02 18:56:49,323 D  [ProtocolCodecFilter ] - Processing a MESSAGE_RECEIVED for session 1
2014-04-02 18:56:49,324 I  [PushClient4Test     ] - 客户端接受到服务端命令请求:position,
2014-04-02 18:56:49,324 I  [LoggingFilter       ] - SENT: HeapBuffer[pos=0 lim=0 cap=0: empty]
2014-04-02 18:56:49,324 I  [PushClient4Test     ] - 客户端向服务端发送消息:{"loctype":0, "lon":111,"lat":111,"radius":111},
2014-04-02 18:56:49,701 I  [LoggingFilter       ] - RECEIVED: HeapBuffer[pos=0 lim=9 cap=64: 70 6F 73 69 74 69 6F 6E 0A]
2014-04-02 18:56:49,701 D  [ProtocolCodecFilter ] - Processing a MESSAGE_RECEIVED for session 1
2014-04-02 18:56:49,702 I  [PushClient4Test     ] - 客户端接受到服务端命令请求:position,
2014-04-02 18:56:49,702 I  [LoggingFilter       ] - SENT: HeapBuffer[pos=0 lim=0 cap=0: empty]
2014-04-02 18:56:49,702 I  [PushClient4Test     ] - 客户端向服务端发送消息:{"loctype":0, "lon":111,"lat":111,"radius":111},
2014-04-02 18:56:49,897 I  [LoggingFilter       ] - RECEIVED: HeapBuffer[pos=0 lim=9 cap=64: 70 6F 73 69 74 69 6F 6E 0A]
2014-04-02 18:56:49,897 D  [ProtocolCodecFilter ] - Processing a MESSAGE_RECEIVED for session 1
2014-04-02 18:56:49,898 I  [PushClient4Test     ] - 客户端接受到服务端命令请求:position,
2014-04-02 18:56:49,898 I  [LoggingFilter       ] - SENT: HeapBuffer[pos=0 lim=0 cap=0: empty]
2014-04-02 18:56:49,899 I  [PushClient4Test     ] - 客户端向服务端发送消息:{"loctype":0, "lon":111,"lat":111,"radius":111},
2014-04-02 18:56:50,242 I  [LoggingFilter       ] - RECEIVED: HeapBuffer[pos=0 lim=9 cap=64: 70 6F 73 69 74 69 6F 6E 0A]
2014-04-02 18:56:50,242 D  [ProtocolCodecFilter ] - Processing a MESSAGE_RECEIVED for session 1
2014-04-02 18:56:50,242 I  [PushClient4Test     ] - 客户端接受到服务端命令请求:position,
2014-04-02 18:56:50,243 I  [LoggingFilter       ] - SENT: HeapBuffer[pos=0 lim=0 cap=0: empty]
2014-04-02 18:56:50,243 I  [PushClient4Test     ] - 客户端向服务端发送消息:{"loctype":0, "lon":111,"lat":111,"radius":111},
2014-04-02 18:56:50,641 I  [LoggingFilter       ] - RECEIVED: HeapBuffer[pos=0 lim=9 cap=64: 70 6F 73 69 74 69 6F 6E 0A]
2014-04-02 18:56:50,641 D  [ProtocolCodecFilter ] - Processing a MESSAGE_RECEIVED for session 1
2014-04-02 18:56:50,641 I  [PushClient4Test     ] - 客户端接受到服务端命令请求:position,
2014-04-02 18:56:50,642 I  [LoggingFilter       ] - SENT: HeapBuffer[pos=0 lim=0 cap=0: empty]
2014-04-02 18:56:50,642 I  [PushClient4Test     ] - 客户端向服务端发送消息:{"loctype":0, "lon":111,"lat":111,"radius":111},
2014-04-02 18:56:50,785 I  [LoggingFilter       ] - RECEIVED: HeapBuffer[pos=0 lim=9 cap=64: 70 6F 73 69 74 69 6F 6E 0A]
2014-04-02 18:56:50,785 D  [ProtocolCodecFilter ] - Processing a MESSAGE_RECEIVED for session 1
2014-04-02 18:56:50,786 I  [PushClient4Test     ] - 客户端接受到服务端命令请求:position,
2014-04-02 18:56:50,786 I  [LoggingFilter       ] - SENT: HeapBuffer[pos=0 lim=0 cap=0: empty]
2014-04-02 18:56:50,787 I  [PushClient4Test     ] - 客户端向服务端发送消息:{"loctype":0, "lon":111,"lat":111,"radius":111},
2014-04-02 18:56:51,071 I  [LoggingFilter       ] - RECEIVED: HeapBuffer[pos=0 lim=9 cap=64: 70 6F 73 69 74 69 6F 6E 0A]
2014-04-02 18:56:51,071 D  [ProtocolCodecFilter ] - Processing a MESSAGE_RECEIVED for session 1
2014-04-02 18:56:51,072 I  [PushClient4Test     ] - 客户端接受到服务端命令请求:position,
2014-04-02 18:56:51,072 I  [LoggingFilter       ] - SENT: HeapBuffer[pos=0 lim=0 cap=0: empty]
2014-04-02 18:56:51,072 I  [PushClient4Test     ] - 客户端向服务端发送消息:{"loctype":0, "lon":111,"lat":111,"radius":111},
2014-04-02 18:56:51,254 I  [LoggingFilter       ] - RECEIVED: HeapBuffer[pos=0 lim=9 cap=64: 70 6F 73 69 74 69 6F 6E 0A]
2014-04-02 18:56:51,254 D  [ProtocolCodecFilter ] - Processing a MESSAGE_RECEIVED for session 1
2014-04-02 18:56:51,254 I  [PushClient4Test     ] - 客户端接受到服务端命令请求:position,
2014-04-02 18:56:51,255 I  [LoggingFilter       ] - SENT: HeapBuffer[pos=0 lim=0 cap=0: empty]
2014-04-02 18:56:51,255 I  [PushClient4Test     ] - 客户端向服务端发送消息:{"loctype":0, "lon":111,"lat":111,"radius":111},
2014-04-02 18:57:51,258 I  [LoggingFilter       ] - IDLE
2014-04-02 18:57:51,258 I  [LoggingFilter       ] - IDLE
2014-04-02 18:57:51,259 I  [LoggingFilter       ] - SENT: HeapBuffer[pos=0 lim=1 cap=1: FF]
2014-04-02 18:57:51,293 I  [LoggingFilter       ] - RECEIVED: HeapBuffer[pos=0 lim=1 cap=64: FE]
2014-04-02 18:58:51,298 I  [LoggingFilter       ] - IDLE
2014-04-02 18:58:51,298 I  [LoggingFilter       ] - IDLE
2014-04-02 18:58:51,299 I  [LoggingFilter       ] - SENT: HeapBuffer[pos=0 lim=1 cap=1: FF]
2014-04-02 18:58:51,311 I  [LoggingFilter       ] - RECEIVED: HeapBuffer[pos=0 lim=1 cap=64: FE]
2014-04-02 18:59:51,314 I  [LoggingFilter       ] - IDLE
2014-04-02 18:59:51,314 I  [LoggingFilter       ] - IDLE
2014-04-02 18:59:51,315 I  [LoggingFilter       ] - SENT: HeapBuffer[pos=0 lim=1 cap=1: FF]
2014-04-02 18:59:51,328 I  [LoggingFilter       ] - RECEIVED: HeapBuffer[pos=0 lim=1 cap=64: FE]
2014-04-02 19:00:51,333 I  [LoggingFilter       ] - IDLE
2014-04-02 19:00:51,333 I  [LoggingFilter       ] - IDLE
2014-04-02 19:00:51,334 I  [LoggingFilter       ] - SENT: HeapBuffer[pos=0 lim=1 cap=1: FF]
2014-04-02 19:00:51,345 I  [LoggingFilter       ] - RECEIVED: HeapBuffer[pos=0 lim=1 cap=64: FE]
2014-04-02 19:01:51,348 I  [LoggingFilter       ] - IDLE
2014-04-02 19:01:51,348 I  [LoggingFilter       ] - IDLE
2014-04-02 19:01:51,349 I  [LoggingFilter       ] - SENT: HeapBuffer[pos=0 lim=1 cap=1: FF]
2014-04-02 19:01:51,361 I  [LoggingFilter       ] - RECEIVED: HeapBuffer[pos=0 lim=1 cap=64: FE]
2014-04-02 19:02:51,364 I  [LoggingFilter       ] - IDLE
2014-04-02 19:02:51,364 I  [LoggingFilter       ] - IDLE
2014-04-02 19:02:51,365 I  [LoggingFilter       ] - SENT: HeapBuffer[pos=0 lim=1 cap=1: FF]
2014-04-02 19:02:51,378 I  [LoggingFilter       ] - RECEIVED: HeapBuffer[pos=0 lim=1 cap=64: FE]
2014-04-02 19:03:51,383 I  [LoggingFilter       ] - IDLE
2014-04-02 19:03:51,383 I  [LoggingFilter       ] - IDLE
2014-04-02 19:03:51,384 I  [LoggingFilter       ] - SENT: HeapBuffer[pos=0 lim=1 cap=1: FF]
2014-04-02 19:03:51,407 I  [LoggingFilter       ] - RECEIVED: HeapBuffer[pos=0 lim=1 cap=64: FE]
2014-04-02 19:04:51,410 I  [LoggingFilter       ] - IDLE
2014-04-02 19:04:51,410 I  [LoggingFilter       ] - IDLE
2014-04-02 19:04:51,411 I  [LoggingFilter       ] - SENT: HeapBuffer[pos=0 lim=1 cap=1: FF]
2014-04-02 19:04:51,426 I  [LoggingFilter       ] - RECEIVED: HeapBuffer[pos=0 lim=1 cap=64: FE]
2014-04-02 19:05:51,430 I  [LoggingFilter       ] - IDLE
2014-04-02 19:05:51,430 I  [LoggingFilter       ] - IDLE
2014-04-02 19:05:51,431 I  [LoggingFilter       ] - SENT: HeapBuffer[pos=0 lim=1 cap=1: FF]
2014-04-02 19:05:51,452 I  [LoggingFilter       ] - RECEIVED: HeapBuffer[pos=0 lim=1 cap=64: FE]
2014-04-02 19:06:51,455 I  [LoggingFilter       ] - IDLE
2014-04-02 19:06:51,455 I  [LoggingFilter       ] - IDLE
2014-04-02 19:06:51,456 I  [LoggingFilter       ] - SENT: HeapBuffer[pos=0 lim=1 cap=1: FF]
2014-04-02 19:06:51,473 I  [LoggingFilter       ] - RECEIVED: HeapBuffer[pos=0 lim=1 cap=64: FE]
2014-04-02 19:07:51,478 I  [LoggingFilter       ] - IDLE
2014-04-02 19:07:51,479 I  [LoggingFilter       ] - IDLE
2014-04-02 19:07:51,479 I  [LoggingFilter       ] - SENT: HeapBuffer[pos=0 lim=1 cap=1: FF]
2014-04-02 19:07:51,522 I  [LoggingFilter       ] - RECEIVED: HeapBuffer[pos=0 lim=1 cap=64: FE]
2014-04-02 19:08:51,526 I  [LoggingFilter       ] - IDLE
2014-04-02 19:08:51,526 I  [LoggingFilter       ] - IDLE
2014-04-02 19:08:51,527 I  [LoggingFilter       ] - SENT: HeapBuffer[pos=0 lim=1 cap=1: FF]
2014-04-02 19:08:51,539 I  [LoggingFilter       ] - RECEIVED: HeapBuffer[pos=0 lim=1 cap=64: FE]
2014-04-02 19:09:51,543 I  [LoggingFilter       ] - IDLE
2014-04-02 19:09:51,543 I  [LoggingFilter       ] - IDLE
2014-04-02 19:09:51,544 I  [LoggingFilter       ] - SENT: HeapBuffer[pos=0 lim=1 cap=1: FF]
2014-04-02 19:09:51,561 I  [LoggingFilter       ] - RECEIVED: HeapBuffer[pos=0 lim=1 cap=64: FE]
2014-04-02 19:10:51,565 I  [LoggingFilter       ] - IDLE
2014-04-02 19:10:51,565 I  [LoggingFilter       ] - IDLE
2014-04-02 19:10:51,566 I  [LoggingFilter       ] - SENT: HeapBuffer[pos=0 lim=1 cap=1: FF]
2014-04-02 19:10:51,590 I  [LoggingFilter       ] - RECEIVED: HeapBuffer[pos=0 lim=1 cap=64: FE]
2014-04-02 19:11:51,593 I  [LoggingFilter       ] - IDLE
2014-04-02 19:11:51,593 I  [LoggingFilter       ] - IDLE
2014-04-02 19:11:51,594 I  [LoggingFilter       ] - SENT: HeapBuffer[pos=0 lim=1 cap=1: FF]
2014-04-02 19:11:51,605 I  [LoggingFilter       ] - RECEIVED: HeapBuffer[pos=0 lim=1 cap=64: FE]
2014-04-02 19:12:51,609 I  [LoggingFilter       ] - IDLE
2014-04-02 19:12:51,609 I  [LoggingFilter       ] - IDLE
2014-04-02 19:12:51,610 I  [LoggingFilter       ] - SENT: HeapBuffer[pos=0 lim=1 cap=1: FF]
2014-04-02 19:12:51,627 I  [LoggingFilter       ] - RECEIVED: HeapBuffer[pos=0 lim=1 cap=64: FE]
2014-04-02 19:13:51,630 I  [LoggingFilter       ] - IDLE
2014-04-02 19:13:51,630 I  [LoggingFilter       ] - IDLE
2014-04-02 19:13:51,631 I  [LoggingFilter       ] - SENT: HeapBuffer[pos=0 lim=1 cap=1: FF]
2014-04-02 19:13:51,646 I  [LoggingFilter       ] - RECEIVED: HeapBuffer[pos=0 lim=1 cap=64: FE]
2014-04-02 19:14:51,651 I  [LoggingFilter       ] - IDLE
2014-04-02 19:14:51,651 I  [LoggingFilter       ] - IDLE
2014-04-02 19:14:51,652 I  [LoggingFilter       ] - SENT: HeapBuffer[pos=0 lim=1 cap=1: FF]
2014-04-02 19:14:51,667 I  [LoggingFilter       ] - RECEIVED: HeapBuffer[pos=0 lim=1 cap=64: FE]
2014-04-02 19:15:51,671 I  [LoggingFilter       ] - IDLE
2014-04-02 19:15:51,671 I  [LoggingFilter       ] - IDLE
2014-04-02 19:15:51,672 I  [LoggingFilter       ] - SENT: HeapBuffer[pos=0 lim=1 cap=1: FF]
2014-04-02 19:15:51,688 I  [LoggingFilter       ] - RECEIVED: HeapBuffer[pos=0 lim=1 cap=64: FE]
2014-04-02 19:16:51,692 I  [LoggingFilter       ] - IDLE
2014-04-02 19:16:51,692 I  [LoggingFilter       ] - IDLE
2014-04-02 19:16:51,693 I  [LoggingFilter       ] - SENT: HeapBuffer[pos=0 lim=1 cap=1: FF]
2014-04-02 19:16:51,731 I  [LoggingFilter       ] - RECEIVED: HeapBuffer[pos=0 lim=1 cap=64: FE]
2014-04-02 19:17:51,738 I  [LoggingFilter       ] - IDLE
2014-04-02 19:17:51,738 I  [LoggingFilter       ] - IDLE
2014-04-02 19:17:51,739 I  [LoggingFilter       ] - SENT: HeapBuffer[pos=0 lim=1 cap=1: FF]
2014-04-02 19:17:51,757 I  [LoggingFilter       ] - RECEIVED: HeapBuffer[pos=0 lim=1 cap=64: FE]
2014-04-02 19:18:51,760 I  [LoggingFilter       ] - IDLE
2014-04-02 19:18:51,760 I  [LoggingFilter       ] - IDLE
2014-04-02 19:18:51,761 I  [LoggingFilter       ] - SENT: HeapBuffer[pos=0 lim=1 cap=1: FF]
2014-04-02 19:18:51,775 I  [LoggingFilter       ] - RECEIVED: HeapBuffer[pos=0 lim=1 cap=64: FE]
2014-04-02 19:19:51,779 I  [LoggingFilter       ] - IDLE
2014-04-02 19:19:51,779 I  [LoggingFilter       ] - IDLE
2014-04-02 19:19:51,780 I  [LoggingFilter       ] - SENT: HeapBuffer[pos=0 lim=1 cap=1: FF]
2014-04-02 19:19:51,791 I  [LoggingFilter       ] - RECEIVED: HeapBuffer[pos=0 lim=1 cap=64: FE]
2014-04-02 19:20:51,794 I  [LoggingFilter       ] - IDLE
2014-04-02 19:20:51,794 I  [LoggingFilter       ] - IDLE
2014-04-02 19:20:51,795 I  [LoggingFilter       ] - SENT: HeapBuffer[pos=0 lim=1 cap=1: FF]
2014-04-02 19:20:51,822 I  [LoggingFilter       ] - RECEIVED: HeapBuffer[pos=0 lim=1 cap=64: FE]
2014-04-02 19:21:51,826 I  [LoggingFilter       ] - IDLE
2014-04-02 19:21:51,826 I  [LoggingFilter       ] - IDLE
2014-04-02 19:21:51,827 I  [LoggingFilter       ] - SENT: HeapBuffer[pos=0 lim=1 cap=1: FF]
2014-04-02 19:21:51,839 I  [LoggingFilter       ] - RECEIVED: HeapBuffer[pos=0 lim=1 cap=64: FE]
2014-04-02 19:22:51,843 I  [LoggingFilter       ] - IDLE
2014-04-02 19:22:51,843 I  [LoggingFilter       ] - IDLE
2014-04-02 19:22:51,844 I  [LoggingFilter       ] - SENT: HeapBuffer[pos=0 lim=1 cap=1: FF]
2014-04-02 19:22:51,856 I  [LoggingFilter       ] - RECEIVED: HeapBuffer[pos=0 lim=1 cap=64: FE]
2014-04-02 19:23:51,859 I  [LoggingFilter       ] - IDLE
2014-04-02 19:23:51,859 I  [LoggingFilter       ] - IDLE
2014-04-02 19:23:51,860 I  [LoggingFilter       ] - SENT: HeapBuffer[pos=0 lim=1 cap=1: FF]
2014-04-02 19:23:51,900 I  [LoggingFilter       ] - RECEIVED: HeapBuffer[pos=0 lim=1 cap=64: FE]
2014-04-02 19:24:51,904 I  [LoggingFilter       ] - IDLE
2014-04-02 19:24:51,904 I  [LoggingFilter       ] - IDLE
2014-04-02 19:24:51,905 I  [LoggingFilter       ] - SENT: HeapBuffer[pos=0 lim=1 cap=1: FF]
2014-04-02 19:24:51,977 I  [LoggingFilter       ] - RECEIVED: HeapBuffer[pos=0 lim=1 cap=64: FE]
2014-04-02 19:25:51,980 I  [LoggingFilter       ] - IDLE
2014-04-02 19:25:51,980 I  [LoggingFilter       ] - IDLE
2014-04-02 19:25:51,981 I  [LoggingFilter       ] - SENT: HeapBuffer[pos=0 lim=1 cap=1: FF]
2014-04-02 19:25:52,026 I  [LoggingFilter       ] - RECEIVED: HeapBuffer[pos=0 lim=1 cap=64: FE]
2014-04-02 19:26:52,030 I  [LoggingFilter       ] - IDLE
2014-04-02 19:26:52,030 I  [LoggingFilter       ] - IDLE
2014-04-02 19:26:52,031 I  [LoggingFilter       ] - SENT: HeapBuffer[pos=0 lim=1 cap=1: FF]
2014-04-02 19:26:52,072 I  [LoggingFilter       ] - RECEIVED: HeapBuffer[pos=0 lim=1 cap=64: FE]
2014-04-02 19:27:52,075 I  [LoggingFilter       ] - IDLE
2014-04-02 19:27:52,075 I  [LoggingFilter       ] - IDLE
2014-04-02 19:27:52,076 I  [LoggingFilter       ] - SENT: HeapBuffer[pos=0 lim=1 cap=1: FF]
2014-04-02 19:27:52,116 I  [LoggingFilter       ] - RECEIVED: HeapBuffer[pos=0 lim=1 cap=64: FE]
2014-04-02 19:28:52,120 I  [LoggingFilter       ] - IDLE
2014-04-02 19:28:52,120 I  [LoggingFilter       ] - IDLE
2014-04-02 19:28:52,121 I  [LoggingFilter       ] - SENT: HeapBuffer[pos=0 lim=1 cap=1: FF]
2014-04-02 19:28:52,156 I  [LoggingFilter       ] - RECEIVED: HeapBuffer[pos=0 lim=1 cap=64: FE]
2014-04-02 19:29:52,159 I  [LoggingFilter       ] - IDLE
2014-04-02 19:29:52,159 I  [LoggingFilter       ] - IDLE
2014-04-02 19:29:52,160 I  [LoggingFilter       ] - SENT: HeapBuffer[pos=0 lim=1 cap=1: FF]
2014-04-02 19:29:52,202 I  [LoggingFilter       ] - RECEIVED: HeapBuffer[pos=0 lim=1 cap=64: FE]
2014-04-02 19:30:52,207 I  [LoggingFilter       ] - IDLE
2014-04-02 19:30:52,207 I  [LoggingFilter       ] - IDLE
2014-04-02 19:30:52,208 I  [LoggingFilter       ] - SENT: HeapBuffer[pos=0 lim=1 cap=1: FF]
2014-04-02 19:30:52,219 I  [LoggingFilter       ] - RECEIVED: HeapBuffer[pos=0 lim=1 cap=64: FE]
2014-04-02 19:31:52,222 I  [LoggingFilter       ] - IDLE
2014-04-02 19:31:52,222 I  [LoggingFilter       ] - IDLE
2014-04-02 19:31:52,223 I  [LoggingFilter       ] - SENT: HeapBuffer[pos=0 lim=1 cap=1: FF]
2014-04-02 19:31:52,437 I  [LoggingFilter       ] - RECEIVED: HeapBuffer[pos=0 lim=1 cap=64: FF]
2014-04-02 19:31:52,437 I  [LoggingFilter       ] - SENT: HeapBuffer[pos=0 lim=1 cap=1: FE]
2014-04-02 19:31:52,474 I  [LoggingFilter       ] - RECEIVED: HeapBuffer[pos=0 lim=1 cap=64: FE]
2014-04-02 19:32:52,478 I  [LoggingFilter       ] - IDLE
2014-04-02 19:32:52,478 I  [LoggingFilter       ] - IDLE
2014-04-02 19:32:52,479 I  [LoggingFilter       ] - SENT: HeapBuffer[pos=0 lim=1 cap=1: FF]
2014-04-02 19:32:52,492 I  [LoggingFilter       ] - RECEIVED: HeapBuffer[pos=0 lim=1 cap=64: FE]
2014-04-02 19:33:52,497 I  [LoggingFilter       ] - IDLE
2014-04-02 19:33:52,497 I  [LoggingFilter       ] - IDLE
2014-04-02 19:33:52,498 I  [LoggingFilter       ] - SENT: HeapBuffer[pos=0 lim=1 cap=1: FF]
2014-04-02 19:33:52,511 I  [LoggingFilter       ] - RECEIVED: HeapBuffer[pos=0 lim=1 cap=64: FE]
2014-04-02 19:34:52,515 I  [LoggingFilter       ] - IDLE
2014-04-02 19:34:52,515 I  [LoggingFilter       ] - IDLE
2014-04-02 19:34:52,516 I  [LoggingFilter       ] - SENT: HeapBuffer[pos=0 lim=1 cap=1: FF]
2014-04-02 19:34:52,528 I  [LoggingFilter       ] - RECEIVED: HeapBuffer[pos=0 lim=1 cap=64: FE]
2014-04-02 19:35:52,533 I  [LoggingFilter       ] - IDLE
2014-04-02 19:35:52,533 I  [LoggingFilter       ] - IDLE
2014-04-02 19:35:52,534 I  [LoggingFilter       ] - SENT: HeapBuffer[pos=0 lim=1 cap=1: FF]
2014-04-02 19:35:52,558 I  [LoggingFilter       ] - RECEIVED: HeapBuffer[pos=0 lim=1 cap=64: FE]
2014-04-02 19:36:52,561 I  [LoggingFilter       ] - IDLE
2014-04-02 19:36:52,561 I  [LoggingFilter       ] - IDLE
2014-04-02 19:36:52,562 I  [LoggingFilter       ] - SENT: HeapBuffer[pos=0 lim=1 cap=1: FF]
2014-04-02 19:36:52,576 I  [LoggingFilter       ] - RECEIVED: HeapBuffer[pos=0 lim=1 cap=64: FE]
2014-04-02 19:37:52,580 I  [LoggingFilter       ] - IDLE
2014-04-02 19:37:52,580 I  [LoggingFilter       ] - IDLE
2014-04-02 19:37:52,581 I  [LoggingFilter       ] - SENT: HeapBuffer[pos=0 lim=1 cap=1: FF]
2014-04-02 19:37:52,600 I  [LoggingFilter       ] - RECEIVED: HeapBuffer[pos=0 lim=1 cap=64: FE]
2014-04-02 19:38:52,603 I  [LoggingFilter       ] - IDLE
2014-04-02 19:38:52,603 I  [LoggingFilter       ] - IDLE
2014-04-02 19:38:52,604 I  [LoggingFilter       ] - SENT: HeapBuffer[pos=0 lim=1 cap=1: FF]
2014-04-02 19:38:52,619 I  [LoggingFilter       ] - RECEIVED: HeapBuffer[pos=0 lim=1 cap=64: FE]
2014-04-02 19:39:52,622 I  [LoggingFilter       ] - IDLE
2014-04-02 19:39:52,622 I  [LoggingFilter       ] - IDLE
2014-04-02 19:39:52,623 I  [LoggingFilter       ] - SENT: HeapBuffer[pos=0 lim=1 cap=1: FF]
2014-04-02 19:39:52,636 I  [LoggingFilter       ] - RECEIVED: HeapBuffer[pos=0 lim=1 cap=64: FE]
