2014-04-22 20:08:59,613 I  [LoggingFilter       ] - CREATED
2014-04-22 20:08:59,619 I  [LoggingFilter       ] - OPENED
2014-04-22 20:08:59,627 I  [LoggingFilter       ] - SENT: HeapBuffer[pos=0 lim=0 cap=0: empty]
2014-04-22 20:08:59,628 I  [PushClient4Test     ] - 客户端向服务端发送消息:add:{"simNo":"13401167851","teleNo":"13401167851"}
2014-04-22 20:08:59,628 I  [LoggingFilter       ] - SENT: HeapBuffer[pos=0 lim=0 cap=0: empty]
2014-04-22 20:08:59,629 I  [PushClient4Test     ] - 客户端向服务端发送消息:add:{"simNo":"sim18701585849","teleNo":"18701585849"}
2014-04-22 20:09:59,636 I  [LoggingFilter       ] - IDLE
2014-04-22 20:09:59,636 I  [LoggingFilter       ] - IDLE
2014-04-22 20:09:59,637 I  [LoggingFilter       ] - SENT: HeapBuffer[pos=0 lim=1 cap=1: FF]
2014-04-22 20:09:59,679 I  [LoggingFilter       ] - RECEIVED: HeapBuffer[pos=0 lim=1 cap=2048: FE]
2014-04-22 20:10:59,683 I  [LoggingFilter       ] - IDLE
2014-04-22 20:10:59,683 I  [LoggingFilter       ] - IDLE
2014-04-22 20:10:59,684 I  [LoggingFilter       ] - SENT: HeapBuffer[pos=0 lim=1 cap=1: FF]
2014-04-22 20:10:59,709 I  [LoggingFilter       ] - RECEIVED: HeapBuffer[pos=0 lim=1 cap=2048: FE]
2014-04-22 20:11:59,713 I  [LoggingFilter       ] - IDLE
2014-04-22 20:11:59,714 I  [LoggingFilter       ] - IDLE
2014-04-22 20:11:59,714 I  [LoggingFilter       ] - SENT: HeapBuffer[pos=0 lim=1 cap=1: FF]
2014-04-22 20:11:59,738 I  [LoggingFilter       ] - RECEIVED: HeapBuffer[pos=0 lim=1 cap=1024: FE]
2014-04-22 20:12:59,741 I  [LoggingFilter       ] - IDLE
2014-04-22 20:12:59,741 I  [LoggingFilter       ] - IDLE
2014-04-22 20:12:59,742 I  [LoggingFilter       ] - SENT: HeapBuffer[pos=0 lim=1 cap=1: FF]
2014-04-22 20:12:59,753 I  [LoggingFilter       ] - RECEIVED: HeapBuffer[pos=0 lim=1 cap=1024: FE]
2014-04-22 20:22:12,729 I  [LoggingFilter       ] - CREATED
2014-04-22 20:22:12,735 I  [LoggingFilter       ] - OPENED
2014-04-22 20:22:12,740 I  [LoggingFilter       ] - SENT: HeapBuffer[pos=0 lim=0 cap=0: empty]
2014-04-22 20:22:12,740 I  [PushClient4Test     ] - 客户端向服务端发送消息:add:{"simNo":"13401167851","teleNo":"13401167851"}
2014-04-22 20:22:12,741 I  [LoggingFilter       ] - SENT: HeapBuffer[pos=0 lim=0 cap=0: empty]
2014-04-22 20:22:12,741 I  [PushClient4Test     ] - 客户端向服务端发送消息:add:{"simNo":"sim18701585849","teleNo":"18701585849"}
2014-04-22 20:23:12,745 I  [LoggingFilter       ] - IDLE
2014-04-22 20:23:12,745 I  [LoggingFilter       ] - IDLE
2014-04-22 20:23:12,746 I  [LoggingFilter       ] - SENT: HeapBuffer[pos=0 lim=1 cap=1: FF]
2014-04-22 20:23:12,771 I  [LoggingFilter       ] - RECEIVED: HeapBuffer[pos=0 lim=1 cap=2048: FE]
2014-04-22 20:24:12,775 I  [LoggingFilter       ] - IDLE
2014-04-22 20:24:12,775 I  [LoggingFilter       ] - IDLE
2014-04-22 20:24:12,776 I  [LoggingFilter       ] - SENT: HeapBuffer[pos=0 lim=1 cap=1: FF]
2014-04-22 20:24:12,797 I  [LoggingFilter       ] - RECEIVED: HeapBuffer[pos=0 lim=1 cap=2048: FE]
2014-04-22 20:25:12,801 I  [LoggingFilter       ] - IDLE
2014-04-22 20:25:12,802 I  [LoggingFilter       ] - IDLE
2014-04-22 20:25:12,802 I  [LoggingFilter       ] - SENT: HeapBuffer[pos=0 lim=1 cap=1: FF]
2014-04-22 20:25:12,825 I  [LoggingFilter       ] - RECEIVED: HeapBuffer[pos=0 lim=1 cap=1024: FE]
2014-04-22 20:26:12,828 I  [LoggingFilter       ] - IDLE
2014-04-22 20:26:12,828 I  [LoggingFilter       ] - IDLE
2014-04-22 20:26:12,829 I  [LoggingFilter       ] - SENT: HeapBuffer[pos=0 lim=1 cap=1: FF]
2014-04-22 20:26:12,849 I  [LoggingFilter       ] - RECEIVED: HeapBuffer[pos=0 lim=1 cap=1024: FE]
2014-04-22 20:26:34,890 I  [LoggingFilter       ] - RECEIVED: HeapBuffer[pos=0 lim=9 cap=512: 70 6F 73 69 74 69 6F 6E 0A]
2014-04-22 20:26:34,891 D  [ProtocolCodecFilter ] - Processing a MESSAGE_RECEIVED for session 1
2014-04-22 20:26:34,893 I  [PushClient4Test     ] - >>>>客户端接收数据：position
2014-04-22 20:26:34,893 I  [PushClient4Test     ] - 客户端接受到服务端命令请求:position
2014-04-22 20:26:34,894 I  [LoggingFilter       ] - SENT: HeapBuffer[pos=0 lim=0 cap=0: empty]
2014-04-22 20:26:34,894 I  [PushClient4Test     ] - 客户端向服务端发送消息:position:{"loctype":0, "lon":111,"lat":111,"radius":111}
2014-04-22 20:26:36,789 I  [LoggingFilter       ] - RECEIVED: HeapBuffer[pos=0 lim=9 cap=512: 70 6F 73 69 74 69 6F 6E 0A]
2014-04-22 20:26:36,789 D  [ProtocolCodecFilter ] - Processing a MESSAGE_RECEIVED for session 1
2014-04-22 20:26:36,789 I  [PushClient4Test     ] - >>>>客户端接收数据：position
2014-04-22 20:26:36,789 I  [PushClient4Test     ] - 客户端接受到服务端命令请求:position
2014-04-22 20:26:36,790 I  [LoggingFilter       ] - SENT: HeapBuffer[pos=0 lim=0 cap=0: empty]
2014-04-22 20:26:36,790 I  [PushClient4Test     ] - 客户端向服务端发送消息:position:{"loctype":0, "lon":111,"lat":111,"radius":111}
2014-04-22 20:27:36,793 I  [LoggingFilter       ] - IDLE
2014-04-22 20:27:36,793 I  [LoggingFilter       ] - IDLE
2014-04-22 20:27:36,794 I  [LoggingFilter       ] - SENT: HeapBuffer[pos=0 lim=1 cap=1: FF]
2014-04-22 20:27:36,818 I  [LoggingFilter       ] - RECEIVED: HeapBuffer[pos=0 lim=1 cap=256: FE]
2014-04-22 20:28:36,822 I  [LoggingFilter       ] - IDLE
2014-04-22 20:28:36,822 I  [LoggingFilter       ] - IDLE
2014-04-22 20:28:36,823 I  [LoggingFilter       ] - SENT: HeapBuffer[pos=0 lim=1 cap=1: FF]
2014-04-22 20:28:36,843 I  [LoggingFilter       ] - RECEIVED: HeapBuffer[pos=0 lim=1 cap=256: FE]
2014-04-22 20:29:36,865 I  [LoggingFilter       ] - IDLE
2014-04-22 20:29:36,865 I  [LoggingFilter       ] - IDLE
2014-04-22 20:29:36,866 I  [LoggingFilter       ] - SENT: HeapBuffer[pos=0 lim=1 cap=1: FF]
2014-04-22 20:29:36,886 I  [LoggingFilter       ] - RECEIVED: HeapBuffer[pos=0 lim=1 cap=128: FE]
2014-04-22 20:30:36,890 I  [LoggingFilter       ] - IDLE
2014-04-22 20:30:36,890 I  [LoggingFilter       ] - IDLE
2014-04-22 20:30:36,891 I  [LoggingFilter       ] - SENT: HeapBuffer[pos=0 lim=1 cap=1: FF]
2014-04-22 20:30:36,910 I  [LoggingFilter       ] - RECEIVED: HeapBuffer[pos=0 lim=1 cap=128: FE]
2014-04-22 20:31:36,913 I  [LoggingFilter       ] - IDLE
2014-04-22 20:31:36,913 I  [LoggingFilter       ] - IDLE
2014-04-22 20:31:36,914 I  [LoggingFilter       ] - SENT: HeapBuffer[pos=0 lim=1 cap=1: FF]
2014-04-22 20:31:36,937 I  [LoggingFilter       ] - RECEIVED: HeapBuffer[pos=0 lim=1 cap=64: FE]
2014-04-22 20:32:36,943 I  [LoggingFilter       ] - IDLE
2014-04-22 20:32:36,943 I  [LoggingFilter       ] - IDLE
2014-04-22 20:32:36,944 I  [LoggingFilter       ] - SENT: HeapBuffer[pos=0 lim=1 cap=1: FF]
2014-04-22 20:32:36,971 I  [LoggingFilter       ] - RECEIVED: HeapBuffer[pos=0 lim=1 cap=64: FE]
2014-04-22 20:33:36,991 I  [LoggingFilter       ] - IDLE
2014-04-22 20:33:36,991 I  [LoggingFilter       ] - IDLE
2014-04-22 20:33:36,992 I  [LoggingFilter       ] - SENT: HeapBuffer[pos=0 lim=1 cap=1: FF]
2014-04-22 20:33:37,015 I  [LoggingFilter       ] - RECEIVED: HeapBuffer[pos=0 lim=1 cap=64: FE]
2014-04-22 20:34:37,021 I  [LoggingFilter       ] - IDLE
2014-04-22 20:34:37,021 I  [LoggingFilter       ] - IDLE
2014-04-22 20:34:37,022 I  [LoggingFilter       ] - SENT: HeapBuffer[pos=0 lim=1 cap=1: FF]
2014-04-22 20:34:37,046 I  [LoggingFilter       ] - RECEIVED: HeapBuffer[pos=0 lim=1 cap=64: FE]
2014-04-22 20:35:37,069 I  [LoggingFilter       ] - IDLE
2014-04-22 20:35:37,070 I  [LoggingFilter       ] - IDLE
2014-04-22 20:35:37,070 I  [LoggingFilter       ] - SENT: HeapBuffer[pos=0 lim=1 cap=1: FF]
2014-04-22 20:35:37,086 I  [LoggingFilter       ] - RECEIVED: HeapBuffer[pos=0 lim=1 cap=64: FE]
2014-04-22 20:36:37,089 I  [LoggingFilter       ] - IDLE
2014-04-22 20:36:37,089 I  [LoggingFilter       ] - IDLE
2014-04-22 20:36:37,090 I  [LoggingFilter       ] - SENT: HeapBuffer[pos=0 lim=1 cap=1: FF]
2014-04-22 20:36:37,109 I  [LoggingFilter       ] - RECEIVED: HeapBuffer[pos=0 lim=1 cap=64: FE]
2014-04-22 20:37:37,114 I  [LoggingFilter       ] - IDLE
2014-04-22 20:37:37,114 I  [LoggingFilter       ] - IDLE
2014-04-22 20:37:37,115 I  [LoggingFilter       ] - SENT: HeapBuffer[pos=0 lim=1 cap=1: FF]
2014-04-22 20:37:37,155 I  [LoggingFilter       ] - RECEIVED: HeapBuffer[pos=0 lim=1 cap=64: FE]
2014-04-22 20:38:37,159 I  [LoggingFilter       ] - IDLE
2014-04-22 20:38:37,159 I  [LoggingFilter       ] - IDLE
2014-04-22 20:38:37,160 I  [LoggingFilter       ] - SENT: HeapBuffer[pos=0 lim=1 cap=1: FF]
2014-04-22 20:38:37,202 I  [LoggingFilter       ] - RECEIVED: HeapBuffer[pos=0 lim=1 cap=64: FE]
2014-04-22 20:38:49,721 I  [LoggingFilter       ] - CLOSED
