2014-03-22 20:10:47,880 I  [LoggingFilter       ] - CREATED
2014-03-22 20:10:47,890 I  [PushClient          ] - 客户端建立成功
2014-03-22 20:10:47,891 I  [LoggingFilter       ] - OPENED
2014-03-22 20:10:47,896 I  [LoggingFilter       ] - SENT: HeapBuffer[pos=0 lim=8 cap=8: 00 00 00 00 00 00 03 E8]
2014-03-22 20:10:47,909 I  [LoggingFilter       ] - CLOSED
2014-03-22 20:10:47,910 I  [PushClient          ] - 客户端关闭成功
2014-03-22 20:14:40,366 I  [LoggingFilter       ] - CREATED
2014-03-22 20:14:40,376 I  [PushClient          ] - 客户端建立成功
2014-03-22 20:14:40,377 I  [LoggingFilter       ] - OPENED
2014-03-22 20:14:40,382 I  [LoggingFilter       ] - SENT: HeapBuffer[pos=0 lim=8 cap=8: 00 00 00 00 00 00 03 E8]
2014-03-22 20:14:40,477 I  [LoggingFilter       ] - CLOSED
2014-03-22 20:14:40,480 I  [PushClient          ] - 客户端关闭成功
2014-03-22 20:15:59,257 I  [LoggingFilter       ] - CREATED
2014-03-22 20:15:59,267 I  [PushClient          ] - 客户端建立成功
2014-03-22 20:15:59,269 I  [LoggingFilter       ] - OPENED
2014-03-22 20:15:59,272 I  [LoggingFilter       ] - SENT: HeapBuffer[pos=0 lim=8 cap=8: 00 00 00 00 00 00 03 E8]
2014-03-22 20:16:16,006 I  [LoggingFilter       ] - CLOSED
2014-03-22 20:16:16,007 I  [PushClient          ] - 客户端关闭成功
2014-03-22 20:18:24,709 I  [LoggingFilter       ] - CREATED
2014-03-22 20:18:24,724 I  [PushClient          ] - 客户端建立成功
2014-03-22 20:18:24,725 I  [LoggingFilter       ] - OPENED
2014-03-22 20:18:24,729 I  [LoggingFilter       ] - SENT: HeapBuffer[pos=0 lim=8 cap=8: 00 00 00 00 00 00 03 E8]
2014-03-22 20:18:24,811 I  [LoggingFilter       ] - CLOSED
2014-03-22 20:18:24,813 I  [PushClient          ] - 客户端关闭成功
2014-03-22 20:24:52,004 I  [LoggingFilter       ] - CREATED
2014-03-22 20:24:52,015 I  [PushClient          ] - 客户端建立成功
2014-03-22 20:24:52,018 I  [LoggingFilter       ] - OPENED
2014-03-22 20:24:52,023 I  [LoggingFilter       ] - SENT: HeapBuffer[pos=0 lim=8 cap=8: 00 00 00 00 00 00 03 E8]
2014-03-22 20:25:42,026 I  [LoggingFilter       ] - IDLE
2014-03-22 20:25:42,029 I  [LoggingFilter       ] - IDLE
2014-03-22 20:25:42,030 I  [LoggingFilter       ] - SENT: HeapBuffer[pos=0 lim=1 cap=1: FF]
2014-03-22 20:25:42,034 I  [LoggingFilter       ] - RECEIVED: HeapBuffer[pos=0 lim=1 cap=2048: FE]
2014-03-22 20:26:32,035 I  [LoggingFilter       ] - IDLE
2014-03-22 20:26:32,035 I  [LoggingFilter       ] - IDLE
2014-03-22 20:26:32,035 I  [LoggingFilter       ] - SENT: HeapBuffer[pos=0 lim=1 cap=1: FF]
2014-03-22 20:26:32,042 I  [LoggingFilter       ] - RECEIVED: HeapBuffer[pos=0 lim=1 cap=2048: FF]
2014-03-22 20:26:32,043 I  [LoggingFilter       ] - SENT: HeapBuffer[pos=0 lim=1 cap=1: FE]
2014-03-22 20:26:32,043 I  [LoggingFilter       ] - RECEIVED: HeapBuffer[pos=0 lim=1 cap=1024: FE]
2014-03-22 20:27:22,047 I  [LoggingFilter       ] - RECEIVED: HeapBuffer[pos=0 lim=1 cap=1024: FF]
2014-03-22 20:27:22,048 I  [LoggingFilter       ] - SENT: HeapBuffer[pos=0 lim=1 cap=1: FE]
2014-03-22 20:28:12,049 I  [LoggingFilter       ] - RECEIVED: HeapBuffer[pos=0 lim=1 cap=512: FF]
2014-03-22 20:28:12,051 I  [LoggingFilter       ] - SENT: HeapBuffer[pos=0 lim=1 cap=1: FE]
2014-03-22 20:29:02,080 I  [LoggingFilter       ] - RECEIVED: HeapBuffer[pos=0 lim=1 cap=512: FF]
2014-03-22 20:29:02,082 I  [LoggingFilter       ] - SENT: HeapBuffer[pos=0 lim=1 cap=1: FE]
2014-03-22 20:29:52,086 I  [LoggingFilter       ] - IDLE
2014-03-22 20:29:52,086 I  [LoggingFilter       ] - IDLE
2014-03-22 20:29:52,086 I  [LoggingFilter       ] - SENT: HeapBuffer[pos=0 lim=1 cap=1: FF]
2014-03-22 20:29:52,086 I  [LoggingFilter       ] - RECEIVED: HeapBuffer[pos=0 lim=1 cap=256: FF]
2014-03-22 20:29:52,086 I  [LoggingFilter       ] - SENT: HeapBuffer[pos=0 lim=1 cap=1: FE]
2014-03-22 20:29:52,086 I  [LoggingFilter       ] - RECEIVED: HeapBuffer[pos=0 lim=1 cap=256: FE]
2014-03-22 20:30:42,088 I  [LoggingFilter       ] - IDLE
2014-03-22 20:30:42,088 I  [LoggingFilter       ] - IDLE
2014-03-22 20:30:42,088 I  [LoggingFilter       ] - SENT: HeapBuffer[pos=0 lim=1 cap=1: FF]
2014-03-22 20:30:42,088 I  [LoggingFilter       ] - RECEIVED: HeapBuffer[pos=0 lim=1 cap=128: FF]
2014-03-22 20:30:42,088 I  [LoggingFilter       ] - SENT: HeapBuffer[pos=0 lim=1 cap=1: FE]
2014-03-22 20:30:42,088 I  [LoggingFilter       ] - RECEIVED: HeapBuffer[pos=0 lim=1 cap=128: FE]
2014-03-22 20:31:32,090 I  [LoggingFilter       ] - IDLE
2014-03-22 20:31:32,090 I  [LoggingFilter       ] - IDLE
2014-03-22 20:31:32,090 I  [LoggingFilter       ] - SENT: HeapBuffer[pos=0 lim=1 cap=1: FF]
2014-03-22 20:31:32,090 I  [LoggingFilter       ] - RECEIVED: HeapBuffer[pos=0 lim=1 cap=64: FF]
2014-03-22 20:31:32,090 I  [LoggingFilter       ] - SENT: HeapBuffer[pos=0 lim=1 cap=1: FE]
2014-03-22 20:31:32,090 I  [LoggingFilter       ] - RECEIVED: HeapBuffer[pos=0 lim=1 cap=64: FE]
2014-03-22 20:32:22,092 I  [LoggingFilter       ] - IDLE
2014-03-22 20:32:22,092 I  [LoggingFilter       ] - IDLE
2014-03-22 20:32:22,092 I  [LoggingFilter       ] - SENT: HeapBuffer[pos=0 lim=1 cap=1: FF]
2014-03-22 20:32:22,092 I  [LoggingFilter       ] - RECEIVED: HeapBuffer[pos=0 lim=1 cap=64: FF]
2014-03-22 20:32:22,092 I  [LoggingFilter       ] - SENT: HeapBuffer[pos=0 lim=1 cap=1: FE]
2014-03-22 20:32:22,092 I  [LoggingFilter       ] - RECEIVED: HeapBuffer[pos=0 lim=1 cap=64: FE]
2014-03-22 20:32:27,733 W  [LoggingFilter       ] - EXCEPTION :
java.io.IOException: 远程主机强迫关闭了一个现有的连接。
	at sun.nio.ch.SocketDispatcher.read0(Native Method) ~[na:1.6.0_31]
	at sun.nio.ch.SocketDispatcher.read(SocketDispatcher.java:25) ~[na:1.6.0_31]
	at sun.nio.ch.IOUtil.readIntoNativeBuffer(IOUtil.java:198) ~[na:1.6.0_31]
	at sun.nio.ch.IOUtil.read(IOUtil.java:171) ~[na:1.6.0_31]
	at sun.nio.ch.SocketChannelImpl.read(SocketChannelImpl.java:243) ~[na:1.6.0_31]
	at org.apache.mina.transport.socket.nio.NioProcessor.read(NioProcessor.java:273) ~[mina-core-2.0.7.jar:na]
	at org.apache.mina.transport.socket.nio.NioProcessor.read(NioProcessor.java:44) ~[mina-core-2.0.7.jar:na]
	at org.apache.mina.core.polling.AbstractPollingIoProcessor.read(AbstractPollingIoProcessor.java:690) [mina-core-2.0.7.jar:na]
	at org.apache.mina.core.polling.AbstractPollingIoProcessor.process(AbstractPollingIoProcessor.java:664) [mina-core-2.0.7.jar:na]
	at org.apache.mina.core.polling.AbstractPollingIoProcessor.process(AbstractPollingIoProcessor.java:653) [mina-core-2.0.7.jar:na]
	at org.apache.mina.core.polling.AbstractPollingIoProcessor.access$600(AbstractPollingIoProcessor.java:67) [mina-core-2.0.7.jar:na]
	at org.apache.mina.core.polling.AbstractPollingIoProcessor$Processor.run(AbstractPollingIoProcessor.java:1124) [mina-core-2.0.7.jar:na]
	at org.apache.mina.util.NamePreservingRunnable.run(NamePreservingRunnable.java:64) [mina-core-2.0.7.jar:na]
	at java.util.concurrent.ThreadPoolExecutor$Worker.runTask(ThreadPoolExecutor.java:886) [na:1.6.0_31]
	at java.util.concurrent.ThreadPoolExecutor$Worker.run(ThreadPoolExecutor.java:908) [na:1.6.0_31]
	at java.lang.Thread.run(Thread.java:662) [na:1.6.0_31]
2014-03-22 20:32:27,735 W  [PushClient          ] - EXCEPTION, please implement com.hbdrawn.push.PushClient$MyHandler.exceptionCaught() for proper handling:
java.io.IOException: 远程主机强迫关闭了一个现有的连接。
	at sun.nio.ch.SocketDispatcher.read0(Native Method) ~[na:1.6.0_31]
	at sun.nio.ch.SocketDispatcher.read(SocketDispatcher.java:25) ~[na:1.6.0_31]
	at sun.nio.ch.IOUtil.readIntoNativeBuffer(IOUtil.java:198) ~[na:1.6.0_31]
	at sun.nio.ch.IOUtil.read(IOUtil.java:171) ~[na:1.6.0_31]
	at sun.nio.ch.SocketChannelImpl.read(SocketChannelImpl.java:243) ~[na:1.6.0_31]
	at org.apache.mina.transport.socket.nio.NioProcessor.read(NioProcessor.java:273) ~[mina-core-2.0.7.jar:na]
	at org.apache.mina.transport.socket.nio.NioProcessor.read(NioProcessor.java:44) ~[mina-core-2.0.7.jar:na]
	at org.apache.mina.core.polling.AbstractPollingIoProcessor.read(AbstractPollingIoProcessor.java:690) [mina-core-2.0.7.jar:na]
	at org.apache.mina.core.polling.AbstractPollingIoProcessor.process(AbstractPollingIoProcessor.java:664) [mina-core-2.0.7.jar:na]
	at org.apache.mina.core.polling.AbstractPollingIoProcessor.process(AbstractPollingIoProcessor.java:653) [mina-core-2.0.7.jar:na]
	at org.apache.mina.core.polling.AbstractPollingIoProcessor.access$600(AbstractPollingIoProcessor.java:67) [mina-core-2.0.7.jar:na]
	at org.apache.mina.core.polling.AbstractPollingIoProcessor$Processor.run(AbstractPollingIoProcessor.java:1124) [mina-core-2.0.7.jar:na]
	at org.apache.mina.util.NamePreservingRunnable.run(NamePreservingRunnable.java:64) [mina-core-2.0.7.jar:na]
	at java.util.concurrent.ThreadPoolExecutor$Worker.runTask(ThreadPoolExecutor.java:886) [na:1.6.0_31]
	at java.util.concurrent.ThreadPoolExecutor$Worker.run(ThreadPoolExecutor.java:908) [na:1.6.0_31]
	at java.lang.Thread.run(Thread.java:662) [na:1.6.0_31]
2014-03-22 20:32:27,751 I  [LoggingFilter       ] - CLOSED
2014-03-22 20:32:27,753 I  [PushClient          ] - 客户端关闭成功
